#
# There is insufficient memory for the Java Runtime Environment to continue.
# Native memory allocation (malloc) failed to allocate 129236992 bytes for committing reserved memory.
# Possible reasons:
#   The system is out of physical RAM or swap space
#   In 32 bit mode, the process size limit was hit
# Possible solutions:
#   Reduce memory load on the system
#   Increase physical memory or swap space
#   Check if swap backing store is full
#   Use 64 bit Java on a 64 bit OS
#   Decrease Java heap size (-Xmx/-Xms)
#   Decrease number of Java threads
#   Decrease Java thread stack sizes (-Xss)
#   Set larger code cache with -XX:ReservedCodeCacheSize=
# This output file may be truncated or incomplete.
#
#  Out of Memory Error (os_linux.cpp:2726), pid=8252, tid=1814035264
#
# JRE version: Java(TM) SE Runtime Environment (7.0_51-b13) (build 1.7.0_51-b13)
# Java VM: Java HotSpot(TM) Server VM (24.51-b03 mixed mode linux-x86 )
# Failed to write core dump. Core dumps have been disabled. To enable core dumping, try "ulimit -c unlimited" before starting Java again
#

---------------  T H R E A D  ---------------

Current thread (0x6c280400):  VMThread [stack: 0x6c17f000,0x6c200000] [id=8262]

Stack: [0x6c17f000,0x6c200000],  sp=0x6c1feb10,  free space=510k
Native frames: (J=compiled Java code, j=interpreted, Vv=VM code, C=native code)
V  [libjvm.so+0x7dcac6]  VMError::report_and_die()+0x1a6
V  [libjvm.so+0x33a5b2]  report_vm_out_of_memory(char const*, int, unsigned int, char const*)+0x72
V  [libjvm.so+0x67be21]  os::Linux::commit_memory_impl(char*, unsigned int, bool)+0xe1
V  [libjvm.so+0x67c277]  os::Linux::commit_memory_impl(char*, unsigned int, unsigned int, bool)+0x47
V  [libjvm.so+0x67c45d]  os::pd_commit_memory(char*, unsigned int, unsigned int, bool)+0x1d
V  [libjvm.so+0x675e8c]  os::commit_memory(char*, unsigned int, unsigned int, bool)+0x2c
V  [libjvm.so+0x6df398]  PSVirtualSpace::expand_by(unsigned int)+0x48
V  [libjvm.so+0x6d1a11]  PSOldGen::expand(unsigned int)+0x141
V  [libjvm.so+0x6d1adf]  PSOldGen::resize(unsigned int)+0x8f
V  [libjvm.so+0x6d860a]  PSParallelCompact::invoke_no_policy(bool)+0x8aa
V  [libjvm.so+0x6ddaad]  PSScavenge::invoke()+0x16d
V  [libjvm.so+0x69bbca]  ParallelScavengeHeap::failed_mem_allocate(unsigned int)+0x5a
V  [libjvm.so+0x7de36a]  VM_ParallelGCFailedAllocation::doit()+0x7a
V  [libjvm.so+0x7e7127]  VM_Operation::evaluate()+0x47
V  [libjvm.so+0x7e5223]  VMThread::evaluate_operation(VM_Operation*)+0xb3
V  [libjvm.so+0x7e55c0]  VMThread::loop()+0x1b0
V  [libjvm.so+0x7e5a25]  VMThread::run()+0x85
V  [libjvm.so+0x67e319]  java_start(Thread*)+0x119
C  [libpthread.so.0+0x6d78]  start_thread+0xd8

VM_Operation (0xb685b984): ParallelGCFailedAllocation, mode: safepoint, requested by thread 0xb6707800


---------------  P R O C E S S  ---------------

Java Threads: ( => current thread )
  0x6b951000 JavaThread "pool-2-thread-4" [_thread_blocked, id=8274, stack(0x6b65e000,0x6b6af000)]
  0x6b950400 JavaThread "pool-2-thread-3" [_thread_blocked, id=8273, stack(0x6b6af000,0x6b700000)]
  0x6b94c400 JavaThread "pool-2-thread-2" [_thread_blocked, id=8272, stack(0x6b80d000,0x6b85e000)]
  0x6b948c00 JavaThread "pool-3-thread-1" [_thread_blocked, id=8271, stack(0x6b85e000,0x6b8af000)]
  0x6b944c00 JavaThread "pool-2-thread-1" [_thread_blocked, id=8270, stack(0x6b8af000,0x6b900000)]
  0x6c299800 JavaThread "Service Thread" daemon [_thread_blocked, id=8268, stack(0x6bf0d000,0x6bf5e000)]
  0x6c297800 JavaThread "C2 CompilerThread1" daemon [_thread_blocked, id=8267, stack(0x6bafe000,0x6bb7f000)]
  0x6c295800 JavaThread "C2 CompilerThread0" daemon [_thread_blocked, id=8266, stack(0x6bb7f000,0x6bc00000)]
  0x6c294000 JavaThread "Signal Dispatcher" daemon [_thread_blocked, id=8265, stack(0x6bf5e000,0x6bfaf000)]
  0x6c284800 JavaThread "Finalizer" daemon [_thread_blocked, id=8264, stack(0x6bfaf000,0x6c000000)]
  0x6c282000 JavaThread "Reference Handler" daemon [_thread_blocked, id=8263, stack(0x6c12e000,0x6c17f000)]
  0xb6707800 JavaThread "main" [_thread_blocked, id=8257, stack(0xb680c000,0xb685d000)]

Other Threads:
=>0x6c280400 VMThread [stack: 0x6c17f000,0x6c200000] [id=8262]
  0x6c2a3800 WatcherThread [stack: 0x6ba7d000,0x6bafe000] [id=8269]

VM state:at safepoint (normal execution)

VM Mutex/Monitor currently owned by a thread:  ([mutex/lock_event])
[0xb6704aa8] ExpandHeap_lock - owner thread: 0x6c280400
[0xb6704ff0] Threads_lock - owner thread: 0x6c280400
[0xb6705400] Heap_lock - owner thread: 0xb6707800

Heap
 PSYoungGen      total 273920K, used 29442K [0x9e000000, 0xb3580000, 0xb3580000)
  eden space 198144K, 0% used [0x9e000000,0x9e000000,0xaa180000)
  from space 75776K, 38% used [0xaa180000,0xabe40a50,0xaeb80000)
  to   space 72448K, 0% used [0xaeec0000,0xaeec0000,0xb3580000)
 ParOldGen       total 237056K, used 236998K [0x73580000, 0x81d00000, 0x9e000000)
  object space 237056K, 99% used [0x73580000,0x81cf1930,0x81d00000)
 PSPermGen       total 16384K, used 3958K [0x6f580000, 0x70580000, 0x73580000)
  object space 16384K, 24% used [0x6f580000,0x6f95d8d0,0x70580000)

Card table byte_map: [0x6f35f000,0x6f580000] byte_map_base: 0x6efe4400

Polling page: 0xb7794000

Code Cache  [0xb3679000, 0xb39f1000, 0xb6679000)
 total_blobs=1203 nmethods=1080 adapters=76 free_code_cache=45666Kb largest_free_block=46709120

Compilation events (10 events):
Event: 16.399 Thread 0x6c297800 1086             sun.util.calendar.CalendarDate::getYear (5 bytes)
Event: 16.400 Thread 0x6c297800 nmethod 1086 0xb39c4088 code [0xb39c4160, 0xb39c41b0]
Event: 16.400 Thread 0x6c297800 1087             sun.util.calendar.BaseCalendar::isLeapYear (5 bytes)
Event: 16.400 Thread 0x6c295800 1088             sun.util.calendar.CalendarDate::getZone (5 bytes)
Event: 16.401 Thread 0x6c295800 nmethod 1088 0xb39c3f08 code [0xb39c3fe0, 0xb39c4030]
Event: 16.409 Thread 0x6c295800 1089             java.util.concurrent.ThreadPoolExecutor::isRunning (10 bytes)
Event: 16.409 Thread 0x6c295800 nmethod 1089 0xb39c3d88 code [0xb39c3e60, 0xb39c3eb0]
Event: 16.412 Thread 0x6c295800 1090             com.android.dx.command.dexer.Main::access$1400 (4 bytes)
Event: 16.412 Thread 0x6c295800 nmethod 1090 0xb3780288 code [0xb3780360, 0xb3780390]
Event: 16.418 Thread 0x6c297800 nmethod 1087 0xb39d68c8 code [0xb39d69a0, 0xb39d6a50]

GC Heap History (10 events):
Event: 13.656 GC heap after
Heap after GC invocations=14 (full 2):
 PSYoungGen      total 275968K, used 54375K [0x9e000000, 0xb3580000, 0xb3580000)
  eden space 219136K, 0% used [0x9e000000,0x9e000000,0xab600000)
  from space 56832K, 95% used [0xafe00000,0xb3319cb0,0xb3580000)
  to   space 65280K, 0% used [0xab600000,0xab600000,0xaf5c0000)
 ParOldGen       total 136960K, used 120831K [0x73580000, 0x7bb40000, 0x9e000000)
  object space 136960K, 88% used [0x73580000,0x7ab7ff90,0x7bb40000)
 PSPermGen       total 16384K, used 3934K [0x6f580000, 0x70580000, 0x73580000)
  object space 16384K, 24% used [0x6f580000,0x6f957b18,0x70580000)
}
Event: 13.656 GC heap before
{Heap before GC invocations=15 (full 3):
 PSYoungGen      total 275968K, used 54375K [0x9e000000, 0xb3580000, 0xb3580000)
  eden space 219136K, 0% used [0x9e000000,0x9e000000,0xab600000)
  from space 56832K, 95% used [0xafe00000,0xb3319cb0,0xb3580000)
  to   space 65280K, 0% used [0xab600000,0xab600000,0xaf5c0000)
 ParOldGen       total 136960K, used 120831K [0x73580000, 0x7bb40000, 0x9e000000)
  object space 136960K, 88% used [0x73580000,0x7ab7ff90,0x7bb40000)
 PSPermGen       total 16384K, used 3934K [0x6f580000, 0x70580000, 0x73580000)
  object space 16384K, 24% used [0x6f580000,0x6f957b18,0x70580000)
Event: 14.613 GC heap after
Heap after GC invocations=15 (full 3):
 PSYoungGen      total 275968K, used 34340K [0x9e000000, 0xb3580000, 0xb3580000)
  eden space 219136K, 0% used [0x9e000000,0x9e000000,0xab600000)
  from space 56832K, 60% used [0xafe00000,0xb1f89070,0xb3580000)
  to   space 65280K, 0% used [0xab600000,0xab600000,0xaf5c0000)
 ParOldGen       total 218112K, used 136821K [0x73580000, 0x80a80000, 0x9e000000)
  object space 218112K, 62% used [0x73580000,0x7bb1d660,0x80a80000)
 PSPermGen       total 16384K, used 3934K [0x6f580000, 0x70580000, 0x73580000)
  object space 16384K, 24% used [0x6f580000,0x6f9579f8,0x70580000)
}
Event: 15.257 GC heap before
{Heap before GC invocations=16 (full 3):
 PSYoungGen      total 275968K, used 253476K [0x9e000000, 0xb3580000, 0xb3580000)
  eden space 219136K, 100% used [0x9e000000,0xab600000,0xab600000)
  from space 56832K, 60% used [0xafe00000,0xb1f89070,0xb3580000)
  to   space 65280K, 0% used [0xab600000,0xab600000,0xaf5c0000)
 ParOldGen       total 218112K, used 136821K [0x73580000, 0x80a80000, 0x9e000000)
  object space 218112K, 62% used [0x73580000,0x7bb1d660,0x80a80000)
 PSPermGen       total 16384K, used 3937K [0x6f580000, 0x70580000, 0x73580000)
  object space 16384K, 24% used [0x6f580000,0x6f9586f8,0x70580000)
Event: 15.443 GC heap after
Heap after GC invocations=16 (full 3):
 PSYoungGen      total 284416K, used 33735K [0x9e000000, 0xb3580000, 0xb3580000)
  eden space 219136K, 0% used [0x9e000000,0x9e000000,0xab600000)
  from space 65280K, 51% used [0xab600000,0xad6f1ce0,0xaf5c0000)
  to   space 64512K, 0% used [0xaf680000,0xaf680000,0xb3580000)
 ParOldGen       total 218112K, used 170003K [0x73580000, 0x80a80000, 0x9e000000)
  object space 218112K, 77% used [0x73580000,0x7db84c98,0x80a80000)
 PSPermGen       total 16384K, used 3937K [0x6f580000, 0x70580000, 0x73580000)
  object space 16384K, 24% used [0x6f580000,0x6f9586f8,0x70580000)
}
Event: 15.973 GC heap before
{Heap before GC invocations=17 (full 3):
 PSYoungGen      total 284416K, used 252871K [0x9e000000, 0xb3580000, 0xb3580000)
  eden space 219136K, 100% used [0x9e000000,0xab600000,0xab600000)
  from space 65280K, 51% used [0xab600000,0xad6f1ce0,0xaf5c0000)
  to   space 64512K, 0% used [0xaf680000,0xaf680000,0xb3580000)
 ParOldGen       total 218112K, used 170003K [0x73580000, 0x80a80000, 0x9e000000)
  object space 218112K, 77% used [0x73580000,0x7db84c98,0x80a80000)
 PSPermGen       total 16384K, used 3952K [0x6f580000, 0x70580000, 0x73580000)
  object space 16384K, 24% used [0x6f580000,0x6f95c338,0x70580000)
Event: 16.066 GC heap after
Heap after GC invocations=17 (full 3):
 PSYoungGen      total 262656K, used 64510K [0x9e000000, 0xb3580000, 0xb3580000)
  eden space 198144K, 0% used [0x9e000000,0x9e000000,0xaa180000)
  from space 64512K, 99% used [0xaf680000,0xb357f820,0xb3580000)
  to   space 75776K, 0% used [0xaa180000,0xaa180000,0xaeb80000)
 ParOldGen       total 218112K, used 172263K [0x73580000, 0x80a80000, 0x9e000000)
  object space 218112K, 78% used [0x73580000,0x7ddb9cc8,0x80a80000)
 PSPermGen       total 16384K, used 3952K [0x6f580000, 0x70580000, 0x73580000)
  object space 16384K, 24% used [0x6f580000,0x6f95c338,0x70580000)
}
Event: 16.555 GC heap before
{Heap before GC invocations=18 (full 3):
 PSYoungGen      total 262656K, used 262654K [0x9e000000, 0xb3580000, 0xb3580000)
  eden space 198144K, 100% used [0x9e000000,0xaa180000,0xaa180000)
  from space 64512K, 99% used [0xaf680000,0xb357f820,0xb3580000)
  to   space 75776K, 0% used [0xaa180000,0xaa180000,0xaeb80000)
 ParOldGen       total 218112K, used 172263K [0x73580000, 0x80a80000, 0x9e000000)
  object space 218112K, 78% used [0x73580000,0x7ddb9cc8,0x80a80000)
 PSPermGen       total 16384K, used 3958K [0x6f580000, 0x70580000, 0x73580000)
  object space 16384K, 24% used [0x6f580000,0x6f95d920,0x70580000)
Event: 16.725 GC heap after
Heap after GC invocations=18 (full 3):
 PSYoungGen      total 273920K, used 33574K [0x9e000000, 0xb3580000, 0xb3580000)
  eden space 198144K, 0% used [0x9e000000,0x9e000000,0xaa180000)
  from space 75776K, 44% used [0xaa180000,0xac249970,0xaeb80000)
  to   space 72448K, 0% used [0xaeec0000,0xaeec0000,0xb3580000)
 ParOldGen       total 237056K, used 237029K [0x73580000, 0x81d00000, 0x9e000000)
  object space 237056K, 99% used [0x73580000,0x81cf95c8,0x81d00000)
 PSPermGen       total 16384K, used 3958K [0x6f580000, 0x70580000, 0x73580000)
  object space 16384K, 24% used [0x6f580000,0x6f95d920,0x70580000)
}
Event: 16.725 GC heap before
{Heap before GC invocations=19 (full 4):
 PSYoungGen      total 273920K, used 33574K [0x9e000000, 0xb3580000, 0xb3580000)
  eden space 198144K, 0% used [0x9e000000,0x9e000000,0xaa180000)
  from space 75776K, 44% used [0xaa180000,0xac249970,0xaeb80000)
  to   space 72448K, 0% used [0xaeec0000,0xaeec0000,0xb3580000)
 ParOldGen       total 237056K, used 237029K [0x73580000, 0x81d00000, 0x9e000000)
  object space 237056K, 99% used [0x73580000,0x81cf95c8,0x81d00000)
 PSPermGen       total 16384K, used 3958K [0x6f580000, 0x70580000, 0x73580000)
  object space 16384K, 24% used [0x6f580000,0x6f95d920,0x70580000)

Deoptimization events (10 events):
Event: 12.951 Thread 0x6b944c00 Uncommon trap: reason=unreached action=reinterpret pc=0xb37dbb04 method=com.android.dx.rop.code.LocalItem.compareHandlesNulls(Lcom/android/dx/rop/cst/CstString;Lcom/android/dx/rop/cst/CstString;)I @ 8
Event: 12.951 Thread 0x6b944c00 Uncommon trap: reason=unreached action=reinterpret pc=0xb3732bd0 method=com.android.dx.rop.code.LocalItem.compareHandlesNulls(Lcom/android/dx/rop/cst/CstString;Lcom/android/dx/rop/cst/CstString;)I @ 8
Event: 14.728 Thread 0x6b950400 Uncommon trap: reason=bimorphic action=maybe_recompile pc=0xb37e3fe0 method=com.android.dx.ssa.LiteralOpUpgrader.tryReplacingWithConstant(Lcom/android/dx/ssa/NormalSsaInsn;)Z @ 62
Event: 14.761 Thread 0x6b94c400 Uncommon trap: reason=class_check action=maybe_recompile pc=0xb3817400 method=com.android.dx.ssa.SCCP.replaceConstants()V @ 182
Event: 14.805 Thread 0x6b94c400 Uncommon trap: reason=bimorphic action=maybe_recompile pc=0xb37e3fe0 method=com.android.dx.ssa.LiteralOpUpgrader.tryReplacingWithConstant(Lcom/android/dx/ssa/NormalSsaInsn;)Z @ 62
Event: 15.601 Thread 0x6b944c00 Uncommon trap: reason=class_check action=maybe_recompile pc=0xb3904624 method=com.android.dx.ssa.SCCP.simulateBranch(Lcom/android/dx/ssa/SsaInsn;)V @ 339
Event: 15.612 Thread 0x6b951000 Uncommon trap: reason=unreached action=reinterpret pc=0xb3810f34 method=com.android.dx.ssa.PhiTypeResolver.resolveResultType(Lcom/android/dx/ssa/PhiInsn;)Z @ 64
Event: 15.616 Thread 0x6b944c00 Uncommon trap: reason=class_check action=maybe_recompile pc=0xb3904624 method=com.android.dx.ssa.SCCP.simulateBranch(Lcom/android/dx/ssa/SsaInsn;)V @ 339
Event: 15.670 Thread 0x6b951000 Uncommon trap: reason=bimorphic action=maybe_recompile pc=0xb37e3fe0 method=com.android.dx.ssa.LiteralOpUpgrader.tryReplacingWithConstant(Lcom/android/dx/ssa/NormalSsaInsn;)Z @ 62
Event: 15.671 Thread 0x6b950400 Uncommon trap: reason=bimorphic action=maybe_recompile pc=0xb37e3fe0 method=com.android.dx.ssa.LiteralOpUpgrader.tryReplacingWithConstant(Lcom/android/dx/ssa/NormalSsaInsn;)Z @ 62

Internal exceptions (10 events):
Event: 5.999 Thread 0x6b951000 Implicit null exception at 0xb377461d to 0xb3774a79
Event: 6.493 Thread 0xb6707800 Threw 0xa340eda0 at /HUDSON/workspace/7u-2-build-linux-i586/jdk7u51/527/hotspot/src/share/vm/prims/jvm.cpp:1244
Event: 7.389 Thread 0x6b950400 Implicit null exception at 0xb384db88 to 0xb384f751
Event: 11.751 Thread 0xb6707800 Threw 0xa924d6a0 at /HUDSON/workspace/7u-2-build-linux-i586/jdk7u51/527/hotspot/src/share/vm/prims/jvm.cpp:1244
Event: 12.932 Thread 0x6b944c00 Implicit null exception at 0xb37e8010 to 0xb37e8b01
Event: 12.932 Thread 0x6b944c00 Implicit null exception at 0xb37cc5b0 to 0xb37cc7e5
Event: 12.951 Thread 0x6b944c00 Implicit null exception at 0xb37db8de to 0xb37dbaf1
Event: 12.951 Thread 0x6b944c00 Implicit null exception at 0xb3732ad6 to 0xb3732bbd
Event: 13.074 Thread 0x6b94c400 Threw 0xa4404098 at /HUDSON/workspace/7u-2-build-linux-i586/jdk7u51/527/hotspot/src/share/vm/prims/jvm.cpp:1244
Event: 15.612 Thread 0x6b951000 Implicit null exception at 0xb38103a5 to 0xb3810f0d

Events (10 events):
Event: 15.616 Thread 0x6b944c00 DEOPT UNPACKING pc=0xb36a5bbc sp=0x6b8feb54 mode 2
Event: 15.670 Thread 0x6b951000 Uncommon trap: trap_request=0xffffffc6 fr.pc=0xb37e3fe0
Event: 15.670 Thread 0x6b951000 DEOPT PACKING pc=0xb37e3fe0 sp=0x6b6ad990
Event: 15.670 Thread 0x6b951000 DEOPT UNPACKING pc=0xb36a5bbc sp=0x6b6ad970 mode 2
Event: 15.671 Thread 0x6b950400 Uncommon trap: trap_request=0xffffffc6 fr.pc=0xb37e3fe0
Event: 15.671 Thread 0x6b950400 DEOPT PACKING pc=0xb37e3fe0 sp=0x6b6fea10
Event: 15.671 Thread 0x6b950400 DEOPT UNPACKING pc=0xb36a5bbc sp=0x6b6fe9f0 mode 2
Event: 15.968 Executing VM operation: ParallelGCFailedAllocation
Event: 16.066 Executing VM operation: ParallelGCFailedAllocation done
Event: 16.555 Executing VM operation: ParallelGCFailedAllocation


Dynamic libraries:
08048000-08049000 r-xp 00000000 08:01 22808717   /usr/lib/jvm/jdk1.7.0_51/bin/java
08049000-0804a000 rw-p 00000000 08:01 22808717   /usr/lib/jvm/jdk1.7.0_51/bin/java
097b3000-09897000 rw-p 00000000 00:00 0          [heap]
69900000-69988000 rw-p 00000000 00:00 0 
69988000-69a00000 ---p 00000000 00:00 0 
69b00000-69bf4000 rw-p 00000000 00:00 0 
69bf4000-69c00000 ---p 00000000 00:00 0 
69d00000-69df9000 rw-p 00000000 00:00 0 
69df9000-69e00000 ---p 00000000 00:00 0 
69f00000-69fee000 rw-p 00000000 00:00 0 
69fee000-6a000000 ---p 00000000 00:00 0 
6a100000-6a200000 rw-p 00000000 00:00 0 
6a200000-6a2f8000 rw-p 00000000 00:00 0 
6a2f8000-6a300000 ---p 00000000 00:00 0 
6a300000-6a3d5000 rw-p 00000000 00:00 0 
6a3d5000-6a400000 ---p 00000000 00:00 0 
6a400000-6a4fc000 rw-p 00000000 00:00 0 
6a4fc000-6a500000 ---p 00000000 00:00 0 
6a500000-6a5e9000 rw-p 00000000 00:00 0 
6a5e9000-6a600000 ---p 00000000 00:00 0 
6a700000-6a7ca000 rw-p 00000000 00:00 0 
6a7ca000-6a800000 ---p 00000000 00:00 0 
6a800000-6a8fb000 rw-p 00000000 00:00 0 
6a8fb000-6a900000 ---p 00000000 00:00 0 
6a900000-6a9fe000 rw-p 00000000 00:00 0 
6a9fe000-6aa00000 ---p 00000000 00:00 0 
6ab00000-6abf7000 rw-p 00000000 00:00 0 
6abf7000-6ac00000 ---p 00000000 00:00 0 
6ac00000-6acf9000 rw-p 00000000 00:00 0 
6acf9000-6ad00000 ---p 00000000 00:00 0 
6ad00000-6ae00000 rw-p 00000000 00:00 0 
6ae00000-6aef9000 rw-p 00000000 00:00 0 
6aef9000-6af00000 ---p 00000000 00:00 0 
6af00000-6aff3000 rw-p 00000000 00:00 0 
6aff3000-6b000000 ---p 00000000 00:00 0 
6b100000-6b1fb000 rw-p 00000000 00:00 0 
6b1fb000-6b200000 ---p 00000000 00:00 0 
6b200000-6b2eb000 rw-p 00000000 00:00 0 
6b2eb000-6b300000 ---p 00000000 00:00 0 
6b300000-6b3f7000 rw-p 00000000 00:00 0 
6b3f7000-6b400000 ---p 00000000 00:00 0 
6b400000-6b4f2000 rw-p 00000000 00:00 0 
6b4f2000-6b500000 ---p 00000000 00:00 0 
6b500000-6b5ff000 rw-p 00000000 00:00 0 
6b5ff000-6b600000 ---p 00000000 00:00 0 
6b65e000-6b661000 ---p 00000000 00:00 0 
6b661000-6b6af000 rw-p 00000000 00:00 0          [stack:8274]
6b6af000-6b6b2000 ---p 00000000 00:00 0 
6b6b2000-6b700000 rw-p 00000000 00:00 0          [stack:8273]
6b700000-6b7fc000 rw-p 00000000 00:00 0 
6b7fc000-6b800000 ---p 00000000 00:00 0 
6b80d000-6b810000 ---p 00000000 00:00 0 
6b810000-6b85e000 rw-p 00000000 00:00 0          [stack:8272]
6b85e000-6b861000 ---p 00000000 00:00 0 
6b861000-6b8af000 rw-p 00000000 00:00 0          [stack:8271]
6b8af000-6b8b2000 ---p 00000000 00:00 0 
6b8b2000-6b900000 rw-p 00000000 00:00 0          [stack:8270]
6b900000-6b99b000 rw-p 00000000 00:00 0 
6b99b000-6ba00000 ---p 00000000 00:00 0 
6ba10000-6ba7d000 r--s 00529000 08:01 24644393   /home/daemonsoft/AndroidStudioProjects/OxfordSchool/app/build/intermediates/transforms/jarMerging/debug/jars/1/1f/combined.jar
6ba7d000-6ba7e000 ---p 00000000 00:00 0 
6ba7e000-6bafe000 rw-p 00000000 00:00 0          [stack:8269]
6bafe000-6bb01000 ---p 00000000 00:00 0 
6bb01000-6bb7f000 rw-p 00000000 00:00 0          [stack:8267]
6bb7f000-6bb82000 ---p 00000000 00:00 0 
6bb82000-6bc00000 rw-p 00000000 00:00 0          [stack:8266]
6bc00000-6be00000 r--p 00000000 08:01 18882059   /usr/lib/locale/locale-archive
6be00000-6be21000 rw-p 00000000 00:00 0 
6be21000-6bf00000 ---p 00000000 00:00 0 
6bf0d000-6bf10000 ---p 00000000 00:00 0 
6bf10000-6bf5e000 rw-p 00000000 00:00 0          [stack:8268]
6bf5e000-6bf61000 ---p 00000000 00:00 0 
6bf61000-6bfaf000 rw-p 00000000 00:00 0          [stack:8265]
6bfaf000-6bfb2000 ---p 00000000 00:00 0 
6bfb2000-6c000000 rw-p 00000000 00:00 0          [stack:8264]
6c000000-6c0fe000 rw-p 00000000 00:00 0 
6c0fe000-6c100000 ---p 00000000 00:00 0 
6c12e000-6c131000 ---p 00000000 00:00 0 
6c131000-6c17f000 rw-p 00000000 00:00 0          [stack:8263]
6c17f000-6c180000 ---p 00000000 00:00 0 
6c180000-6c200000 rw-p 00000000 00:00 0          [stack:8262]
6c200000-6c2fe000 rw-p 00000000 00:00 0 
6c2fe000-6c300000 ---p 00000000 00:00 0 
6c303000-6c4c0000 r--s 039bf000 08:01 22808730   /usr/lib/jvm/jdk1.7.0_51/jre/lib/rt.jar
6c4c0000-6eb00000 rw-p 00000000 00:00 0 
6eb00000-6ebfa000 rw-p 00000000 00:00 0 
6ebfa000-6ec00000 ---p 00000000 00:00 0 
6ec1e000-6ec33000 r-xp 00000000 08:01 22937800   /usr/lib/jvm/jdk1.7.0_51/jre/lib/i386/libnet.so
6ec33000-6ec34000 rw-p 00014000 08:01 22937800   /usr/lib/jvm/jdk1.7.0_51/jre/lib/i386/libnet.so
6ec34000-6ec7f000 rw-p 00000000 00:00 0 
6ec7f000-6ec80000 ---p 00000000 00:00 0 
6ec80000-6ed00000 rw-p 00000000 00:00 0          [stack:8261]
6ed00000-6ed2c000 rw-p 00000000 00:00 0 
6ed2c000-6ee00000 ---p 00000000 00:00 0 
6ee00000-6ee27000 rw-p 00000000 00:00 0 
6ee27000-6ef00000 ---p 00000000 00:00 0 
6ef0a000-6ef7f000 rw-p 00000000 00:00 0 
6ef7f000-6ef80000 ---p 00000000 00:00 0 
6ef80000-6f000000 rw-p 00000000 00:00 0          [stack:8260]
6f000000-6f026000 rw-p 00000000 00:00 0 
6f026000-6f100000 ---p 00000000 00:00 0 
6f107000-6f108000 ---p 00000000 00:00 0 
6f108000-6f188000 rw-p 00000000 00:00 0          [stack:8259]
6f188000-6f189000 ---p 00000000 00:00 0 
6f189000-6f27d000 rw-p 00000000 00:00 0          [stack:8258]
6f27d000-6f35f000 rw-p 00000000 00:00 0 
6f35f000-6f367000 rw-p 00000000 00:00 0 
6f367000-6f37f000 rw-p 00000000 00:00 0 
6f37f000-6f3f3000 rw-p 00000000 00:00 0 
6f3f3000-6f4d4000 rw-p 00000000 00:00 0 
6f4d4000-6f57f000 rw-p 00000000 00:00 0 
6f57f000-70580000 rw-p 00000000 00:00 0 
70580000-73580000 rw-p 00000000 00:00 0 
73580000-81d00000 rw-p 00000000 00:00 0 
896cf000-89840000 rw-p 00000000 00:00 0 
89840000-9e000000 rw-p 00000000 00:00 0 
9e000000-b3580000 rw-p 00000000 00:00 0 
b358a000-b3598000 r-xp 00000000 08:01 22937809   /usr/lib/jvm/jdk1.7.0_51/jre/lib/i386/libnio.so
b3598000-b3599000 rw-p 0000e000 08:01 22937809   /usr/lib/jvm/jdk1.7.0_51/jre/lib/i386/libnio.so
b3599000-b35a1000 rw-p 00000000 00:00 0 
b35a1000-b35b9000 rw-p 00000000 00:00 0 
b35b9000-b35c7000 rw-p 00000000 00:00 0 
b35c7000-b3679000 rw-p 00000000 00:00 0 
b3679000-b39f1000 rwxp 00000000 00:00 0 
b39f1000-b6679000 rw-p 00000000 00:00 0 
b6679000-b6690000 r-xp 00000000 08:01 22937822   /usr/lib/jvm/jdk1.7.0_51/jre/lib/i386/libzip.so
b6690000-b6691000 rw-p 00017000 08:01 22937822   /usr/lib/jvm/jdk1.7.0_51/jre/lib/i386/libzip.so
b6691000-b669c000 r-xp 00000000 08:01 27919935   /lib/i386-linux-gnu/libnss_files-2.17.so
b669c000-b669d000 r--p 0000a000 08:01 27919935   /lib/i386-linux-gnu/libnss_files-2.17.so
b669d000-b669e000 rw-p 0000b000 08:01 27919935   /lib/i386-linux-gnu/libnss_files-2.17.so
b669e000-b66a8000 r-xp 00000000 08:01 27919931   /lib/i386-linux-gnu/libnss_nis-2.17.so
b66a8000-b66a9000 r--p 00009000 08:01 27919931   /lib/i386-linux-gnu/libnss_nis-2.17.so
b66a9000-b66aa000 rw-p 0000a000 08:01 27919931   /lib/i386-linux-gnu/libnss_nis-2.17.so
b66aa000-b66bf000 r-xp 00000000 08:01 27919916   /lib/i386-linux-gnu/libnsl-2.17.so
b66bf000-b66c0000 r--p 00014000 08:01 27919916   /lib/i386-linux-gnu/libnsl-2.17.so
b66c0000-b66c1000 rw-p 00015000 08:01 27919916   /lib/i386-linux-gnu/libnsl-2.17.so
b66c1000-b66c3000 rw-p 00000000 00:00 0 
b66c5000-b66d4000 r--s 000df000 08:01 5245103    /home/daemonsoft/Android/Sdk/build-tools/23.0.0/lib/dx.jar
b66d4000-b66dc000 rw-s 00000000 08:01 7472898    /tmp/hsperfdata_daemonsoft/8252
b66dc000-b66ff000 r-xp 00000000 08:01 22937785   /usr/lib/jvm/jdk1.7.0_51/jre/lib/i386/libjava.so
b66ff000-b6700000 rw-p 00022000 08:01 22937785   /usr/lib/jvm/jdk1.7.0_51/jre/lib/i386/libjava.so
b6700000-b67f6000 rw-p 00000000 00:00 0 
b67f6000-b6800000 ---p 00000000 00:00 0 
b6802000-b6803000 rw-p 00000000 00:00 0 
b6803000-b680a000 r-xp 00000000 08:01 27919383   /lib/i386-linux-gnu/librt-2.17.so
b680a000-b680b000 r--p 00006000 08:01 27919383   /lib/i386-linux-gnu/librt-2.17.so
b680b000-b680c000 rw-p 00007000 08:01 27919383   /lib/i386-linux-gnu/librt-2.17.so
b680c000-b680f000 ---p 00000000 00:00 0 
b680f000-b685d000 rw-p 00000000 00:00 0          [stack:8257]
b685d000-b689e000 r-xp 00000000 08:01 27919929   /lib/i386-linux-gnu/libm-2.17.so
b689e000-b689f000 r--p 00040000 08:01 27919929   /lib/i386-linux-gnu/libm-2.17.so
b689f000-b68a0000 rw-p 00041000 08:01 27919929   /lib/i386-linux-gnu/libm-2.17.so
b68a0000-b7117000 r-xp 00000000 08:01 22937821   /usr/lib/jvm/jdk1.7.0_51/jre/lib/i386/server/libjvm.so
b7117000-b717b000 rw-p 00877000 08:01 22937821   /usr/lib/jvm/jdk1.7.0_51/jre/lib/i386/server/libjvm.so
b717b000-b759f000 rw-p 00000000 00:00 0 
b759f000-b774d000 r-xp 00000000 08:01 27919923   /lib/i386-linux-gnu/libc-2.17.so
b774d000-b774f000 r--p 001ae000 08:01 27919923   /lib/i386-linux-gnu/libc-2.17.so
b774f000-b7750000 rw-p 001b0000 08:01 27919923   /lib/i386-linux-gnu/libc-2.17.so
b7750000-b7753000 rw-p 00000000 00:00 0 
b7753000-b7756000 r-xp 00000000 08:01 27919924   /lib/i386-linux-gnu/libdl-2.17.so
b7756000-b7757000 r--p 00002000 08:01 27919924   /lib/i386-linux-gnu/libdl-2.17.so
b7757000-b7758000 rw-p 00003000 08:01 27919924   /lib/i386-linux-gnu/libdl-2.17.so
b7758000-b7759000 rw-p 00000000 00:00 0 
b7759000-b776c000 r-xp 00000000 08:01 22807747   /usr/lib/jvm/jdk1.7.0_51/lib/i386/jli/libjli.so
b776c000-b776d000 rw-p 00012000 08:01 22807747   /usr/lib/jvm/jdk1.7.0_51/lib/i386/jli/libjli.so
b776d000-b7784000 r-xp 00000000 08:01 27919928   /lib/i386-linux-gnu/libpthread-2.17.so
b7784000-b7785000 r--p 00016000 08:01 27919928   /lib/i386-linux-gnu/libpthread-2.17.so
b7785000-b7786000 rw-p 00017000 08:01 27919928   /lib/i386-linux-gnu/libpthread-2.17.so
b7786000-b7789000 rw-p 00000000 00:00 0 
b7789000-b778a000 r--p 005db000 08:01 18882059   /usr/lib/locale/locale-archive
b778a000-b7791000 r-xp 00000000 08:01 27919926   /lib/i386-linux-gnu/libnss_compat-2.17.so
b7791000-b7792000 r--p 00006000 08:01 27919926   /lib/i386-linux-gnu/libnss_compat-2.17.so
b7792000-b7793000 rw-p 00007000 08:01 27919926   /lib/i386-linux-gnu/libnss_compat-2.17.so
b7793000-b7794000 rw-p 00000000 00:00 0 
b7794000-b7795000 ---p 00000000 00:00 0 
b7795000-b77a0000 r-xp 00000000 08:01 22937767   /usr/lib/jvm/jdk1.7.0_51/jre/lib/i386/libverify.so
b77a0000-b77a1000 rw-p 0000b000 08:01 22937767   /usr/lib/jvm/jdk1.7.0_51/jre/lib/i386/libverify.so
b77a1000-b77a3000 rw-p 00000000 00:00 0 
b77a3000-b77a4000 r-xp 00000000 00:00 0          [vdso]
b77a4000-b77c4000 r-xp 00000000 08:01 27919919   /lib/i386-linux-gnu/ld-2.17.so
b77c4000-b77c5000 r--p 0001f000 08:01 27919919   /lib/i386-linux-gnu/ld-2.17.so
b77c5000-b77c6000 rw-p 00020000 08:01 27919919   /lib/i386-linux-gnu/ld-2.17.so
bf7e9000-bf80a000 rw-p 00000000 00:00 0          [stack]

VM Arguments:
jvm_args: -Djava.awt.headless=true -Xmx1024M -Dfile.encoding=UTF-8 -Duser.country=IN -Duser.language=en -Duser.variant 
java_command: com.android.dx.command.Main --dex --num-threads=4 --multi-dex --main-dex-list /home/daemonsoft/AndroidStudioProjects/OxfordSchool/app/build/intermediates/multi-dex/debug/maindexlist.txt --output /home/daemonsoft/AndroidStudioProjects/OxfordSchool/app/build/intermediates/transforms/dex/debug/folders/1000/1f/main /home/daemonsoft/AndroidStudioProjects/OxfordSchool/app/build/intermediates/transforms/jarMerging/debug/jars/1/1f/combined.jar
Launcher Type: SUN_STANDARD

Environment Variables:
PATH=/usr/lib/lightdm/lightdm:/usr/local/sbin:/usr/local/bin:/usr/sbin:/usr/bin:/sbin:/bin:/usr/games:/usr/local/games
SHELL=/bin/bash
DISPLAY=:0

Signal Handlers:
SIGSEGV: [libjvm.so+0x7dd5e0], sa_mask[0]=0x7ffbfeff, sa_flags=0x10000004
SIGBUS: [libjvm.so+0x7dd5e0], sa_mask[0]=0x7ffbfeff, sa_flags=0x10000004
SIGFPE: [libjvm.so+0x678d60], sa_mask[0]=0x7ffbfeff, sa_flags=0x10000004
SIGPIPE: [libjvm.so+0x678d60], sa_mask[0]=0x7ffbfeff, sa_flags=0x10000004
SIGXFSZ: [libjvm.so+0x678d60], sa_mask[0]=0x7ffbfeff, sa_flags=0x10000004
SIGILL: [libjvm.so+0x678d60], sa_mask[0]=0x7ffbfeff, sa_flags=0x10000004
SIGUSR1: SIG_DFL, sa_mask[0]=0x00000000, sa_flags=0x00000000
SIGUSR2: [libjvm.so+0x67a250], sa_mask[0]=0x00000004, sa_flags=0x10000004
SIGHUP: [libjvm.so+0x67b3a0], sa_mask[0]=0x7ffbfeff, sa_flags=0x10000004
SIGINT: [libjvm.so+0x67b3a0], sa_mask[0]=0x7ffbfeff, sa_flags=0x10000004
SIGTERM: [libjvm.so+0x67b3a0], sa_mask[0]=0x7ffbfeff, sa_flags=0x10000004
SIGQUIT: [libjvm.so+0x67b3a0], sa_mask[0]=0x7ffbfeff, sa_flags=0x10000004


---------------  S Y S T E M  ---------------

OS:wheezy/sid

uname:Linux 3.8.0-35-generic #50-Ubuntu SMP Tue Dec 3 01:25:33 UTC 2013 i686
libc:glibc 2.17 NPTL 2.17 
rlimit: STACK 8192k, CORE 0k, NPROC 28680, NOFILE 4096, AS infinity
load average:5.33 2.96 1.93

/proc/meminfo:
MemTotal:        3687784 kB
MemFree:          218904 kB
Buffers:            1972 kB
Cached:           471024 kB
SwapCached:        67836 kB
Active:          2475380 kB
Inactive:         886884 kB
Active(anon):    2460908 kB
Inactive(anon):   864820 kB
Active(file):      14472 kB
Inactive(file):    22064 kB
Unevictable:          36 kB
Mlocked:              36 kB
HighTotal:       2834296 kB
HighFree:          63144 kB
LowTotal:         853488 kB
LowFree:          155760 kB
SwapTotal:       1646588 kB
SwapFree:           8868 kB
Dirty:              6680 kB
Writeback:            16 kB
AnonPages:       2822100 kB
Mapped:           124400 kB
Shmem:            436104 kB
Slab:              53376 kB
SReclaimable:      22268 kB
SUnreclaim:        31108 kB
KernelStack:        5808 kB
PageTables:        18812 kB
NFS_Unstable:          0 kB
Bounce:                8 kB
WritebackTmp:          0 kB
CommitLimit:     3490480 kB
Committed_AS:    9795228 kB
VmallocTotal:     122880 kB
VmallocUsed:       20520 kB
VmallocChunk:      98968 kB
HardwareCorrupted:     0 kB
AnonHugePages:         0 kB
HugePages_Total:       0
HugePages_Free:        0
HugePages_Rsvd:        0
HugePages_Surp:        0
Hugepagesize:       2048 kB
DirectMap4k:       10232 kB
DirectMap2M:      903168 kB


CPU:total 4 (2 cores per cpu, 2 threads per core) family 6 model 58 stepping 9, cmov, cx8, fxsr, mmx, sse, sse2, sse3, ssse3, sse4.1, sse4.2, popcnt, avx, erms, ht, tsc, tscinvbit, tscinv

/proc/cpuinfo:
processor	: 0
vendor_id	: GenuineIntel
cpu family	: 6
model		: 58
model name	: Intel(R) Core(TM) i3-3110M CPU @ 2.40GHz
stepping	: 9
microcode	: 0x17
cpu MHz		: 1200.000
cache size	: 3072 KB
physical id	: 0
siblings	: 4
core id		: 0
cpu cores	: 2
apicid		: 0
initial apicid	: 0
fdiv_bug	: no
hlt_bug		: no
f00f_bug	: no
coma_bug	: no
fpu		: yes
fpu_exception	: yes
cpuid level	: 13
wp		: yes
flags		: fpu vme de pse tsc msr pae mce cx8 apic sep mtrr pge mca cmov pat pse36 clflush dts acpi mmx fxsr sse sse2 ss ht tm pbe nx rdtscp lm constant_tsc arch_perfmon pebs bts xtopology nonstop_tsc aperfmperf eagerfpu pni pclmulqdq dtes64 monitor ds_cpl vmx est tm2 ssse3 cx16 xtpr pdcm pcid sse4_1 sse4_2 x2apic popcnt tsc_deadline_timer xsave avx f16c lahf_lm arat epb xsaveopt pln pts dtherm tpr_shadow vnmi flexpriority ept vpid fsgsbase smep erms
bogomips	: 4788.91
clflush size	: 64
cache_alignment	: 64
address sizes	: 36 bits physical, 48 bits virtual
power management:

processor	: 1
vendor_id	: GenuineIntel
cpu family	: 6
model		: 58
model name	: Intel(R) Core(TM) i3-3110M CPU @ 2.40GHz
stepping	: 9
microcode	: 0x17
cpu MHz		: 2400.000
cache size	: 3072 KB
physical id	: 0
siblings	: 4
core id		: 0
cpu cores	: 2
apicid		: 1
initial apicid	: 1
fdiv_bug	: no
hlt_bug		: no
f00f_bug	: no
coma_bug	: no
fpu		: yes
fpu_exception	: yes
cpuid level	: 13
wp		: yes
flags		: fpu vme de pse tsc msr pae mce cx8 apic sep mtrr pge mca cmov pat pse36 clflush dts acpi mmx fxsr sse sse2 ss ht tm pbe nx rdtscp lm constant_tsc arch_perfmon pebs bts xtopology nonstop_tsc aperfmperf eagerfpu pni pclmulqdq dtes64 monitor ds_cpl vmx est tm2 ssse3 cx16 xtpr pdcm pcid sse4_1 sse4_2 x2apic popcnt tsc_deadline_timer xsave avx f16c lahf_lm arat epb xsaveopt pln pts dtherm tpr_shadow vnmi flexpriority ept vpid fsgsbase smep erms
bogomips	: 4788.91
clflush size	: 64
cache_alignment	: 64
address sizes	: 36 bits physical, 48 bits virtual
power management:

processor	: 2
vendor_id	: GenuineIntel
cpu family	: 6
model		: 58
model name	: Intel(R) Core(TM) i3-3110M CPU @ 2.40GHz
stepping	: 9
microcode	: 0x17
cpu MHz		: 2400.000
cache size	: 3072 KB
physical id	: 0
siblings	: 4
core id		: 1
cpu cores	: 2
apicid		: 2
initial apicid	: 2
fdiv_bug	: no
hlt_bug		: no
f00f_bug	: no
coma_bug	: no
fpu		: yes
fpu_exception	: yes
cpuid level	: 13
wp		: yes
flags		: fpu vme de pse tsc msr pae mce cx8 apic sep mtrr pge mca cmov pat pse36 clflush dts acpi mmx fxsr sse sse2 ss ht tm pbe nx rdtscp lm constant_tsc arch_perfmon pebs bts xtopology nonstop_tsc aperfmperf eagerfpu pni pclmulqdq dtes64 monitor ds_cpl vmx est tm2 ssse3 cx16 xtpr pdcm pcid sse4_1 sse4_2 x2apic popcnt tsc_deadline_timer xsave avx f16c lahf_lm arat epb xsaveopt pln pts dtherm tpr_shadow vnmi flexpriority ept vpid fsgsbase smep erms
bogomips	: 4788.91
clflush size	: 64
cache_alignment	: 64
address sizes	: 36 bits physical, 48 bits virtual
power management:

processor	: 3
vendor_id	: GenuineIntel
cpu family	: 6
model		: 58
model name	: Intel(R) Core(TM) i3-3110M CPU @ 2.40GHz
stepping	: 9
microcode	: 0x17
cpu MHz		: 2400.000
cache size	: 3072 KB
physical id	: 0
siblings	: 4
core id		: 1
cpu cores	: 2
apicid		: 3
initial apicid	: 3
fdiv_bug	: no
hlt_bug		: no
f00f_bug	: no
coma_bug	: no
fpu		: yes
fpu_exception	: yes
cpuid level	: 13
wp		: yes
flags		: fpu vme de pse tsc msr pae mce cx8 apic sep mtrr pge mca cmov pat pse36 clflush dts acpi mmx fxsr sse sse2 ss ht tm pbe nx rdtscp lm constant_tsc arch_perfmon pebs bts xtopology nonstop_tsc aperfmperf eagerfpu pni pclmulqdq dtes64 monitor ds_cpl vmx est tm2 ssse3 cx16 xtpr pdcm pcid sse4_1 sse4_2 x2apic popcnt tsc_deadline_timer xsave avx f16c lahf_lm arat epb xsaveopt pln pts dtherm tpr_shadow vnmi flexpriority ept vpid fsgsbase smep erms
bogomips	: 4788.91
clflush size	: 64
cache_alignment	: 64
address sizes	: 36 bits physical, 48 bits virtual
power management:



Memory: 4k page, physical 3687784k(218904k free), swap 1646588k(8868k free)

vm_info: Java HotSpot(TM) Server VM (24.51-b03) for linux-x86 JRE (1.7.0_51-b13), built on Dec 18 2013 18:45:30 by "java_re" with gcc 4.3.0 20080428 (Red Hat 4.3.0-8)

time: Fri May 13 14:43:45 2016
elapsed time: 24 seconds

