#
# There is insufficient memory for the Java Runtime Environment to continue.
# Native memory allocation (malloc) failed to allocate 135528448 bytes for committing reserved memory.
# Possible reasons:
#   The system is out of physical RAM or swap space
#   In 32 bit mode, the process size limit was hit
# Possible solutions:
#   Reduce memory load on the system
#   Increase physical memory or swap space
#   Check if swap backing store is full
#   Use 64 bit Java on a 64 bit OS
#   Decrease Java heap size (-Xmx/-Xms)
#   Decrease number of Java threads
#   Decrease Java thread stack sizes (-Xss)
#   Set larger code cache with -XX:ReservedCodeCacheSize=
# This output file may be truncated or incomplete.
#
#  Out of Memory Error (os_linux.cpp:2726), pid=8029, tid=1812986688
#
# JRE version: Java(TM) SE Runtime Environment (7.0_51-b13) (build 1.7.0_51-b13)
# Java VM: Java HotSpot(TM) Server VM (24.51-b03 mixed mode linux-x86 )
# Failed to write core dump. Core dumps have been disabled. To enable core dumping, try "ulimit -c unlimited" before starting Java again
#

---------------  T H R E A D  ---------------

Current thread (0x6c180400):  VMThread [stack: 0x6c07f000,0x6c100000] [id=8039]

Stack: [0x6c07f000,0x6c100000],  sp=0x6c0fea90,  free space=510k
Native frames: (J=compiled Java code, j=interpreted, Vv=VM code, C=native code)
V  [libjvm.so+0x7dcac6]  VMError::report_and_die()+0x1a6
V  [libjvm.so+0x33a5b2]  report_vm_out_of_memory(char const*, int, unsigned int, char const*)+0x72
V  [libjvm.so+0x67be21]  os::Linux::commit_memory_impl(char*, unsigned int, bool)+0xe1
V  [libjvm.so+0x67c277]  os::Linux::commit_memory_impl(char*, unsigned int, unsigned int, bool)+0x47
V  [libjvm.so+0x67c45d]  os::pd_commit_memory(char*, unsigned int, unsigned int, bool)+0x1d
V  [libjvm.so+0x675e8c]  os::commit_memory(char*, unsigned int, unsigned int, bool)+0x2c
V  [libjvm.so+0x6df398]  PSVirtualSpace::expand_by(unsigned int)+0x48
V  [libjvm.so+0x6d1a11]  PSOldGen::expand(unsigned int)+0x141
V  [libjvm.so+0x6d1adf]  PSOldGen::resize(unsigned int)+0x8f
V  [libjvm.so+0x6d860a]  PSParallelCompact::invoke_no_policy(bool)+0x8aa
V  [libjvm.so+0x6ddaad]  PSScavenge::invoke()+0x16d
V  [libjvm.so+0x69bbca]  ParallelScavengeHeap::failed_mem_allocate(unsigned int)+0x5a
V  [libjvm.so+0x7de36a]  VM_ParallelGCFailedAllocation::doit()+0x7a
V  [libjvm.so+0x7e7127]  VM_Operation::evaluate()+0x47
V  [libjvm.so+0x7e5223]  VMThread::evaluate_operation(VM_Operation*)+0xb3
V  [libjvm.so+0x7e55c0]  VMThread::loop()+0x1b0
V  [libjvm.so+0x7e5a25]  VMThread::run()+0x85
V  [libjvm.so+0x67e319]  java_start(Thread*)+0x119
C  [libpthread.so.0+0x6d78]  start_thread+0xd8

VM_Operation (0xb6843ca0): ParallelGCFailedAllocation, mode: safepoint, requested by thread 0xb6607800


---------------  P R O C E S S  ---------------

Java Threads: ( => current thread )
  0x6b84fc00 JavaThread "pool-2-thread-4" [_thread_blocked, id=8052, stack(0x6b66b000,0x6b6bc000)]
  0x6b84e000 JavaThread "pool-2-thread-3" [_thread_blocked, id=8051, stack(0x6b6bc000,0x6b70d000)]
  0x6b84d000 JavaThread "pool-2-thread-2" [_thread_blocked, id=8050, stack(0x6b70d000,0x6b75e000)]
  0x6b841400 JavaThread "pool-3-thread-1" [_thread_blocked, id=8049, stack(0x6b75e000,0x6b7af000)]
  0x6b840400 JavaThread "pool-2-thread-1" [_thread_blocked, id=8048, stack(0x6b7af000,0x6b800000)]
  0x6c199800 JavaThread "Service Thread" daemon [_thread_blocked, id=8045, stack(0x6ba2e000,0x6ba7f000)]
  0x6c197800 JavaThread "C2 CompilerThread1" daemon [_thread_blocked, id=8044, stack(0x6ba7f000,0x6bb00000)]
  0x6c195800 JavaThread "C2 CompilerThread0" daemon [_thread_blocked, id=8043, stack(0x6be2e000,0x6beaf000)]
  0x6c194000 JavaThread "Signal Dispatcher" daemon [_thread_blocked, id=8042, stack(0x6beaf000,0x6bf00000)]
  0x6c184800 JavaThread "Finalizer" daemon [_thread_blocked, id=8041, stack(0x6c02e000,0x6c07f000)]
  0x6c182000 JavaThread "Reference Handler" daemon [_thread_blocked, id=8040, stack(0x6eb2e000,0x6eb7f000)]
  0xb6607800 JavaThread "main" [_thread_blocked, id=8034, stack(0xb67f4000,0xb6845000)]

Other Threads:
=>0x6c180400 VMThread [stack: 0x6c07f000,0x6c100000] [id=8039]
  0x6c1a3800 WatcherThread [stack: 0x6b9ad000,0x6ba2e000] [id=8046]

VM state:at safepoint (normal execution)

VM Mutex/Monitor currently owned by a thread:  ([mutex/lock_event])
[0xb6604aa8] ExpandHeap_lock - owner thread: 0x6c180400
[0xb6604ff0] Threads_lock - owner thread: 0x6c180400
[0xb6605400] Heap_lock - owner thread: 0xb6607800

Heap
 PSYoungGen      total 272640K, used 0K [0x9dfc0000, 0xb3540000, 0xb3540000)
  eden space 195584K, 0% used [0x9dfc0000,0x9dfc0000,0xa9ec0000)
  from space 77056K, 0% used [0xa9ec0000,0xa9ec0000,0xaea00000)
  to   space 73472K, 0% used [0xaed80000,0xaed80000,0xb3540000)
 ParOldGen       total 333312K, used 316437K [0x73540000, 0x87ac0000, 0x9dfc0000)
  object space 333312K, 94% used [0x73540000,0x86a45478,0x87ac0000)
 PSPermGen       total 16384K, used 3989K [0x6f540000, 0x70540000, 0x73540000)
  object space 16384K, 24% used [0x6f540000,0x6f9257e0,0x70540000)

Card table byte_map: [0x6f31f000,0x6f540000] byte_map_base: 0x6efa4600

Polling page: 0xb777c000

Code Cache  [0xb3600000, 0xb3990000, 0xb6600000)
 total_blobs=1248 nmethods=1125 adapters=76 free_code_cache=45599Kb largest_free_block=46620224

Compilation events (10 events):
Event: 25.272 Thread 0x6c195800 1136             java.util.concurrent.locks.AbstractQueuedSynchronizer::hasQueuedPredecessors (40 bytes)
Event: 25.273 Thread 0x6c195800 nmethod 1136 0xb3964cc8 code [0xb3964dc0, 0xb3964e50]
Event: 25.279 Thread 0x6c197800 1137             com.android.dx.dex.file.DexFile::getFieldIds (5 bytes)
Event: 25.280 Thread 0x6c197800 nmethod 1137 0xb3964b48 code [0xb3964c20, 0xb3964c70]
Event: 25.283 Thread 0x6c195800 1138             java.util.concurrent.locks.ReentrantLock$FairSync::tryAcquire (74 bytes)
Event: 25.285 Thread 0x6c195800 nmethod 1138 0xb3964888 code [0xb3964980, 0xb3964a70]
Event: 25.358 Thread 0x6c197800 1139             java.io.FilterInputStream::<init> (10 bytes)
Event: 25.359 Thread 0x6c197800 nmethod 1139 0xb3964648 code [0xb3964740, 0xb39647d0]
Event: 25.429 Thread 0x6c195800 1140   !         com.android.dx.dex.cf.CfTranslator::processFields (251 bytes)
Event: 25.484 Thread 0x6c195800 nmethod 1140 0xb38a7348 code [0xb38a7700, 0xb38a9004]

GC Heap History (10 events):
Event: 19.195 GC heap after
Heap after GC invocations=19 (full 3):
 PSYoungGen      total 270848K, used 54267K [0x9dfc0000, 0xb3540000, 0xb3540000)
  eden space 216576K, 0% used [0x9dfc0000,0x9dfc0000,0xab340000)
  from space 54272K, 99% used [0xb0040000,0xb353ef58,0xb3540000)
  to   space 66560K, 0% used [0xab340000,0xab340000,0xaf440000)
 ParOldGen       total 207360K, used 165600K [0x73540000, 0x7ffc0000, 0x9dfc0000)
  object space 207360K, 79% used [0x73540000,0x7d6f8130,0x7ffc0000)
 PSPermGen       total 16384K, used 3947K [0x6f540000, 0x70540000, 0x73540000)
  object space 16384K, 24% used [0x6f540000,0x6f91aff0,0x70540000)
}
Event: 20.605 GC heap before
{Heap before GC invocations=20 (full 3):
 PSYoungGen      total 270848K, used 270843K [0x9dfc0000, 0xb3540000, 0xb3540000)
  eden space 216576K, 100% used [0x9dfc0000,0xab340000,0xab340000)
  from space 54272K, 99% used [0xb0040000,0xb353ef58,0xb3540000)
  to   space 66560K, 0% used [0xab340000,0xab340000,0xaf440000)
 ParOldGen       total 207360K, used 165600K [0x73540000, 0x7ffc0000, 0x9dfc0000)
  object space 207360K, 79% used [0x73540000,0x7d6f8130,0x7ffc0000)
 PSPermGen       total 16384K, used 3955K [0x6f540000, 0x70540000, 0x73540000)
  object space 16384K, 24% used [0x6f540000,0x6f91cfa8,0x70540000)
Event: 20.725 GC heap after
Heap after GC invocations=20 (full 3):
 PSYoungGen      total 283136K, used 36568K [0x9dfc0000, 0xb3540000, 0xb3540000)
  eden space 216576K, 0% used [0x9dfc0000,0x9dfc0000,0xab340000)
  from space 66560K, 54% used [0xab340000,0xad6f63e8,0xaf440000)
  to   space 66304K, 0% used [0xaf480000,0xaf480000,0xb3540000)
 ParOldGen       total 220672K, used 220217K [0x73540000, 0x80cc0000, 0x9dfc0000)
  object space 220672K, 99% used [0x73540000,0x80c4e538,0x80cc0000)
 PSPermGen       total 16384K, used 3955K [0x6f540000, 0x70540000, 0x73540000)
  object space 16384K, 24% used [0x6f540000,0x6f91cfa8,0x70540000)
}
Event: 20.725 GC heap before
{Heap before GC invocations=21 (full 4):
 PSYoungGen      total 283136K, used 36568K [0x9dfc0000, 0xb3540000, 0xb3540000)
  eden space 216576K, 0% used [0x9dfc0000,0x9dfc0000,0xab340000)
  from space 66560K, 54% used [0xab340000,0xad6f63e8,0xaf440000)
  to   space 66304K, 0% used [0xaf480000,0xaf480000,0xb3540000)
 ParOldGen       total 220672K, used 220217K [0x73540000, 0x80cc0000, 0x9dfc0000)
  object space 220672K, 99% used [0x73540000,0x80c4e538,0x80cc0000)
 PSPermGen       total 16384K, used 3955K [0x6f540000, 0x70540000, 0x73540000)
  object space 16384K, 24% used [0x6f540000,0x6f91cfa8,0x70540000)
Event: 21.900 GC heap after
Heap after GC invocations=21 (full 4):
 PSYoungGen      total 283136K, used 33624K [0x9dfc0000, 0xb3540000, 0xb3540000)
  eden space 216576K, 0% used [0x9dfc0000,0x9dfc0000,0xab340000)
  from space 66560K, 50% used [0xab340000,0xad416378,0xaf440000)
  to   space 66304K, 0% used [0xaf480000,0xaf480000,0xb3540000)
 ParOldGen       total 333312K, used 220518K [0x73540000, 0x87ac0000, 0x9dfc0000)
  object space 333312K, 66% used [0x73540000,0x80c99ba8,0x87ac0000)
 PSPermGen       total 16384K, used 3955K [0x6f540000, 0x70540000, 0x73540000)
  object space 16384K, 24% used [0x6f540000,0x6f91cf48,0x70540000)
}
Event: 24.644 GC heap before
{Heap before GC invocations=22 (full 4):
 PSYoungGen      total 283136K, used 250200K [0x9dfc0000, 0xb3540000, 0xb3540000)
  eden space 216576K, 100% used [0x9dfc0000,0xab340000,0xab340000)
  from space 66560K, 50% used [0xab340000,0xad416378,0xaf440000)
  to   space 66304K, 0% used [0xaf480000,0xaf480000,0xb3540000)
 ParOldGen       total 333312K, used 220518K [0x73540000, 0x87ac0000, 0x9dfc0000)
  object space 333312K, 66% used [0x73540000,0x80c99ba8,0x87ac0000)
 PSPermGen       total 16384K, used 3963K [0x6f540000, 0x70540000, 0x73540000)
  object space 16384K, 24% used [0x6f540000,0x6f91efb8,0x70540000)
Event: 24.777 GC heap after
Heap after GC invocations=22 (full 4):
 PSYoungGen      total 261888K, used 66303K [0x9dfc0000, 0xb3540000, 0xb3540000)
  eden space 195584K, 0% used [0x9dfc0000,0x9dfc0000,0xa9ec0000)
  from space 66304K, 99% used [0xaf480000,0xb353fdf0,0xb3540000)
  to   space 77056K, 0% used [0xa9ec0000,0xa9ec0000,0xaea00000)
 ParOldGen       total 333312K, used 221386K [0x73540000, 0x87ac0000, 0x9dfc0000)
  object space 333312K, 66% used [0x73540000,0x80d72860,0x87ac0000)
 PSPermGen       total 16384K, used 3963K [0x6f540000, 0x70540000, 0x73540000)
  object space 16384K, 24% used [0x6f540000,0x6f91efb8,0x70540000)
}
Event: 25.510 GC heap before
{Heap before GC invocations=23 (full 4):
 PSYoungGen      total 261888K, used 261887K [0x9dfc0000, 0xb3540000, 0xb3540000)
  eden space 195584K, 100% used [0x9dfc0000,0xa9ec0000,0xa9ec0000)
  from space 66304K, 99% used [0xaf480000,0xb353fdf0,0xb3540000)
  to   space 77056K, 0% used [0xa9ec0000,0xa9ec0000,0xaea00000)
 ParOldGen       total 333312K, used 221386K [0x73540000, 0x87ac0000, 0x9dfc0000)
  object space 333312K, 66% used [0x73540000,0x80d72860,0x87ac0000)
 PSPermGen       total 16384K, used 3990K [0x6f540000, 0x70540000, 0x73540000)
  object space 16384K, 24% used [0x6f540000,0x6f925840,0x70540000)
Event: 25.655 GC heap after
Heap after GC invocations=23 (full 4):
 PSYoungGen      total 272640K, used 33920K [0x9dfc0000, 0xb3540000, 0xb3540000)
  eden space 195584K, 0% used [0x9dfc0000,0x9dfc0000,0xa9ec0000)
  from space 77056K, 44% used [0xa9ec0000,0xabfe0118,0xaea00000)
  to   space 73472K, 0% used [0xaed80000,0xaed80000,0xb3540000)
 ParOldGen       total 333312K, used 287215K [0x73540000, 0x87ac0000, 0x9dfc0000)
  object space 333312K, 86% used [0x73540000,0x84dbbf18,0x87ac0000)
 PSPermGen       total 16384K, used 3990K [0x6f540000, 0x70540000, 0x73540000)
  object space 16384K, 24% used [0x6f540000,0x6f925840,0x70540000)
}
Event: 25.655 GC heap before
{Heap before GC invocations=24 (full 5):
 PSYoungGen      total 272640K, used 33920K [0x9dfc0000, 0xb3540000, 0xb3540000)
  eden space 195584K, 0% used [0x9dfc0000,0x9dfc0000,0xa9ec0000)
  from space 77056K, 44% used [0xa9ec0000,0xabfe0118,0xaea00000)
  to   space 73472K, 0% used [0xaed80000,0xaed80000,0xb3540000)
 ParOldGen       total 333312K, used 287215K [0x73540000, 0x87ac0000, 0x9dfc0000)
  object space 333312K, 86% used [0x73540000,0x84dbbf18,0x87ac0000)
 PSPermGen       total 16384K, used 3990K [0x6f540000, 0x70540000, 0x73540000)
  object space 16384K, 24% used [0x6f540000,0x6f925840,0x70540000)

Deoptimization events (10 events):
Event: 18.967 Thread 0x6b840400 Uncommon trap: reason=null_check action=make_not_entrant pc=0xb384a8cc method=com.android.dx.cf.direct.DirectClassFile.getSourceFile()Lcom/android/dx/rop/cst/CstString; @ 15
Event: 18.967 Thread 0x6b840400 Uncommon trap: reason=null_check action=make_not_entrant pc=0xb393ff44 method=com.android.dx.cf.direct.DirectClassFile.getSourceFile()Lcom/android/dx/rop/cst/CstString; @ 15
Event: 18.967 Thread 0x6b840400 Uncommon trap: reason=null_check action=make_not_entrant pc=0xb391627c method=com.android.dx.cf.direct.DirectClassFile.getSourceFile()Lcom/android/dx/rop/cst/CstString; @ 15
Event: 18.967 Thread 0x6b84e000 Uncommon trap: reason=null_check action=make_not_entrant pc=0xb38f817c method=com.android.dx.cf.direct.DirectClassFile.getSourceFile()Lcom/android/dx/rop/cst/CstString; @ 15
Event: 19.001 Thread 0x6b840400 Uncommon trap: reason=unreached action=reinterpret pc=0xb37ad85c method=com.android.dx.ssa.PhiTypeResolver.resolveResultType(Lcom/android/dx/ssa/PhiInsn;)Z @ 64
Event: 19.202 Thread 0x6b84e000 Uncommon trap: reason=bimorphic action=maybe_recompile pc=0xb374c5cc method=com.android.dx.ssa.LiteralOpUpgrader.tryReplacingWithConstant(Lcom/android/dx/ssa/NormalSsaInsn;)Z @ 62
Event: 19.205 Thread 0x6b84d000 Uncommon trap: reason=bimorphic action=maybe_recompile pc=0xb374c5cc method=com.android.dx.ssa.LiteralOpUpgrader.tryReplacingWithConstant(Lcom/android/dx/ssa/NormalSsaInsn;)Z @ 62
Event: 23.705 Thread 0x6b84fc00 Uncommon trap: reason=unreached action=reinterpret pc=0xb3912160 method=com.android.dx.dex.cf.AttributeTranslator.getParameterAnnotations(Lcom/android/dx/cf/iface/Method;)Lcom/android/dx/rop/annotation/AnnotationsList; @ 32
Event: 24.074 Thread 0x6b84fc00 Uncommon trap: reason=unreached action=reinterpret pc=0xb378f624 method=com.android.dx.ssa.back.SsaToRop.convertBasicBlocks()Lcom/android/dx/rop/code/BasicBlockList; @ 33
Event: 24.074 Thread 0x6b84fc00 Uncommon trap: reason=unreached action=reinterpret pc=0xb37f2a20 method=com.android.dx.ssa.back.SsaToRop.convertBasicBlock(Lcom/android/dx/ssa/SsaBasicBlock;)Lcom/android/dx/rop/code/BasicBlock; @ 21

Internal exceptions (10 events):
Event: 10.065 Thread 0x6b84d000 Implicit null exception at 0xb37d2c90 to 0xb37d4931
Event: 14.925 Thread 0xb6607800 Threw 0xa2378758 at /HUDSON/workspace/7u-2-build-linux-i586/jdk7u51/527/hotspot/src/share/vm/prims/jvm.cpp:1244
Event: 15.079 Thread 0x6b840400 Implicit null exception at 0xb37508dc to 0xb3751b1d
Event: 15.079 Thread 0x6b840400 Implicit null exception at 0xb3825df0 to 0xb3826025
Event: 15.081 Thread 0x6b840400 Implicit null exception at 0xb37593de to 0xb37595f1
Event: 15.081 Thread 0x6b840400 Implicit null exception at 0xb37018d6 to 0xb37019bd
Event: 16.017 Thread 0x6b84fc00 Threw 0xa7c84e38 at /HUDSON/workspace/7u-2-build-linux-i586/jdk7u51/527/hotspot/src/share/vm/prims/jvm.cpp:1244
Event: 18.967 Thread 0x6b840400 Implicit null exception at 0xb3844b7c to 0xb384a8bd
Event: 19.001 Thread 0x6b840400 Implicit null exception at 0xb37acedd to 0xb37ad83d
Event: 24.074 Thread 0x6b84fc00 Implicit null exception at 0xb378e6cb to 0xb378f611

Events (10 events):
Event: 23.705 Thread 0x6b84fc00 DEOPT UNPACKING pc=0xb362cbbc sp=0x6b6baa24 mode 2
Event: 24.074 Thread 0x6b84fc00 Uncommon trap: trap_request=0xffffffad fr.pc=0xb378f624
Event: 24.074 Thread 0x6b84fc00 DEOPT PACKING pc=0xb378f624 sp=0x6b6ba960
Event: 24.074 Thread 0x6b84fc00 DEOPT UNPACKING pc=0xb362cbbc sp=0x6b6ba970 mode 2
Event: 24.074 Thread 0x6b84fc00 Uncommon trap: trap_request=0xffffffad fr.pc=0xb37f2a20
Event: 24.074 Thread 0x6b84fc00 DEOPT PACKING pc=0xb37f2a20 sp=0x6b6ba910
Event: 24.074 Thread 0x6b84fc00 DEOPT UNPACKING pc=0xb362cbbc sp=0x6b6ba920 mode 2
Event: 24.644 Executing VM operation: ParallelGCFailedAllocation
Event: 24.777 Executing VM operation: ParallelGCFailedAllocation done
Event: 25.509 Executing VM operation: ParallelGCFailedAllocation


Dynamic libraries:
08048000-08049000 r-xp 00000000 08:01 22808717   /usr/lib/jvm/jdk1.7.0_51/bin/java
08049000-0804a000 rw-p 00000000 08:01 22808717   /usr/lib/jvm/jdk1.7.0_51/bin/java
08472000-0856f000 rw-p 00000000 00:00 0          [heap]
69900000-699fd000 rw-p 00000000 00:00 0 
699fd000-69a00000 ---p 00000000 00:00 0 
69a00000-69a9e000 rw-p 00000000 00:00 0 
69a9e000-69b00000 ---p 00000000 00:00 0 
69b00000-69bd9000 rw-p 00000000 00:00 0 
69bd9000-69c00000 ---p 00000000 00:00 0 
69d00000-69dfa000 rw-p 00000000 00:00 0 
69dfa000-69e00000 ---p 00000000 00:00 0 
69e00000-69efd000 rw-p 00000000 00:00 0 
69efd000-69f00000 ---p 00000000 00:00 0 
69f00000-6a000000 rw-p 00000000 00:00 0 
6a100000-6a200000 rw-p 00000000 00:00 0 
6a300000-6a3fb000 rw-p 00000000 00:00 0 
6a3fb000-6a400000 ---p 00000000 00:00 0 
6a500000-6a5fb000 rw-p 00000000 00:00 0 
6a5fb000-6a600000 ---p 00000000 00:00 0 
6a700000-6a7fb000 rw-p 00000000 00:00 0 
6a7fb000-6a800000 ---p 00000000 00:00 0 
6a800000-6a8fc000 rw-p 00000000 00:00 0 
6a8fc000-6a900000 ---p 00000000 00:00 0 
6a900000-6aa00000 rw-p 00000000 00:00 0 
6ab00000-6abfe000 rw-p 00000000 00:00 0 
6abfe000-6ac00000 ---p 00000000 00:00 0 
6ac00000-6acf7000 rw-p 00000000 00:00 0 
6acf7000-6ad00000 ---p 00000000 00:00 0 
6ad00000-6ade6000 rw-p 00000000 00:00 0 
6ade6000-6ae00000 ---p 00000000 00:00 0 
6af00000-6aff8000 rw-p 00000000 00:00 0 
6aff8000-6b000000 ---p 00000000 00:00 0 
6b000000-6b0e8000 rw-p 00000000 00:00 0 
6b0e8000-6b100000 ---p 00000000 00:00 0 
6b100000-6b1fb000 rw-p 00000000 00:00 0 
6b1fb000-6b200000 ---p 00000000 00:00 0 
6b200000-6b2e3000 rw-p 00000000 00:00 0 
6b2e3000-6b300000 ---p 00000000 00:00 0 
6b300000-6b3f7000 rw-p 00000000 00:00 0 
6b3f7000-6b400000 ---p 00000000 00:00 0 
6b400000-6b4ff000 rw-p 00000000 00:00 0 
6b4ff000-6b500000 ---p 00000000 00:00 0 
6b500000-6b5fd000 rw-p 00000000 00:00 0 
6b5fd000-6b600000 ---p 00000000 00:00 0 
6b66b000-6b66e000 ---p 00000000 00:00 0 
6b66e000-6b6bc000 rw-p 00000000 00:00 0          [stack:8052]
6b6bc000-6b6bf000 ---p 00000000 00:00 0 
6b6bf000-6b70d000 rw-p 00000000 00:00 0          [stack:8051]
6b70d000-6b710000 ---p 00000000 00:00 0 
6b710000-6b75e000 rw-p 00000000 00:00 0          [stack:8050]
6b75e000-6b761000 ---p 00000000 00:00 0 
6b761000-6b7af000 rw-p 00000000 00:00 0          [stack:8049]
6b7af000-6b7b2000 ---p 00000000 00:00 0 
6b7b2000-6b800000 rw-p 00000000 00:00 0          [stack:8048]
6b800000-6b8cf000 rw-p 00000000 00:00 0 
6b8cf000-6b900000 ---p 00000000 00:00 0 
6b940000-6b9ad000 r--s 00529000 08:01 24644696   /home/daemonsoft/AndroidStudioProjects/OxfordSchool/app/build/intermediates/transforms/jarMerging/debug/jars/1/1f/combined.jar
6b9ad000-6b9ae000 ---p 00000000 00:00 0 
6b9ae000-6ba2e000 rw-p 00000000 00:00 0          [stack:8046]
6ba2e000-6ba31000 ---p 00000000 00:00 0 
6ba31000-6ba7f000 rw-p 00000000 00:00 0          [stack:8045]
6ba7f000-6ba82000 ---p 00000000 00:00 0 
6ba82000-6bb00000 rw-p 00000000 00:00 0          [stack:8044]
6bb00000-6bd00000 r--p 00000000 08:01 18882059   /usr/lib/locale/locale-archive
6bd00000-6bd21000 rw-p 00000000 00:00 0 
6bd21000-6be00000 ---p 00000000 00:00 0 
6be2e000-6be31000 ---p 00000000 00:00 0 
6be31000-6beaf000 rw-p 00000000 00:00 0          [stack:8043]
6beaf000-6beb2000 ---p 00000000 00:00 0 
6beb2000-6bf00000 rw-p 00000000 00:00 0          [stack:8042]
6bf00000-6c000000 rw-p 00000000 00:00 0 
6c02e000-6c031000 ---p 00000000 00:00 0 
6c031000-6c07f000 rw-p 00000000 00:00 0          [stack:8041]
6c07f000-6c080000 ---p 00000000 00:00 0 
6c080000-6c100000 rw-p 00000000 00:00 0          [stack:8039]
6c100000-6c200000 rw-p 00000000 00:00 0 
6c203000-6c3c0000 r--s 039bf000 08:01 22808730   /usr/lib/jvm/jdk1.7.0_51/jre/lib/rt.jar
6c3c0000-6ea00000 rw-p 00000000 00:00 0 
6ea00000-6eb00000 rw-p 00000000 00:00 0 
6eb2e000-6eb31000 ---p 00000000 00:00 0 
6eb31000-6eb7f000 rw-p 00000000 00:00 0          [stack:8040]
6eb7f000-6eb80000 ---p 00000000 00:00 0 
6eb80000-6ec00000 rw-p 00000000 00:00 0          [stack:8038]
6ec00000-6ec21000 rw-p 00000000 00:00 0 
6ec21000-6ed00000 ---p 00000000 00:00 0 
6ed34000-6ed7f000 rw-p 00000000 00:00 0 
6ed7f000-6ed80000 ---p 00000000 00:00 0 
6ed80000-6ee00000 rw-p 00000000 00:00 0          [stack:8037]
6ee00000-6ee21000 rw-p 00000000 00:00 0 
6ee21000-6ef00000 ---p 00000000 00:00 0 
6ef24000-6ef7f000 rw-p 00000000 00:00 0 
6ef7f000-6ef80000 ---p 00000000 00:00 0 
6ef80000-6f000000 rw-p 00000000 00:00 0          [stack:8036]
6f000000-6f036000 rw-p 00000000 00:00 0 
6f036000-6f100000 ---p 00000000 00:00 0 
6f148000-6f149000 ---p 00000000 00:00 0 
6f149000-6f26c000 rw-p 00000000 00:00 0          [stack:8035]
6f26c000-6f31f000 rw-p 00000000 00:00 0 
6f31f000-6f327000 rw-p 00000000 00:00 0 
6f327000-6f33f000 rw-p 00000000 00:00 0 
6f33f000-6f3e2000 rw-p 00000000 00:00 0 
6f3e2000-6f494000 rw-p 00000000 00:00 0 
6f494000-6f53f000 rw-p 00000000 00:00 0 
6f53f000-70540000 rw-p 00000000 00:00 0 
70540000-73540000 rw-p 00000000 00:00 0 
73540000-87ac0000 rw-p 00000000 00:00 0 
8fa8f000-8fc00000 rw-p 00000000 00:00 0 
8fc00000-9dfc0000 rw-p 00000000 00:00 0 
9dfc0000-b3540000 rw-p 00000000 00:00 0 
b3540000-b354f000 rw-p 00000000 00:00 0 
b354f000-b3600000 rw-p 00000000 00:00 0 
b3600000-b3990000 rwxp 00000000 00:00 0 
b3990000-b66f6000 rw-p 00000000 00:00 0 
b66f6000-b6700000 ---p 00000000 00:00 0 
b6705000-b671a000 r-xp 00000000 08:01 22937800   /usr/lib/jvm/jdk1.7.0_51/jre/lib/i386/libnet.so
b671a000-b671b000 rw-p 00014000 08:01 22937800   /usr/lib/jvm/jdk1.7.0_51/jre/lib/i386/libnet.so
b671b000-b6729000 r-xp 00000000 08:01 22937809   /usr/lib/jvm/jdk1.7.0_51/jre/lib/i386/libnio.so
b6729000-b672a000 rw-p 0000e000 08:01 22937809   /usr/lib/jvm/jdk1.7.0_51/jre/lib/i386/libnio.so
b672a000-b674c000 rw-p 00000000 00:00 0 
b674c000-b6764000 rw-p 00000000 00:00 0 
b6764000-b677b000 r-xp 00000000 08:01 22937822   /usr/lib/jvm/jdk1.7.0_51/jre/lib/i386/libzip.so
b677b000-b677c000 rw-p 00017000 08:01 22937822   /usr/lib/jvm/jdk1.7.0_51/jre/lib/i386/libzip.so
b677c000-b6787000 r-xp 00000000 08:01 27919935   /lib/i386-linux-gnu/libnss_files-2.17.so
b6787000-b6788000 r--p 0000a000 08:01 27919935   /lib/i386-linux-gnu/libnss_files-2.17.so
b6788000-b6789000 rw-p 0000b000 08:01 27919935   /lib/i386-linux-gnu/libnss_files-2.17.so
b6789000-b6793000 r-xp 00000000 08:01 27919931   /lib/i386-linux-gnu/libnss_nis-2.17.so
b6793000-b6794000 r--p 00009000 08:01 27919931   /lib/i386-linux-gnu/libnss_nis-2.17.so
b6794000-b6795000 rw-p 0000a000 08:01 27919931   /lib/i386-linux-gnu/libnss_nis-2.17.so
b6795000-b67aa000 r-xp 00000000 08:01 27919916   /lib/i386-linux-gnu/libnsl-2.17.so
b67aa000-b67ab000 r--p 00014000 08:01 27919916   /lib/i386-linux-gnu/libnsl-2.17.so
b67ab000-b67ac000 rw-p 00015000 08:01 27919916   /lib/i386-linux-gnu/libnsl-2.17.so
b67ac000-b67ae000 rw-p 00000000 00:00 0 
b67af000-b67b0000 rw-p 00000000 00:00 0 
b67b0000-b67bf000 r--s 000df000 08:01 5245103    /home/daemonsoft/Android/Sdk/build-tools/23.0.0/lib/dx.jar
b67bf000-b67c7000 rw-s 00000000 08:01 7472896    /tmp/hsperfdata_daemonsoft/8029
b67c7000-b67ea000 r-xp 00000000 08:01 22937785   /usr/lib/jvm/jdk1.7.0_51/jre/lib/i386/libjava.so
b67ea000-b67eb000 rw-p 00022000 08:01 22937785   /usr/lib/jvm/jdk1.7.0_51/jre/lib/i386/libjava.so
b67eb000-b67f2000 r-xp 00000000 08:01 27919383   /lib/i386-linux-gnu/librt-2.17.so
b67f2000-b67f3000 r--p 00006000 08:01 27919383   /lib/i386-linux-gnu/librt-2.17.so
b67f3000-b67f4000 rw-p 00007000 08:01 27919383   /lib/i386-linux-gnu/librt-2.17.so
b67f4000-b67f7000 ---p 00000000 00:00 0 
b67f7000-b6845000 rw-p 00000000 00:00 0          [stack:8034]
b6845000-b6886000 r-xp 00000000 08:01 27919929   /lib/i386-linux-gnu/libm-2.17.so
b6886000-b6887000 r--p 00040000 08:01 27919929   /lib/i386-linux-gnu/libm-2.17.so
b6887000-b6888000 rw-p 00041000 08:01 27919929   /lib/i386-linux-gnu/libm-2.17.so
b6888000-b70ff000 r-xp 00000000 08:01 22937821   /usr/lib/jvm/jdk1.7.0_51/jre/lib/i386/server/libjvm.so
b70ff000-b7163000 rw-p 00877000 08:01 22937821   /usr/lib/jvm/jdk1.7.0_51/jre/lib/i386/server/libjvm.so
b7163000-b7587000 rw-p 00000000 00:00 0 
b7587000-b7735000 r-xp 00000000 08:01 27919923   /lib/i386-linux-gnu/libc-2.17.so
b7735000-b7737000 r--p 001ae000 08:01 27919923   /lib/i386-linux-gnu/libc-2.17.so
b7737000-b7738000 rw-p 001b0000 08:01 27919923   /lib/i386-linux-gnu/libc-2.17.so
b7738000-b773b000 rw-p 00000000 00:00 0 
b773b000-b773e000 r-xp 00000000 08:01 27919924   /lib/i386-linux-gnu/libdl-2.17.so
b773e000-b773f000 r--p 00002000 08:01 27919924   /lib/i386-linux-gnu/libdl-2.17.so
b773f000-b7740000 rw-p 00003000 08:01 27919924   /lib/i386-linux-gnu/libdl-2.17.so
b7740000-b7741000 rw-p 00000000 00:00 0 
b7741000-b7754000 r-xp 00000000 08:01 22807747   /usr/lib/jvm/jdk1.7.0_51/lib/i386/jli/libjli.so
b7754000-b7755000 rw-p 00012000 08:01 22807747   /usr/lib/jvm/jdk1.7.0_51/lib/i386/jli/libjli.so
b7755000-b776c000 r-xp 00000000 08:01 27919928   /lib/i386-linux-gnu/libpthread-2.17.so
b776c000-b776d000 r--p 00016000 08:01 27919928   /lib/i386-linux-gnu/libpthread-2.17.so
b776d000-b776e000 rw-p 00017000 08:01 27919928   /lib/i386-linux-gnu/libpthread-2.17.so
b776e000-b7771000 rw-p 00000000 00:00 0 
b7771000-b7772000 r--p 005db000 08:01 18882059   /usr/lib/locale/locale-archive
b7772000-b7779000 r-xp 00000000 08:01 27919926   /lib/i386-linux-gnu/libnss_compat-2.17.so
b7779000-b777a000 r--p 00006000 08:01 27919926   /lib/i386-linux-gnu/libnss_compat-2.17.so
b777a000-b777b000 rw-p 00007000 08:01 27919926   /lib/i386-linux-gnu/libnss_compat-2.17.so
b777b000-b777c000 rw-p 00000000 00:00 0 
b777c000-b777d000 ---p 00000000 00:00 0 
b777d000-b7788000 r-xp 00000000 08:01 22937767   /usr/lib/jvm/jdk1.7.0_51/jre/lib/i386/libverify.so
b7788000-b7789000 rw-p 0000b000 08:01 22937767   /usr/lib/jvm/jdk1.7.0_51/jre/lib/i386/libverify.so
b7789000-b778b000 rw-p 00000000 00:00 0 
b778b000-b778c000 r-xp 00000000 00:00 0          [vdso]
b778c000-b77ac000 r-xp 00000000 08:01 27919919   /lib/i386-linux-gnu/ld-2.17.so
b77ac000-b77ad000 r--p 0001f000 08:01 27919919   /lib/i386-linux-gnu/ld-2.17.so
b77ad000-b77ae000 rw-p 00020000 08:01 27919919   /lib/i386-linux-gnu/ld-2.17.so
bfc8d000-bfcae000 rw-p 00000000 00:00 0          [stack]

VM Arguments:
jvm_args: -Djava.awt.headless=true -Xmx1024M -Dfile.encoding=UTF-8 -Duser.country=IN -Duser.language=en -Duser.variant 
java_command: com.android.dx.command.Main --dex --num-threads=4 --multi-dex --main-dex-list /home/daemonsoft/AndroidStudioProjects/OxfordSchool/app/build/intermediates/multi-dex/debug/maindexlist.txt --output /home/daemonsoft/AndroidStudioProjects/OxfordSchool/app/build/intermediates/transforms/dex/debug/folders/1000/1f/main /home/daemonsoft/AndroidStudioProjects/OxfordSchool/app/build/intermediates/transforms/jarMerging/debug/jars/1/1f/combined.jar
Launcher Type: SUN_STANDARD

Environment Variables:
PATH=/usr/lib/lightdm/lightdm:/usr/local/sbin:/usr/local/bin:/usr/sbin:/usr/bin:/sbin:/bin:/usr/games:/usr/local/games
SHELL=/bin/bash
DISPLAY=:0

Signal Handlers:
SIGSEGV: [libjvm.so+0x7dd5e0], sa_mask[0]=0x7ffbfeff, sa_flags=0x10000004
SIGBUS: [libjvm.so+0x7dd5e0], sa_mask[0]=0x7ffbfeff, sa_flags=0x10000004
SIGFPE: [libjvm.so+0x678d60], sa_mask[0]=0x7ffbfeff, sa_flags=0x10000004
SIGPIPE: [libjvm.so+0x678d60], sa_mask[0]=0x7ffbfeff, sa_flags=0x10000004
SIGXFSZ: [libjvm.so+0x678d60], sa_mask[0]=0x7ffbfeff, sa_flags=0x10000004
SIGILL: [libjvm.so+0x678d60], sa_mask[0]=0x7ffbfeff, sa_flags=0x10000004
SIGUSR1: SIG_DFL, sa_mask[0]=0x00000000, sa_flags=0x00000000
SIGUSR2: [libjvm.so+0x67a250], sa_mask[0]=0x00000004, sa_flags=0x10000004
SIGHUP: [libjvm.so+0x67b3a0], sa_mask[0]=0x7ffbfeff, sa_flags=0x10000004
SIGINT: [libjvm.so+0x67b3a0], sa_mask[0]=0x7ffbfeff, sa_flags=0x10000004
SIGTERM: [libjvm.so+0x67b3a0], sa_mask[0]=0x7ffbfeff, sa_flags=0x10000004
SIGQUIT: [libjvm.so+0x67b3a0], sa_mask[0]=0x7ffbfeff, sa_flags=0x10000004


---------------  S Y S T E M  ---------------

OS:wheezy/sid

uname:Linux 3.8.0-35-generic #50-Ubuntu SMP Tue Dec 3 01:25:33 UTC 2013 i686
libc:glibc 2.17 NPTL 2.17 
rlimit: STACK 8192k, CORE 0k, NPROC 28680, NOFILE 4096, AS infinity
load average:3.81 1.96 1.51

/proc/meminfo:
MemTotal:        3687784 kB
MemFree:          217648 kB
Buffers:             848 kB
Cached:           448408 kB
SwapCached:         7748 kB
Active:          2488304 kB
Inactive:         874512 kB
Active(anon):    2481208 kB
Inactive(anon):   846276 kB
Active(file):       7096 kB
Inactive(file):    28236 kB
Unevictable:          36 kB
Mlocked:              36 kB
HighTotal:       2834296 kB
HighFree:          48388 kB
LowTotal:         853488 kB
LowFree:          169260 kB
SwapTotal:       1646588 kB
SwapFree:             64 kB
Dirty:                80 kB
Writeback:             0 kB
AnonPages:       2906400 kB
Mapped:           123852 kB
Shmem:            413532 kB
Slab:              53176 kB
SReclaimable:      22644 kB
SUnreclaim:        30532 kB
KernelStack:        5592 kB
PageTables:        18932 kB
NFS_Unstable:          0 kB
Bounce:               44 kB
WritebackTmp:          0 kB
CommitLimit:     3490480 kB
Committed_AS:    9846544 kB
VmallocTotal:     122880 kB
VmallocUsed:       20520 kB
VmallocChunk:      98968 kB
HardwareCorrupted:     0 kB
AnonHugePages:         0 kB
HugePages_Total:       0
HugePages_Free:        0
HugePages_Rsvd:        0
HugePages_Surp:        0
Hugepagesize:       2048 kB
DirectMap4k:       10232 kB
DirectMap2M:      903168 kB


CPU:total 4 (2 cores per cpu, 2 threads per core) family 6 model 58 stepping 9, cmov, cx8, fxsr, mmx, sse, sse2, sse3, ssse3, sse4.1, sse4.2, popcnt, avx, erms, ht, tsc, tscinvbit, tscinv

/proc/cpuinfo:
processor	: 0
vendor_id	: GenuineIntel
cpu family	: 6
model		: 58
model name	: Intel(R) Core(TM) i3-3110M CPU @ 2.40GHz
stepping	: 9
microcode	: 0x17
cpu MHz		: 1200.000
cache size	: 3072 KB
physical id	: 0
siblings	: 4
core id		: 0
cpu cores	: 2
apicid		: 0
initial apicid	: 0
fdiv_bug	: no
hlt_bug		: no
f00f_bug	: no
coma_bug	: no
fpu		: yes
fpu_exception	: yes
cpuid level	: 13
wp		: yes
flags		: fpu vme de pse tsc msr pae mce cx8 apic sep mtrr pge mca cmov pat pse36 clflush dts acpi mmx fxsr sse sse2 ss ht tm pbe nx rdtscp lm constant_tsc arch_perfmon pebs bts xtopology nonstop_tsc aperfmperf eagerfpu pni pclmulqdq dtes64 monitor ds_cpl vmx est tm2 ssse3 cx16 xtpr pdcm pcid sse4_1 sse4_2 x2apic popcnt tsc_deadline_timer xsave avx f16c lahf_lm arat epb xsaveopt pln pts dtherm tpr_shadow vnmi flexpriority ept vpid fsgsbase smep erms
bogomips	: 4788.91
clflush size	: 64
cache_alignment	: 64
address sizes	: 36 bits physical, 48 bits virtual
power management:

processor	: 1
vendor_id	: GenuineIntel
cpu family	: 6
model		: 58
model name	: Intel(R) Core(TM) i3-3110M CPU @ 2.40GHz
stepping	: 9
microcode	: 0x17
cpu MHz		: 2000.000
cache size	: 3072 KB
physical id	: 0
siblings	: 4
core id		: 0
cpu cores	: 2
apicid		: 1
initial apicid	: 1
fdiv_bug	: no
hlt_bug		: no
f00f_bug	: no
coma_bug	: no
fpu		: yes
fpu_exception	: yes
cpuid level	: 13
wp		: yes
flags		: fpu vme de pse tsc msr pae mce cx8 apic sep mtrr pge mca cmov pat pse36 clflush dts acpi mmx fxsr sse sse2 ss ht tm pbe nx rdtscp lm constant_tsc arch_perfmon pebs bts xtopology nonstop_tsc aperfmperf eagerfpu pni pclmulqdq dtes64 monitor ds_cpl vmx est tm2 ssse3 cx16 xtpr pdcm pcid sse4_1 sse4_2 x2apic popcnt tsc_deadline_timer xsave avx f16c lahf_lm arat epb xsaveopt pln pts dtherm tpr_shadow vnmi flexpriority ept vpid fsgsbase smep erms
bogomips	: 4788.91
clflush size	: 64
cache_alignment	: 64
address sizes	: 36 bits physical, 48 bits virtual
power management:

processor	: 2
vendor_id	: GenuineIntel
cpu family	: 6
model		: 58
model name	: Intel(R) Core(TM) i3-3110M CPU @ 2.40GHz
stepping	: 9
microcode	: 0x17
cpu MHz		: 1200.000
cache size	: 3072 KB
physical id	: 0
siblings	: 4
core id		: 1
cpu cores	: 2
apicid		: 2
initial apicid	: 2
fdiv_bug	: no
hlt_bug		: no
f00f_bug	: no
coma_bug	: no
fpu		: yes
fpu_exception	: yes
cpuid level	: 13
wp		: yes
flags		: fpu vme de pse tsc msr pae mce cx8 apic sep mtrr pge mca cmov pat pse36 clflush dts acpi mmx fxsr sse sse2 ss ht tm pbe nx rdtscp lm constant_tsc arch_perfmon pebs bts xtopology nonstop_tsc aperfmperf eagerfpu pni pclmulqdq dtes64 monitor ds_cpl vmx est tm2 ssse3 cx16 xtpr pdcm pcid sse4_1 sse4_2 x2apic popcnt tsc_deadline_timer xsave avx f16c lahf_lm arat epb xsaveopt pln pts dtherm tpr_shadow vnmi flexpriority ept vpid fsgsbase smep erms
bogomips	: 4788.91
clflush size	: 64
cache_alignment	: 64
address sizes	: 36 bits physical, 48 bits virtual
power management:

processor	: 3
vendor_id	: GenuineIntel
cpu family	: 6
model		: 58
model name	: Intel(R) Core(TM) i3-3110M CPU @ 2.40GHz
stepping	: 9
microcode	: 0x17
cpu MHz		: 1200.000
cache size	: 3072 KB
physical id	: 0
siblings	: 4
core id		: 1
cpu cores	: 2
apicid		: 3
initial apicid	: 3
fdiv_bug	: no
hlt_bug		: no
f00f_bug	: no
coma_bug	: no
fpu		: yes
fpu_exception	: yes
cpuid level	: 13
wp		: yes
flags		: fpu vme de pse tsc msr pae mce cx8 apic sep mtrr pge mca cmov pat pse36 clflush dts acpi mmx fxsr sse sse2 ss ht tm pbe nx rdtscp lm constant_tsc arch_perfmon pebs bts xtopology nonstop_tsc aperfmperf eagerfpu pni pclmulqdq dtes64 monitor ds_cpl vmx est tm2 ssse3 cx16 xtpr pdcm pcid sse4_1 sse4_2 x2apic popcnt tsc_deadline_timer xsave avx f16c lahf_lm arat epb xsaveopt pln pts dtherm tpr_shadow vnmi flexpriority ept vpid fsgsbase smep erms
bogomips	: 4788.91
clflush size	: 64
cache_alignment	: 64
address sizes	: 36 bits physical, 48 bits virtual
power management:



Memory: 4k page, physical 3687784k(217648k free), swap 1646588k(64k free)

vm_info: Java HotSpot(TM) Server VM (24.51-b03) for linux-x86 JRE (1.7.0_51-b13), built on Dec 18 2013 18:45:30 by "java_re" with gcc 4.3.0 20080428 (Red Hat 4.3.0-8)

time: Fri May 13 14:41:28 2016
elapsed time: 32 seconds

