#
# There is insufficient memory for the Java Runtime Environment to continue.
# Native memory allocation (malloc) failed to allocate 107479040 bytes for committing reserved memory.
# Possible reasons:
#   The system is out of physical RAM or swap space
#   In 32 bit mode, the process size limit was hit
# Possible solutions:
#   Reduce memory load on the system
#   Increase physical memory or swap space
#   Check if swap backing store is full
#   Use 64 bit Java on a 64 bit OS
#   Decrease Java heap size (-Xmx/-Xms)
#   Decrease number of Java threads
#   Decrease Java thread stack sizes (-Xss)
#   Set larger code cache with -XX:ReservedCodeCacheSize=
# This output file may be truncated or incomplete.
#
#  Out of Memory Error (os_linux.cpp:2726), pid=9911, tid=1812986688
#
# JRE version: Java(TM) SE Runtime Environment (7.0_51-b13) (build 1.7.0_51-b13)
# Java VM: Java HotSpot(TM) Server VM (24.51-b03 mixed mode linux-x86 )
# Failed to write core dump. Core dumps have been disabled. To enable core dumping, try "ulimit -c unlimited" before starting Java again
#

---------------  T H R E A D  ---------------

Current thread (0x6c180400):  VMThread [stack: 0x6c07f000,0x6c100000] [id=9920]

Stack: [0x6c07f000,0x6c100000],  sp=0x6c0fe990,  free space=510k
Native frames: (J=compiled Java code, j=interpreted, Vv=VM code, C=native code)
V  [libjvm.so+0x7dcac6]  VMError::report_and_die()+0x1a6
V  [libjvm.so+0x33a5b2]  report_vm_out_of_memory(char const*, int, unsigned int, char const*)+0x72
V  [libjvm.so+0x67be21]  os::Linux::commit_memory_impl(char*, unsigned int, bool)+0xe1
V  [libjvm.so+0x67c277]  os::Linux::commit_memory_impl(char*, unsigned int, unsigned int, bool)+0x47
V  [libjvm.so+0x67c45d]  os::pd_commit_memory(char*, unsigned int, unsigned int, bool)+0x1d
V  [libjvm.so+0x675e8c]  os::commit_memory(char*, unsigned int, unsigned int, bool)+0x2c
V  [libjvm.so+0x6df398]  PSVirtualSpace::expand_by(unsigned int)+0x48
V  [libjvm.so+0x6d1a11]  PSOldGen::expand(unsigned int)+0x141
V  [libjvm.so+0x6d1adf]  PSOldGen::resize(unsigned int)+0x8f
V  [libjvm.so+0x6d860a]  PSParallelCompact::invoke_no_policy(bool)+0x8aa
V  [libjvm.so+0x6ddaad]  PSScavenge::invoke()+0x16d
V  [libjvm.so+0x69bbca]  ParallelScavengeHeap::failed_mem_allocate(unsigned int)+0x5a
V  [libjvm.so+0x7de36a]  VM_ParallelGCFailedAllocation::doit()+0x7a
V  [libjvm.so+0x7e7127]  VM_Operation::evaluate()+0x47
V  [libjvm.so+0x7e5223]  VMThread::evaluate_operation(VM_Operation*)+0xb3
V  [libjvm.so+0x7e55c0]  VMThread::loop()+0x1b0
V  [libjvm.so+0x7e5a25]  VMThread::run()+0x85
V  [libjvm.so+0x67e319]  java_start(Thread*)+0x119
C  [libpthread.so.0+0x6d78]  start_thread+0xd8

VM_Operation (0x6b75ca74): ParallelGCFailedAllocation, mode: safepoint, requested by thread 0x6b841800


---------------  P R O C E S S  ---------------

Java Threads: ( => current thread )
  0x6b845400 JavaThread "pool-2-thread-4" [_thread_blocked, id=9932, stack(0x6b55e000,0x6b5af000)]
  0x6b842c00 JavaThread "pool-2-thread-3" [_thread_blocked, id=9931, stack(0x6b5af000,0x6b600000)]
  0x6b841800 JavaThread "pool-2-thread-2" [_thread_blocked, id=9930, stack(0x6b70d000,0x6b75e000)]
  0x6b840000 JavaThread "pool-3-thread-1" [_thread_blocked, id=9929, stack(0x6b75e000,0x6b7af000)]
  0x6b83f400 JavaThread "pool-2-thread-1" [_thread_blocked, id=9928, stack(0x6b7af000,0x6b800000)]
  0x6c199800 JavaThread "Service Thread" daemon [_thread_blocked, id=9926, stack(0x6ba2e000,0x6ba7f000)]
  0x6c197800 JavaThread "C2 CompilerThread1" daemon [_thread_blocked, id=9925, stack(0x6ba7f000,0x6bb00000)]
  0x6c195800 JavaThread "C2 CompilerThread0" daemon [_thread_blocked, id=9924, stack(0x6be2e000,0x6beaf000)]
  0x6c194000 JavaThread "Signal Dispatcher" daemon [_thread_blocked, id=9923, stack(0x6beaf000,0x6bf00000)]
  0x6c184800 JavaThread "Finalizer" daemon [_thread_blocked, id=9922, stack(0x6c02e000,0x6c07f000)]
  0x6c182000 JavaThread "Reference Handler" daemon [_thread_blocked, id=9921, stack(0x6eb2e000,0x6eb7f000)]
  0xb6607800 JavaThread "main" [_thread_blocked, id=9914, stack(0xb67cb000,0xb681c000)]

Other Threads:
=>0x6c180400 VMThread [stack: 0x6c07f000,0x6c100000] [id=9920]
  0x6c19b800 WatcherThread [stack: 0x6b9ad000,0x6ba2e000] [id=9927]

VM state:at safepoint (normal execution)

VM Mutex/Monitor currently owned by a thread:  ([mutex/lock_event])
[0xb6604aa8] ExpandHeap_lock - owner thread: 0x6c180400
[0xb6604ff0] Threads_lock - owner thread: 0x6c180400
[0xb6605400] Heap_lock - owner thread: 0x6b841800

Heap
 PSYoungGen      total 289536K, used 30263K [0x9dfc0000, 0xb3540000, 0xb3540000)
  eden space 234496K, 0% used [0x9dfc0000,0x9dfc0000,0xac4c0000)
  from space 55040K, 54% used [0xaff80000,0xb1d0dee0,0xb3540000)
  to   space 57600K, 0% used [0xac4c0000,0xac4c0000,0xafd00000)
 ParOldGen       total 199936K, used 199782K [0x73540000, 0x7f880000, 0x9dfc0000)
  object space 199936K, 99% used [0x73540000,0x7f859958,0x7f880000)
 PSPermGen       total 16384K, used 3950K [0x6f540000, 0x70540000, 0x73540000)
  object space 16384K, 24% used [0x6f540000,0x6f91ba18,0x70540000)

Card table byte_map: [0x6f31f000,0x6f540000] byte_map_base: 0x6efa4600

Polling page: 0xb7753000

Code Cache  [0xb3600000, 0xb3970000, 0xb6600000)
 total_blobs=1177 nmethods=1054 adapters=76 free_code_cache=45746Kb largest_free_block=46751040

Compilation events (10 events):
Event: 17.238 Thread 0x6c197800 nmethod 1060 0xb3937e48 code [0xb3938200, 0xb393aa0c]
Event: 17.239 Thread 0x6c197800 1061             com.android.dx.rop.cst.StdConstantPool::get0Ok (12 bytes)
Event: 17.240 Thread 0x6c197800 nmethod 1061 0xb392d088 code [0xb392d180, 0xb392d230]
Event: 17.240 Thread 0x6c197800 1062             com.android.dx.dex.file.ClassDefItem::addVirtualMethod (9 bytes)
Event: 17.244 Thread 0x6c197800 nmethod 1062 0xb392b248 code [0xb392b360, 0xb392b524]
Event: 17.244 Thread 0x6c197800 1063             com.android.dx.rop.code.LocalVariableInfo::<init> (82 bytes)
Event: 17.270 Thread 0x6c197800 nmethod 1063 0xb392ba48 code [0xb392bbe0, 0xb392c550]
Event: 17.279 Thread 0x6c195800 nmethod 934 0xb394c7c8 code [0xb394d640, 0xb3957f14]
Event: 23.848 Thread 0x6c197800 1064             com.android.dx.cf.attrib.RawAttribute::byteLength (11 bytes)
Event: 24.524 Thread 0x6c195800 1065             com.android.dx.dex.file.StringIdItem::getValue (5 bytes)

GC Heap History (10 events):
Event: 14.119 GC heap after
Heap after GC invocations=15 (full 2):
 PSYoungGen      total 215808K, used 26547K [0x9dfc0000, 0xb0e80000, 0xb3540000)
  eden space 183808K, 0% used [0x9dfc0000,0x9dfc0000,0xa9340000)
  from space 32000K, 82% used [0xa9340000,0xaad2cef0,0xab280000)
  to   space 34816K, 0% used [0xaec80000,0xaec80000,0xb0e80000)
 ParOldGen       total 128256K, used 106594K [0x73540000, 0x7b280000, 0x9dfc0000)
  object space 128256K, 83% used [0x73540000,0x79d58a00,0x7b280000)
 PSPermGen       total 16384K, used 3923K [0x6f540000, 0x70540000, 0x73540000)
  object space 16384K, 23% used [0x6f540000,0x6f914e78,0x70540000)
}
Event: 14.119 GC heap before
{Heap before GC invocations=16 (full 3):
 PSYoungGen      total 215808K, used 26547K [0x9dfc0000, 0xb0e80000, 0xb3540000)
  eden space 183808K, 0% used [0x9dfc0000,0x9dfc0000,0xa9340000)
  from space 32000K, 82% used [0xa9340000,0xaad2cef0,0xab280000)
  to   space 34816K, 0% used [0xaec80000,0xaec80000,0xb0e80000)
 ParOldGen       total 128256K, used 106594K [0x73540000, 0x7b280000, 0x9dfc0000)
  object space 128256K, 83% used [0x73540000,0x79d58a00,0x7b280000)
 PSPermGen       total 16384K, used 3923K [0x6f540000, 0x70540000, 0x73540000)
  object space 16384K, 23% used [0x6f540000,0x6f914e78,0x70540000)
Event: 14.788 GC heap after
Heap after GC invocations=16 (full 3):
 PSYoungGen      total 215808K, used 3177K [0x9dfc0000, 0xb0e80000, 0xb3540000)
  eden space 183808K, 0% used [0x9dfc0000,0x9dfc0000,0xa9340000)
  from space 32000K, 9% used [0xa9340000,0xa965a638,0xab280000)
  to   space 34816K, 0% used [0xaec80000,0xaec80000,0xb0e80000)
 ParOldGen       total 199936K, used 128028K [0x73540000, 0x7f880000, 0x9dfc0000)
  object space 199936K, 64% used [0x73540000,0x7b247058,0x7f880000)
 PSPermGen       total 16384K, used 3923K [0x6f540000, 0x70540000, 0x73540000)
  object space 16384K, 23% used [0x6f540000,0x6f914d18,0x70540000)
}
Event: 15.615 GC heap before
{Heap before GC invocations=17 (full 3):
 PSYoungGen      total 215808K, used 186985K [0x9dfc0000, 0xb0e80000, 0xb3540000)
  eden space 183808K, 100% used [0x9dfc0000,0xa9340000,0xa9340000)
  from space 32000K, 9% used [0xa9340000,0xa965a638,0xab280000)
  to   space 34816K, 0% used [0xaec80000,0xaec80000,0xb0e80000)
 ParOldGen       total 199936K, used 128028K [0x73540000, 0x7f880000, 0x9dfc0000)
  object space 199936K, 64% used [0x73540000,0x7b247058,0x7f880000)
 PSPermGen       total 16384K, used 3931K [0x6f540000, 0x70540000, 0x73540000)
  object space 16384K, 23% used [0x6f540000,0x6f916e08,0x70540000)
Event: 15.751 GC heap after
Heap after GC invocations=17 (full 3):
 PSYoungGen      total 270592K, used 31029K [0x9dfc0000, 0xb1200000, 0xb3540000)
  eden space 235776K, 0% used [0x9dfc0000,0x9dfc0000,0xac600000)
  from space 34816K, 89% used [0xaec80000,0xb0acd750,0xb0e80000)
  to   space 38912K, 0% used [0xac600000,0xac600000,0xaec00000)
 ParOldGen       total 199936K, used 130455K [0x73540000, 0x7f880000, 0x9dfc0000)
  object space 199936K, 65% used [0x73540000,0x7b4a5ff0,0x7f880000)
 PSPermGen       total 16384K, used 3931K [0x6f540000, 0x70540000, 0x73540000)
  object space 16384K, 23% used [0x6f540000,0x6f916e08,0x70540000)
}
Event: 16.605 GC heap before
{Heap before GC invocations=18 (full 3):
 PSYoungGen      total 270592K, used 266805K [0x9dfc0000, 0xb1200000, 0xb3540000)
  eden space 235776K, 100% used [0x9dfc0000,0xac600000,0xac600000)
  from space 34816K, 89% used [0xaec80000,0xb0acd750,0xb0e80000)
  to   space 38912K, 0% used [0xac600000,0xac600000,0xaec00000)
 ParOldGen       total 199936K, used 130455K [0x73540000, 0x7f880000, 0x9dfc0000)
  object space 199936K, 65% used [0x73540000,0x7b4a5ff0,0x7f880000)
 PSPermGen       total 16384K, used 3937K [0x6f540000, 0x70540000, 0x73540000)
  object space 16384K, 24% used [0x6f540000,0x6f9187b0,0x70540000)
Event: 16.765 GC heap after
Heap after GC invocations=18 (full 3):
 PSYoungGen      total 274688K, used 38902K [0x9dfc0000, 0xb3540000, 0xb3540000)
  eden space 235776K, 0% used [0x9dfc0000,0x9dfc0000,0xac600000)
  from space 38912K, 99% used [0xac600000,0xaebfdab0,0xaec00000)
  to   space 55040K, 0% used [0xaff80000,0xaff80000,0xb3540000)
 ParOldGen       total 199936K, used 158137K [0x73540000, 0x7f880000, 0x9dfc0000)
  object space 199936K, 79% used [0x73540000,0x7cfae7b8,0x7f880000)
 PSPermGen       total 16384K, used 3937K [0x6f540000, 0x70540000, 0x73540000)
  object space 16384K, 24% used [0x6f540000,0x6f9187b0,0x70540000)
}
Event: 29.327 GC heap before
{Heap before GC invocations=19 (full 3):
 PSYoungGen      total 274688K, used 274678K [0x9dfc0000, 0xb3540000, 0xb3540000)
  eden space 235776K, 100% used [0x9dfc0000,0xac600000,0xac600000)
  from space 38912K, 99% used [0xac600000,0xaebfdab0,0xaec00000)
  to   space 55040K, 0% used [0xaff80000,0xaff80000,0xb3540000)
 ParOldGen       total 199936K, used 158137K [0x73540000, 0x7f880000, 0x9dfc0000)
  object space 199936K, 79% used [0x73540000,0x7cfae7b8,0x7f880000)
 PSPermGen       total 16384K, used 3950K [0x6f540000, 0x70540000, 0x73540000)
  object space 16384K, 24% used [0x6f540000,0x6f91bac8,0x70540000)
Event: 36.098 GC heap after
Heap after GC invocations=19 (full 3):
 PSYoungGen      total 289536K, used 37290K [0x9dfc0000, 0xb3540000, 0xb3540000)
  eden space 234496K, 0% used [0x9dfc0000,0x9dfc0000,0xac4c0000)
  from space 55040K, 67% used [0xaff80000,0xb23ea960,0xb3540000)
  to   space 57600K, 0% used [0xac4c0000,0xac4c0000,0xafd00000)
 ParOldGen       total 199936K, used 197297K [0x73540000, 0x7f880000, 0x9dfc0000)
  object space 199936K, 98% used [0x73540000,0x7f5ec738,0x7f880000)
 PSPermGen       total 16384K, used 3950K [0x6f540000, 0x70540000, 0x73540000)
  object space 16384K, 24% used [0x6f540000,0x6f91bac8,0x70540000)
}
Event: 37.314 GC heap before
{Heap before GC invocations=20 (full 4):
 PSYoungGen      total 289536K, used 37290K [0x9dfc0000, 0xb3540000, 0xb3540000)
  eden space 234496K, 0% used [0x9dfc0000,0x9dfc0000,0xac4c0000)
  from space 55040K, 67% used [0xaff80000,0xb23ea960,0xb3540000)
  to   space 57600K, 0% used [0xac4c0000,0xac4c0000,0xafd00000)
 ParOldGen       total 199936K, used 197297K [0x73540000, 0x7f880000, 0x9dfc0000)
  object space 199936K, 98% used [0x73540000,0x7f5ec738,0x7f880000)
 PSPermGen       total 16384K, used 3950K [0x6f540000, 0x70540000, 0x73540000)
  object space 16384K, 24% used [0x6f540000,0x6f91bac8,0x70540000)

Deoptimization events (10 events):
Event: 15.178 Thread 0x6b845400 Uncommon trap: reason=unreached action=reinterpret pc=0xb37177f4 method=com.android.dx.rop.code.LocalItem.compareHandlesNulls(Lcom/android/dx/rop/cst/CstString;Lcom/android/dx/rop/cst/CstString;)I @ 8
Event: 15.179 Thread 0x6b845400 Uncommon trap: reason=unreached action=reinterpret pc=0xb369e280 method=com.android.dx.rop.code.LocalItem.compareHandlesNulls(Lcom/android/dx/rop/cst/CstString;Lcom/android/dx/rop/cst/CstString;)I @ 8
Event: 15.180 Thread 0x6b845400 Uncommon trap: reason=unreached action=reinterpret pc=0xb3702a90 method=com.android.dx.rop.code.LocalItem.compareHandlesNulls(Lcom/android/dx/rop/cst/CstString;Lcom/android/dx/rop/cst/CstString;)I @ 8
Event: 16.055 Thread 0x6b845400 Uncommon trap: reason=bimorphic action=maybe_recompile pc=0xb3744914 method=com.android.dx.ssa.LiteralOpUpgrader.tryReplacingWithConstant(Lcom/android/dx/ssa/NormalSsaInsn;)Z @ 62
Event: 16.096 Thread 0x6b842c00 Uncommon trap: reason=class_check action=maybe_recompile pc=0xb378a578 method=com.android.dx.ssa.SCCP.replaceConstants()V @ 182
Event: 16.146 Thread 0x6b842c00 Uncommon trap: reason=bimorphic action=maybe_recompile pc=0xb3744914 method=com.android.dx.ssa.LiteralOpUpgrader.tryReplacingWithConstant(Lcom/android/dx/ssa/NormalSsaInsn;)Z @ 62
Event: 24.562 Thread 0x6b842c00 Uncommon trap: reason=unreached action=reinterpret pc=0xb377cbe8 method=com.android.dx.ssa.PhiTypeResolver.resolveResultType(Lcom/android/dx/ssa/PhiInsn;)Z @ 64
Event: 24.939 Thread 0x6b845400 Uncommon trap: reason=bimorphic action=maybe_recompile pc=0xb3744914 method=com.android.dx.ssa.LiteralOpUpgrader.tryReplacingWithConstant(Lcom/android/dx/ssa/NormalSsaInsn;)Z @ 62
Event: 24.939 Thread 0x6b841800 Uncommon trap: reason=bimorphic action=maybe_recompile pc=0xb3744914 method=com.android.dx.ssa.LiteralOpUpgrader.tryReplacingWithConstant(Lcom/android/dx/ssa/NormalSsaInsn;)Z @ 62
Event: 24.941 Thread 0x6b842c00 Uncommon trap: reason=bimorphic action=maybe_recompile pc=0xb374781c method=com.android.dx.ssa.LiteralOpUpgrader.tryReplacingWithConstant(Lcom/android/dx/ssa/NormalSsaInsn;)Z @ 62

Internal exceptions (10 events):
Event: 5.737 Thread 0x6b83f400 Threw 0x9f66cf18 at /HUDSON/workspace/7u-2-build-linux-i586/jdk7u51/527/hotspot/src/share/vm/prims/jvm.cpp:1244
Event: 6.084 Thread 0xb6607800 Threw 0xa175be78 at /HUDSON/workspace/7u-2-build-linux-i586/jdk7u51/527/hotspot/src/share/vm/prims/jvm.cpp:1244
Event: 6.552 Thread 0x6b842c00 Implicit null exception at 0xb37b09cc to 0xb37b25a5
Event: 10.829 Thread 0xb6607800 Threw 0xa61b80d8 at /HUDSON/workspace/7u-2-build-linux-i586/jdk7u51/527/hotspot/src/share/vm/prims/jvm.cpp:1244
Event: 15.178 Thread 0x6b845400 Implicit null exception at 0xb373d566 to 0xb373e759
Event: 15.178 Thread 0x6b845400 Implicit null exception at 0xb371766b to 0xb37177e1
Event: 15.179 Thread 0x6b845400 Implicit null exception at 0xb369e119 to 0xb369e26d
Event: 15.180 Thread 0x6b845400 Implicit null exception at 0xb3702993 to 0xb3702a7d
Event: 15.375 Thread 0x6b845400 Threw 0xa59701d0 at /HUDSON/workspace/7u-2-build-linux-i586/jdk7u51/527/hotspot/src/share/vm/prims/jvm.cpp:1244
Event: 24.562 Thread 0x6b842c00 Implicit null exception at 0xb377bc45 to 0xb377cbc1

Events (10 events):
Event: 24.939 Thread 0x6b845400 Uncommon trap: trap_request=0xffffffc6 fr.pc=0xb3744914
Event: 24.939 Thread 0x6b845400 DEOPT PACKING pc=0xb3744914 sp=0x6b5ad830
Event: 24.939 Thread 0x6b845400 DEOPT UNPACKING pc=0xb362cbbc sp=0x6b5ad7e0 mode 2
Event: 24.939 Thread 0x6b841800 Uncommon trap: trap_request=0xffffffc6 fr.pc=0xb3744914
Event: 24.939 Thread 0x6b841800 DEOPT PACKING pc=0xb3744914 sp=0x6b75cb30
Event: 24.939 Thread 0x6b841800 DEOPT UNPACKING pc=0xb362cbbc sp=0x6b75cae0 mode 2
Event: 24.941 Thread 0x6b842c00 Uncommon trap: trap_request=0xffffffc6 fr.pc=0xb374781c
Event: 24.941 Thread 0x6b842c00 DEOPT PACKING pc=0xb374781c sp=0x6b5feb70
Event: 24.941 Thread 0x6b842c00 DEOPT UNPACKING pc=0xb362cbbc sp=0x6b5feb58 mode 2
Event: 29.327 Executing VM operation: ParallelGCFailedAllocation


Dynamic libraries:
08048000-08049000 r-xp 00000000 08:01 22808717   /usr/lib/jvm/jdk1.7.0_51/bin/java
08049000-0804a000 rw-p 00000000 08:01 22808717   /usr/lib/jvm/jdk1.7.0_51/bin/java
0866a000-086a6000 rw-p 00000000 00:00 0          [heap]
69600000-696fb000 rw-p 00000000 00:00 0 
696fb000-69700000 ---p 00000000 00:00 0 
69800000-698ff000 rw-p 00000000 00:00 0 
698ff000-69900000 ---p 00000000 00:00 0 
69a00000-69afc000 rw-p 00000000 00:00 0 
69afc000-69b00000 ---p 00000000 00:00 0 
69c00000-69dfb000 rw-p 00000000 00:00 0 
69dfb000-69e00000 ---p 00000000 00:00 0 
69e00000-69f00000 rw-p 00000000 00:00 0 
6a000000-6a0f7000 rw-p 00000000 00:00 0 
6a0f7000-6a100000 ---p 00000000 00:00 0 
6a200000-6a2f1000 rw-p 00000000 00:00 0 
6a2f1000-6a300000 ---p 00000000 00:00 0 
6a400000-6a500000 rw-p 00000000 00:00 0 
6a600000-6a6fa000 rw-p 00000000 00:00 0 
6a6fa000-6a700000 ---p 00000000 00:00 0 
6a800000-6a8c6000 rw-p 00000000 00:00 0 
6a8c6000-6a900000 ---p 00000000 00:00 0 
6a900000-6a9fd000 rw-p 00000000 00:00 0 
6a9fd000-6aa00000 ---p 00000000 00:00 0 
6aa00000-6aafb000 rw-p 00000000 00:00 0 
6aafb000-6ab00000 ---p 00000000 00:00 0 
6ac00000-6acfe000 rw-p 00000000 00:00 0 
6acfe000-6ad00000 ---p 00000000 00:00 0 
6ae00000-6aef0000 rw-p 00000000 00:00 0 
6aef0000-6af00000 ---p 00000000 00:00 0 
6af00000-6b000000 rw-p 00000000 00:00 0 
6b000000-6b0fc000 rw-p 00000000 00:00 0 
6b0fc000-6b100000 ---p 00000000 00:00 0 
6b100000-6b200000 rw-p 00000000 00:00 0 
6b200000-6b2ff000 rw-p 00000000 00:00 0 
6b2ff000-6b300000 ---p 00000000 00:00 0 
6b300000-6b3fe000 rw-p 00000000 00:00 0 
6b3fe000-6b400000 ---p 00000000 00:00 0 
6b400000-6b4fb000 rw-p 00000000 00:00 0 
6b4fb000-6b500000 ---p 00000000 00:00 0 
6b55e000-6b561000 ---p 00000000 00:00 0 
6b561000-6b5af000 rw-p 00000000 00:00 0          [stack:9932]
6b5af000-6b5b2000 ---p 00000000 00:00 0 
6b5b2000-6b600000 rw-p 00000000 00:00 0          [stack:9931]
6b600000-6b700000 rw-p 00000000 00:00 0 
6b70d000-6b710000 ---p 00000000 00:00 0 
6b710000-6b75e000 rw-p 00000000 00:00 0          [stack:9930]
6b75e000-6b761000 ---p 00000000 00:00 0 
6b761000-6b7af000 rw-p 00000000 00:00 0          [stack:9929]
6b7af000-6b7b2000 ---p 00000000 00:00 0 
6b7b2000-6b800000 rw-p 00000000 00:00 0          [stack:9928]
6b800000-6b88e000 rw-p 00000000 00:00 0 
6b88e000-6b900000 ---p 00000000 00:00 0 
6b947000-6b9ad000 r--s 004e3000 08:01 24644587   /home/daemonsoft/AndroidStudioProjects/OxfordSchool/app/build/intermediates/transforms/jarMerging/debug/jars/1/1f/combined.jar
6b9ad000-6b9ae000 ---p 00000000 00:00 0 
6b9ae000-6ba2e000 rw-p 00000000 00:00 0          [stack:9927]
6ba2e000-6ba31000 ---p 00000000 00:00 0 
6ba31000-6ba7f000 rw-p 00000000 00:00 0          [stack:9926]
6ba7f000-6ba82000 ---p 00000000 00:00 0 
6ba82000-6bb00000 rw-p 00000000 00:00 0          [stack:9925]
6bb00000-6bd00000 r--p 00000000 08:01 18882059   /usr/lib/locale/locale-archive
6bd00000-6bd30000 rw-p 00000000 00:00 0 
6bd30000-6be00000 ---p 00000000 00:00 0 
6be2e000-6be31000 ---p 00000000 00:00 0 
6be31000-6beaf000 rw-p 00000000 00:00 0          [stack:9924]
6beaf000-6beb2000 ---p 00000000 00:00 0 
6beb2000-6bf00000 rw-p 00000000 00:00 0          [stack:9923]
6bf00000-6c000000 rw-p 00000000 00:00 0 
6c02e000-6c031000 ---p 00000000 00:00 0 
6c031000-6c07f000 rw-p 00000000 00:00 0          [stack:9922]
6c07f000-6c080000 ---p 00000000 00:00 0 
6c080000-6c100000 rw-p 00000000 00:00 0          [stack:9920]
6c100000-6c200000 rw-p 00000000 00:00 0 
6c203000-6c3c0000 r--s 039bf000 08:01 22808730   /usr/lib/jvm/jdk1.7.0_51/jre/lib/rt.jar
6c3c0000-6ea00000 rw-p 00000000 00:00 0 
6ea00000-6eb00000 rw-p 00000000 00:00 0 
6eb2e000-6eb31000 ---p 00000000 00:00 0 
6eb31000-6eb7f000 rw-p 00000000 00:00 0          [stack:9921]
6eb7f000-6eb80000 ---p 00000000 00:00 0 
6eb80000-6ec00000 rw-p 00000000 00:00 0          [stack:9919]
6ec00000-6ec21000 rw-p 00000000 00:00 0 
6ec21000-6ed00000 ---p 00000000 00:00 0 
6ed34000-6ed7f000 rw-p 00000000 00:00 0 
6ed7f000-6ed80000 ---p 00000000 00:00 0 
6ed80000-6ee00000 rw-p 00000000 00:00 0          [stack:9918]
6ee00000-6ee21000 rw-p 00000000 00:00 0 
6ee21000-6ef00000 ---p 00000000 00:00 0 
6ef24000-6ef7f000 rw-p 00000000 00:00 0 
6ef7f000-6ef80000 ---p 00000000 00:00 0 
6ef80000-6f000000 rw-p 00000000 00:00 0          [stack:9917]
6f000000-6f02a000 rw-p 00000000 00:00 0 
6f02a000-6f100000 ---p 00000000 00:00 0 
6f123000-6f138000 r-xp 00000000 08:01 22937800   /usr/lib/jvm/jdk1.7.0_51/jre/lib/i386/libnet.so
6f138000-6f139000 rw-p 00014000 08:01 22937800   /usr/lib/jvm/jdk1.7.0_51/jre/lib/i386/libnet.so
6f139000-6f147000 r-xp 00000000 08:01 22937809   /usr/lib/jvm/jdk1.7.0_51/jre/lib/i386/libnio.so
6f147000-6f148000 rw-p 0000e000 08:01 22937809   /usr/lib/jvm/jdk1.7.0_51/jre/lib/i386/libnio.so
6f148000-6f149000 ---p 00000000 00:00 0 
6f149000-6f22b000 rw-p 00000000 00:00 0          [stack:9916]
6f22b000-6f31f000 rw-p 00000000 00:00 0 
6f31f000-6f327000 rw-p 00000000 00:00 0 
6f327000-6f33f000 rw-p 00000000 00:00 0 
6f33f000-6f3a1000 rw-p 00000000 00:00 0 
6f3a1000-6f494000 rw-p 00000000 00:00 0 
6f494000-6f53f000 rw-p 00000000 00:00 0 
6f53f000-70540000 rw-p 00000000 00:00 0 
70540000-73540000 rw-p 00000000 00:00 0 
73540000-7f880000 rw-p 00000000 00:00 0 
85f00000-9dfc0000 rw-p 00000000 00:00 0 
9dfc0000-b3540000 rw-p 00000000 00:00 0 
b3540000-b354e000 rw-p 00000000 00:00 0 
b354e000-b3600000 rw-p 00000000 00:00 0 
b3600000-b3970000 rwxp 00000000 00:00 0 
b3970000-b66f6000 rw-p 00000000 00:00 0 
b66f6000-b6700000 ---p 00000000 00:00 0 
b6701000-b6723000 rw-p 00000000 00:00 0 
b6723000-b673b000 rw-p 00000000 00:00 0 
b673b000-b6752000 r-xp 00000000 08:01 22937822   /usr/lib/jvm/jdk1.7.0_51/jre/lib/i386/libzip.so
b6752000-b6753000 rw-p 00017000 08:01 22937822   /usr/lib/jvm/jdk1.7.0_51/jre/lib/i386/libzip.so
b6753000-b675e000 r-xp 00000000 08:01 27919935   /lib/i386-linux-gnu/libnss_files-2.17.so
b675e000-b675f000 r--p 0000a000 08:01 27919935   /lib/i386-linux-gnu/libnss_files-2.17.so
b675f000-b6760000 rw-p 0000b000 08:01 27919935   /lib/i386-linux-gnu/libnss_files-2.17.so
b6760000-b676a000 r-xp 00000000 08:01 27919931   /lib/i386-linux-gnu/libnss_nis-2.17.so
b676a000-b676b000 r--p 00009000 08:01 27919931   /lib/i386-linux-gnu/libnss_nis-2.17.so
b676b000-b676c000 rw-p 0000a000 08:01 27919931   /lib/i386-linux-gnu/libnss_nis-2.17.so
b676c000-b6781000 r-xp 00000000 08:01 27919916   /lib/i386-linux-gnu/libnsl-2.17.so
b6781000-b6782000 r--p 00014000 08:01 27919916   /lib/i386-linux-gnu/libnsl-2.17.so
b6782000-b6783000 rw-p 00015000 08:01 27919916   /lib/i386-linux-gnu/libnsl-2.17.so
b6783000-b6785000 rw-p 00000000 00:00 0 
b6787000-b6796000 r--s 000df000 08:01 5245103    /home/daemonsoft/Android/Sdk/build-tools/23.0.0/lib/dx.jar
b6796000-b679e000 rw-s 00000000 08:01 7472849    /tmp/hsperfdata_daemonsoft/9911
b679e000-b67c1000 r-xp 00000000 08:01 22937785   /usr/lib/jvm/jdk1.7.0_51/jre/lib/i386/libjava.so
b67c1000-b67c2000 rw-p 00022000 08:01 22937785   /usr/lib/jvm/jdk1.7.0_51/jre/lib/i386/libjava.so
b67c2000-b67c9000 r-xp 00000000 08:01 27919383   /lib/i386-linux-gnu/librt-2.17.so
b67c9000-b67ca000 r--p 00006000 08:01 27919383   /lib/i386-linux-gnu/librt-2.17.so
b67ca000-b67cb000 rw-p 00007000 08:01 27919383   /lib/i386-linux-gnu/librt-2.17.so
b67cb000-b67ce000 ---p 00000000 00:00 0 
b67ce000-b681c000 rw-p 00000000 00:00 0          [stack:9914]
b681c000-b685d000 r-xp 00000000 08:01 27919929   /lib/i386-linux-gnu/libm-2.17.so
b685d000-b685e000 r--p 00040000 08:01 27919929   /lib/i386-linux-gnu/libm-2.17.so
b685e000-b685f000 rw-p 00041000 08:01 27919929   /lib/i386-linux-gnu/libm-2.17.so
b685f000-b70d6000 r-xp 00000000 08:01 22937821   /usr/lib/jvm/jdk1.7.0_51/jre/lib/i386/server/libjvm.so
b70d6000-b713a000 rw-p 00877000 08:01 22937821   /usr/lib/jvm/jdk1.7.0_51/jre/lib/i386/server/libjvm.so
b713a000-b755e000 rw-p 00000000 00:00 0 
b755e000-b770c000 r-xp 00000000 08:01 27919923   /lib/i386-linux-gnu/libc-2.17.so
b770c000-b770e000 r--p 001ae000 08:01 27919923   /lib/i386-linux-gnu/libc-2.17.so
b770e000-b770f000 rw-p 001b0000 08:01 27919923   /lib/i386-linux-gnu/libc-2.17.so
b770f000-b7712000 rw-p 00000000 00:00 0 
b7712000-b7715000 r-xp 00000000 08:01 27919924   /lib/i386-linux-gnu/libdl-2.17.so
b7715000-b7716000 r--p 00002000 08:01 27919924   /lib/i386-linux-gnu/libdl-2.17.so
b7716000-b7717000 rw-p 00003000 08:01 27919924   /lib/i386-linux-gnu/libdl-2.17.so
b7717000-b7718000 rw-p 00000000 00:00 0 
b7718000-b772b000 r-xp 00000000 08:01 22807747   /usr/lib/jvm/jdk1.7.0_51/lib/i386/jli/libjli.so
b772b000-b772c000 rw-p 00012000 08:01 22807747   /usr/lib/jvm/jdk1.7.0_51/lib/i386/jli/libjli.so
b772c000-b7743000 r-xp 00000000 08:01 27919928   /lib/i386-linux-gnu/libpthread-2.17.so
b7743000-b7744000 r--p 00016000 08:01 27919928   /lib/i386-linux-gnu/libpthread-2.17.so
b7744000-b7745000 rw-p 00017000 08:01 27919928   /lib/i386-linux-gnu/libpthread-2.17.so
b7745000-b7748000 rw-p 00000000 00:00 0 
b7748000-b7749000 r--p 005db000 08:01 18882059   /usr/lib/locale/locale-archive
b7749000-b7750000 r-xp 00000000 08:01 27919926   /lib/i386-linux-gnu/libnss_compat-2.17.so
b7750000-b7751000 r--p 00006000 08:01 27919926   /lib/i386-linux-gnu/libnss_compat-2.17.so
b7751000-b7752000 rw-p 00007000 08:01 27919926   /lib/i386-linux-gnu/libnss_compat-2.17.so
b7752000-b7753000 rw-p 00000000 00:00 0 
b7753000-b7754000 ---p 00000000 00:00 0 
b7754000-b775f000 r-xp 00000000 08:01 22937767   /usr/lib/jvm/jdk1.7.0_51/jre/lib/i386/libverify.so
b775f000-b7760000 rw-p 0000b000 08:01 22937767   /usr/lib/jvm/jdk1.7.0_51/jre/lib/i386/libverify.so
b7760000-b7762000 rw-p 00000000 00:00 0 
b7762000-b7763000 r-xp 00000000 00:00 0          [vdso]
b7763000-b7783000 r-xp 00000000 08:01 27919919   /lib/i386-linux-gnu/ld-2.17.so
b7783000-b7784000 r--p 0001f000 08:01 27919919   /lib/i386-linux-gnu/ld-2.17.so
b7784000-b7785000 rw-p 00020000 08:01 27919919   /lib/i386-linux-gnu/ld-2.17.so
bfa87000-bfaa8000 rw-p 00000000 00:00 0          [stack]

VM Arguments:
jvm_args: -Djava.awt.headless=true -Xmx1024M -Dfile.encoding=UTF-8 -Duser.country=IN -Duser.language=en -Duser.variant 
java_command: com.android.dx.command.Main --dex --num-threads=4 --multi-dex --main-dex-list /home/daemonsoft/AndroidStudioProjects/OxfordSchool/app/build/intermediates/multi-dex/debug/maindexlist.txt --output /home/daemonsoft/AndroidStudioProjects/OxfordSchool/app/build/intermediates/transforms/dex/debug/folders/1000/1f/main /home/daemonsoft/AndroidStudioProjects/OxfordSchool/app/build/intermediates/transforms/jarMerging/debug/jars/1/1f/combined.jar
Launcher Type: SUN_STANDARD

Environment Variables:
PATH=/usr/lib/lightdm/lightdm:/usr/local/sbin:/usr/local/bin:/usr/sbin:/usr/bin:/sbin:/bin:/usr/games:/usr/local/games
SHELL=/bin/bash
DISPLAY=:0

Signal Handlers:
SIGSEGV: [libjvm.so+0x7dd5e0], sa_mask[0]=0x7ffbfeff, sa_flags=0x10000004
SIGBUS: [libjvm.so+0x7dd5e0], sa_mask[0]=0x7ffbfeff, sa_flags=0x10000004
SIGFPE: [libjvm.so+0x678d60], sa_mask[0]=0x7ffbfeff, sa_flags=0x10000004
SIGPIPE: [libjvm.so+0x678d60], sa_mask[0]=0x7ffbfeff, sa_flags=0x10000004
SIGXFSZ: [libjvm.so+0x678d60], sa_mask[0]=0x7ffbfeff, sa_flags=0x10000004
SIGILL: [libjvm.so+0x678d60], sa_mask[0]=0x7ffbfeff, sa_flags=0x10000004
SIGUSR1: SIG_DFL, sa_mask[0]=0x00000000, sa_flags=0x00000000
SIGUSR2: [libjvm.so+0x67a250], sa_mask[0]=0x00000004, sa_flags=0x10000004
SIGHUP: [libjvm.so+0x67b3a0], sa_mask[0]=0x7ffbfeff, sa_flags=0x10000004
SIGINT: [libjvm.so+0x67b3a0], sa_mask[0]=0x7ffbfeff, sa_flags=0x10000004
SIGTERM: [libjvm.so+0x67b3a0], sa_mask[0]=0x7ffbfeff, sa_flags=0x10000004
SIGQUIT: [libjvm.so+0x67b3a0], sa_mask[0]=0x7ffbfeff, sa_flags=0x10000004


---------------  S Y S T E M  ---------------

OS:wheezy/sid

uname:Linux 3.8.0-35-generic #50-Ubuntu SMP Tue Dec 3 01:25:33 UTC 2013 i686
libc:glibc 2.17 NPTL 2.17 
rlimit: STACK 8192k, CORE 0k, NPROC 28680, NOFILE 4096, AS infinity
load average:44.54 23.07 10.27

/proc/meminfo:
MemTotal:        3687784 kB
MemFree:          979588 kB
Buffers:            1636 kB
Cached:           487140 kB
SwapCached:        40196 kB
Active:          1934204 kB
Inactive:         663864 kB
Active(anon):    1932608 kB
Inactive(anon):   620312 kB
Active(file):       1596 kB
Inactive(file):    43552 kB
Unevictable:          36 kB
Mlocked:              36 kB
HighTotal:       2834296 kB
HighFree:         692504 kB
LowTotal:         853488 kB
LowFree:          287084 kB
SwapTotal:       1646588 kB
SwapFree:          47716 kB
Dirty:               156 kB
Writeback:             0 kB
AnonPages:       2071492 kB
Mapped:           169136 kB
Shmem:            443136 kB
Slab:              54136 kB
SReclaimable:      22420 kB
SUnreclaim:        31716 kB
KernelStack:        5776 kB
PageTables:        21232 kB
NFS_Unstable:          0 kB
Bounce:               40 kB
WritebackTmp:          0 kB
CommitLimit:     3490480 kB
Committed_AS:   10584484 kB
VmallocTotal:     122880 kB
VmallocUsed:       20480 kB
VmallocChunk:      99096 kB
HardwareCorrupted:     0 kB
AnonHugePages:         0 kB
HugePages_Total:       0
HugePages_Free:        0
HugePages_Rsvd:        0
HugePages_Surp:        0
Hugepagesize:       2048 kB
DirectMap4k:       10232 kB
DirectMap2M:      903168 kB


CPU:total 4 (2 cores per cpu, 2 threads per core) family 6 model 58 stepping 9, cmov, cx8, fxsr, mmx, sse, sse2, sse3, ssse3, sse4.1, sse4.2, popcnt, avx, erms, ht, tsc, tscinvbit, tscinv

/proc/cpuinfo:
processor	: 0
vendor_id	: GenuineIntel
cpu family	: 6
model		: 58
model name	: Intel(R) Core(TM) i3-3110M CPU @ 2.40GHz
stepping	: 9
microcode	: 0x17
cpu MHz		: 2400.000
cache size	: 3072 KB
physical id	: 0
siblings	: 4
core id		: 0
cpu cores	: 2
apicid		: 0
initial apicid	: 0
fdiv_bug	: no
hlt_bug		: no
f00f_bug	: no
coma_bug	: no
fpu		: yes
fpu_exception	: yes
cpuid level	: 13
wp		: yes
flags		: fpu vme de pse tsc msr pae mce cx8 apic sep mtrr pge mca cmov pat pse36 clflush dts acpi mmx fxsr sse sse2 ss ht tm pbe nx rdtscp lm constant_tsc arch_perfmon pebs bts xtopology nonstop_tsc aperfmperf eagerfpu pni pclmulqdq dtes64 monitor ds_cpl vmx est tm2 ssse3 cx16 xtpr pdcm pcid sse4_1 sse4_2 x2apic popcnt tsc_deadline_timer xsave avx f16c lahf_lm arat epb xsaveopt pln pts dtherm tpr_shadow vnmi flexpriority ept vpid fsgsbase smep erms
bogomips	: 4789.00
clflush size	: 64
cache_alignment	: 64
address sizes	: 36 bits physical, 48 bits virtual
power management:

processor	: 1
vendor_id	: GenuineIntel
cpu family	: 6
model		: 58
model name	: Intel(R) Core(TM) i3-3110M CPU @ 2.40GHz
stepping	: 9
microcode	: 0x17
cpu MHz		: 1200.000
cache size	: 3072 KB
physical id	: 0
siblings	: 4
core id		: 0
cpu cores	: 2
apicid		: 1
initial apicid	: 1
fdiv_bug	: no
hlt_bug		: no
f00f_bug	: no
coma_bug	: no
fpu		: yes
fpu_exception	: yes
cpuid level	: 13
wp		: yes
flags		: fpu vme de pse tsc msr pae mce cx8 apic sep mtrr pge mca cmov pat pse36 clflush dts acpi mmx fxsr sse sse2 ss ht tm pbe nx rdtscp lm constant_tsc arch_perfmon pebs bts xtopology nonstop_tsc aperfmperf eagerfpu pni pclmulqdq dtes64 monitor ds_cpl vmx est tm2 ssse3 cx16 xtpr pdcm pcid sse4_1 sse4_2 x2apic popcnt tsc_deadline_timer xsave avx f16c lahf_lm arat epb xsaveopt pln pts dtherm tpr_shadow vnmi flexpriority ept vpid fsgsbase smep erms
bogomips	: 4789.00
clflush size	: 64
cache_alignment	: 64
address sizes	: 36 bits physical, 48 bits virtual
power management:

processor	: 2
vendor_id	: GenuineIntel
cpu family	: 6
model		: 58
model name	: Intel(R) Core(TM) i3-3110M CPU @ 2.40GHz
stepping	: 9
microcode	: 0x17
cpu MHz		: 2400.000
cache size	: 3072 KB
physical id	: 0
siblings	: 4
core id		: 1
cpu cores	: 2
apicid		: 2
initial apicid	: 2
fdiv_bug	: no
hlt_bug		: no
f00f_bug	: no
coma_bug	: no
fpu		: yes
fpu_exception	: yes
cpuid level	: 13
wp		: yes
flags		: fpu vme de pse tsc msr pae mce cx8 apic sep mtrr pge mca cmov pat pse36 clflush dts acpi mmx fxsr sse sse2 ss ht tm pbe nx rdtscp lm constant_tsc arch_perfmon pebs bts xtopology nonstop_tsc aperfmperf eagerfpu pni pclmulqdq dtes64 monitor ds_cpl vmx est tm2 ssse3 cx16 xtpr pdcm pcid sse4_1 sse4_2 x2apic popcnt tsc_deadline_timer xsave avx f16c lahf_lm arat epb xsaveopt pln pts dtherm tpr_shadow vnmi flexpriority ept vpid fsgsbase smep erms
bogomips	: 4789.00
clflush size	: 64
cache_alignment	: 64
address sizes	: 36 bits physical, 48 bits virtual
power management:

processor	: 3
vendor_id	: GenuineIntel
cpu family	: 6
model		: 58
model name	: Intel(R) Core(TM) i3-3110M CPU @ 2.40GHz
stepping	: 9
microcode	: 0x17
cpu MHz		: 2400.000
cache size	: 3072 KB
physical id	: 0
siblings	: 4
core id		: 1
cpu cores	: 2
apicid		: 3
initial apicid	: 3
fdiv_bug	: no
hlt_bug		: no
f00f_bug	: no
coma_bug	: no
fpu		: yes
fpu_exception	: yes
cpuid level	: 13
wp		: yes
flags		: fpu vme de pse tsc msr pae mce cx8 apic sep mtrr pge mca cmov pat pse36 clflush dts acpi mmx fxsr sse sse2 ss ht tm pbe nx rdtscp lm constant_tsc arch_perfmon pebs bts xtopology nonstop_tsc aperfmperf eagerfpu pni pclmulqdq dtes64 monitor ds_cpl vmx est tm2 ssse3 cx16 xtpr pdcm pcid sse4_1 sse4_2 x2apic popcnt tsc_deadline_timer xsave avx f16c lahf_lm arat epb xsaveopt pln pts dtherm tpr_shadow vnmi flexpriority ept vpid fsgsbase smep erms
bogomips	: 4789.00
clflush size	: 64
cache_alignment	: 64
address sizes	: 36 bits physical, 48 bits virtual
power management:



Memory: 4k page, physical 3687784k(979588k free), swap 1646588k(47716k free)

vm_info: Java HotSpot(TM) Server VM (24.51-b03) for linux-x86 JRE (1.7.0_51-b13), built on Dec 18 2013 18:45:30 by "java_re" with gcc 4.3.0 20080428 (Red Hat 4.3.0-8)

time: Mon Apr 18 17:03:21 2016
elapsed time: 206 seconds

