#
# There is insufficient memory for the Java Runtime Environment to continue.
# Native memory allocation (malloc) failed to allocate 134217728 bytes for committing reserved memory.
# Possible reasons:
#   The system is out of physical RAM or swap space
#   In 32 bit mode, the process size limit was hit
# Possible solutions:
#   Reduce memory load on the system
#   Increase physical memory or swap space
#   Check if swap backing store is full
#   Use 64 bit Java on a 64 bit OS
#   Decrease Java heap size (-Xmx/-Xms)
#   Decrease number of Java threads
#   Decrease Java thread stack sizes (-Xss)
#   Set larger code cache with -XX:ReservedCodeCacheSize=
# This output file may be truncated or incomplete.
#
#  Out of Memory Error (os_linux.cpp:2726), pid=13362, tid=1812986688
#
# JRE version: Java(TM) SE Runtime Environment (7.0_51-b13) (build 1.7.0_51-b13)
# Java VM: Java HotSpot(TM) Server VM (24.51-b03 mixed mode linux-x86 )
# Failed to write core dump. Core dumps have been disabled. To enable core dumping, try "ulimit -c unlimited" before starting Java again
#

---------------  T H R E A D  ---------------

Current thread (0x6c180400):  VMThread [stack: 0x6c07f000,0x6c100000] [id=13372]

Stack: [0x6c07f000,0x6c100000],  sp=0x6c0fe810,  free space=510k
Native frames: (J=compiled Java code, j=interpreted, Vv=VM code, C=native code)
V  [libjvm.so+0x7dcac6]  VMError::report_and_die()+0x1a6
V  [libjvm.so+0x33a5b2]  report_vm_out_of_memory(char const*, int, unsigned int, char const*)+0x72
V  [libjvm.so+0x67be21]  os::Linux::commit_memory_impl(char*, unsigned int, bool)+0xe1
V  [libjvm.so+0x67c277]  os::Linux::commit_memory_impl(char*, unsigned int, unsigned int, bool)+0x47
V  [libjvm.so+0x67c45d]  os::pd_commit_memory(char*, unsigned int, unsigned int, bool)+0x1d
V  [libjvm.so+0x675e8c]  os::commit_memory(char*, unsigned int, unsigned int, bool)+0x2c
V  [libjvm.so+0x6df398]  PSVirtualSpace::expand_by(unsigned int)+0x48
V  [libjvm.so+0x6d1a11]  PSOldGen::expand(unsigned int)+0x141
V  [libjvm.so+0x6d1adf]  PSOldGen::resize(unsigned int)+0x8f
V  [libjvm.so+0x6d860a]  PSParallelCompact::invoke_no_policy(bool)+0x8aa
V  [libjvm.so+0x6ddaad]  PSScavenge::invoke()+0x16d
V  [libjvm.so+0x69bbca]  ParallelScavengeHeap::failed_mem_allocate(unsigned int)+0x5a
V  [libjvm.so+0x7de36a]  VM_ParallelGCFailedAllocation::doit()+0x7a
V  [libjvm.so+0x7e7127]  VM_Operation::evaluate()+0x47
V  [libjvm.so+0x7e5223]  VMThread::evaluate_operation(VM_Operation*)+0xb3
V  [libjvm.so+0x7e55c0]  VMThread::loop()+0x1b0
V  [libjvm.so+0x7e5a25]  VMThread::run()+0x85
V  [libjvm.so+0x67e319]  java_start(Thread*)+0x119
C  [libpthread.so.0+0x6d78]  start_thread+0xd8

VM_Operation (0x6b70b864): ParallelGCFailedAllocation, mode: safepoint, requested by thread 0x6b83c000


---------------  P R O C E S S  ---------------

Java Threads: ( => current thread )
  0x6b83f000 JavaThread "pool-2-thread-4" [_thread_blocked, id=13384, stack(0x6b66b000,0x6b6bc000)]
  0x6b83c000 JavaThread "pool-2-thread-3" [_thread_blocked, id=13383, stack(0x6b6bc000,0x6b70d000)]
  0x6b83b000 JavaThread "pool-2-thread-2" [_thread_blocked, id=13382, stack(0x6b70d000,0x6b75e000)]
  0x6b839c00 JavaThread "pool-3-thread-1" [_thread_blocked, id=13381, stack(0x6b75e000,0x6b7af000)]
  0x6b82c400 JavaThread "pool-2-thread-1" [_thread_blocked, id=13380, stack(0x6b7af000,0x6b800000)]
  0x6c199800 JavaThread "Service Thread" daemon [_thread_blocked, id=13378, stack(0x6ba2e000,0x6ba7f000)]
  0x6c197800 JavaThread "C2 CompilerThread1" daemon [_thread_blocked, id=13377, stack(0x6ba7f000,0x6bb00000)]
  0x6c195800 JavaThread "C2 CompilerThread0" daemon [_thread_blocked, id=13376, stack(0x6be2e000,0x6beaf000)]
  0x6c194000 JavaThread "Signal Dispatcher" daemon [_thread_blocked, id=13375, stack(0x6beaf000,0x6bf00000)]
  0x6c184800 JavaThread "Finalizer" daemon [_thread_blocked, id=13374, stack(0x6c02e000,0x6c07f000)]
  0x6c182000 JavaThread "Reference Handler" daemon [_thread_blocked, id=13373, stack(0x6eb2e000,0x6eb7f000)]
  0xb6607800 JavaThread "main" [_thread_blocked, id=13367, stack(0xb6772000,0xb67c3000)]

Other Threads:
=>0x6c180400 VMThread [stack: 0x6c07f000,0x6c100000] [id=13372]
  0x6c1a3800 WatcherThread [stack: 0x6b9ad000,0x6ba2e000] [id=13379]

VM state:at safepoint (normal execution)

VM Mutex/Monitor currently owned by a thread:  ([mutex/lock_event])
[0xb6604aa8] ExpandHeap_lock - owner thread: 0x6c180400
[0xb6604ff0] Threads_lock - owner thread: 0x6c180400
[0xb6605400] Heap_lock - owner thread: 0x6b83c000

Heap
 PSYoungGen      total 273664K, used 0K [0x9df80000, 0xb3500000, 0xb3500000)
  eden space 197632K, 0% used [0x9df80000,0x9df80000,0xaa080000)
  from space 76032K, 0% used [0xaa080000,0xaa080000,0xaeac0000)
  to   space 72704K, 0% used [0xaee00000,0xaee00000,0xb3500000)
 ParOldGen       total 334848K, used 321001K [0x73500000, 0x87c00000, 0x9df80000)
  object space 334848K, 95% used [0x73500000,0x86e7a470,0x87c00000)
 PSPermGen       total 16384K, used 3995K [0x6f500000, 0x70500000, 0x73500000)
  object space 16384K, 24% used [0x6f500000,0x6f8e6c98,0x70500000)

Card table byte_map: [0x6f2df000,0x6f500000] byte_map_base: 0x6ef64800

Polling page: 0xb76fa000

Code Cache  [0xb35db000, 0xb394b000, 0xb65db000)
 total_blobs=1263 nmethods=1140 adapters=76 free_code_cache=45710Kb largest_free_block=46751424

Compilation events (10 events):
Event: 18.639 Thread 0x6c195800 nmethod 1153 0xb3835988 code [0xb3835b00, 0xb38361f0]
Event: 18.681 Thread 0x6c197800 nmethod 1147 0xb393f7c8 code [0xb393fa60, 0xb3941ae4]
Event: 18.873 Thread 0x6c195800 1154             java.util.concurrent.locks.AbstractQueuedSynchronizer::acquire (27 bytes)
Event: 18.882 Thread 0x6c195800 nmethod 1154 0xb376a008 code [0xb376a160, 0xb376a4cc]
Event: 18.920 Thread 0x6c197800 1155             java.io.FilterInputStream::<init> (10 bytes)
Event: 18.921 Thread 0x6c197800 nmethod 1155 0xb3835748 code [0xb3835840, 0xb38358d0]
Event: 18.923 Thread 0x6c195800 1156             java.util.concurrent.locks.AbstractQueuedSynchronizer::hasQueuedPredecessors (40 bytes)
Event: 18.924 Thread 0x6c195800 nmethod 1156 0xb3835508 code [0xb3835600, 0xb3835690]
Event: 19.040 Thread 0x6c197800 1157             java.util.concurrent.locks.ReentrantLock$FairSync::tryAcquire (74 bytes)
Event: 19.042 Thread 0x6c197800 nmethod 1157 0xb3769d08 code [0xb3769e00, 0xb3769f10]

GC Heap History (10 events):
Event: 16.318 GC heap after
Heap after GC invocations=19 (full 3):
 PSYoungGen      total 288256K, used 32549K [0x9df80000, 0xb3500000, 0xb3500000)
  eden space 225792K, 0% used [0x9df80000,0x9df80000,0xabc00000)
  from space 62464K, 52% used [0xaf800000,0xb17c94c8,0xb3500000)
  to   space 61440K, 0% used [0xabc00000,0xabc00000,0xaf800000)
 ParOldGen       total 220672K, used 189154K [0x73500000, 0x80c80000, 0x9df80000)
  object space 220672K, 85% used [0x73500000,0x7edb88b8,0x80c80000)
 PSPermGen       total 16384K, used 3947K [0x6f500000, 0x70500000, 0x73500000)
  object space 16384K, 24% used [0x6f500000,0x6f8daf38,0x70500000)
}
Event: 16.318 GC heap before
{Heap before GC invocations=20 (full 4):
 PSYoungGen      total 288256K, used 32549K [0x9df80000, 0xb3500000, 0xb3500000)
  eden space 225792K, 0% used [0x9df80000,0x9df80000,0xabc00000)
  from space 62464K, 52% used [0xaf800000,0xb17c94c8,0xb3500000)
  to   space 61440K, 0% used [0xabc00000,0xabc00000,0xaf800000)
 ParOldGen       total 220672K, used 189154K [0x73500000, 0x80c80000, 0x9df80000)
  object space 220672K, 85% used [0x73500000,0x7edb88b8,0x80c80000)
 PSPermGen       total 16384K, used 3947K [0x6f500000, 0x70500000, 0x73500000)
  object space 16384K, 24% used [0x6f500000,0x6f8daf38,0x70500000)
Event: 17.152 GC heap after
Heap after GC invocations=20 (full 4):
 PSYoungGen      total 288256K, used 0K [0x9df80000, 0xb3500000, 0xb3500000)
  eden space 225792K, 0% used [0x9df80000,0x9df80000,0xabc00000)
  from space 62464K, 0% used [0xaf800000,0xaf800000,0xb3500000)
  to   space 61440K, 0% used [0xabc00000,0xabc00000,0xaf800000)
 ParOldGen       total 334848K, used 219170K [0x73500000, 0x87c00000, 0x9df80000)
  object space 334848K, 65% used [0x73500000,0x80b089c8,0x87c00000)
 PSPermGen       total 16384K, used 3947K [0x6f500000, 0x70500000, 0x73500000)
  object space 16384K, 24% used [0x6f500000,0x6f8daee8,0x70500000)
}
Event: 17.784 GC heap before
{Heap before GC invocations=21 (full 4):
 PSYoungGen      total 288256K, used 225792K [0x9df80000, 0xb3500000, 0xb3500000)
  eden space 225792K, 100% used [0x9df80000,0xabc00000,0xabc00000)
  from space 62464K, 0% used [0xaf800000,0xaf800000,0xb3500000)
  to   space 61440K, 0% used [0xabc00000,0xabc00000,0xaf800000)
 ParOldGen       total 334848K, used 219170K [0x73500000, 0x87c00000, 0x9df80000)
  object space 334848K, 65% used [0x73500000,0x80b089c8,0x87c00000)
 PSPermGen       total 16384K, used 3955K [0x6f500000, 0x70500000, 0x73500000)
  object space 16384K, 24% used [0x6f500000,0x6f8dcd20,0x70500000)
Event: 17.838 GC heap after
Heap after GC invocations=21 (full 4):
 PSYoungGen      total 287232K, used 37743K [0x9df80000, 0xb3500000, 0xb3500000)
  eden space 225792K, 0% used [0x9df80000,0x9df80000,0xabc00000)
  from space 61440K, 61% used [0xabc00000,0xae0dbe78,0xaf800000)
  to   space 62464K, 0% used [0xaf800000,0xaf800000,0xb3500000)
 ParOldGen       total 334848K, used 219170K [0x73500000, 0x87c00000, 0x9df80000)
  object space 334848K, 65% used [0x73500000,0x80b089c8,0x87c00000)
 PSPermGen       total 16384K, used 3955K [0x6f500000, 0x70500000, 0x73500000)
  object space 16384K, 24% used [0x6f500000,0x6f8dcd20,0x70500000)
}
Event: 18.333 GC heap before
{Heap before GC invocations=22 (full 4):
 PSYoungGen      total 287232K, used 263535K [0x9df80000, 0xb3500000, 0xb3500000)
  eden space 225792K, 100% used [0x9df80000,0xabc00000,0xabc00000)
  from space 61440K, 61% used [0xabc00000,0xae0dbe78,0xaf800000)
  to   space 62464K, 0% used [0xaf800000,0xaf800000,0xb3500000)
 ParOldGen       total 334848K, used 219170K [0x73500000, 0x87c00000, 0x9df80000)
  object space 334848K, 65% used [0x73500000,0x80b089c8,0x87c00000)
 PSPermGen       total 16384K, used 3965K [0x6f500000, 0x70500000, 0x73500000)
  object space 16384K, 24% used [0x6f500000,0x6f8df750,0x70500000)
Event: 18.435 GC heap after
Heap after GC invocations=22 (full 4):
 PSYoungGen      total 260096K, used 62453K [0x9df80000, 0xb3500000, 0xb3500000)
  eden space 197632K, 0% used [0x9df80000,0x9df80000,0xaa080000)
  from space 62464K, 99% used [0xaf800000,0xb34fd718,0xb3500000)
  to   space 76032K, 0% used [0xaa080000,0xaa080000,0xaeac0000)
 ParOldGen       total 334848K, used 229698K [0x73500000, 0x87c00000, 0x9df80000)
  object space 334848K, 68% used [0x73500000,0x815508f8,0x87c00000)
 PSPermGen       total 16384K, used 3965K [0x6f500000, 0x70500000, 0x73500000)
  object space 16384K, 24% used [0x6f500000,0x6f8df750,0x70500000)
}
Event: 19.093 GC heap before
{Heap before GC invocations=23 (full 4):
 PSYoungGen      total 260096K, used 260085K [0x9df80000, 0xb3500000, 0xb3500000)
  eden space 197632K, 100% used [0x9df80000,0xaa080000,0xaa080000)
  from space 62464K, 99% used [0xaf800000,0xb34fd718,0xb3500000)
  to   space 76032K, 0% used [0xaa080000,0xaa080000,0xaeac0000)
 ParOldGen       total 334848K, used 229698K [0x73500000, 0x87c00000, 0x9df80000)
  object space 334848K, 68% used [0x73500000,0x815508f8,0x87c00000)
 PSPermGen       total 16384K, used 3995K [0x6f500000, 0x70500000, 0x73500000)
  object space 16384K, 24% used [0x6f500000,0x6f8e6ce8,0x70500000)
Event: 19.266 GC heap after
Heap after GC invocations=23 (full 4):
 PSYoungGen      total 273664K, used 34422K [0x9df80000, 0xb3500000, 0xb3500000)
  eden space 197632K, 0% used [0x9df80000,0x9df80000,0xaa080000)
  from space 76032K, 45% used [0xaa080000,0xac21db50,0xaeac0000)
  to   space 72704K, 0% used [0xaee00000,0xaee00000,0xb3500000)
 ParOldGen       total 334848K, used 292411K [0x73500000, 0x87c00000, 0x9df80000)
  object space 334848K, 87% used [0x73500000,0x8528ef30,0x87c00000)
 PSPermGen       total 16384K, used 3995K [0x6f500000, 0x70500000, 0x73500000)
  object space 16384K, 24% used [0x6f500000,0x6f8e6ce8,0x70500000)
}
Event: 19.266 GC heap before
{Heap before GC invocations=24 (full 5):
 PSYoungGen      total 273664K, used 34422K [0x9df80000, 0xb3500000, 0xb3500000)
  eden space 197632K, 0% used [0x9df80000,0x9df80000,0xaa080000)
  from space 76032K, 45% used [0xaa080000,0xac21db50,0xaeac0000)
  to   space 72704K, 0% used [0xaee00000,0xaee00000,0xb3500000)
 ParOldGen       total 334848K, used 292411K [0x73500000, 0x87c00000, 0x9df80000)
  object space 334848K, 87% used [0x73500000,0x8528ef30,0x87c00000)
 PSPermGen       total 16384K, used 3995K [0x6f500000, 0x70500000, 0x73500000)
  object space 16384K, 24% used [0x6f500000,0x6f8e6ce8,0x70500000)

Deoptimization events (10 events):
Event: 12.558 Thread 0x6b83f000 Uncommon trap: reason=unreached action=reinterpret pc=0xb3736f84 method=com.android.dx.rop.code.LocalItem.compareHandlesNulls(Lcom/android/dx/rop/cst/CstString;Lcom/android/dx/rop/cst/CstString;)I @ 8
Event: 12.558 Thread 0x6b83f000 Uncommon trap: reason=unreached action=reinterpret pc=0xb363ac50 method=com.android.dx.rop.code.LocalItem.compareHandlesNulls(Lcom/android/dx/rop/cst/CstString;Lcom/android/dx/rop/cst/CstString;)I @ 8
Event: 14.036 Thread 0x6b83f000 Uncommon trap: reason=bimorphic action=maybe_recompile pc=0xb372a0a4 method=com.android.dx.ssa.LiteralOpUpgrader.tryReplacingWithConstant(Lcom/android/dx/ssa/NormalSsaInsn;)Z @ 62
Event: 14.053 Thread 0x6b83c000 Uncommon trap: reason=class_check action=maybe_recompile pc=0xb376a46c method=com.android.dx.ssa.SCCP.replaceConstants()V @ 182
Event: 14.097 Thread 0x6b83f000 Uncommon trap: reason=bimorphic action=maybe_recompile pc=0xb372a0a4 method=com.android.dx.ssa.LiteralOpUpgrader.tryReplacingWithConstant(Lcom/android/dx/ssa/NormalSsaInsn;)Z @ 62
Event: 14.939 Thread 0x6b83f000 Uncommon trap: reason=unreached action=reinterpret pc=0xb375d8e0 method=com.android.dx.ssa.PhiTypeResolver.resolveResultType(Lcom/android/dx/ssa/PhiInsn;)Z @ 64
Event: 15.066 Thread 0x6b83b000 Uncommon trap: reason=bimorphic action=maybe_recompile pc=0xb372a0a4 method=com.android.dx.ssa.LiteralOpUpgrader.tryReplacingWithConstant(Lcom/android/dx/ssa/NormalSsaInsn;)Z @ 62
Event: 15.067 Thread 0x6b82c400 Uncommon trap: reason=bimorphic action=maybe_recompile pc=0xb372a0a4 method=com.android.dx.ssa.LiteralOpUpgrader.tryReplacingWithConstant(Lcom/android/dx/ssa/NormalSsaInsn;)Z @ 62
Event: 18.162 Thread 0x6b82c400 Uncommon trap: reason=unreached action=reinterpret pc=0xb37589dc method=com.android.dx.ssa.back.SsaToRop.convertBasicBlocks()Lcom/android/dx/rop/code/BasicBlockList; @ 33
Event: 18.162 Thread 0x6b82c400 Uncommon trap: reason=unreached action=reinterpret pc=0xb37a66e8 method=com.android.dx.ssa.back.SsaToRop.convertBasicBlock(Lcom/android/dx/ssa/SsaBasicBlock;)Lcom/android/dx/rop/code/BasicBlock; @ 21

Internal exceptions (10 events):
Event: 5.995 Thread 0x6b83c000 Threw 0x9f3fc710 at /HUDSON/workspace/7u-2-build-linux-i586/jdk7u51/527/hotspot/src/share/vm/prims/jvm.cpp:1244
Event: 6.144 Thread 0xb6607800 Threw 0xa0527cd0 at /HUDSON/workspace/7u-2-build-linux-i586/jdk7u51/527/hotspot/src/share/vm/prims/jvm.cpp:1244
Event: 11.214 Thread 0xb6607800 Threw 0x9dfcac50 at /HUDSON/workspace/7u-2-build-linux-i586/jdk7u51/527/hotspot/src/share/vm/prims/jvm.cpp:1244
Event: 12.542 Thread 0x6b83f000 Implicit null exception at 0xb372c378 to 0xb372cf3d
Event: 12.542 Thread 0x6b83f000 Implicit null exception at 0xb37bb830 to 0xb37bba65
Event: 12.558 Thread 0x6b83f000 Implicit null exception at 0xb3736d5e to 0xb3736f71
Event: 12.558 Thread 0x6b83f000 Implicit null exception at 0xb363ab56 to 0xb363ac3d
Event: 12.639 Thread 0x6b82c400 Threw 0xa6bd5908 at /HUDSON/workspace/7u-2-build-linux-i586/jdk7u51/527/hotspot/src/share/vm/prims/jvm.cpp:1244
Event: 14.939 Thread 0x6b83f000 Implicit null exception at 0xb375ccaf to 0xb375d8b9
Event: 18.162 Thread 0x6b82c400 Implicit null exception at 0xb3757a8b to 0xb37589c9

Events (10 events):
Event: 18.162 Thread 0x6b82c400 Uncommon trap: trap_request=0xffffffad fr.pc=0xb37589dc
Event: 18.162 Thread 0x6b82c400 DEOPT PACKING pc=0xb37589dc sp=0x6b7fe920
Event: 18.162 Thread 0x6b82c400 DEOPT UNPACKING pc=0xb3607bbc sp=0x6b7fe930 mode 2
Event: 18.162 Thread 0x6b82c400 Uncommon trap: trap_request=0xffffffad fr.pc=0xb37a66e8
Event: 18.162 Thread 0x6b82c400 DEOPT PACKING pc=0xb37a66e8 sp=0x6b7fe8d0
Event: 18.162 Thread 0x6b82c400 DEOPT UNPACKING pc=0xb3607bbc sp=0x6b7fe8e0 mode 2
Event: 18.333 Executing VM operation: ParallelGCFailedAllocation
Event: 18.435 Executing VM operation: ParallelGCFailedAllocation done
Event: 18.554 Thread 0x6c195800 flushing nmethod 0xb3769888
Event: 19.093 Executing VM operation: ParallelGCFailedAllocation


Dynamic libraries:
08048000-08049000 r-xp 00000000 08:01 22808717   /usr/lib/jvm/jdk1.7.0_51/bin/java
08049000-0804a000 rw-p 00000000 08:01 22808717   /usr/lib/jvm/jdk1.7.0_51/bin/java
0867a000-08779000 rw-p 00000000 00:00 0          [heap]
69600000-696fa000 rw-p 00000000 00:00 0 
696fa000-69700000 ---p 00000000 00:00 0 
69800000-69a00000 rw-p 00000000 00:00 0 
69a00000-69af9000 rw-p 00000000 00:00 0 
69af9000-69b00000 ---p 00000000 00:00 0 
69b00000-69c00000 rw-p 00000000 00:00 0 
69c00000-69d00000 rw-p 00000000 00:00 0 
69d00000-69d81000 rw-p 00000000 00:00 0 
69d81000-69e00000 ---p 00000000 00:00 0 
69e00000-69f00000 rw-p 00000000 00:00 0 
6a000000-6a0f9000 rw-p 00000000 00:00 0 
6a0f9000-6a100000 ---p 00000000 00:00 0 
6a100000-6a1ad000 rw-p 00000000 00:00 0 
6a1ad000-6a200000 ---p 00000000 00:00 0 
6a300000-6a3fd000 rw-p 00000000 00:00 0 
6a3fd000-6a400000 ---p 00000000 00:00 0 
6a400000-6a4d2000 rw-p 00000000 00:00 0 
6a4d2000-6a500000 ---p 00000000 00:00 0 
6a500000-6a5c5000 rw-p 00000000 00:00 0 
6a5c5000-6a600000 ---p 00000000 00:00 0 
6a600000-6a6ff000 rw-p 00000000 00:00 0 
6a6ff000-6a700000 ---p 00000000 00:00 0 
6a700000-6a7fc000 rw-p 00000000 00:00 0 
6a7fc000-6a800000 ---p 00000000 00:00 0 
6a900000-6a9e6000 rw-p 00000000 00:00 0 
6a9e6000-6aa00000 ---p 00000000 00:00 0 
6ab00000-6ac00000 rw-p 00000000 00:00 0 
6ac00000-6ad00000 rw-p 00000000 00:00 0 
6ad00000-6adfd000 rw-p 00000000 00:00 0 
6adfd000-6ae00000 ---p 00000000 00:00 0 
6ae00000-6aeff000 rw-p 00000000 00:00 0 
6aeff000-6af00000 ---p 00000000 00:00 0 
6af00000-6aff9000 rw-p 00000000 00:00 0 
6aff9000-6b000000 ---p 00000000 00:00 0 
6b000000-6b0fe000 rw-p 00000000 00:00 0 
6b0fe000-6b100000 ---p 00000000 00:00 0 
6b100000-6b1ff000 rw-p 00000000 00:00 0 
6b1ff000-6b200000 ---p 00000000 00:00 0 
6b300000-6b4fe000 rw-p 00000000 00:00 0 
6b4fe000-6b500000 ---p 00000000 00:00 0 
6b500000-6b5ff000 rw-p 00000000 00:00 0 
6b5ff000-6b600000 ---p 00000000 00:00 0 
6b66b000-6b66e000 ---p 00000000 00:00 0 
6b66e000-6b6bc000 rw-p 00000000 00:00 0          [stack:13384]
6b6bc000-6b6bf000 ---p 00000000 00:00 0 
6b6bf000-6b70d000 rw-p 00000000 00:00 0          [stack:13383]
6b70d000-6b710000 ---p 00000000 00:00 0 
6b710000-6b75e000 rw-p 00000000 00:00 0          [stack:13382]
6b75e000-6b761000 ---p 00000000 00:00 0 
6b761000-6b7af000 rw-p 00000000 00:00 0          [stack:13381]
6b7af000-6b7b2000 ---p 00000000 00:00 0 
6b7b2000-6b800000 rw-p 00000000 00:00 0          [stack:13380]
6b800000-6b8c5000 rw-p 00000000 00:00 0 
6b8c5000-6b900000 ---p 00000000 00:00 0 
6b942000-6b9ad000 r--s 00516000 08:01 24644621   /home/daemonsoft/AndroidStudioProjects/OxfordSchool/app/build/intermediates/transforms/jarMerging/debug/jars/1/1f/combined.jar
6b9ad000-6b9ae000 ---p 00000000 00:00 0 
6b9ae000-6ba2e000 rw-p 00000000 00:00 0          [stack:13379]
6ba2e000-6ba31000 ---p 00000000 00:00 0 
6ba31000-6ba7f000 rw-p 00000000 00:00 0          [stack:13378]
6ba7f000-6ba82000 ---p 00000000 00:00 0 
6ba82000-6bb00000 rw-p 00000000 00:00 0          [stack:13377]
6bb00000-6bd00000 r--p 00000000 08:01 18882059   /usr/lib/locale/locale-archive
6bd00000-6bd21000 rw-p 00000000 00:00 0 
6bd21000-6be00000 ---p 00000000 00:00 0 
6be2e000-6be31000 ---p 00000000 00:00 0 
6be31000-6beaf000 rw-p 00000000 00:00 0          [stack:13376]
6beaf000-6beb2000 ---p 00000000 00:00 0 
6beb2000-6bf00000 rw-p 00000000 00:00 0          [stack:13375]
6bf00000-6bfff000 rw-p 00000000 00:00 0 
6bfff000-6c000000 ---p 00000000 00:00 0 
6c02e000-6c031000 ---p 00000000 00:00 0 
6c031000-6c07f000 rw-p 00000000 00:00 0          [stack:13374]
6c07f000-6c080000 ---p 00000000 00:00 0 
6c080000-6c100000 rw-p 00000000 00:00 0          [stack:13372]
6c100000-6c200000 rw-p 00000000 00:00 0 
6c203000-6c3c0000 r--s 039bf000 08:01 22808730   /usr/lib/jvm/jdk1.7.0_51/jre/lib/rt.jar
6c3c0000-6ea00000 rw-p 00000000 00:00 0 
6ea00000-6eb00000 rw-p 00000000 00:00 0 
6eb2e000-6eb31000 ---p 00000000 00:00 0 
6eb31000-6eb7f000 rw-p 00000000 00:00 0          [stack:13373]
6eb7f000-6eb80000 ---p 00000000 00:00 0 
6eb80000-6ec00000 rw-p 00000000 00:00 0          [stack:13371]
6ec00000-6ec21000 rw-p 00000000 00:00 0 
6ec21000-6ed00000 ---p 00000000 00:00 0 
6ed00000-6ed3b000 rw-p 00000000 00:00 0 
6ed3b000-6ee00000 ---p 00000000 00:00 0 
6ee0f000-6ee24000 r-xp 00000000 08:01 22937800   /usr/lib/jvm/jdk1.7.0_51/jre/lib/i386/libnet.so
6ee24000-6ee25000 rw-p 00014000 08:01 22937800   /usr/lib/jvm/jdk1.7.0_51/jre/lib/i386/libnet.so
6ee25000-6ee33000 r-xp 00000000 08:01 22937809   /usr/lib/jvm/jdk1.7.0_51/jre/lib/i386/libnio.so
6ee33000-6ee34000 rw-p 0000e000 08:01 22937809   /usr/lib/jvm/jdk1.7.0_51/jre/lib/i386/libnio.so
6ee34000-6ee7f000 rw-p 00000000 00:00 0 
6ee7f000-6ee80000 ---p 00000000 00:00 0 
6ee80000-6ef00000 rw-p 00000000 00:00 0          [stack:13370]
6ef00000-6ef3c000 rw-p 00000000 00:00 0 
6ef3c000-6f000000 ---p 00000000 00:00 0 
6f00c000-6f067000 rw-p 00000000 00:00 0 
6f067000-6f068000 ---p 00000000 00:00 0 
6f068000-6f0e8000 rw-p 00000000 00:00 0          [stack:13369]
6f0e8000-6f0e9000 ---p 00000000 00:00 0 
6f0e9000-6f171000 rw-p 00000000 00:00 0          [stack:13368]
6f171000-6f189000 rw-p 00000000 00:00 0 
6f189000-6f22d000 rw-p 00000000 00:00 0 
6f22d000-6f2df000 rw-p 00000000 00:00 0 
6f2df000-6f2e7000 rw-p 00000000 00:00 0 
6f2e7000-6f2ff000 rw-p 00000000 00:00 0 
6f2ff000-6f3a3000 rw-p 00000000 00:00 0 
6f3a3000-6f454000 rw-p 00000000 00:00 0 
6f454000-6f4ff000 rw-p 00000000 00:00 0 
6f4ff000-70500000 rw-p 00000000 00:00 0 
70500000-73500000 rw-p 00000000 00:00 0 
73500000-87c00000 rw-p 00000000 00:00 0 
8fa8f000-8fc00000 rw-p 00000000 00:00 0 
8fc00000-9df80000 rw-p 00000000 00:00 0 
9df80000-b3500000 rw-p 00000000 00:00 0 
b3501000-b3529000 rw-p 00000000 00:00 0 
b3529000-b35db000 rw-p 00000000 00:00 0 
b35db000-b394b000 rwxp 00000000 00:00 0 
b394b000-b65db000 rw-p 00000000 00:00 0 
b65db000-b65f2000 r-xp 00000000 08:01 22937822   /usr/lib/jvm/jdk1.7.0_51/jre/lib/i386/libzip.so
b65f2000-b65f3000 rw-p 00017000 08:01 22937822   /usr/lib/jvm/jdk1.7.0_51/jre/lib/i386/libzip.so
b65f3000-b65fe000 r-xp 00000000 08:01 27919935   /lib/i386-linux-gnu/libnss_files-2.17.so
b65fe000-b65ff000 r--p 0000a000 08:01 27919935   /lib/i386-linux-gnu/libnss_files-2.17.so
b65ff000-b6600000 rw-p 0000b000 08:01 27919935   /lib/i386-linux-gnu/libnss_files-2.17.so
b6600000-b66f6000 rw-p 00000000 00:00 0 
b66f6000-b6700000 ---p 00000000 00:00 0 
b6707000-b6711000 r-xp 00000000 08:01 27919931   /lib/i386-linux-gnu/libnss_nis-2.17.so
b6711000-b6712000 r--p 00009000 08:01 27919931   /lib/i386-linux-gnu/libnss_nis-2.17.so
b6712000-b6713000 rw-p 0000a000 08:01 27919931   /lib/i386-linux-gnu/libnss_nis-2.17.so
b6713000-b6728000 r-xp 00000000 08:01 27919916   /lib/i386-linux-gnu/libnsl-2.17.so
b6728000-b6729000 r--p 00014000 08:01 27919916   /lib/i386-linux-gnu/libnsl-2.17.so
b6729000-b672a000 rw-p 00015000 08:01 27919916   /lib/i386-linux-gnu/libnsl-2.17.so
b672a000-b672c000 rw-p 00000000 00:00 0 
b672d000-b672e000 rw-p 00000000 00:00 0 
b672e000-b673d000 r--s 000df000 08:01 5245103    /home/daemonsoft/Android/Sdk/build-tools/23.0.0/lib/dx.jar
b673d000-b6745000 rw-s 00000000 08:01 7472874    /tmp/hsperfdata_daemonsoft/13362
b6745000-b6768000 r-xp 00000000 08:01 22937785   /usr/lib/jvm/jdk1.7.0_51/jre/lib/i386/libjava.so
b6768000-b6769000 rw-p 00022000 08:01 22937785   /usr/lib/jvm/jdk1.7.0_51/jre/lib/i386/libjava.so
b6769000-b6770000 r-xp 00000000 08:01 27919383   /lib/i386-linux-gnu/librt-2.17.so
b6770000-b6771000 r--p 00006000 08:01 27919383   /lib/i386-linux-gnu/librt-2.17.so
b6771000-b6772000 rw-p 00007000 08:01 27919383   /lib/i386-linux-gnu/librt-2.17.so
b6772000-b6775000 ---p 00000000 00:00 0 
b6775000-b67c3000 rw-p 00000000 00:00 0          [stack:13367]
b67c3000-b6804000 r-xp 00000000 08:01 27919929   /lib/i386-linux-gnu/libm-2.17.so
b6804000-b6805000 r--p 00040000 08:01 27919929   /lib/i386-linux-gnu/libm-2.17.so
b6805000-b6806000 rw-p 00041000 08:01 27919929   /lib/i386-linux-gnu/libm-2.17.so
b6806000-b707d000 r-xp 00000000 08:01 22937821   /usr/lib/jvm/jdk1.7.0_51/jre/lib/i386/server/libjvm.so
b707d000-b70e1000 rw-p 00877000 08:01 22937821   /usr/lib/jvm/jdk1.7.0_51/jre/lib/i386/server/libjvm.so
b70e1000-b7505000 rw-p 00000000 00:00 0 
b7505000-b76b3000 r-xp 00000000 08:01 27919923   /lib/i386-linux-gnu/libc-2.17.so
b76b3000-b76b5000 r--p 001ae000 08:01 27919923   /lib/i386-linux-gnu/libc-2.17.so
b76b5000-b76b6000 rw-p 001b0000 08:01 27919923   /lib/i386-linux-gnu/libc-2.17.so
b76b6000-b76b9000 rw-p 00000000 00:00 0 
b76b9000-b76bc000 r-xp 00000000 08:01 27919924   /lib/i386-linux-gnu/libdl-2.17.so
b76bc000-b76bd000 r--p 00002000 08:01 27919924   /lib/i386-linux-gnu/libdl-2.17.so
b76bd000-b76be000 rw-p 00003000 08:01 27919924   /lib/i386-linux-gnu/libdl-2.17.so
b76be000-b76bf000 rw-p 00000000 00:00 0 
b76bf000-b76d2000 r-xp 00000000 08:01 22807747   /usr/lib/jvm/jdk1.7.0_51/lib/i386/jli/libjli.so
b76d2000-b76d3000 rw-p 00012000 08:01 22807747   /usr/lib/jvm/jdk1.7.0_51/lib/i386/jli/libjli.so
b76d3000-b76ea000 r-xp 00000000 08:01 27919928   /lib/i386-linux-gnu/libpthread-2.17.so
b76ea000-b76eb000 r--p 00016000 08:01 27919928   /lib/i386-linux-gnu/libpthread-2.17.so
b76eb000-b76ec000 rw-p 00017000 08:01 27919928   /lib/i386-linux-gnu/libpthread-2.17.so
b76ec000-b76ef000 rw-p 00000000 00:00 0 
b76ef000-b76f0000 r--p 005db000 08:01 18882059   /usr/lib/locale/locale-archive
b76f0000-b76f7000 r-xp 00000000 08:01 27919926   /lib/i386-linux-gnu/libnss_compat-2.17.so
b76f7000-b76f8000 r--p 00006000 08:01 27919926   /lib/i386-linux-gnu/libnss_compat-2.17.so
b76f8000-b76f9000 rw-p 00007000 08:01 27919926   /lib/i386-linux-gnu/libnss_compat-2.17.so
b76f9000-b76fa000 rw-p 00000000 00:00 0 
b76fa000-b76fb000 ---p 00000000 00:00 0 
b76fb000-b7706000 r-xp 00000000 08:01 22937767   /usr/lib/jvm/jdk1.7.0_51/jre/lib/i386/libverify.so
b7706000-b7707000 rw-p 0000b000 08:01 22937767   /usr/lib/jvm/jdk1.7.0_51/jre/lib/i386/libverify.so
b7707000-b7709000 rw-p 00000000 00:00 0 
b7709000-b770a000 r-xp 00000000 00:00 0          [vdso]
b770a000-b772a000 r-xp 00000000 08:01 27919919   /lib/i386-linux-gnu/ld-2.17.so
b772a000-b772b000 r--p 0001f000 08:01 27919919   /lib/i386-linux-gnu/ld-2.17.so
b772b000-b772c000 rw-p 00020000 08:01 27919919   /lib/i386-linux-gnu/ld-2.17.so
bfb20000-bfb41000 rw-p 00000000 00:00 0          [stack]

VM Arguments:
jvm_args: -Djava.awt.headless=true -Xmx1024M -Dfile.encoding=UTF-8 -Duser.country=IN -Duser.language=en -Duser.variant 
java_command: com.android.dx.command.Main --dex --num-threads=4 --multi-dex --main-dex-list /home/daemonsoft/AndroidStudioProjects/OxfordSchool/app/build/intermediates/multi-dex/debug/maindexlist.txt --output /home/daemonsoft/AndroidStudioProjects/OxfordSchool/app/build/intermediates/transforms/dex/debug/folders/1000/1f/main /home/daemonsoft/AndroidStudioProjects/OxfordSchool/app/build/intermediates/transforms/jarMerging/debug/jars/1/1f/combined.jar
Launcher Type: SUN_STANDARD

Environment Variables:
PATH=/usr/lib/lightdm/lightdm:/usr/local/sbin:/usr/local/bin:/usr/sbin:/usr/bin:/sbin:/bin:/usr/games:/usr/local/games
SHELL=/bin/bash
DISPLAY=:0

Signal Handlers:
SIGSEGV: [libjvm.so+0x7dd5e0], sa_mask[0]=0x7ffbfeff, sa_flags=0x10000004
SIGBUS: [libjvm.so+0x7dd5e0], sa_mask[0]=0x7ffbfeff, sa_flags=0x10000004
SIGFPE: [libjvm.so+0x678d60], sa_mask[0]=0x7ffbfeff, sa_flags=0x10000004
SIGPIPE: [libjvm.so+0x678d60], sa_mask[0]=0x7ffbfeff, sa_flags=0x10000004
SIGXFSZ: [libjvm.so+0x678d60], sa_mask[0]=0x7ffbfeff, sa_flags=0x10000004
SIGILL: [libjvm.so+0x678d60], sa_mask[0]=0x7ffbfeff, sa_flags=0x10000004
SIGUSR1: SIG_DFL, sa_mask[0]=0x00000000, sa_flags=0x00000000
SIGUSR2: [libjvm.so+0x67a250], sa_mask[0]=0x00000004, sa_flags=0x10000004
SIGHUP: [libjvm.so+0x67b3a0], sa_mask[0]=0x7ffbfeff, sa_flags=0x10000004
SIGINT: [libjvm.so+0x67b3a0], sa_mask[0]=0x7ffbfeff, sa_flags=0x10000004
SIGTERM: [libjvm.so+0x67b3a0], sa_mask[0]=0x7ffbfeff, sa_flags=0x10000004
SIGQUIT: [libjvm.so+0x67b3a0], sa_mask[0]=0x7ffbfeff, sa_flags=0x10000004


---------------  S Y S T E M  ---------------

OS:wheezy/sid

uname:Linux 3.8.0-35-generic #50-Ubuntu SMP Tue Dec 3 01:25:33 UTC 2013 i686
libc:glibc 2.17 NPTL 2.17 
rlimit: STACK 8192k, CORE 0k, NPROC 28680, NOFILE 4096, AS infinity
load average:5.59 2.64 2.17

/proc/meminfo:
MemTotal:        3687784 kB
MemFree:          182756 kB
Buffers:             928 kB
Cached:           420020 kB
SwapCached:        51792 kB
Active:          2501924 kB
Inactive:         894332 kB
Active(anon):    2500984 kB
Inactive(anon):   851404 kB
Active(file):        940 kB
Inactive(file):    42928 kB
Unevictable:          36 kB
Mlocked:              36 kB
HighTotal:       2834296 kB
HighFree:          25248 kB
LowTotal:         853488 kB
LowFree:          157508 kB
SwapTotal:       1646588 kB
SwapFree:              0 kB
Dirty:               112 kB
Writeback:             0 kB
AnonPages:       2924392 kB
Mapped:           136332 kB
Shmem:            376924 kB
Slab:              54400 kB
SReclaimable:      21796 kB
SUnreclaim:        32604 kB
KernelStack:        6096 kB
PageTables:        20028 kB
NFS_Unstable:          0 kB
Bounce:               96 kB
WritebackTmp:          0 kB
CommitLimit:     3490480 kB
Committed_AS:   10536808 kB
VmallocTotal:     122880 kB
VmallocUsed:       20448 kB
VmallocChunk:      99144 kB
HardwareCorrupted:     0 kB
AnonHugePages:         0 kB
HugePages_Total:       0
HugePages_Free:        0
HugePages_Rsvd:        0
HugePages_Surp:        0
Hugepagesize:       2048 kB
DirectMap4k:       10232 kB
DirectMap2M:      903168 kB


CPU:total 4 (2 cores per cpu, 2 threads per core) family 6 model 58 stepping 9, cmov, cx8, fxsr, mmx, sse, sse2, sse3, ssse3, sse4.1, sse4.2, popcnt, avx, erms, ht, tsc, tscinvbit, tscinv

/proc/cpuinfo:
processor	: 0
vendor_id	: GenuineIntel
cpu family	: 6
model		: 58
model name	: Intel(R) Core(TM) i3-3110M CPU @ 2.40GHz
stepping	: 9
microcode	: 0x17
cpu MHz		: 2400.000
cache size	: 3072 KB
physical id	: 0
siblings	: 4
core id		: 0
cpu cores	: 2
apicid		: 0
initial apicid	: 0
fdiv_bug	: no
hlt_bug		: no
f00f_bug	: no
coma_bug	: no
fpu		: yes
fpu_exception	: yes
cpuid level	: 13
wp		: yes
flags		: fpu vme de pse tsc msr pae mce cx8 apic sep mtrr pge mca cmov pat pse36 clflush dts acpi mmx fxsr sse sse2 ss ht tm pbe nx rdtscp lm constant_tsc arch_perfmon pebs bts xtopology nonstop_tsc aperfmperf eagerfpu pni pclmulqdq dtes64 monitor ds_cpl vmx est tm2 ssse3 cx16 xtpr pdcm pcid sse4_1 sse4_2 x2apic popcnt tsc_deadline_timer xsave avx f16c lahf_lm arat epb xsaveopt pln pts dtherm tpr_shadow vnmi flexpriority ept vpid fsgsbase smep erms
bogomips	: 4789.45
clflush size	: 64
cache_alignment	: 64
address sizes	: 36 bits physical, 48 bits virtual
power management:

processor	: 1
vendor_id	: GenuineIntel
cpu family	: 6
model		: 58
model name	: Intel(R) Core(TM) i3-3110M CPU @ 2.40GHz
stepping	: 9
microcode	: 0x17
cpu MHz		: 1900.000
cache size	: 3072 KB
physical id	: 0
siblings	: 4
core id		: 0
cpu cores	: 2
apicid		: 1
initial apicid	: 1
fdiv_bug	: no
hlt_bug		: no
f00f_bug	: no
coma_bug	: no
fpu		: yes
fpu_exception	: yes
cpuid level	: 13
wp		: yes
flags		: fpu vme de pse tsc msr pae mce cx8 apic sep mtrr pge mca cmov pat pse36 clflush dts acpi mmx fxsr sse sse2 ss ht tm pbe nx rdtscp lm constant_tsc arch_perfmon pebs bts xtopology nonstop_tsc aperfmperf eagerfpu pni pclmulqdq dtes64 monitor ds_cpl vmx est tm2 ssse3 cx16 xtpr pdcm pcid sse4_1 sse4_2 x2apic popcnt tsc_deadline_timer xsave avx f16c lahf_lm arat epb xsaveopt pln pts dtherm tpr_shadow vnmi flexpriority ept vpid fsgsbase smep erms
bogomips	: 4789.45
clflush size	: 64
cache_alignment	: 64
address sizes	: 36 bits physical, 48 bits virtual
power management:

processor	: 2
vendor_id	: GenuineIntel
cpu family	: 6
model		: 58
model name	: Intel(R) Core(TM) i3-3110M CPU @ 2.40GHz
stepping	: 9
microcode	: 0x17
cpu MHz		: 2400.000
cache size	: 3072 KB
physical id	: 0
siblings	: 4
core id		: 1
cpu cores	: 2
apicid		: 2
initial apicid	: 2
fdiv_bug	: no
hlt_bug		: no
f00f_bug	: no
coma_bug	: no
fpu		: yes
fpu_exception	: yes
cpuid level	: 13
wp		: yes
flags		: fpu vme de pse tsc msr pae mce cx8 apic sep mtrr pge mca cmov pat pse36 clflush dts acpi mmx fxsr sse sse2 ss ht tm pbe nx rdtscp lm constant_tsc arch_perfmon pebs bts xtopology nonstop_tsc aperfmperf eagerfpu pni pclmulqdq dtes64 monitor ds_cpl vmx est tm2 ssse3 cx16 xtpr pdcm pcid sse4_1 sse4_2 x2apic popcnt tsc_deadline_timer xsave avx f16c lahf_lm arat epb xsaveopt pln pts dtherm tpr_shadow vnmi flexpriority ept vpid fsgsbase smep erms
bogomips	: 4789.45
clflush size	: 64
cache_alignment	: 64
address sizes	: 36 bits physical, 48 bits virtual
power management:

processor	: 3
vendor_id	: GenuineIntel
cpu family	: 6
model		: 58
model name	: Intel(R) Core(TM) i3-3110M CPU @ 2.40GHz
stepping	: 9
microcode	: 0x17
cpu MHz		: 2400.000
cache size	: 3072 KB
physical id	: 0
siblings	: 4
core id		: 1
cpu cores	: 2
apicid		: 3
initial apicid	: 3
fdiv_bug	: no
hlt_bug		: no
f00f_bug	: no
coma_bug	: no
fpu		: yes
fpu_exception	: yes
cpuid level	: 13
wp		: yes
flags		: fpu vme de pse tsc msr pae mce cx8 apic sep mtrr pge mca cmov pat pse36 clflush dts acpi mmx fxsr sse sse2 ss ht tm pbe nx rdtscp lm constant_tsc arch_perfmon pebs bts xtopology nonstop_tsc aperfmperf eagerfpu pni pclmulqdq dtes64 monitor ds_cpl vmx est tm2 ssse3 cx16 xtpr pdcm pcid sse4_1 sse4_2 x2apic popcnt tsc_deadline_timer xsave avx f16c lahf_lm arat epb xsaveopt pln pts dtherm tpr_shadow vnmi flexpriority ept vpid fsgsbase smep erms
bogomips	: 4789.45
clflush size	: 64
cache_alignment	: 64
address sizes	: 36 bits physical, 48 bits virtual
power management:



Memory: 4k page, physical 3687784k(182756k free), swap 1646588k(0k free)

vm_info: Java HotSpot(TM) Server VM (24.51-b03) for linux-x86 JRE (1.7.0_51-b13), built on Dec 18 2013 18:45:30 by "java_re" with gcc 4.3.0 20080428 (Red Hat 4.3.0-8)

time: Tue Apr 26 17:32:58 2016
elapsed time: 30 seconds

