#
# There is insufficient memory for the Java Runtime Environment to continue.
# Native memory allocation (malloc) failed to allocate 134742016 bytes for committing reserved memory.
# Possible reasons:
#   The system is out of physical RAM or swap space
#   In 32 bit mode, the process size limit was hit
# Possible solutions:
#   Reduce memory load on the system
#   Increase physical memory or swap space
#   Check if swap backing store is full
#   Use 64 bit Java on a 64 bit OS
#   Decrease Java heap size (-Xmx/-Xms)
#   Decrease number of Java threads
#   Decrease Java thread stack sizes (-Xss)
#   Set larger code cache with -XX:ReservedCodeCacheSize=
# This output file may be truncated or incomplete.
#
#  Out of Memory Error (os_linux.cpp:2726), pid=13428, tid=1814035264
#
# JRE version: Java(TM) SE Runtime Environment (7.0_51-b13) (build 1.7.0_51-b13)
# Java VM: Java HotSpot(TM) Server VM (24.51-b03 mixed mode linux-x86 )
# Failed to write core dump. Core dumps have been disabled. To enable core dumping, try "ulimit -c unlimited" before starting Java again
#

---------------  T H R E A D  ---------------

Current thread (0x6c280400):  VMThread [stack: 0x6c17f000,0x6c200000] [id=13438]

Stack: [0x6c17f000,0x6c200000],  sp=0x6c1feb10,  free space=510k
Native frames: (J=compiled Java code, j=interpreted, Vv=VM code, C=native code)
V  [libjvm.so+0x7dcac6]  VMError::report_and_die()+0x1a6
V  [libjvm.so+0x33a5b2]  report_vm_out_of_memory(char const*, int, unsigned int, char const*)+0x72
V  [libjvm.so+0x67be21]  os::Linux::commit_memory_impl(char*, unsigned int, bool)+0xe1
V  [libjvm.so+0x67c277]  os::Linux::commit_memory_impl(char*, unsigned int, unsigned int, bool)+0x47
V  [libjvm.so+0x67c45d]  os::pd_commit_memory(char*, unsigned int, unsigned int, bool)+0x1d
V  [libjvm.so+0x675e8c]  os::commit_memory(char*, unsigned int, unsigned int, bool)+0x2c
V  [libjvm.so+0x6df398]  PSVirtualSpace::expand_by(unsigned int)+0x48
V  [libjvm.so+0x6d1a11]  PSOldGen::expand(unsigned int)+0x141
V  [libjvm.so+0x6d1adf]  PSOldGen::resize(unsigned int)+0x8f
V  [libjvm.so+0x6d860a]  PSParallelCompact::invoke_no_policy(bool)+0x8aa
V  [libjvm.so+0x6ddaad]  PSScavenge::invoke()+0x16d
V  [libjvm.so+0x69bbca]  ParallelScavengeHeap::failed_mem_allocate(unsigned int)+0x5a
V  [libjvm.so+0x7de36a]  VM_ParallelGCFailedAllocation::doit()+0x7a
V  [libjvm.so+0x7e7127]  VM_Operation::evaluate()+0x47
V  [libjvm.so+0x7e5223]  VMThread::evaluate_operation(VM_Operation*)+0xb3
V  [libjvm.so+0x7e55c0]  VMThread::loop()+0x1b0
V  [libjvm.so+0x7e5a25]  VMThread::run()+0x85
V  [libjvm.so+0x67e319]  java_start(Thread*)+0x119
C  [libpthread.so.0+0x6d78]  start_thread+0xd8

VM_Operation (0x6b8feb24): ParallelGCFailedAllocation, mode: safepoint, requested by thread 0x6b724400


---------------  P R O C E S S  ---------------

Java Threads: ( => current thread )
  0x6b72c400 JavaThread "pool-2-thread-4" [_thread_blocked, id=13451, stack(0x6b65e000,0x6b6af000)]
  0x6b729c00 JavaThread "pool-2-thread-3" [_thread_blocked, id=13450, stack(0x6b6af000,0x6b700000)]
  0x6b728800 JavaThread "pool-2-thread-2" [_thread_blocked, id=13449, stack(0x6b80d000,0x6b85e000)]
  0x6b727400 JavaThread "pool-3-thread-1" [_thread_blocked, id=13448, stack(0x6b85e000,0x6b8af000)]
  0x6b724400 JavaThread "pool-2-thread-1" [_thread_blocked, id=13447, stack(0x6b8af000,0x6b900000)]
  0x6c299800 JavaThread "Service Thread" daemon [_thread_blocked, id=13444, stack(0x6bf0d000,0x6bf5e000)]
  0x6c297800 JavaThread "C2 CompilerThread1" daemon [_thread_blocked, id=13443, stack(0x6bafe000,0x6bb7f000)]
  0x6c295800 JavaThread "C2 CompilerThread0" daemon [_thread_blocked, id=13442, stack(0x6bb7f000,0x6bc00000)]
  0x6c294000 JavaThread "Signal Dispatcher" daemon [_thread_blocked, id=13441, stack(0x6bf5e000,0x6bfaf000)]
  0x6c284800 JavaThread "Finalizer" daemon [_thread_blocked, id=13440, stack(0x6bfaf000,0x6c000000)]
  0x6c282000 JavaThread "Reference Handler" daemon [_thread_blocked, id=13439, stack(0x6c12e000,0x6c17f000)]
  0xb6707800 JavaThread "main" [_thread_blocked, id=13433, stack(0xb6828000,0xb6879000)]

Other Threads:
=>0x6c280400 VMThread [stack: 0x6c17f000,0x6c200000] [id=13438]
  0x6c29b800 WatcherThread [stack: 0x6ba7d000,0x6bafe000] [id=13445]

VM state:at safepoint (normal execution)

VM Mutex/Monitor currently owned by a thread:  ([mutex/lock_event])
[0xb6704aa8] ExpandHeap_lock - owner thread: 0x6c280400
[0xb6704ff0] Threads_lock - owner thread: 0x6c280400
[0xb6705400] Heap_lock - owner thread: 0x6b724400

Heap
 PSYoungGen      total 173056K, used 17014K [0x9e040000, 0xb3300000, 0xb35c0000)
  eden space 116736K, 0% used [0x9e040000,0x9e040000,0xa5240000)
  from space 56320K, 30% used [0xa5240000,0xa62dd868,0xa8940000)
  to   space 114176K, 0% used [0xac380000,0xac380000,0xb3300000)
 ParOldGen       total 306944K, used 306884K [0x735c0000, 0x86180000, 0x9e040000)
  object space 306944K, 99% used [0x735c0000,0x86171020,0x86180000)
 PSPermGen       total 16384K, used 3992K [0x6f5c0000, 0x705c0000, 0x735c0000)
  object space 16384K, 24% used [0x6f5c0000,0x6f9a6220,0x705c0000)

Card table byte_map: [0x6f39f000,0x6f5c0000] byte_map_base: 0x6f024200

Polling page: 0xb77b0000

Code Cache  [0xb3692000, 0xb3a22000, 0xb6692000)
 total_blobs=1285 nmethods=1162 adapters=76 free_code_cache=45565Kb largest_free_block=46611776

Compilation events (10 events):
Event: 23.016 Thread 0x6c295800 1178             com.android.dx.command.dexer.Main::access$1700 (4 bytes)
Event: 23.017 Thread 0x6c295800 nmethod 1178 0xb3770488 code [0xb3770560, 0xb3770590]
Event: 23.020 Thread 0x6c297800 1179             com.android.dx.command.dexer.Main::access$1600 (4 bytes)
Event: 23.021 Thread 0x6c297800 nmethod 1179 0xb3770748 code [0xb3770820, 0xb3770850]
Event: 23.142 Thread 0x6c295800 1180             java.util.concurrent.locks.AbstractQueuedSynchronizer::acquire (27 bytes)
Event: 23.151 Thread 0x6c295800 nmethod 1180 0xb39f6f88 code [0xb39f70e0, 0xb39f744c]
Event: 23.396 Thread 0x6c297800 1181             java.util.concurrent.locks.AbstractQueuedSynchronizer::hasQueuedPredecessors (40 bytes)
Event: 23.397 Thread 0x6c297800 nmethod 1181 0xb3a17988 code [0xb3a17a80, 0xb3a17b10]
Event: 23.479 Thread 0x6c295800 1182             java.util.HashMap::resize (62 bytes)
Event: 23.489 Thread 0x6c295800 nmethod 1182 0xb3a0b408 code [0xb3a0b540, 0xb3a0b8dc]

GC Heap History (10 events):
Event: 20.645 GC heap after
Heap after GC invocations=21 (full 3):
 PSYoungGen      total 207872K, used 91135K [0x9e040000, 0xb35c0000, 0xb35c0000)
  eden space 116736K, 0% used [0x9e040000,0x9e040000,0xa5240000)
  from space 91136K, 99% used [0xadcc0000,0xb35bfc38,0xb35c0000)
  to   space 116480K, 0% used [0xa5240000,0xa5240000,0xac400000)
 ParOldGen       total 205312K, used 183332K [0x735c0000, 0x7fe40000, 0x9e040000)
  object space 205312K, 89% used [0x735c0000,0x7e8c9080,0x7fe40000)
 PSPermGen       total 16384K, used 3960K [0x6f5c0000, 0x705c0000, 0x735c0000)
  object space 16384K, 24% used [0x6f5c0000,0x6f99e018,0x705c0000)
}
Event: 20.645 GC heap before
{Heap before GC invocations=22 (full 4):
 PSYoungGen      total 207872K, used 91135K [0x9e040000, 0xb35c0000, 0xb35c0000)
  eden space 116736K, 0% used [0x9e040000,0x9e040000,0xa5240000)
  from space 91136K, 99% used [0xadcc0000,0xb35bfc38,0xb35c0000)
  to   space 116480K, 0% used [0xa5240000,0xa5240000,0xac400000)
 ParOldGen       total 205312K, used 183332K [0x735c0000, 0x7fe40000, 0x9e040000)
  object space 205312K, 89% used [0x735c0000,0x7e8c9080,0x7fe40000)
 PSPermGen       total 16384K, used 3960K [0x6f5c0000, 0x705c0000, 0x735c0000)
  object space 16384K, 24% used [0x6f5c0000,0x6f99e018,0x705c0000)
Event: 22.172 GC heap after
Heap after GC invocations=22 (full 4):
 PSYoungGen      total 207872K, used 67077K [0x9e040000, 0xb35c0000, 0xb35c0000)
  eden space 116736K, 0% used [0x9e040000,0x9e040000,0xa5240000)
  from space 91136K, 73% used [0xadcc0000,0xb1e41740,0xb35c0000)
  to   space 116480K, 0% used [0xa5240000,0xa5240000,0xac400000)
 ParOldGen       total 306944K, used 205059K [0x735c0000, 0x86180000, 0x9e040000)
  object space 306944K, 66% used [0x735c0000,0x7fe00f68,0x86180000)
 PSPermGen       total 16384K, used 3959K [0x6f5c0000, 0x705c0000, 0x735c0000)
  object space 16384K, 24% used [0x6f5c0000,0x6f99df58,0x705c0000)
}
Event: 22.600 GC heap before
{Heap before GC invocations=23 (full 4):
 PSYoungGen      total 207872K, used 183813K [0x9e040000, 0xb35c0000, 0xb35c0000)
  eden space 116736K, 100% used [0x9e040000,0xa5240000,0xa5240000)
  from space 91136K, 73% used [0xadcc0000,0xb1e41740,0xb35c0000)
  to   space 116480K, 0% used [0xa5240000,0xa5240000,0xac400000)
 ParOldGen       total 306944K, used 205059K [0x735c0000, 0x86180000, 0x9e040000)
  object space 306944K, 66% used [0x735c0000,0x7fe00f68,0x86180000)
 PSPermGen       total 16384K, used 3967K [0x6f5c0000, 0x705c0000, 0x735c0000)
  object space 16384K, 24% used [0x6f5c0000,0x6f99fdd0,0x705c0000)
Event: 22.844 GC heap after
Heap after GC invocations=23 (full 4):
 PSYoungGen      total 233216K, used 53794K [0x9e040000, 0xb35c0000, 0xb35c0000)
  eden space 116736K, 0% used [0x9e040000,0x9e040000,0xa5240000)
  from space 116480K, 46% used [0xa5240000,0xa86c8890,0xac400000)
  to   space 114688K, 0% used [0xac5c0000,0xac5c0000,0xb35c0000)
 ParOldGen       total 306944K, used 238285K [0x735c0000, 0x86180000, 0x9e040000)
  object space 306944K, 77% used [0x735c0000,0x81e734a0,0x86180000)
 PSPermGen       total 16384K, used 3967K [0x6f5c0000, 0x705c0000, 0x735c0000)
  object space 16384K, 24% used [0x6f5c0000,0x6f99fdd0,0x705c0000)
}
Event: 23.185 GC heap before
{Heap before GC invocations=24 (full 4):
 PSYoungGen      total 233216K, used 170530K [0x9e040000, 0xb35c0000, 0xb35c0000)
  eden space 116736K, 100% used [0x9e040000,0xa5240000,0xa5240000)
  from space 116480K, 46% used [0xa5240000,0xa86c8890,0xac400000)
  to   space 114688K, 0% used [0xac5c0000,0xac5c0000,0xb35c0000)
 ParOldGen       total 306944K, used 238285K [0x735c0000, 0x86180000, 0x9e040000)
  object space 306944K, 77% used [0x735c0000,0x81e734a0,0x86180000)
 PSPermGen       total 16384K, used 3992K [0x6f5c0000, 0x705c0000, 0x735c0000)
  object space 16384K, 24% used [0x6f5c0000,0x6f9a61b0,0x705c0000)
Event: 23.263 GC heap after
Heap after GC invocations=24 (full 4):
 PSYoungGen      total 231424K, used 73180K [0x9e040000, 0xb35c0000, 0xb35c0000)
  eden space 116736K, 0% used [0x9e040000,0x9e040000,0xa5240000)
  from space 114688K, 63% used [0xac5c0000,0xb0d37090,0xb35c0000)
  to   space 116480K, 0% used [0xa5240000,0xa5240000,0xac400000)
 ParOldGen       total 306944K, used 238285K [0x735c0000, 0x86180000, 0x9e040000)
  object space 306944K, 77% used [0x735c0000,0x81e734a0,0x86180000)
 PSPermGen       total 16384K, used 3992K [0x6f5c0000, 0x705c0000, 0x735c0000)
  object space 16384K, 24% used [0x6f5c0000,0x6f9a61b0,0x705c0000)
}
Event: 23.491 GC heap before
{Heap before GC invocations=25 (full 4):
 PSYoungGen      total 231424K, used 189916K [0x9e040000, 0xb35c0000, 0xb35c0000)
  eden space 116736K, 100% used [0x9e040000,0xa5240000,0xa5240000)
  from space 114688K, 63% used [0xac5c0000,0xb0d37090,0xb35c0000)
  to   space 116480K, 0% used [0xa5240000,0xa5240000,0xac400000)
 ParOldGen       total 306944K, used 238285K [0x735c0000, 0x86180000, 0x9e040000)
  object space 306944K, 77% used [0x735c0000,0x81e734a0,0x86180000)
 PSPermGen       total 16384K, used 3992K [0x6f5c0000, 0x705c0000, 0x735c0000)
  object space 16384K, 24% used [0x6f5c0000,0x6f9a6240,0x705c0000)
Event: 23.653 GC heap after
Heap after GC invocations=25 (full 4):
 PSYoungGen      total 173056K, used 56154K [0x9e040000, 0xb3300000, 0xb35c0000)
  eden space 116736K, 0% used [0x9e040000,0x9e040000,0xa5240000)
  from space 56320K, 99% used [0xa5240000,0xa8916878,0xa8940000)
  to   space 114176K, 0% used [0xac380000,0xac380000,0xb3300000)
 ParOldGen       total 306944K, used 273325K [0x735c0000, 0x86180000, 0x9e040000)
  object space 306944K, 89% used [0x735c0000,0x840ab4c0,0x86180000)
 PSPermGen       total 16384K, used 3992K [0x6f5c0000, 0x705c0000, 0x735c0000)
  object space 16384K, 24% used [0x6f5c0000,0x6f9a6240,0x705c0000)
}
Event: 23.653 GC heap before
{Heap before GC invocations=26 (full 5):
 PSYoungGen      total 173056K, used 56154K [0x9e040000, 0xb3300000, 0xb35c0000)
  eden space 116736K, 0% used [0x9e040000,0x9e040000,0xa5240000)
  from space 56320K, 99% used [0xa5240000,0xa8916878,0xa8940000)
  to   space 114176K, 0% used [0xac380000,0xac380000,0xb3300000)
 ParOldGen       total 306944K, used 273325K [0x735c0000, 0x86180000, 0x9e040000)
  object space 306944K, 89% used [0x735c0000,0x840ab4c0,0x86180000)
 PSPermGen       total 16384K, used 3992K [0x6f5c0000, 0x705c0000, 0x735c0000)
  object space 16384K, 24% used [0x6f5c0000,0x6f9a6240,0x705c0000)

Deoptimization events (10 events):
Event: 15.615 Thread 0x6b729c00 Uncommon trap: reason=unreached action=reinterpret pc=0xb3787a10 method=com.android.dx.rop.code.LocalItem.compareHandlesNulls(Lcom/android/dx/rop/cst/CstString;Lcom/android/dx/rop/cst/CstString;)I @ 8
Event: 17.145 Thread 0x6b72c400 Uncommon trap: reason=bimorphic action=maybe_recompile pc=0xb37e5fdc method=com.android.dx.ssa.LiteralOpUpgrader.tryReplacingWithConstant(Lcom/android/dx/ssa/NormalSsaInsn;)Z @ 62
Event: 17.188 Thread 0x6b728800 Uncommon trap: reason=class_check action=maybe_recompile pc=0xb380ace8 method=com.android.dx.ssa.SCCP.replaceConstants()V @ 182
Event: 17.275 Thread 0x6b72c400 Uncommon trap: reason=bimorphic action=maybe_recompile pc=0xb37e5fdc method=com.android.dx.ssa.LiteralOpUpgrader.tryReplacingWithConstant(Lcom/android/dx/ssa/NormalSsaInsn;)Z @ 62
Event: 18.256 Thread 0x6b72c400 Uncommon trap: reason=unreached action=reinterpret pc=0xb381cee0 method=com.android.dx.ssa.PhiTypeResolver.resolveResultType(Lcom/android/dx/ssa/PhiInsn;)Z @ 64
Event: 18.558 Thread 0x6b72c400 Uncommon trap: reason=bimorphic action=maybe_recompile pc=0xb37e5fdc method=com.android.dx.ssa.LiteralOpUpgrader.tryReplacingWithConstant(Lcom/android/dx/ssa/NormalSsaInsn;)Z @ 62
Event: 18.559 Thread 0x6b729c00 Uncommon trap: reason=bimorphic action=maybe_recompile pc=0xb37e5fdc method=com.android.dx.ssa.LiteralOpUpgrader.tryReplacingWithConstant(Lcom/android/dx/ssa/NormalSsaInsn;)Z @ 62
Event: 18.564 Thread 0x6b724400 Uncommon trap: reason=bimorphic action=maybe_recompile pc=0xb373e5cc method=com.android.dx.ssa.LiteralOpUpgrader.tryReplacingWithConstant(Lcom/android/dx/ssa/NormalSsaInsn;)Z @ 62
Event: 22.394 Thread 0x6b724400 Uncommon trap: reason=unreached action=reinterpret pc=0xb382395c method=com.android.dx.ssa.back.SsaToRop.convertBasicBlocks()Lcom/android/dx/rop/code/BasicBlockList; @ 33
Event: 22.394 Thread 0x6b724400 Uncommon trap: reason=unreached action=reinterpret pc=0xb3848ee0 method=com.android.dx.ssa.back.SsaToRop.convertBasicBlock(Lcom/android/dx/ssa/SsaBasicBlock;)Lcom/android/dx/rop/code/BasicBlock; @ 21

Internal exceptions (10 events):
Event: 8.424 Thread 0xb6707800 Threw 0xa0d71650 at /HUDSON/workspace/7u-2-build-linux-i586/jdk7u51/527/hotspot/src/share/vm/prims/jvm.cpp:1244
Event: 9.627 Thread 0x6b729c00 Implicit null exception at 0xb385dd4c to 0xb385f915
Event: 14.098 Thread 0xb6707800 Threw 0x9f9ca060 at /HUDSON/workspace/7u-2-build-linux-i586/jdk7u51/527/hotspot/src/share/vm/prims/jvm.cpp:1244
Event: 15.598 Thread 0x6b729c00 Implicit null exception at 0xb37de596 to 0xb37df12d
Event: 15.598 Thread 0x6b729c00 Implicit null exception at 0xb389f4b0 to 0xb389f6e5
Event: 15.615 Thread 0x6b729c00 Implicit null exception at 0xb37be31e to 0xb37be531
Event: 15.615 Thread 0x6b729c00 Implicit null exception at 0xb3787916 to 0xb37879fd
Event: 15.692 Thread 0x6b729c00 Threw 0xa70251d8 at /HUDSON/workspace/7u-2-build-linux-i586/jdk7u51/527/hotspot/src/share/vm/prims/jvm.cpp:1244
Event: 18.256 Thread 0x6b72c400 Implicit null exception at 0xb381c451 to 0xb381cec1
Event: 22.394 Thread 0x6b724400 Implicit null exception at 0xb3822a0b to 0xb3823949

Events (10 events):
Event: 22.394 Thread 0x6b724400 DEOPT UNPACKING pc=0xb36bebbc sp=0x6b8fec30 mode 2
Event: 22.394 Thread 0x6b724400 Uncommon trap: trap_request=0xffffffad fr.pc=0xb3848ee0
Event: 22.394 Thread 0x6b724400 DEOPT PACKING pc=0xb3848ee0 sp=0x6b8febd0
Event: 22.394 Thread 0x6b724400 DEOPT UNPACKING pc=0xb36bebbc sp=0x6b8febe0 mode 2
Event: 22.599 Executing VM operation: ParallelGCFailedAllocation
Event: 22.844 Executing VM operation: ParallelGCFailedAllocation done
Event: 22.936 Thread 0x6c297800 flushing nmethod 0xb381b948
Event: 23.185 Executing VM operation: ParallelGCFailedAllocation
Event: 23.263 Executing VM operation: ParallelGCFailedAllocation done
Event: 23.491 Executing VM operation: ParallelGCFailedAllocation


Dynamic libraries:
08048000-08049000 r-xp 00000000 08:01 22808717   /usr/lib/jvm/jdk1.7.0_51/bin/java
08049000-0804a000 rw-p 00000000 08:01 22808717   /usr/lib/jvm/jdk1.7.0_51/bin/java
095ff000-096ca000 rw-p 00000000 00:00 0          [heap]
69b00000-69c00000 rw-p 00000000 00:00 0 
69d00000-69de1000 rw-p 00000000 00:00 0 
69de1000-69e00000 ---p 00000000 00:00 0 
69f00000-69ff8000 rw-p 00000000 00:00 0 
69ff8000-6a000000 ---p 00000000 00:00 0 
6a000000-6a0fc000 rw-p 00000000 00:00 0 
6a0fc000-6a100000 ---p 00000000 00:00 0 
6a100000-6a1fd000 rw-p 00000000 00:00 0 
6a1fd000-6a200000 ---p 00000000 00:00 0 
6a300000-6a3fd000 rw-p 00000000 00:00 0 
6a3fd000-6a400000 ---p 00000000 00:00 0 
6a500000-6a5fc000 rw-p 00000000 00:00 0 
6a5fc000-6a600000 ---p 00000000 00:00 0 
6a600000-6a6f8000 rw-p 00000000 00:00 0 
6a6f8000-6a700000 ---p 00000000 00:00 0 
6a700000-6a7cd000 rw-p 00000000 00:00 0 
6a7cd000-6a800000 ---p 00000000 00:00 0 
6a800000-6a8fe000 rw-p 00000000 00:00 0 
6a8fe000-6a900000 ---p 00000000 00:00 0 
6a900000-6a9fe000 rw-p 00000000 00:00 0 
6a9fe000-6aa00000 ---p 00000000 00:00 0 
6ab00000-6abe8000 rw-p 00000000 00:00 0 
6abe8000-6ac00000 ---p 00000000 00:00 0 
6ac00000-6acf8000 rw-p 00000000 00:00 0 
6acf8000-6ad00000 ---p 00000000 00:00 0 
6ad00000-6adff000 rw-p 00000000 00:00 0 
6adff000-6ae00000 ---p 00000000 00:00 0 
6ae00000-6aeff000 rw-p 00000000 00:00 0 
6aeff000-6af00000 ---p 00000000 00:00 0 
6af00000-6aff2000 rw-p 00000000 00:00 0 
6aff2000-6b000000 ---p 00000000 00:00 0 
6b000000-6b0ce000 rw-p 00000000 00:00 0 
6b0ce000-6b100000 ---p 00000000 00:00 0 
6b100000-6b1f6000 rw-p 00000000 00:00 0 
6b1f6000-6b200000 ---p 00000000 00:00 0 
6b300000-6b3fd000 rw-p 00000000 00:00 0 
6b3fd000-6b400000 ---p 00000000 00:00 0 
6b400000-6b4fa000 rw-p 00000000 00:00 0 
6b4fa000-6b500000 ---p 00000000 00:00 0 
6b500000-6b5f1000 rw-p 00000000 00:00 0 
6b5f1000-6b600000 ---p 00000000 00:00 0 
6b65e000-6b661000 ---p 00000000 00:00 0 
6b661000-6b6af000 rw-p 00000000 00:00 0          [stack:13451]
6b6af000-6b6b2000 ---p 00000000 00:00 0 
6b6b2000-6b700000 rw-p 00000000 00:00 0          [stack:13450]
6b700000-6b7b1000 rw-p 00000000 00:00 0 
6b7b1000-6b800000 ---p 00000000 00:00 0 
6b80d000-6b810000 ---p 00000000 00:00 0 
6b810000-6b85e000 rw-p 00000000 00:00 0          [stack:13449]
6b85e000-6b861000 ---p 00000000 00:00 0 
6b861000-6b8af000 rw-p 00000000 00:00 0          [stack:13448]
6b8af000-6b8b2000 ---p 00000000 00:00 0 
6b8b2000-6b900000 rw-p 00000000 00:00 0          [stack:13447]
6b900000-6b9f4000 rw-p 00000000 00:00 0 
6b9f4000-6ba00000 ---p 00000000 00:00 0 
6ba12000-6ba7d000 r--s 00516000 08:01 24644621   /home/daemonsoft/AndroidStudioProjects/OxfordSchool/app/build/intermediates/transforms/jarMerging/debug/jars/1/1f/combined.jar
6ba7d000-6ba7e000 ---p 00000000 00:00 0 
6ba7e000-6bafe000 rw-p 00000000 00:00 0          [stack:13445]
6bafe000-6bb01000 ---p 00000000 00:00 0 
6bb01000-6bb7f000 rw-p 00000000 00:00 0          [stack:13443]
6bb7f000-6bb82000 ---p 00000000 00:00 0 
6bb82000-6bc00000 rw-p 00000000 00:00 0          [stack:13442]
6bc00000-6be00000 r--p 00000000 08:01 18882059   /usr/lib/locale/locale-archive
6be00000-6be21000 rw-p 00000000 00:00 0 
6be21000-6bf00000 ---p 00000000 00:00 0 
6bf0d000-6bf10000 ---p 00000000 00:00 0 
6bf10000-6bf5e000 rw-p 00000000 00:00 0          [stack:13444]
6bf5e000-6bf61000 ---p 00000000 00:00 0 
6bf61000-6bfaf000 rw-p 00000000 00:00 0          [stack:13441]
6bfaf000-6bfb2000 ---p 00000000 00:00 0 
6bfb2000-6c000000 rw-p 00000000 00:00 0          [stack:13440]
6c000000-6c0f9000 rw-p 00000000 00:00 0 
6c0f9000-6c100000 ---p 00000000 00:00 0 
6c12e000-6c131000 ---p 00000000 00:00 0 
6c131000-6c17f000 rw-p 00000000 00:00 0          [stack:13439]
6c17f000-6c180000 ---p 00000000 00:00 0 
6c180000-6c200000 rw-p 00000000 00:00 0          [stack:13438]
6c200000-6c300000 rw-p 00000000 00:00 0 
6c303000-6c4c0000 r--s 039bf000 08:01 22808730   /usr/lib/jvm/jdk1.7.0_51/jre/lib/rt.jar
6c4c0000-6eb00000 rw-p 00000000 00:00 0 
6eb00000-6ebfb000 rw-p 00000000 00:00 0 
6ebfb000-6ec00000 ---p 00000000 00:00 0 
6ec34000-6ec7f000 rw-p 00000000 00:00 0 
6ec7f000-6ec80000 ---p 00000000 00:00 0 
6ec80000-6ed00000 rw-p 00000000 00:00 0          [stack:13437]
6ed00000-6ed21000 rw-p 00000000 00:00 0 
6ed21000-6ee00000 ---p 00000000 00:00 0 
6ee00000-6ee21000 rw-p 00000000 00:00 0 
6ee21000-6ef00000 ---p 00000000 00:00 0 
6ef0e000-6ef23000 r-xp 00000000 08:01 22937800   /usr/lib/jvm/jdk1.7.0_51/jre/lib/i386/libnet.so
6ef23000-6ef24000 rw-p 00014000 08:01 22937800   /usr/lib/jvm/jdk1.7.0_51/jre/lib/i386/libnet.so
6ef24000-6ef7f000 rw-p 00000000 00:00 0 
6ef7f000-6ef80000 ---p 00000000 00:00 0 
6ef80000-6f000000 rw-p 00000000 00:00 0          [stack:13436]
6f000000-6f043000 rw-p 00000000 00:00 0 
6f043000-6f100000 ---p 00000000 00:00 0 
6f10d000-6f127000 rw-p 00000000 00:00 0 
6f127000-6f128000 ---p 00000000 00:00 0 
6f128000-6f1a8000 rw-p 00000000 00:00 0          [stack:13435]
6f1a8000-6f1a9000 ---p 00000000 00:00 0 
6f1a9000-6f231000 rw-p 00000000 00:00 0          [stack:13434]
6f231000-6f249000 rw-p 00000000 00:00 0 
6f249000-6f2df000 rw-p 00000000 00:00 0 
6f2df000-6f39f000 rw-p 00000000 00:00 0 
6f39f000-6f3a7000 rw-p 00000000 00:00 0 
6f3a7000-6f3bf000 rw-p 00000000 00:00 0 
6f3bf000-6f455000 rw-p 00000000 00:00 0 
6f455000-6f514000 rw-p 00000000 00:00 0 
6f514000-6f5be000 rw-p 00000000 00:00 0 
6f5be000-6f5bf000 ---p 00000000 00:00 0 
6f5bf000-705c0000 rw-p 00000000 00:00 0 
705c0000-735c0000 rw-p 00000000 00:00 0 
735c0000-86180000 rw-p 00000000 00:00 0 
8e08f000-8e200000 rw-p 00000000 00:00 0 
8e200000-9e040000 rw-p 00000000 00:00 0 
9e040000-b3300000 rw-p 00000000 00:00 0 
b3300000-b35c0000 ---p 00000000 00:00 0 
b35c3000-b35d1000 r-xp 00000000 08:01 22937809   /usr/lib/jvm/jdk1.7.0_51/jre/lib/i386/libnio.so
b35d1000-b35d2000 rw-p 0000e000 08:01 22937809   /usr/lib/jvm/jdk1.7.0_51/jre/lib/i386/libnio.so
b35d2000-b35e1000 rw-p 00000000 00:00 0 
b35e1000-b3692000 rw-p 00000000 00:00 0 
b3692000-b3a22000 rwxp 00000000 00:00 0 
b3a22000-b6692000 rw-p 00000000 00:00 0 
b6692000-b66a9000 r-xp 00000000 08:01 22937822   /usr/lib/jvm/jdk1.7.0_51/jre/lib/i386/libzip.so
b66a9000-b66aa000 rw-p 00017000 08:01 22937822   /usr/lib/jvm/jdk1.7.0_51/jre/lib/i386/libzip.so
b66aa000-b66b5000 r-xp 00000000 08:01 27919935   /lib/i386-linux-gnu/libnss_files-2.17.so
b66b5000-b66b6000 r--p 0000a000 08:01 27919935   /lib/i386-linux-gnu/libnss_files-2.17.so
b66b6000-b66b7000 rw-p 0000b000 08:01 27919935   /lib/i386-linux-gnu/libnss_files-2.17.so
b66b7000-b66c1000 r-xp 00000000 08:01 27919931   /lib/i386-linux-gnu/libnss_nis-2.17.so
b66c1000-b66c2000 r--p 00009000 08:01 27919931   /lib/i386-linux-gnu/libnss_nis-2.17.so
b66c2000-b66c3000 rw-p 0000a000 08:01 27919931   /lib/i386-linux-gnu/libnss_nis-2.17.so
b66c3000-b66d8000 r-xp 00000000 08:01 27919916   /lib/i386-linux-gnu/libnsl-2.17.so
b66d8000-b66d9000 r--p 00014000 08:01 27919916   /lib/i386-linux-gnu/libnsl-2.17.so
b66d9000-b66da000 rw-p 00015000 08:01 27919916   /lib/i386-linux-gnu/libnsl-2.17.so
b66da000-b66dc000 rw-p 00000000 00:00 0 
b66dc000-b66ff000 r-xp 00000000 08:01 22937785   /usr/lib/jvm/jdk1.7.0_51/jre/lib/i386/libjava.so
b66ff000-b6700000 rw-p 00022000 08:01 22937785   /usr/lib/jvm/jdk1.7.0_51/jre/lib/i386/libjava.so
b6700000-b67f6000 rw-p 00000000 00:00 0 
b67f6000-b6800000 ---p 00000000 00:00 0 
b6807000-b6808000 rw-p 00000000 00:00 0 
b6808000-b6817000 r--s 000df000 08:01 5245103    /home/daemonsoft/Android/Sdk/build-tools/23.0.0/lib/dx.jar
b6817000-b681f000 rw-s 00000000 08:01 7472875    /tmp/hsperfdata_daemonsoft/13428
b681f000-b6826000 r-xp 00000000 08:01 27919383   /lib/i386-linux-gnu/librt-2.17.so
b6826000-b6827000 r--p 00006000 08:01 27919383   /lib/i386-linux-gnu/librt-2.17.so
b6827000-b6828000 rw-p 00007000 08:01 27919383   /lib/i386-linux-gnu/librt-2.17.so
b6828000-b682b000 ---p 00000000 00:00 0 
b682b000-b6879000 rw-p 00000000 00:00 0          [stack:13433]
b6879000-b68ba000 r-xp 00000000 08:01 27919929   /lib/i386-linux-gnu/libm-2.17.so
b68ba000-b68bb000 r--p 00040000 08:01 27919929   /lib/i386-linux-gnu/libm-2.17.so
b68bb000-b68bc000 rw-p 00041000 08:01 27919929   /lib/i386-linux-gnu/libm-2.17.so
b68bc000-b7133000 r-xp 00000000 08:01 22937821   /usr/lib/jvm/jdk1.7.0_51/jre/lib/i386/server/libjvm.so
b7133000-b7197000 rw-p 00877000 08:01 22937821   /usr/lib/jvm/jdk1.7.0_51/jre/lib/i386/server/libjvm.so
b7197000-b75bb000 rw-p 00000000 00:00 0 
b75bb000-b7769000 r-xp 00000000 08:01 27919923   /lib/i386-linux-gnu/libc-2.17.so
b7769000-b776b000 r--p 001ae000 08:01 27919923   /lib/i386-linux-gnu/libc-2.17.so
b776b000-b776c000 rw-p 001b0000 08:01 27919923   /lib/i386-linux-gnu/libc-2.17.so
b776c000-b776f000 rw-p 00000000 00:00 0 
b776f000-b7772000 r-xp 00000000 08:01 27919924   /lib/i386-linux-gnu/libdl-2.17.so
b7772000-b7773000 r--p 00002000 08:01 27919924   /lib/i386-linux-gnu/libdl-2.17.so
b7773000-b7774000 rw-p 00003000 08:01 27919924   /lib/i386-linux-gnu/libdl-2.17.so
b7774000-b7775000 rw-p 00000000 00:00 0 
b7775000-b7788000 r-xp 00000000 08:01 22807747   /usr/lib/jvm/jdk1.7.0_51/lib/i386/jli/libjli.so
b7788000-b7789000 rw-p 00012000 08:01 22807747   /usr/lib/jvm/jdk1.7.0_51/lib/i386/jli/libjli.so
b7789000-b77a0000 r-xp 00000000 08:01 27919928   /lib/i386-linux-gnu/libpthread-2.17.so
b77a0000-b77a1000 r--p 00016000 08:01 27919928   /lib/i386-linux-gnu/libpthread-2.17.so
b77a1000-b77a2000 rw-p 00017000 08:01 27919928   /lib/i386-linux-gnu/libpthread-2.17.so
b77a2000-b77a5000 rw-p 00000000 00:00 0 
b77a5000-b77a6000 r--p 005db000 08:01 18882059   /usr/lib/locale/locale-archive
b77a6000-b77ad000 r-xp 00000000 08:01 27919926   /lib/i386-linux-gnu/libnss_compat-2.17.so
b77ad000-b77ae000 r--p 00006000 08:01 27919926   /lib/i386-linux-gnu/libnss_compat-2.17.so
b77ae000-b77af000 rw-p 00007000 08:01 27919926   /lib/i386-linux-gnu/libnss_compat-2.17.so
b77af000-b77b0000 rw-p 00000000 00:00 0 
b77b0000-b77b1000 ---p 00000000 00:00 0 
b77b1000-b77bc000 r-xp 00000000 08:01 22937767   /usr/lib/jvm/jdk1.7.0_51/jre/lib/i386/libverify.so
b77bc000-b77bd000 rw-p 0000b000 08:01 22937767   /usr/lib/jvm/jdk1.7.0_51/jre/lib/i386/libverify.so
b77bd000-b77bf000 rw-p 00000000 00:00 0 
b77bf000-b77c0000 r-xp 00000000 00:00 0          [vdso]
b77c0000-b77e0000 r-xp 00000000 08:01 27919919   /lib/i386-linux-gnu/ld-2.17.so
b77e0000-b77e1000 r--p 0001f000 08:01 27919919   /lib/i386-linux-gnu/ld-2.17.so
b77e1000-b77e2000 rw-p 00020000 08:01 27919919   /lib/i386-linux-gnu/ld-2.17.so
bfb38000-bfb59000 rw-p 00000000 00:00 0          [stack]

VM Arguments:
jvm_args: -Djava.awt.headless=true -Xmx1024M -Dfile.encoding=UTF-8 -Duser.country=IN -Duser.language=en -Duser.variant 
java_command: com.android.dx.command.Main --dex --num-threads=4 --multi-dex --main-dex-list /home/daemonsoft/AndroidStudioProjects/OxfordSchool/app/build/intermediates/multi-dex/debug/maindexlist.txt --output /home/daemonsoft/AndroidStudioProjects/OxfordSchool/app/build/intermediates/transforms/dex/debug/folders/1000/1f/main /home/daemonsoft/AndroidStudioProjects/OxfordSchool/app/build/intermediates/transforms/jarMerging/debug/jars/1/1f/combined.jar
Launcher Type: SUN_STANDARD

Environment Variables:
PATH=/usr/lib/lightdm/lightdm:/usr/local/sbin:/usr/local/bin:/usr/sbin:/usr/bin:/sbin:/bin:/usr/games:/usr/local/games
SHELL=/bin/bash
DISPLAY=:0

Signal Handlers:
SIGSEGV: [libjvm.so+0x7dd5e0], sa_mask[0]=0x7ffbfeff, sa_flags=0x10000004
SIGBUS: [libjvm.so+0x7dd5e0], sa_mask[0]=0x7ffbfeff, sa_flags=0x10000004
SIGFPE: [libjvm.so+0x678d60], sa_mask[0]=0x7ffbfeff, sa_flags=0x10000004
SIGPIPE: [libjvm.so+0x678d60], sa_mask[0]=0x7ffbfeff, sa_flags=0x10000004
SIGXFSZ: [libjvm.so+0x678d60], sa_mask[0]=0x7ffbfeff, sa_flags=0x10000004
SIGILL: [libjvm.so+0x678d60], sa_mask[0]=0x7ffbfeff, sa_flags=0x10000004
SIGUSR1: SIG_DFL, sa_mask[0]=0x00000000, sa_flags=0x00000000
SIGUSR2: [libjvm.so+0x67a250], sa_mask[0]=0x00000004, sa_flags=0x10000004
SIGHUP: [libjvm.so+0x67b3a0], sa_mask[0]=0x7ffbfeff, sa_flags=0x10000004
SIGINT: [libjvm.so+0x67b3a0], sa_mask[0]=0x7ffbfeff, sa_flags=0x10000004
SIGTERM: [libjvm.so+0x67b3a0], sa_mask[0]=0x7ffbfeff, sa_flags=0x10000004
SIGQUIT: [libjvm.so+0x67b3a0], sa_mask[0]=0x7ffbfeff, sa_flags=0x10000004


---------------  S Y S T E M  ---------------

OS:wheezy/sid

uname:Linux 3.8.0-35-generic #50-Ubuntu SMP Tue Dec 3 01:25:33 UTC 2013 i686
libc:glibc 2.17 NPTL 2.17 
rlimit: STACK 8192k, CORE 0k, NPROC 28680, NOFILE 4096, AS infinity
load average:5.30 3.16 2.39

/proc/meminfo:
MemTotal:        3687784 kB
MemFree:          196600 kB
Buffers:            1116 kB
Cached:           432460 kB
SwapCached:        61140 kB
Active:          2494092 kB
Inactive:         888420 kB
Active(anon):    2491944 kB
Inactive(anon):   846292 kB
Active(file):       2148 kB
Inactive(file):    42128 kB
Unevictable:          36 kB
Mlocked:              36 kB
HighTotal:       2834296 kB
HighFree:          35292 kB
LowTotal:         853488 kB
LowFree:          161308 kB
SwapTotal:       1646588 kB
SwapFree:            156 kB
Dirty:               148 kB
Writeback:             0 kB
AnonPages:       2888620 kB
Mapped:           138384 kB
Shmem:            389056 kB
Slab:              53872 kB
SReclaimable:      21564 kB
SUnreclaim:        32308 kB
KernelStack:        6104 kB
PageTables:        20016 kB
NFS_Unstable:          0 kB
Bounce:                0 kB
WritebackTmp:          0 kB
CommitLimit:     3490480 kB
Committed_AS:   10532488 kB
VmallocTotal:     122880 kB
VmallocUsed:       20448 kB
VmallocChunk:      99144 kB
HardwareCorrupted:     0 kB
AnonHugePages:         0 kB
HugePages_Total:       0
HugePages_Free:        0
HugePages_Rsvd:        0
HugePages_Surp:        0
Hugepagesize:       2048 kB
DirectMap4k:       10232 kB
DirectMap2M:      903168 kB


CPU:total 4 (2 cores per cpu, 2 threads per core) family 6 model 58 stepping 9, cmov, cx8, fxsr, mmx, sse, sse2, sse3, ssse3, sse4.1, sse4.2, popcnt, avx, erms, ht, tsc, tscinvbit, tscinv

/proc/cpuinfo:
processor	: 0
vendor_id	: GenuineIntel
cpu family	: 6
model		: 58
model name	: Intel(R) Core(TM) i3-3110M CPU @ 2.40GHz
stepping	: 9
microcode	: 0x17
cpu MHz		: 2200.000
cache size	: 3072 KB
physical id	: 0
siblings	: 4
core id		: 0
cpu cores	: 2
apicid		: 0
initial apicid	: 0
fdiv_bug	: no
hlt_bug		: no
f00f_bug	: no
coma_bug	: no
fpu		: yes
fpu_exception	: yes
cpuid level	: 13
wp		: yes
flags		: fpu vme de pse tsc msr pae mce cx8 apic sep mtrr pge mca cmov pat pse36 clflush dts acpi mmx fxsr sse sse2 ss ht tm pbe nx rdtscp lm constant_tsc arch_perfmon pebs bts xtopology nonstop_tsc aperfmperf eagerfpu pni pclmulqdq dtes64 monitor ds_cpl vmx est tm2 ssse3 cx16 xtpr pdcm pcid sse4_1 sse4_2 x2apic popcnt tsc_deadline_timer xsave avx f16c lahf_lm arat epb xsaveopt pln pts dtherm tpr_shadow vnmi flexpriority ept vpid fsgsbase smep erms
bogomips	: 4789.45
clflush size	: 64
cache_alignment	: 64
address sizes	: 36 bits physical, 48 bits virtual
power management:

processor	: 1
vendor_id	: GenuineIntel
cpu family	: 6
model		: 58
model name	: Intel(R) Core(TM) i3-3110M CPU @ 2.40GHz
stepping	: 9
microcode	: 0x17
cpu MHz		: 1200.000
cache size	: 3072 KB
physical id	: 0
siblings	: 4
core id		: 0
cpu cores	: 2
apicid		: 1
initial apicid	: 1
fdiv_bug	: no
hlt_bug		: no
f00f_bug	: no
coma_bug	: no
fpu		: yes
fpu_exception	: yes
cpuid level	: 13
wp		: yes
flags		: fpu vme de pse tsc msr pae mce cx8 apic sep mtrr pge mca cmov pat pse36 clflush dts acpi mmx fxsr sse sse2 ss ht tm pbe nx rdtscp lm constant_tsc arch_perfmon pebs bts xtopology nonstop_tsc aperfmperf eagerfpu pni pclmulqdq dtes64 monitor ds_cpl vmx est tm2 ssse3 cx16 xtpr pdcm pcid sse4_1 sse4_2 x2apic popcnt tsc_deadline_timer xsave avx f16c lahf_lm arat epb xsaveopt pln pts dtherm tpr_shadow vnmi flexpriority ept vpid fsgsbase smep erms
bogomips	: 4789.45
clflush size	: 64
cache_alignment	: 64
address sizes	: 36 bits physical, 48 bits virtual
power management:

processor	: 2
vendor_id	: GenuineIntel
cpu family	: 6
model		: 58
model name	: Intel(R) Core(TM) i3-3110M CPU @ 2.40GHz
stepping	: 9
microcode	: 0x17
cpu MHz		: 1800.000
cache size	: 3072 KB
physical id	: 0
siblings	: 4
core id		: 1
cpu cores	: 2
apicid		: 2
initial apicid	: 2
fdiv_bug	: no
hlt_bug		: no
f00f_bug	: no
coma_bug	: no
fpu		: yes
fpu_exception	: yes
cpuid level	: 13
wp		: yes
flags		: fpu vme de pse tsc msr pae mce cx8 apic sep mtrr pge mca cmov pat pse36 clflush dts acpi mmx fxsr sse sse2 ss ht tm pbe nx rdtscp lm constant_tsc arch_perfmon pebs bts xtopology nonstop_tsc aperfmperf eagerfpu pni pclmulqdq dtes64 monitor ds_cpl vmx est tm2 ssse3 cx16 xtpr pdcm pcid sse4_1 sse4_2 x2apic popcnt tsc_deadline_timer xsave avx f16c lahf_lm arat epb xsaveopt pln pts dtherm tpr_shadow vnmi flexpriority ept vpid fsgsbase smep erms
bogomips	: 4789.45
clflush size	: 64
cache_alignment	: 64
address sizes	: 36 bits physical, 48 bits virtual
power management:

processor	: 3
vendor_id	: GenuineIntel
cpu family	: 6
model		: 58
model name	: Intel(R) Core(TM) i3-3110M CPU @ 2.40GHz
stepping	: 9
microcode	: 0x17
cpu MHz		: 2100.000
cache size	: 3072 KB
physical id	: 0
siblings	: 4
core id		: 1
cpu cores	: 2
apicid		: 3
initial apicid	: 3
fdiv_bug	: no
hlt_bug		: no
f00f_bug	: no
coma_bug	: no
fpu		: yes
fpu_exception	: yes
cpuid level	: 13
wp		: yes
flags		: fpu vme de pse tsc msr pae mce cx8 apic sep mtrr pge mca cmov pat pse36 clflush dts acpi mmx fxsr sse sse2 ss ht tm pbe nx rdtscp lm constant_tsc arch_perfmon pebs bts xtopology nonstop_tsc aperfmperf eagerfpu pni pclmulqdq dtes64 monitor ds_cpl vmx est tm2 ssse3 cx16 xtpr pdcm pcid sse4_1 sse4_2 x2apic popcnt tsc_deadline_timer xsave avx f16c lahf_lm arat epb xsaveopt pln pts dtherm tpr_shadow vnmi flexpriority ept vpid fsgsbase smep erms
bogomips	: 4789.45
clflush size	: 64
cache_alignment	: 64
address sizes	: 36 bits physical, 48 bits virtual
power management:



Memory: 4k page, physical 3687784k(196600k free), swap 1646588k(156k free)

vm_info: Java HotSpot(TM) Server VM (24.51-b03) for linux-x86 JRE (1.7.0_51-b13), built on Dec 18 2013 18:45:30 by "java_re" with gcc 4.3.0 20080428 (Red Hat 4.3.0-8)

time: Tue Apr 26 17:34:19 2016
elapsed time: 30 seconds

