#
# There is insufficient memory for the Java Runtime Environment to continue.
# Native memory allocation (malloc) failed to allocate 115867648 bytes for committing reserved memory.
# Possible reasons:
#   The system is out of physical RAM or swap space
#   In 32 bit mode, the process size limit was hit
# Possible solutions:
#   Reduce memory load on the system
#   Increase physical memory or swap space
#   Check if swap backing store is full
#   Use 64 bit Java on a 64 bit OS
#   Decrease Java heap size (-Xmx/-Xms)
#   Decrease number of Java threads
#   Decrease Java thread stack sizes (-Xss)
#   Set larger code cache with -XX:ReservedCodeCacheSize=
# This output file may be truncated or incomplete.
#
#  Out of Memory Error (os_linux.cpp:2726), pid=10791, tid=1812986688
#
# JRE version: Java(TM) SE Runtime Environment (7.0_51-b13) (build 1.7.0_51-b13)
# Java VM: Java HotSpot(TM) Server VM (24.51-b03 mixed mode linux-x86 )
# Failed to write core dump. Core dumps have been disabled. To enable core dumping, try "ulimit -c unlimited" before starting Java again
#

---------------  T H R E A D  ---------------

Current thread (0x6c180400):  VMThread [stack: 0x6c07f000,0x6c100000] [id=10801]

Stack: [0x6c07f000,0x6c100000],  sp=0x6c0fe990,  free space=510k
Native frames: (J=compiled Java code, j=interpreted, Vv=VM code, C=native code)
V  [libjvm.so+0x7dcac6]  VMError::report_and_die()+0x1a6
V  [libjvm.so+0x33a5b2]  report_vm_out_of_memory(char const*, int, unsigned int, char const*)+0x72
V  [libjvm.so+0x67be21]  os::Linux::commit_memory_impl(char*, unsigned int, bool)+0xe1
V  [libjvm.so+0x67c277]  os::Linux::commit_memory_impl(char*, unsigned int, unsigned int, bool)+0x47
V  [libjvm.so+0x67c45d]  os::pd_commit_memory(char*, unsigned int, unsigned int, bool)+0x1d
V  [libjvm.so+0x675e8c]  os::commit_memory(char*, unsigned int, unsigned int, bool)+0x2c
V  [libjvm.so+0x6df398]  PSVirtualSpace::expand_by(unsigned int)+0x48
V  [libjvm.so+0x6d1a11]  PSOldGen::expand(unsigned int)+0x141
V  [libjvm.so+0x6d1adf]  PSOldGen::resize(unsigned int)+0x8f
V  [libjvm.so+0x6d860a]  PSParallelCompact::invoke_no_policy(bool)+0x8aa
V  [libjvm.so+0x6ddaad]  PSScavenge::invoke()+0x16d
V  [libjvm.so+0x69bbca]  ParallelScavengeHeap::failed_mem_allocate(unsigned int)+0x5a
V  [libjvm.so+0x7de36a]  VM_ParallelGCFailedAllocation::doit()+0x7a
V  [libjvm.so+0x7e7127]  VM_Operation::evaluate()+0x47
V  [libjvm.so+0x7e5223]  VMThread::evaluate_operation(VM_Operation*)+0xb3
V  [libjvm.so+0x7e55c0]  VMThread::loop()+0x1b0
V  [libjvm.so+0x7e5a25]  VMThread::run()+0x85
V  [libjvm.so+0x67e319]  java_start(Thread*)+0x119
C  [libpthread.so.0+0x6d78]  start_thread+0xd8

VM_Operation (0x6b5adb24): ParallelGCFailedAllocation, mode: safepoint, requested by thread 0x6b624800


---------------  P R O C E S S  ---------------

Java Threads: ( => current thread )
  0x6b630800 JavaThread "pool-2-thread-4" [_thread_blocked, id=10814, stack(0x6b50d000,0x6b55e000)]
  0x6b624800 JavaThread "pool-2-thread-3" [_thread_blocked, id=10813, stack(0x6b55e000,0x6b5af000)]
  0x6b623800 JavaThread "pool-2-thread-2" [_thread_blocked, id=10812, stack(0x6b5af000,0x6b600000)]
  0x6b622000 JavaThread "pool-3-thread-1" [_thread_blocked, id=10811, stack(0x6b90b000,0x6b95c000)]
  0x6b620c00 JavaThread "pool-2-thread-1" [_thread_blocked, id=10810, stack(0x6b95c000,0x6b9ad000)]
  0x6c199800 JavaThread "Service Thread" daemon [_thread_blocked, id=10807, stack(0x6ba2e000,0x6ba7f000)]
  0x6c197800 JavaThread "C2 CompilerThread1" daemon [_thread_blocked, id=10806, stack(0x6ba7f000,0x6bb00000)]
  0x6c195800 JavaThread "C2 CompilerThread0" daemon [_thread_blocked, id=10805, stack(0x6be2e000,0x6beaf000)]
  0x6c194000 JavaThread "Signal Dispatcher" daemon [_thread_blocked, id=10804, stack(0x6beaf000,0x6bf00000)]
  0x6c184800 JavaThread "Finalizer" daemon [_thread_blocked, id=10803, stack(0x6c02e000,0x6c07f000)]
  0x6c182000 JavaThread "Reference Handler" daemon [_thread_blocked, id=10802, stack(0x6eb2e000,0x6eb7f000)]
  0xb6607800 JavaThread "main" [_thread_blocked, id=10796, stack(0xb6787000,0xb67d8000)]

Other Threads:
=>0x6c180400 VMThread [stack: 0x6c07f000,0x6c100000] [id=10801]
  0x6c19b800 WatcherThread [stack: 0x6b9ad000,0x6ba2e000] [id=10808]

VM state:at safepoint (normal execution)

VM Mutex/Monitor currently owned by a thread:  ([mutex/lock_event])
[0xb6604aa8] ExpandHeap_lock - owner thread: 0x6c180400
[0xb6604ff0] Threads_lock - owner thread: 0x6c180400
[0xb6605400] Heap_lock - owner thread: 0x6b624800

Heap
 PSYoungGen      total 233216K, used 21600K [0x9df80000, 0xb3500000, 0xb3500000)
  eden space 116736K, 0% used [0x9df80000,0x9df80000,0xa5180000)
  from space 116480K, 18% used [0xac340000,0xad858148,0xb3500000)
  to   space 116480K, 0% used [0xa5180000,0xa5180000,0xac340000)
 ParOldGen       total 585728K, used 585642K [0x73500000, 0x97100000, 0x9df80000)
  object space 585728K, 99% used [0x73500000,0x970ea9d0,0x97100000)
 PSPermGen       total 16384K, used 4014K [0x6f500000, 0x70500000, 0x73500000)
  object space 16384K, 24% used [0x6f500000,0x6f8eb888,0x70500000)

Card table byte_map: [0x6f2df000,0x6f500000] byte_map_base: 0x6ef64800

Polling page: 0xb770f000

Code Cache  [0xb35e8000, 0xb39a8000, 0xb65e8000)
 total_blobs=1399 nmethods=1276 adapters=76 free_code_cache=45401Kb largest_free_block=46408832

Compilation events (10 events):
Event: 44.105 Thread 0x6c195800 nmethod 1312 0xb394f148 code [0xb394f220, 0xb394f270]
Event: 44.105 Thread 0x6c197800 nmethod 1311 0xb394efc8 code [0xb394f0a0, 0xb394f0f0]
Event: 44.105 Thread 0x6c197800 1313             sun.util.calendar.CalendarDate::setMillis (20 bytes)
Event: 44.105 Thread 0x6c195800 1314             sun.util.calendar.CalendarDate::setTimeOfDay (6 bytes)
Event: 44.106 Thread 0x6c195800 nmethod 1314 0xb394ed88 code [0xb394ee60, 0xb394eeb0]
Event: 44.106 Thread 0x6c197800 nmethod 1313 0xb37744c8 code [0xb37745a0, 0xb37745f0]
Event: 44.106 Thread 0x6c197800 1315             sun.util.calendar.CalendarDate::setLeapYear (6 bytes)
Event: 44.106 Thread 0x6c197800 nmethod 1315 0xb3774348 code [0xb3774420, 0xb3774470]
Event: 44.132 Thread 0x6c195800 1316             java.util.concurrent.locks.AbstractQueuedSynchronizer::compareAndSetWaitStatus (13 bytes)
Event: 44.133 Thread 0x6c195800 nmethod 1316 0xb37741c8 code [0xb37742a0, 0xb37742f0]

GC Heap History (10 events):
Event: 41.952 GC heap after
Heap after GC invocations=45 (full 8):
 PSYoungGen      total 241920K, used 63131K [0x9df80000, 0xb33c0000, 0xb3500000)
  eden space 147456K, 0% used [0x9df80000,0x9df80000,0xa6f80000)
  from space 94464K, 66% used [0xad000000,0xb0da6e10,0xb2c40000)
  to   space 98816K, 0% used [0xa6f80000,0xa6f80000,0xad000000)
 ParOldGen       total 585728K, used 472057K [0x73500000, 0x97100000, 0x9df80000)
  object space 585728K, 80% used [0x73500000,0x901fe748,0x97100000)
 PSPermGen       total 16384K, used 4012K [0x6f500000, 0x70500000, 0x73500000)
  object space 16384K, 24% used [0x6f500000,0x6f8eb2b0,0x70500000)
}
Event: 42.434 GC heap before
{Heap before GC invocations=46 (full 8):
 PSYoungGen      total 241920K, used 210587K [0x9df80000, 0xb33c0000, 0xb3500000)
  eden space 147456K, 100% used [0x9df80000,0xa6f80000,0xa6f80000)
  from space 94464K, 66% used [0xad000000,0xb0da6e10,0xb2c40000)
  to   space 98816K, 0% used [0xa6f80000,0xa6f80000,0xad000000)
 ParOldGen       total 585728K, used 472057K [0x73500000, 0x97100000, 0x9df80000)
  object space 585728K, 80% used [0x73500000,0x901fe748,0x97100000)
 PSPermGen       total 16384K, used 4012K [0x6f500000, 0x70500000, 0x73500000)
  object space 16384K, 24% used [0x6f500000,0x6f8eb328,0x70500000)
Event: 42.559 GC heap after
Heap after GC invocations=46 (full 8):
 PSYoungGen      total 230912K, used 83202K [0x9df80000, 0xb3500000, 0xb3500000)
  eden space 147456K, 0% used [0x9df80000,0x9df80000,0xa6f80000)
  from space 83456K, 99% used [0xa6f80000,0xac0c0888,0xac100000)
  to   space 109568K, 0% used [0xaca00000,0xaca00000,0xb3500000)
 ParOldGen       total 585728K, used 472057K [0x73500000, 0x97100000, 0x9df80000)
  object space 585728K, 80% used [0x73500000,0x901fe748,0x97100000)
 PSPermGen       total 16384K, used 4012K [0x6f500000, 0x70500000, 0x73500000)
  object space 16384K, 24% used [0x6f500000,0x6f8eb328,0x70500000)
}
Event: 43.246 GC heap before
{Heap before GC invocations=47 (full 8):
 PSYoungGen      total 230912K, used 230658K [0x9df80000, 0xb3500000, 0xb3500000)
  eden space 147456K, 100% used [0x9df80000,0xa6f80000,0xa6f80000)
  from space 83456K, 99% used [0xa6f80000,0xac0c0888,0xac100000)
  to   space 109568K, 0% used [0xaca00000,0xaca00000,0xb3500000)
 ParOldGen       total 585728K, used 472057K [0x73500000, 0x97100000, 0x9df80000)
  object space 585728K, 80% used [0x73500000,0x901fe748,0x97100000)
 PSPermGen       total 16384K, used 4013K [0x6f500000, 0x70500000, 0x73500000)
  object space 16384K, 24% used [0x6f500000,0x6f8eb4f8,0x70500000)
Event: 43.388 GC heap after
Heap after GC invocations=47 (full 8):
 PSYoungGen      total 226304K, used 105226K [0x9df80000, 0xb3500000, 0xb3500000)
  eden space 116736K, 0% used [0x9df80000,0x9df80000,0xa5180000)
  from space 109568K, 96% used [0xaca00000,0xb30c2b60,0xb3500000)
  to   space 116480K, 0% used [0xa5180000,0xa5180000,0xac340000)
 ParOldGen       total 585728K, used 472057K [0x73500000, 0x97100000, 0x9df80000)
  object space 585728K, 80% used [0x73500000,0x901fe748,0x97100000)
 PSPermGen       total 16384K, used 4013K [0x6f500000, 0x70500000, 0x73500000)
  object space 16384K, 24% used [0x6f500000,0x6f8eb4f8,0x70500000)
}
Event: 43.748 GC heap before
{Heap before GC invocations=48 (full 8):
 PSYoungGen      total 226304K, used 221962K [0x9df80000, 0xb3500000, 0xb3500000)
  eden space 116736K, 100% used [0x9df80000,0xa5180000,0xa5180000)
  from space 109568K, 96% used [0xaca00000,0xb30c2b60,0xb3500000)
  to   space 116480K, 0% used [0xa5180000,0xa5180000,0xac340000)
 ParOldGen       total 585728K, used 472057K [0x73500000, 0x97100000, 0x9df80000)
  object space 585728K, 80% used [0x73500000,0x901fe748,0x97100000)
 PSPermGen       total 16384K, used 4013K [0x6f500000, 0x70500000, 0x73500000)
  object space 16384K, 24% used [0x6f500000,0x6f8eb508,0x70500000)
Event: 43.873 GC heap after
Heap after GC invocations=48 (full 8):
 PSYoungGen      total 233216K, used 82461K [0x9df80000, 0xb3500000, 0xb3500000)
  eden space 116736K, 0% used [0x9df80000,0x9df80000,0xa5180000)
  from space 116480K, 70% used [0xa5180000,0xaa207468,0xac340000)
  to   space 116480K, 0% used [0xac340000,0xac340000,0xb3500000)
 ParOldGen       total 585728K, used 513491K [0x73500000, 0x97100000, 0x9df80000)
  object space 585728K, 87% used [0x73500000,0x92a74f90,0x97100000)
 PSPermGen       total 16384K, used 4013K [0x6f500000, 0x70500000, 0x73500000)
  object space 16384K, 24% used [0x6f500000,0x6f8eb508,0x70500000)
}
Event: 44.418 GC heap before
{Heap before GC invocations=49 (full 8):
 PSYoungGen      total 233216K, used 199197K [0x9df80000, 0xb3500000, 0xb3500000)
  eden space 116736K, 100% used [0x9df80000,0xa5180000,0xa5180000)
  from space 116480K, 70% used [0xa5180000,0xaa207468,0xac340000)
  to   space 116480K, 0% used [0xac340000,0xac340000,0xb3500000)
 ParOldGen       total 585728K, used 513491K [0x73500000, 0x97100000, 0x9df80000)
  object space 585728K, 87% used [0x73500000,0x92a74f90,0x97100000)
 PSPermGen       total 16384K, used 4014K [0x6f500000, 0x70500000, 0x73500000)
  object space 16384K, 24% used [0x6f500000,0x6f8eb8d8,0x70500000)
Event: 44.554 GC heap after
Heap after GC invocations=49 (full 8):
 PSYoungGen      total 233216K, used 58647K [0x9df80000, 0xb3500000, 0xb3500000)
  eden space 116736K, 0% used [0x9df80000,0x9df80000,0xa5180000)
  from space 116480K, 50% used [0xac340000,0xafc85f60,0xb3500000)
  to   space 116480K, 0% used [0xa5180000,0xa5180000,0xac340000)
 ParOldGen       total 585728K, used 554830K [0x73500000, 0x97100000, 0x9df80000)
  object space 585728K, 94% used [0x73500000,0x952d3890,0x97100000)
 PSPermGen       total 16384K, used 4014K [0x6f500000, 0x70500000, 0x73500000)
  object space 16384K, 24% used [0x6f500000,0x6f8eb8d8,0x70500000)
}
Event: 44.554 GC heap before
{Heap before GC invocations=50 (full 9):
 PSYoungGen      total 233216K, used 58647K [0x9df80000, 0xb3500000, 0xb3500000)
  eden space 116736K, 0% used [0x9df80000,0x9df80000,0xa5180000)
  from space 116480K, 50% used [0xac340000,0xafc85f60,0xb3500000)
  to   space 116480K, 0% used [0xa5180000,0xa5180000,0xac340000)
 ParOldGen       total 585728K, used 554830K [0x73500000, 0x97100000, 0x9df80000)
  object space 585728K, 94% used [0x73500000,0x952d3890,0x97100000)
 PSPermGen       total 16384K, used 4014K [0x6f500000, 0x70500000, 0x73500000)
  object space 16384K, 24% used [0x6f500000,0x6f8eb8d8,0x70500000)

Deoptimization events (10 events):
Event: 24.736 Thread 0x6b620c00 Uncommon trap: reason=class_check action=maybe_recompile pc=0xb37754b4 method=com.android.dx.ssa.back.InterferenceGraph.mergeInterferenceSet(ILcom/android/dx/util/IntSet;)V @ 20
Event: 31.996 Thread 0xb6607800 Uncommon trap: reason=bimorphic action=maybe_recompile pc=0xb371d5a4 method=com.android.dx.ssa.LiteralOpUpgrader.tryReplacingWithConstant(Lcom/android/dx/ssa/NormalSsaInsn;)Z @ 62
Event: 32.111 Thread 0xb6607800 Uncommon trap: reason=bimorphic action=maybe_recompile pc=0xb371d5a4 method=com.android.dx.ssa.LiteralOpUpgrader.tryReplacingWithConstant(Lcom/android/dx/ssa/NormalSsaInsn;)Z @ 62
Event: 32.137 Thread 0x6b624800 Uncommon trap: reason=bimorphic action=maybe_recompile pc=0xb371d5a4 method=com.android.dx.ssa.LiteralOpUpgrader.tryReplacingWithConstant(Lcom/android/dx/ssa/NormalSsaInsn;)Z @ 62
Event: 32.644 Thread 0xb6607800 Uncommon trap: reason=bimorphic action=maybe_recompile pc=0xb371d5a4 method=com.android.dx.ssa.LiteralOpUpgrader.tryReplacingWithConstant(Lcom/android/dx/ssa/NormalSsaInsn;)Z @ 62
Event: 38.400 Thread 0x6b630800 Uncommon trap: reason=range_check action=make_not_entrant pc=0xb3975aa4 method=java.util.DualPivotQuicksort.sort([IIIZ)V @ 56
Event: 38.945 Thread 0x6b624800 Uncommon trap: reason=class_check action=maybe_recompile pc=0xb36d9e2c method=com.android.dx.ssa.DomFront.calcDomFronts()V @ 101
Event: 38.949 Thread 0x6b624800 Uncommon trap: reason=predicate action=maybe_recompile pc=0xb396ef2c method=com.android.dx.ssa.SsaConverter.placePhiFunctions(Lcom/android/dx/ssa/SsaMethod;Lcom/android/dx/ssa/LocalVariableInfo;I)V @ 274
Event: 38.949 Thread 0x6b624800 Uncommon trap: reason=predicate action=maybe_recompile pc=0xb39520a4 method=com.android.dx.ssa.SsaConverter.placePhiFunctions(Lcom/android/dx/ssa/SsaMethod;Lcom/android/dx/ssa/LocalVariableInfo;I)V @ 274
Event: 43.476 Thread 0x6b630800 Uncommon trap: reason=unloaded action=reinterpret pc=0xb381c898 method=com.android.dx.ssa.SCCP.replaceBranches()V @ 110

Internal exceptions (10 events):
Event: 9.931 Thread 0x6b624800 Threw 0x9e00ff48 at /HUDSON/workspace/7u-2-build-linux-i586/jdk7u51/527/hotspot/src/share/vm/prims/jvm.cpp:1244
Event: 13.105 Thread 0xb6607800 Threw 0xa06ad320 at /HUDSON/workspace/7u-2-build-linux-i586/jdk7u51/527/hotspot/src/share/vm/prims/jvm.cpp:1244
Event: 15.438 Thread 0x6b620c00 Threw 0xa85fafe0 at /HUDSON/workspace/7u-2-build-linux-i586/jdk7u51/527/hotspot/src/share/vm/prims/jvm.cpp:1244
Event: 16.073 Thread 0xb6607800 Threw 0xa3c4fdb8 at /HUDSON/workspace/7u-2-build-linux-i586/jdk7u51/527/hotspot/src/share/vm/prims/jvm.cpp:1244
Event: 19.151 Thread 0x6b620c00 Implicit null exception at 0xb3724a70 to 0xb3725431
Event: 19.151 Thread 0x6b620c00 Implicit null exception at 0xb37db430 to 0xb37db665
Event: 19.155 Thread 0x6b620c00 Implicit null exception at 0xb373fdde to 0xb373fff1
Event: 19.155 Thread 0x6b620c00 Implicit null exception at 0xb36f2e16 to 0xb36f2efd
Event: 21.888 Thread 0x6b624800 Threw 0xa533b8b0 at /HUDSON/workspace/7u-2-build-linux-i586/jdk7u51/527/hotspot/src/share/vm/prims/jvm.cpp:1244
Event: 22.068 Thread 0x6b624800 Threw 0xa74aa240 at /HUDSON/workspace/7u-2-build-linux-i586/jdk7u51/527/hotspot/src/share/vm/prims/jvm.cpp:1244

Events (10 events):
Event: 43.246 Executing VM operation: ParallelGCFailedAllocation
Event: 43.388 Executing VM operation: ParallelGCFailedAllocation done
Event: 43.476 Thread 0x6b630800 Uncommon trap: trap_request=0x00000060 fr.pc=0xb381c898
Event: 43.476 Thread 0x6b630800 DEOPT PACKING pc=0xb381c898 sp=0x6b55c9d0
Event: 43.476 Thread 0x6b630800 DEOPT UNPACKING pc=0xb3614bbc sp=0x6b55c96c mode 2
Event: 43.624 Thread 0x6c197800 flushing nmethod 0xb394ed88
Event: 43.745 Executing VM operation: ParallelGCFailedAllocation
Event: 43.873 Executing VM operation: ParallelGCFailedAllocation done
Event: 44.101 Thread 0x6c195800 flushing nmethod 0xb371c988
Event: 44.418 Executing VM operation: ParallelGCFailedAllocation


Dynamic libraries:
08048000-08049000 r-xp 00000000 08:01 22808717   /usr/lib/jvm/jdk1.7.0_51/bin/java
08049000-0804a000 rw-p 00000000 08:01 22808717   /usr/lib/jvm/jdk1.7.0_51/bin/java
095d1000-09603000 rw-p 00000000 00:00 0          [heap]
69300000-6932c000 rw-p 00000000 00:00 0 
6932c000-69400000 ---p 00000000 00:00 0 
69400000-69422000 rw-p 00000000 00:00 0 
69422000-69500000 ---p 00000000 00:00 0 
69500000-695cf000 rw-p 00000000 00:00 0 
695cf000-69600000 ---p 00000000 00:00 0 
69700000-69900000 rw-p 00000000 00:00 0 
69900000-69b00000 rw-p 00000000 00:00 0 
69b00000-69bf6000 rw-p 00000000 00:00 0 
69bf6000-69c00000 ---p 00000000 00:00 0 
69c00000-69d00000 rw-p 00000000 00:00 0 
69d00000-69df8000 rw-p 00000000 00:00 0 
69df8000-69e00000 ---p 00000000 00:00 0 
69f00000-69fca000 rw-p 00000000 00:00 0 
69fca000-6a000000 ---p 00000000 00:00 0 
6a000000-6a0e9000 rw-p 00000000 00:00 0 
6a0e9000-6a100000 ---p 00000000 00:00 0 
6a100000-6a1fa000 rw-p 00000000 00:00 0 
6a1fa000-6a200000 ---p 00000000 00:00 0 
6a300000-6a3f9000 rw-p 00000000 00:00 0 
6a3f9000-6a400000 ---p 00000000 00:00 0 
6a500000-6a600000 rw-p 00000000 00:00 0 
6a600000-6a700000 rw-p 00000000 00:00 0 
6a700000-6a800000 rw-p 00000000 00:00 0 
6a900000-6a992000 rw-p 00000000 00:00 0 
6a992000-6aa00000 ---p 00000000 00:00 0 
6aa00000-6ab00000 rw-p 00000000 00:00 0 
6ab00000-6abff000 rw-p 00000000 00:00 0 
6abff000-6ac00000 ---p 00000000 00:00 0 
6ac00000-6ad00000 rw-p 00000000 00:00 0 
6ae00000-6af00000 rw-p 00000000 00:00 0 
6b000000-6b0ff000 rw-p 00000000 00:00 0 
6b0ff000-6b100000 ---p 00000000 00:00 0 
6b200000-6b2f1000 rw-p 00000000 00:00 0 
6b2f1000-6b300000 ---p 00000000 00:00 0 
6b300000-6b3ff000 rw-p 00000000 00:00 0 
6b3ff000-6b400000 ---p 00000000 00:00 0 
6b400000-6b4fa000 rw-p 00000000 00:00 0 
6b4fa000-6b500000 ---p 00000000 00:00 0 
6b50d000-6b510000 ---p 00000000 00:00 0 
6b510000-6b55e000 rw-p 00000000 00:00 0          [stack:10814]
6b55e000-6b561000 ---p 00000000 00:00 0 
6b561000-6b5af000 rw-p 00000000 00:00 0          [stack:10813]
6b5af000-6b5b2000 ---p 00000000 00:00 0 
6b5b2000-6b600000 rw-p 00000000 00:00 0          [stack:10812]
6b600000-6b700000 rw-p 00000000 00:00 0 
6b720000-6b800000 r--s 0095e000 08:01 24646879   /home/daemonsoft/AndroidStudioProjects/OxfordSchool/app/build/intermediates/transforms/jarMerging/debug/jars/1/1f/combined.jar
6b800000-6b8fd000 rw-p 00000000 00:00 0 
6b8fd000-6b900000 ---p 00000000 00:00 0 
6b90b000-6b90e000 ---p 00000000 00:00 0 
6b90e000-6b95c000 rw-p 00000000 00:00 0          [stack:10811]
6b95c000-6b95f000 ---p 00000000 00:00 0 
6b95f000-6b9ad000 rw-p 00000000 00:00 0          [stack:10810]
6b9ad000-6b9ae000 ---p 00000000 00:00 0 
6b9ae000-6ba2e000 rw-p 00000000 00:00 0          [stack:10808]
6ba2e000-6ba31000 ---p 00000000 00:00 0 
6ba31000-6ba7f000 rw-p 00000000 00:00 0          [stack:10807]
6ba7f000-6ba82000 ---p 00000000 00:00 0 
6ba82000-6bb00000 rw-p 00000000 00:00 0          [stack:10806]
6bb00000-6bd00000 r--p 00000000 08:01 18882059   /usr/lib/locale/locale-archive
6bd00000-6bd26000 rw-p 00000000 00:00 0 
6bd26000-6be00000 ---p 00000000 00:00 0 
6be2e000-6be31000 ---p 00000000 00:00 0 
6be31000-6beaf000 rw-p 00000000 00:00 0          [stack:10805]
6beaf000-6beb2000 ---p 00000000 00:00 0 
6beb2000-6bf00000 rw-p 00000000 00:00 0          [stack:10804]
6bf00000-6c000000 rw-p 00000000 00:00 0 
6c02e000-6c031000 ---p 00000000 00:00 0 
6c031000-6c07f000 rw-p 00000000 00:00 0          [stack:10803]
6c07f000-6c080000 ---p 00000000 00:00 0 
6c080000-6c100000 rw-p 00000000 00:00 0          [stack:10801]
6c100000-6c1f9000 rw-p 00000000 00:00 0 
6c1f9000-6c200000 ---p 00000000 00:00 0 
6c203000-6c3c0000 r--s 039bf000 08:01 22808730   /usr/lib/jvm/jdk1.7.0_51/jre/lib/rt.jar
6c3c0000-6ea00000 rw-p 00000000 00:00 0 
6ea00000-6eafb000 rw-p 00000000 00:00 0 
6eafb000-6eb00000 ---p 00000000 00:00 0 
6eb18000-6eb2d000 r-xp 00000000 08:01 22937800   /usr/lib/jvm/jdk1.7.0_51/jre/lib/i386/libnet.so
6eb2d000-6eb2e000 rw-p 00014000 08:01 22937800   /usr/lib/jvm/jdk1.7.0_51/jre/lib/i386/libnet.so
6eb2e000-6eb31000 ---p 00000000 00:00 0 
6eb31000-6eb7f000 rw-p 00000000 00:00 0          [stack:10802]
6eb7f000-6eb80000 ---p 00000000 00:00 0 
6eb80000-6ec00000 rw-p 00000000 00:00 0          [stack:10800]
6ec00000-6ec21000 rw-p 00000000 00:00 0 
6ec21000-6ed00000 ---p 00000000 00:00 0 
6ed34000-6ed7f000 rw-p 00000000 00:00 0 
6ed7f000-6ed80000 ---p 00000000 00:00 0 
6ed80000-6ee00000 rw-p 00000000 00:00 0          [stack:10799]
6ee00000-6ee36000 rw-p 00000000 00:00 0 
6ee36000-6ef00000 ---p 00000000 00:00 0 
6ef0a000-6ef7f000 rw-p 00000000 00:00 0 
6ef7f000-6ef80000 ---p 00000000 00:00 0 
6ef80000-6f000000 rw-p 00000000 00:00 0          [stack:10798]
6f000000-6f048000 rw-p 00000000 00:00 0 
6f048000-6f100000 ---p 00000000 00:00 0 
6f108000-6f109000 ---p 00000000 00:00 0 
6f109000-6f2a7000 rw-p 00000000 00:00 0          [stack:10797]
6f2a7000-6f2c1000 ---p 00000000 00:00 0 
6f2c1000-6f2df000 rw-p 00000000 00:00 0 
6f2df000-6f2e7000 rw-p 00000000 00:00 0 
6f2e7000-6f2ff000 rw-p 00000000 00:00 0 
6f2ff000-6f41d000 rw-p 00000000 00:00 0 
6f41d000-6f437000 ---p 00000000 00:00 0 
6f437000-6f454000 rw-p 00000000 00:00 0 
6f454000-6f4ff000 rw-p 00000000 00:00 0 
6f4ff000-70500000 rw-p 00000000 00:00 0 
70500000-73500000 rw-p 00000000 00:00 0 
73500000-97100000 rw-p 00000000 00:00 0 
9de0f000-b3500000 rw-p 00000000 00:00 0 
b3508000-b3510000 rw-p 00000000 00:00 0 
b3510000-b3528000 rw-p 00000000 00:00 0 
b3528000-b3537000 rw-p 00000000 00:00 0 
b3537000-b35e8000 rw-p 00000000 00:00 0 
b35e8000-b39a8000 rwxp 00000000 00:00 0 
b39a8000-b65e8000 rw-p 00000000 00:00 0 
b65e8000-b65ff000 r-xp 00000000 08:01 22937822   /usr/lib/jvm/jdk1.7.0_51/jre/lib/i386/libzip.so
b65ff000-b6600000 rw-p 00017000 08:01 22937822   /usr/lib/jvm/jdk1.7.0_51/jre/lib/i386/libzip.so
b6600000-b66f6000 rw-p 00000000 00:00 0 
b66f6000-b6700000 ---p 00000000 00:00 0 
b6700000-b670e000 r-xp 00000000 08:01 22937809   /usr/lib/jvm/jdk1.7.0_51/jre/lib/i386/libnio.so
b670e000-b670f000 rw-p 0000e000 08:01 22937809   /usr/lib/jvm/jdk1.7.0_51/jre/lib/i386/libnio.so
b670f000-b671a000 r-xp 00000000 08:01 27919935   /lib/i386-linux-gnu/libnss_files-2.17.so
b671a000-b671b000 r--p 0000a000 08:01 27919935   /lib/i386-linux-gnu/libnss_files-2.17.so
b671b000-b671c000 rw-p 0000b000 08:01 27919935   /lib/i386-linux-gnu/libnss_files-2.17.so
b671c000-b6726000 r-xp 00000000 08:01 27919931   /lib/i386-linux-gnu/libnss_nis-2.17.so
b6726000-b6727000 r--p 00009000 08:01 27919931   /lib/i386-linux-gnu/libnss_nis-2.17.so
b6727000-b6728000 rw-p 0000a000 08:01 27919931   /lib/i386-linux-gnu/libnss_nis-2.17.so
b6728000-b673d000 r-xp 00000000 08:01 27919916   /lib/i386-linux-gnu/libnsl-2.17.so
b673d000-b673e000 r--p 00014000 08:01 27919916   /lib/i386-linux-gnu/libnsl-2.17.so
b673e000-b673f000 rw-p 00015000 08:01 27919916   /lib/i386-linux-gnu/libnsl-2.17.so
b673f000-b6741000 rw-p 00000000 00:00 0 
b6742000-b6743000 rw-p 00000000 00:00 0 
b6743000-b6752000 r--s 000df000 08:01 5245103    /home/daemonsoft/Android/Sdk/build-tools/23.0.0/lib/dx.jar
b6752000-b675a000 rw-s 00000000 08:01 7472835    /tmp/hsperfdata_daemonsoft/10791
b675a000-b677d000 r-xp 00000000 08:01 22937785   /usr/lib/jvm/jdk1.7.0_51/jre/lib/i386/libjava.so
b677d000-b677e000 rw-p 00022000 08:01 22937785   /usr/lib/jvm/jdk1.7.0_51/jre/lib/i386/libjava.so
b677e000-b6785000 r-xp 00000000 08:01 27919383   /lib/i386-linux-gnu/librt-2.17.so
b6785000-b6786000 r--p 00006000 08:01 27919383   /lib/i386-linux-gnu/librt-2.17.so
b6786000-b6787000 rw-p 00007000 08:01 27919383   /lib/i386-linux-gnu/librt-2.17.so
b6787000-b678a000 ---p 00000000 00:00 0 
b678a000-b67d8000 rw-p 00000000 00:00 0          [stack:10796]
b67d8000-b6819000 r-xp 00000000 08:01 27919929   /lib/i386-linux-gnu/libm-2.17.so
b6819000-b681a000 r--p 00040000 08:01 27919929   /lib/i386-linux-gnu/libm-2.17.so
b681a000-b681b000 rw-p 00041000 08:01 27919929   /lib/i386-linux-gnu/libm-2.17.so
b681b000-b7092000 r-xp 00000000 08:01 22937821   /usr/lib/jvm/jdk1.7.0_51/jre/lib/i386/server/libjvm.so
b7092000-b70f6000 rw-p 00877000 08:01 22937821   /usr/lib/jvm/jdk1.7.0_51/jre/lib/i386/server/libjvm.so
b70f6000-b751a000 rw-p 00000000 00:00 0 
b751a000-b76c8000 r-xp 00000000 08:01 27919923   /lib/i386-linux-gnu/libc-2.17.so
b76c8000-b76ca000 r--p 001ae000 08:01 27919923   /lib/i386-linux-gnu/libc-2.17.so
b76ca000-b76cb000 rw-p 001b0000 08:01 27919923   /lib/i386-linux-gnu/libc-2.17.so
b76cb000-b76ce000 rw-p 00000000 00:00 0 
b76ce000-b76d1000 r-xp 00000000 08:01 27919924   /lib/i386-linux-gnu/libdl-2.17.so
b76d1000-b76d2000 r--p 00002000 08:01 27919924   /lib/i386-linux-gnu/libdl-2.17.so
b76d2000-b76d3000 rw-p 00003000 08:01 27919924   /lib/i386-linux-gnu/libdl-2.17.so
b76d3000-b76d4000 rw-p 00000000 00:00 0 
b76d4000-b76e7000 r-xp 00000000 08:01 22807747   /usr/lib/jvm/jdk1.7.0_51/lib/i386/jli/libjli.so
b76e7000-b76e8000 rw-p 00012000 08:01 22807747   /usr/lib/jvm/jdk1.7.0_51/lib/i386/jli/libjli.so
b76e8000-b76ff000 r-xp 00000000 08:01 27919928   /lib/i386-linux-gnu/libpthread-2.17.so
b76ff000-b7700000 r--p 00016000 08:01 27919928   /lib/i386-linux-gnu/libpthread-2.17.so
b7700000-b7701000 rw-p 00017000 08:01 27919928   /lib/i386-linux-gnu/libpthread-2.17.so
b7701000-b7704000 rw-p 00000000 00:00 0 
b7704000-b7705000 r--p 005db000 08:01 18882059   /usr/lib/locale/locale-archive
b7705000-b770c000 r-xp 00000000 08:01 27919926   /lib/i386-linux-gnu/libnss_compat-2.17.so
b770c000-b770d000 r--p 00006000 08:01 27919926   /lib/i386-linux-gnu/libnss_compat-2.17.so
b770d000-b770e000 rw-p 00007000 08:01 27919926   /lib/i386-linux-gnu/libnss_compat-2.17.so
b770e000-b770f000 rw-p 00000000 00:00 0 
b770f000-b7710000 ---p 00000000 00:00 0 
b7710000-b771b000 r-xp 00000000 08:01 22937767   /usr/lib/jvm/jdk1.7.0_51/jre/lib/i386/libverify.so
b771b000-b771c000 rw-p 0000b000 08:01 22937767   /usr/lib/jvm/jdk1.7.0_51/jre/lib/i386/libverify.so
b771c000-b771e000 rw-p 00000000 00:00 0 
b771e000-b771f000 r-xp 00000000 00:00 0          [vdso]
b771f000-b773f000 r-xp 00000000 08:01 27919919   /lib/i386-linux-gnu/ld-2.17.so
b773f000-b7740000 r--p 0001f000 08:01 27919919   /lib/i386-linux-gnu/ld-2.17.so
b7740000-b7741000 rw-p 00020000 08:01 27919919   /lib/i386-linux-gnu/ld-2.17.so
bf96b000-bf98c000 rw-p 00000000 00:00 0          [stack]

VM Arguments:
jvm_args: -Djava.awt.headless=true -Xmx1024M -Dfile.encoding=UTF-8 -Duser.country=IN -Duser.language=en -Duser.variant 
java_command: com.android.dx.command.Main --dex --num-threads=4 --multi-dex --main-dex-list /home/daemonsoft/AndroidStudioProjects/OxfordSchool/app/build/intermediates/multi-dex/debug/maindexlist.txt --output /home/daemonsoft/AndroidStudioProjects/OxfordSchool/app/build/intermediates/transforms/dex/debug/folders/1000/1f/main /home/daemonsoft/AndroidStudioProjects/OxfordSchool/app/build/intermediates/transforms/jarMerging/debug/jars/1/1f/combined.jar
Launcher Type: SUN_STANDARD

Environment Variables:
PATH=/usr/lib/lightdm/lightdm:/usr/local/sbin:/usr/local/bin:/usr/sbin:/usr/bin:/sbin:/bin:/usr/games:/usr/local/games
SHELL=/bin/bash
DISPLAY=:0

Signal Handlers:
SIGSEGV: [libjvm.so+0x7dd5e0], sa_mask[0]=0x7ffbfeff, sa_flags=0x10000004
SIGBUS: [libjvm.so+0x7dd5e0], sa_mask[0]=0x7ffbfeff, sa_flags=0x10000004
SIGFPE: [libjvm.so+0x678d60], sa_mask[0]=0x7ffbfeff, sa_flags=0x10000004
SIGPIPE: [libjvm.so+0x678d60], sa_mask[0]=0x7ffbfeff, sa_flags=0x10000004
SIGXFSZ: [libjvm.so+0x678d60], sa_mask[0]=0x7ffbfeff, sa_flags=0x10000004
SIGILL: [libjvm.so+0x678d60], sa_mask[0]=0x7ffbfeff, sa_flags=0x10000004
SIGUSR1: SIG_DFL, sa_mask[0]=0x00000000, sa_flags=0x00000000
SIGUSR2: [libjvm.so+0x67a250], sa_mask[0]=0x00000004, sa_flags=0x10000004
SIGHUP: [libjvm.so+0x67b3a0], sa_mask[0]=0x7ffbfeff, sa_flags=0x10000004
SIGINT: [libjvm.so+0x67b3a0], sa_mask[0]=0x7ffbfeff, sa_flags=0x10000004
SIGTERM: [libjvm.so+0x67b3a0], sa_mask[0]=0x7ffbfeff, sa_flags=0x10000004
SIGQUIT: [libjvm.so+0x67b3a0], sa_mask[0]=0x7ffbfeff, sa_flags=0x10000004


---------------  S Y S T E M  ---------------

OS:wheezy/sid

uname:Linux 3.8.0-35-generic #50-Ubuntu SMP Tue Dec 3 01:25:33 UTC 2013 i686
libc:glibc 2.17 NPTL 2.17 
rlimit: STACK 8192k, CORE 0k, NPROC 28680, NOFILE 4096, AS infinity
load average:7.94 3.05 1.79

/proc/meminfo:
MemTotal:        3687784 kB
MemFree:          215824 kB
Buffers:            2216 kB
Cached:           269508 kB
SwapCached:        12964 kB
Active:          2485164 kB
Inactive:         880640 kB
Active(anon):    2473112 kB
Inactive(anon):   844348 kB
Active(file):      12052 kB
Inactive(file):    36292 kB
Unevictable:          36 kB
Mlocked:              36 kB
HighTotal:       2834296 kB
HighFree:          44524 kB
LowTotal:         853488 kB
LowFree:          171300 kB
SwapTotal:       1646588 kB
SwapFree:            376 kB
Dirty:               516 kB
Writeback:             0 kB
AnonPages:       3082072 kB
Mapped:            86008 kB
Shmem:            223048 kB
Slab:              51636 kB
SReclaimable:      21720 kB
SUnreclaim:        29916 kB
KernelStack:        5768 kB
PageTables:        19704 kB
NFS_Unstable:          0 kB
Bounce:                4 kB
WritebackTmp:          0 kB
CommitLimit:     3490480 kB
Committed_AS:   10218048 kB
VmallocTotal:     122880 kB
VmallocUsed:       20448 kB
VmallocChunk:      99496 kB
HardwareCorrupted:     0 kB
AnonHugePages:         0 kB
HugePages_Total:       0
HugePages_Free:        0
HugePages_Rsvd:        0
HugePages_Surp:        0
Hugepagesize:       2048 kB
DirectMap4k:       10232 kB
DirectMap2M:      903168 kB


CPU:total 4 (2 cores per cpu, 2 threads per core) family 6 model 58 stepping 9, cmov, cx8, fxsr, mmx, sse, sse2, sse3, ssse3, sse4.1, sse4.2, popcnt, avx, erms, ht, tsc, tscinvbit, tscinv

/proc/cpuinfo:
processor	: 0
vendor_id	: GenuineIntel
cpu family	: 6
model		: 58
model name	: Intel(R) Core(TM) i3-3110M CPU @ 2.40GHz
stepping	: 9
microcode	: 0x17
cpu MHz		: 2400.000
cache size	: 3072 KB
physical id	: 0
siblings	: 4
core id		: 0
cpu cores	: 2
apicid		: 0
initial apicid	: 0
fdiv_bug	: no
hlt_bug		: no
f00f_bug	: no
coma_bug	: no
fpu		: yes
fpu_exception	: yes
cpuid level	: 13
wp		: yes
flags		: fpu vme de pse tsc msr pae mce cx8 apic sep mtrr pge mca cmov pat pse36 clflush dts acpi mmx fxsr sse sse2 ss ht tm pbe nx rdtscp lm constant_tsc arch_perfmon pebs bts xtopology nonstop_tsc aperfmperf eagerfpu pni pclmulqdq dtes64 monitor ds_cpl vmx est tm2 ssse3 cx16 xtpr pdcm pcid sse4_1 sse4_2 x2apic popcnt tsc_deadline_timer xsave avx f16c lahf_lm arat epb xsaveopt pln pts dtherm tpr_shadow vnmi flexpriority ept vpid fsgsbase smep erms
bogomips	: 4789.21
clflush size	: 64
cache_alignment	: 64
address sizes	: 36 bits physical, 48 bits virtual
power management:

processor	: 1
vendor_id	: GenuineIntel
cpu family	: 6
model		: 58
model name	: Intel(R) Core(TM) i3-3110M CPU @ 2.40GHz
stepping	: 9
microcode	: 0x17
cpu MHz		: 2400.000
cache size	: 3072 KB
physical id	: 0
siblings	: 4
core id		: 0
cpu cores	: 2
apicid		: 1
initial apicid	: 1
fdiv_bug	: no
hlt_bug		: no
f00f_bug	: no
coma_bug	: no
fpu		: yes
fpu_exception	: yes
cpuid level	: 13
wp		: yes
flags		: fpu vme de pse tsc msr pae mce cx8 apic sep mtrr pge mca cmov pat pse36 clflush dts acpi mmx fxsr sse sse2 ss ht tm pbe nx rdtscp lm constant_tsc arch_perfmon pebs bts xtopology nonstop_tsc aperfmperf eagerfpu pni pclmulqdq dtes64 monitor ds_cpl vmx est tm2 ssse3 cx16 xtpr pdcm pcid sse4_1 sse4_2 x2apic popcnt tsc_deadline_timer xsave avx f16c lahf_lm arat epb xsaveopt pln pts dtherm tpr_shadow vnmi flexpriority ept vpid fsgsbase smep erms
bogomips	: 4789.21
clflush size	: 64
cache_alignment	: 64
address sizes	: 36 bits physical, 48 bits virtual
power management:

processor	: 2
vendor_id	: GenuineIntel
cpu family	: 6
model		: 58
model name	: Intel(R) Core(TM) i3-3110M CPU @ 2.40GHz
stepping	: 9
microcode	: 0x17
cpu MHz		: 1200.000
cache size	: 3072 KB
physical id	: 0
siblings	: 4
core id		: 1
cpu cores	: 2
apicid		: 2
initial apicid	: 2
fdiv_bug	: no
hlt_bug		: no
f00f_bug	: no
coma_bug	: no
fpu		: yes
fpu_exception	: yes
cpuid level	: 13
wp		: yes
flags		: fpu vme de pse tsc msr pae mce cx8 apic sep mtrr pge mca cmov pat pse36 clflush dts acpi mmx fxsr sse sse2 ss ht tm pbe nx rdtscp lm constant_tsc arch_perfmon pebs bts xtopology nonstop_tsc aperfmperf eagerfpu pni pclmulqdq dtes64 monitor ds_cpl vmx est tm2 ssse3 cx16 xtpr pdcm pcid sse4_1 sse4_2 x2apic popcnt tsc_deadline_timer xsave avx f16c lahf_lm arat epb xsaveopt pln pts dtherm tpr_shadow vnmi flexpriority ept vpid fsgsbase smep erms
bogomips	: 4789.21
clflush size	: 64
cache_alignment	: 64
address sizes	: 36 bits physical, 48 bits virtual
power management:

processor	: 3
vendor_id	: GenuineIntel
cpu family	: 6
model		: 58
model name	: Intel(R) Core(TM) i3-3110M CPU @ 2.40GHz
stepping	: 9
microcode	: 0x17
cpu MHz		: 2400.000
cache size	: 3072 KB
physical id	: 0
siblings	: 4
core id		: 1
cpu cores	: 2
apicid		: 3
initial apicid	: 3
fdiv_bug	: no
hlt_bug		: no
f00f_bug	: no
coma_bug	: no
fpu		: yes
fpu_exception	: yes
cpuid level	: 13
wp		: yes
flags		: fpu vme de pse tsc msr pae mce cx8 apic sep mtrr pge mca cmov pat pse36 clflush dts acpi mmx fxsr sse sse2 ss ht tm pbe nx rdtscp lm constant_tsc arch_perfmon pebs bts xtopology nonstop_tsc aperfmperf eagerfpu pni pclmulqdq dtes64 monitor ds_cpl vmx est tm2 ssse3 cx16 xtpr pdcm pcid sse4_1 sse4_2 x2apic popcnt tsc_deadline_timer xsave avx f16c lahf_lm arat epb xsaveopt pln pts dtherm tpr_shadow vnmi flexpriority ept vpid fsgsbase smep erms
bogomips	: 4789.21
clflush size	: 64
cache_alignment	: 64
address sizes	: 36 bits physical, 48 bits virtual
power management:



Memory: 4k page, physical 3687784k(215824k free), swap 1646588k(376k free)

vm_info: Java HotSpot(TM) Server VM (24.51-b03) for linux-x86 JRE (1.7.0_51-b13), built on Dec 18 2013 18:45:30 by "java_re" with gcc 4.3.0 20080428 (Red Hat 4.3.0-8)

time: Mon Apr 11 17:22:44 2016
elapsed time: 51 seconds

