#
# There is insufficient memory for the Java Runtime Environment to continue.
# Native memory allocation (malloc) failed to allocate 91750400 bytes for committing reserved memory.
# Possible reasons:
#   The system is out of physical RAM or swap space
#   In 32 bit mode, the process size limit was hit
# Possible solutions:
#   Reduce memory load on the system
#   Increase physical memory or swap space
#   Check if swap backing store is full
#   Use 64 bit Java on a 64 bit OS
#   Decrease Java heap size (-Xmx/-Xms)
#   Decrease number of Java threads
#   Decrease Java thread stack sizes (-Xss)
#   Set larger code cache with -XX:ReservedCodeCacheSize=
# This output file may be truncated or incomplete.
#
#  Out of Memory Error (os_linux.cpp:2726), pid=8490, tid=1812986688
#
# JRE version: Java(TM) SE Runtime Environment (7.0_51-b13) (build 1.7.0_51-b13)
# Java VM: Java HotSpot(TM) Server VM (24.51-b03 mixed mode linux-x86 )
# Failed to write core dump. Core dumps have been disabled. To enable core dumping, try "ulimit -c unlimited" before starting Java again
#

---------------  T H R E A D  ---------------

Current thread (0x6c180400):  VMThread [stack: 0x6c07f000,0x6c100000] [id=8500]

Stack: [0x6c07f000,0x6c100000],  sp=0x6c0fe810,  free space=510k
Native frames: (J=compiled Java code, j=interpreted, Vv=VM code, C=native code)
V  [libjvm.so+0x7dcac6]  VMError::report_and_die()+0x1a6
V  [libjvm.so+0x33a5b2]  report_vm_out_of_memory(char const*, int, unsigned int, char const*)+0x72
V  [libjvm.so+0x67be21]  os::Linux::commit_memory_impl(char*, unsigned int, bool)+0xe1
V  [libjvm.so+0x67c277]  os::Linux::commit_memory_impl(char*, unsigned int, unsigned int, bool)+0x47
V  [libjvm.so+0x67c45d]  os::pd_commit_memory(char*, unsigned int, unsigned int, bool)+0x1d
V  [libjvm.so+0x675e8c]  os::commit_memory(char*, unsigned int, unsigned int, bool)+0x2c
V  [libjvm.so+0x6df398]  PSVirtualSpace::expand_by(unsigned int)+0x48
V  [libjvm.so+0x6d1a11]  PSOldGen::expand(unsigned int)+0x141
V  [libjvm.so+0x6d1adf]  PSOldGen::resize(unsigned int)+0x8f
V  [libjvm.so+0x6d860a]  PSParallelCompact::invoke_no_policy(bool)+0x8aa
V  [libjvm.so+0x6ddaad]  PSScavenge::invoke()+0x16d
V  [libjvm.so+0x69bbca]  ParallelScavengeHeap::failed_mem_allocate(unsigned int)+0x5a
V  [libjvm.so+0x7de36a]  VM_ParallelGCFailedAllocation::doit()+0x7a
V  [libjvm.so+0x7e7127]  VM_Operation::evaluate()+0x47
V  [libjvm.so+0x7e5223]  VMThread::evaluate_operation(VM_Operation*)+0xb3
V  [libjvm.so+0x7e55c0]  VMThread::loop()+0x1b0
V  [libjvm.so+0x7e5a25]  VMThread::run()+0x85
V  [libjvm.so+0x67e319]  java_start(Thread*)+0x119
C  [libpthread.so.0+0x6d78]  start_thread+0xd8

VM_Operation (0x6b70b884): ParallelGCFailedAllocation, mode: safepoint, requested by thread 0x6b833c00


---------------  P R O C E S S  ---------------

Java Threads: ( => current thread )
  0x6b836000 JavaThread "pool-2-thread-4" [_thread_blocked, id=8512, stack(0x6b66b000,0x6b6bc000)]
  0x6b833c00 JavaThread "pool-2-thread-3" [_thread_blocked, id=8511, stack(0x6b6bc000,0x6b70d000)]
  0x6b833000 JavaThread "pool-2-thread-2" [_thread_blocked, id=8510, stack(0x6b70d000,0x6b75e000)]
  0x6b831000 JavaThread "pool-3-thread-1" [_thread_blocked, id=8509, stack(0x6b75e000,0x6b7af000)]
  0x6b830400 JavaThread "pool-2-thread-1" [_thread_blocked, id=8508, stack(0x6b7af000,0x6b800000)]
  0x6c199800 JavaThread "Service Thread" daemon [_thread_blocked, id=8506, stack(0x6be0d000,0x6be5e000)]
  0x6c197800 JavaThread "C2 CompilerThread1" daemon [_thread_blocked, id=8505, stack(0x6b9fe000,0x6ba7f000)]
  0x6c195800 JavaThread "C2 CompilerThread0" daemon [_thread_blocked, id=8504, stack(0x6ba7f000,0x6bb00000)]
  0x6c194000 JavaThread "Signal Dispatcher" daemon [_thread_blocked, id=8503, stack(0x6be5e000,0x6beaf000)]
  0x6c184800 JavaThread "Finalizer" daemon [_thread_blocked, id=8502, stack(0x6beaf000,0x6bf00000)]
  0x6c182000 JavaThread "Reference Handler" daemon [_thread_blocked, id=8501, stack(0x6c02e000,0x6c07f000)]
  0xb6607800 JavaThread "main" [_thread_blocked, id=8495, stack(0xb674b000,0xb679c000)]

Other Threads:
=>0x6c180400 VMThread [stack: 0x6c07f000,0x6c100000] [id=8500]
  0x6c19b800 WatcherThread [stack: 0x6b97d000,0x6b9fe000] [id=8507]

VM state:at safepoint (normal execution)

VM Mutex/Monitor currently owned by a thread:  ([mutex/lock_event])
[0xb6604aa8] ExpandHeap_lock - owner thread: 0x6c180400
[0xb6604ff0] Threads_lock - owner thread: 0x6c180400
[0xb6605400] Heap_lock - owner thread: 0x6b833c00

Heap
 PSYoungGen      total 289536K, used 0K [0x9df40000, 0xb34c0000, 0xb34c0000)
  eden space 243456K, 0% used [0x9df40000,0x9df40000,0xacd00000)
  from space 46080K, 0% used [0xacd00000,0xacd00000,0xafa00000)
  to   space 60160K, 0% used [0xafa00000,0xafa00000,0xb34c0000)
 ParOldGen       total 286720K, used 271790K [0x734c0000, 0x84cc0000, 0x9df40000)
  object space 286720K, 94% used [0x734c0000,0x83e2b8b8,0x84cc0000)
 PSPermGen       total 16384K, used 3959K [0x6f4c0000, 0x704c0000, 0x734c0000)
  object space 16384K, 24% used [0x6f4c0000,0x6f89df90,0x704c0000)

Card table byte_map: [0x6f29f000,0x6f4c0000] byte_map_base: 0x6ef24a00

Polling page: 0xb76d3000

Code Cache  [0xb35b6000, 0xb393e000, 0xb65b6000)
 total_blobs=1253 nmethods=1130 adapters=76 free_code_cache=45583Kb largest_free_block=46643392

Compilation events (10 events):
Event: 18.548 Thread 0x6c197800 1143             java.lang.String::lastIndexOf (11 bytes)
Event: 18.557 Thread 0x6c197800 nmethod 1143 0xb3732f48 code [0xb3733040, 0xb3733310]
Event: 18.557 Thread 0x6c197800 1144             java.lang.String::lastIndexOf (25 bytes)
Event: 18.567 Thread 0x6c197800 nmethod 1144 0xb3732988 code [0xb3732a80, 0xb3732d50]
Event: 18.567 Thread 0x6c197800 1145             java.util.concurrent.locks.AbstractQueuedSynchronizer$ConditionObject::signal (33 bytes)
Event: 18.570 Thread 0x6c197800 nmethod 1145 0xb3732588 code [0xb37326a0, 0xb37327fc]
Event: 18.570 Thread 0x6c197800 1146             com.android.dx.rop.code.Rops::pickBinaryOp (158 bytes)
Event: 18.575 Thread 0x6c197800 nmethod 1146 0xb3933188 code [0xb39332a0, 0xb39334d0]
Event: 18.588 Thread 0x6c197800 1147             com.android.dx.cf.direct.MemberListParser::parseIfNecessary (12 bytes)
Event: 18.589 Thread 0x6c197800 nmethod 1147 0xb3933848 code [0xb3933940, 0xb393399c]

GC Heap History (10 events):
Event: 13.632 GC heap after
Heap after GC invocations=16 (full 3):
 PSYoungGen      total 232448K, used 13479K [0x9df40000, 0xb2980000, 0xb34c0000)
  eden space 200960K, 0% used [0x9df40000,0x9df40000,0xaa380000)
  from space 31488K, 42% used [0xaa380000,0xab0a9fe8,0xac240000)
  to   space 43520K, 0% used [0xaff00000,0xaff00000,0xb2980000)
 ParOldGen       total 185856K, used 118143K [0x734c0000, 0x7ea40000, 0x9df40000)
  object space 185856K, 63% used [0x734c0000,0x7a81fd98,0x7ea40000)
 PSPermGen       total 16384K, used 3926K [0x6f4c0000, 0x704c0000, 0x734c0000)
  object space 16384K, 23% used [0x6f4c0000,0x6f895a38,0x704c0000)
}
Event: 14.366 GC heap before
{Heap before GC invocations=17 (full 3):
 PSYoungGen      total 232448K, used 214439K [0x9df40000, 0xb2980000, 0xb34c0000)
  eden space 200960K, 100% used [0x9df40000,0xaa380000,0xaa380000)
  from space 31488K, 42% used [0xaa380000,0xab0a9fe8,0xac240000)
  to   space 43520K, 0% used [0xaff00000,0xaff00000,0xb2980000)
 ParOldGen       total 185856K, used 118143K [0x734c0000, 0x7ea40000, 0x9df40000)
  object space 185856K, 63% used [0x734c0000,0x7a81fd98,0x7ea40000)
 PSPermGen       total 16384K, used 3934K [0x6f4c0000, 0x704c0000, 0x734c0000)
  object space 16384K, 24% used [0x6f4c0000,0x6f897b70,0x704c0000)
Event: 14.503 GC heap after
Heap after GC invocations=17 (full 3):
 PSYoungGen      total 284416K, used 30974K [0x9df40000, 0xb2700000, 0xb34c0000)
  eden space 243456K, 0% used [0x9df40000,0x9df40000,0xacd00000)
  from space 40960K, 75% used [0xaff00000,0xb1d3fa30,0xb2700000)
  to   space 46080K, 0% used [0xacd00000,0xacd00000,0xafa00000)
 ParOldGen       total 185856K, used 131862K [0x734c0000, 0x7ea40000, 0x9df40000)
  object space 185856K, 70% used [0x734c0000,0x7b585b00,0x7ea40000)
 PSPermGen       total 16384K, used 3934K [0x6f4c0000, 0x704c0000, 0x734c0000)
  object space 16384K, 24% used [0x6f4c0000,0x6f897b70,0x704c0000)
}
Event: 15.323 GC heap before
{Heap before GC invocations=18 (full 3):
 PSYoungGen      total 284416K, used 274430K [0x9df40000, 0xb2700000, 0xb34c0000)
  eden space 243456K, 100% used [0x9df40000,0xacd00000,0xacd00000)
  from space 40960K, 75% used [0xaff00000,0xb1d3fa30,0xb2700000)
  to   space 46080K, 0% used [0xacd00000,0xacd00000,0xafa00000)
 ParOldGen       total 185856K, used 131862K [0x734c0000, 0x7ea40000, 0x9df40000)
  object space 185856K, 70% used [0x734c0000,0x7b585b00,0x7ea40000)
 PSPermGen       total 16384K, used 3939K [0x6f4c0000, 0x704c0000, 0x734c0000)
  object space 16384K, 24% used [0x6f4c0000,0x6f898e68,0x704c0000)
Event: 15.446 GC heap after
Heap after GC invocations=18 (full 3):
 PSYoungGen      total 289536K, used 46079K [0x9df40000, 0xb34c0000, 0xb34c0000)
  eden space 243456K, 0% used [0x9df40000,0x9df40000,0xacd00000)
  from space 46080K, 99% used [0xacd00000,0xaf9ffc08,0xafa00000)
  to   space 60160K, 0% used [0xafa00000,0xafa00000,0xb34c0000)
 ParOldGen       total 185856K, used 154113K [0x734c0000, 0x7ea40000, 0x9df40000)
  object space 185856K, 82% used [0x734c0000,0x7cb405b8,0x7ea40000)
 PSPermGen       total 16384K, used 3939K [0x6f4c0000, 0x704c0000, 0x734c0000)
  object space 16384K, 24% used [0x6f4c0000,0x6f898e68,0x704c0000)
}
Event: 16.306 GC heap before
{Heap before GC invocations=19 (full 3):
 PSYoungGen      total 289536K, used 289535K [0x9df40000, 0xb34c0000, 0xb34c0000)
  eden space 243456K, 100% used [0x9df40000,0xacd00000,0xacd00000)
  from space 46080K, 99% used [0xacd00000,0xaf9ffc08,0xafa00000)
  to   space 60160K, 0% used [0xafa00000,0xafa00000,0xb34c0000)
 ParOldGen       total 185856K, used 154113K [0x734c0000, 0x7ea40000, 0x9df40000)
  object space 185856K, 82% used [0x734c0000,0x7cb405b8,0x7ea40000)
 PSPermGen       total 16384K, used 3951K [0x6f4c0000, 0x704c0000, 0x734c0000)
  object space 16384K, 24% used [0x6f4c0000,0x6f89bec0,0x704c0000)
Event: 16.624 GC heap after
Heap after GC invocations=19 (full 3):
 PSYoungGen      total 289536K, used 289535K [0x9df40000, 0xb34c0000, 0xb34c0000)
  eden space 243456K, 100% used [0x9df40000,0xacd00000,0xacd00000)
  from space 46080K, 99% used [0xacd00000,0xaf9ffc08,0xafa00000)
  to   space 60160K, 63% used [0xafa00000,0xb1f2e4d0,0xb34c0000)
 ParOldGen       total 199168K, used 198821K [0x734c0000, 0x7f740000, 0x9df40000)
  object space 199168K, 99% used [0x734c0000,0x7f6e9620,0x7f740000)
 PSPermGen       total 16384K, used 3951K [0x6f4c0000, 0x704c0000, 0x734c0000)
  object space 16384K, 24% used [0x6f4c0000,0x6f89bec0,0x704c0000)
}
Event: 16.624 GC heap before
{Heap before GC invocations=20 (full 4):
 PSYoungGen      total 289536K, used 289535K [0x9df40000, 0xb34c0000, 0xb34c0000)
  eden space 243456K, 100% used [0x9df40000,0xacd00000,0xacd00000)
  from space 46080K, 99% used [0xacd00000,0xaf9ffc08,0xafa00000)
  to   space 60160K, 63% used [0xafa00000,0xb1f2e4d0,0xb34c0000)
 ParOldGen       total 199168K, used 198821K [0x734c0000, 0x7f740000, 0x9df40000)
  object space 199168K, 99% used [0x734c0000,0x7f6e9620,0x7f740000)
 PSPermGen       total 16384K, used 3951K [0x6f4c0000, 0x704c0000, 0x734c0000)
  object space 16384K, 24% used [0x6f4c0000,0x6f89bec0,0x704c0000)
Event: 17.701 GC heap after
Heap after GC invocations=20 (full 4):
 PSYoungGen      total 289536K, used 0K [0x9df40000, 0xb34c0000, 0xb34c0000)
  eden space 243456K, 0% used [0x9df40000,0x9df40000,0xacd00000)
  from space 46080K, 0% used [0xacd00000,0xacd00000,0xafa00000)
  to   space 60160K, 58% used [0xafa00000,0xb1c6a8e0,0xb34c0000)
 ParOldGen       total 286720K, used 198975K [0x734c0000, 0x84cc0000, 0x9df40000)
  object space 286720K, 69% used [0x734c0000,0x7f70ff30,0x84cc0000)
 PSPermGen       total 16384K, used 3951K [0x6f4c0000, 0x704c0000, 0x734c0000)
  object space 16384K, 24% used [0x6f4c0000,0x6f89be60,0x704c0000)
}
Event: 18.605 GC heap before
{Heap before GC invocations=21 (full 5):
 PSYoungGen      total 289536K, used 243456K [0x9df40000, 0xb34c0000, 0xb34c0000)
  eden space 243456K, 100% used [0x9df40000,0xacd00000,0xacd00000)
  from space 46080K, 0% used [0xacd00000,0xacd00000,0xafa00000)
  to   space 60160K, 58% used [0xafa00000,0xb1c6a8e0,0xb34c0000)
 ParOldGen       total 286720K, used 198975K [0x734c0000, 0x84cc0000, 0x9df40000)
  object space 286720K, 69% used [0x734c0000,0x7f70ff30,0x84cc0000)
 PSPermGen       total 16384K, used 3959K [0x6f4c0000, 0x704c0000, 0x734c0000)
  object space 16384K, 24% used [0x6f4c0000,0x6f89dfb0,0x704c0000)

Deoptimization events (10 events):
Event: 14.889 Thread 0xb6607800 Uncommon trap: reason=bimorphic action=maybe_recompile pc=0xb36f8358 method=com.android.dx.ssa.LiteralOpUpgrader.tryReplacingWithConstant(Lcom/android/dx/ssa/NormalSsaInsn;)Z @ 62
Event: 14.926 Thread 0x6b830400 Uncommon trap: reason=class_check action=maybe_recompile pc=0xb3776268 method=com.android.dx.ssa.SCCP.replaceConstants()V @ 182
Event: 14.982 Thread 0x6b833c00 Uncommon trap: reason=bimorphic action=maybe_recompile pc=0xb36f8358 method=com.android.dx.ssa.LiteralOpUpgrader.tryReplacingWithConstant(Lcom/android/dx/ssa/NormalSsaInsn;)Z @ 62
Event: 15.757 Thread 0xb6607800 Uncommon trap: reason=null_check action=make_not_entrant pc=0xb37ef978 method=com.android.dx.cf.direct.DirectClassFile.getSourceFile()Lcom/android/dx/rop/cst/CstString; @ 15
Event: 15.758 Thread 0xb6607800 Uncommon trap: reason=null_check action=make_not_entrant pc=0xb38d56bc method=com.android.dx.cf.direct.DirectClassFile.getSourceFile()Lcom/android/dx/rop/cst/CstString; @ 15
Event: 15.758 Thread 0xb6607800 Uncommon trap: reason=null_check action=make_not_entrant pc=0xb389993c method=com.android.dx.cf.direct.DirectClassFile.getSourceFile()Lcom/android/dx/rop/cst/CstString; @ 15
Event: 15.847 Thread 0x6b833c00 Uncommon trap: reason=unreached action=reinterpret pc=0xb3765e90 method=com.android.dx.ssa.PhiTypeResolver.resolveResultType(Lcom/android/dx/ssa/PhiInsn;)Z @ 64
Event: 15.946 Thread 0xb6607800 Uncommon trap: reason=bimorphic action=maybe_recompile pc=0xb36f8358 method=com.android.dx.ssa.LiteralOpUpgrader.tryReplacingWithConstant(Lcom/android/dx/ssa/NormalSsaInsn;)Z @ 62
Event: 15.953 Thread 0x6b833000 Uncommon trap: reason=bimorphic action=maybe_recompile pc=0xb36f8358 method=com.android.dx.ssa.LiteralOpUpgrader.tryReplacingWithConstant(Lcom/android/dx/ssa/NormalSsaInsn;)Z @ 62
Event: 17.730 Thread 0xb6607800 Uncommon trap: reason=null_check action=make_not_entrant pc=0xb390d734 method=com.android.dx.cf.direct.DirectClassFile.getSourceFile()Lcom/android/dx/rop/cst/CstString; @ 15

Internal exceptions (10 events):
Event: 7.888 Thread 0x6b833000 Implicit null exception at 0xb3793fd4 to 0xb3795c75
Event: 12.384 Thread 0xb6607800 Threw 0xa3414ad0 at /HUDSON/workspace/7u-2-build-linux-i586/jdk7u51/527/hotspot/src/share/vm/prims/jvm.cpp:1244
Event: 12.791 Thread 0x6b836000 Implicit null exception at 0xb37130e8 to 0xb371419d
Event: 12.791 Thread 0x6b836000 Implicit null exception at 0xb36f4bb2 to 0xb36f4d25
Event: 12.794 Thread 0x6b836000 Implicit null exception at 0xb36fc95c to 0xb36fdb55
Event: 12.794 Thread 0x6b836000 Implicit null exception at 0xb371f720 to 0xb371f871
Event: 12.898 Thread 0x6b836000 Implicit null exception at 0xb36b8656 to 0xb36b8755
Event: 14.060 Thread 0x6b830400 Threw 0xa4268ce8 at /HUDSON/workspace/7u-2-build-linux-i586/jdk7u51/527/hotspot/src/share/vm/prims/jvm.cpp:1244
Event: 15.757 Thread 0xb6607800 Implicit null exception at 0xb37e74a0 to 0xb37ef969
Event: 15.847 Thread 0x6b833c00 Implicit null exception at 0xb3765041 to 0xb3765e69

Events (10 events):
Event: 17.730 Thread 0xb6607800 Uncommon trap: trap_request=0xfffffff4 fr.pc=0xb390d734
Event: 17.730 Thread 0xb6607800 DEOPT PACKING pc=0xb390d734 sp=0xb679a910
Event: 17.730 Thread 0xb6607800 DEOPT UNPACKING pc=0xb35e2bbc sp=0xb679a8d4 mode 2
Event: 17.730 Thread 0x6c197800 flushing nmethod 0xb36b8548
Event: 17.734 Thread 0x6c197800 flushing nmethod 0xb36f4988
Event: 17.739 Thread 0x6c197800 flushing nmethod 0xb36fc408
Event: 17.739 Thread 0x6c197800 flushing nmethod 0xb3712c08
Event: 17.739 Thread 0x6c197800 flushing nmethod 0xb371f508
Event: 17.743 Thread 0x6c195800 flushing nmethod 0xb3731988
Event: 18.605 Executing VM operation: ParallelGCFailedAllocation


Dynamic libraries:
08048000-08049000 r-xp 00000000 08:01 22808717   /usr/lib/jvm/jdk1.7.0_51/bin/java
08049000-0804a000 rw-p 00000000 08:01 22808717   /usr/lib/jvm/jdk1.7.0_51/bin/java
0919a000-091f9000 rw-p 00000000 00:00 0          [heap]
69300000-6947e000 rw-p 00000000 00:00 0 
6947e000-69500000 ---p 00000000 00:00 0 
69500000-695ff000 rw-p 00000000 00:00 0 
695ff000-69600000 ---p 00000000 00:00 0 
69600000-6964b000 rw-p 00000000 00:00 0 
6964b000-69700000 ---p 00000000 00:00 0 
69700000-697bb000 rw-p 00000000 00:00 0 
697bb000-69800000 ---p 00000000 00:00 0 
69900000-699f8000 rw-p 00000000 00:00 0 
699f8000-69a00000 ---p 00000000 00:00 0 
69b00000-69c00000 rw-p 00000000 00:00 0 
69d00000-69de4000 rw-p 00000000 00:00 0 
69de4000-69e00000 ---p 00000000 00:00 0 
69f00000-69ff0000 rw-p 00000000 00:00 0 
69ff0000-6a000000 ---p 00000000 00:00 0 
6a000000-6a0ff000 rw-p 00000000 00:00 0 
6a0ff000-6a100000 ---p 00000000 00:00 0 
6a100000-6a1fe000 rw-p 00000000 00:00 0 
6a1fe000-6a200000 ---p 00000000 00:00 0 
6a200000-6a2fe000 rw-p 00000000 00:00 0 
6a2fe000-6a300000 ---p 00000000 00:00 0 
6a300000-6a3f9000 rw-p 00000000 00:00 0 
6a3f9000-6a400000 ---p 00000000 00:00 0 
6a400000-6a4f4000 rw-p 00000000 00:00 0 
6a4f4000-6a500000 ---p 00000000 00:00 0 
6a500000-6a5f6000 rw-p 00000000 00:00 0 
6a5f6000-6a600000 ---p 00000000 00:00 0 
6a600000-6a6fc000 rw-p 00000000 00:00 0 
6a6fc000-6a700000 ---p 00000000 00:00 0 
6a700000-6a7f9000 rw-p 00000000 00:00 0 
6a7f9000-6a800000 ---p 00000000 00:00 0 
6a800000-6a8f5000 rw-p 00000000 00:00 0 
6a8f5000-6a900000 ---p 00000000 00:00 0 
6a900000-6a9e7000 rw-p 00000000 00:00 0 
6a9e7000-6aa00000 ---p 00000000 00:00 0 
6ab00000-6abff000 rw-p 00000000 00:00 0 
6abff000-6ac00000 ---p 00000000 00:00 0 
6ad00000-6adf9000 rw-p 00000000 00:00 0 
6adf9000-6ae00000 ---p 00000000 00:00 0 
6af00000-6aff1000 rw-p 00000000 00:00 0 
6aff1000-6b000000 ---p 00000000 00:00 0 
6b100000-6b1fa000 rw-p 00000000 00:00 0 
6b1fa000-6b200000 ---p 00000000 00:00 0 
6b300000-6b3ee000 rw-p 00000000 00:00 0 
6b3ee000-6b400000 ---p 00000000 00:00 0 
6b400000-6b4e5000 rw-p 00000000 00:00 0 
6b4e5000-6b500000 ---p 00000000 00:00 0 
6b500000-6b5f9000 rw-p 00000000 00:00 0 
6b5f9000-6b600000 ---p 00000000 00:00 0 
6b66b000-6b66e000 ---p 00000000 00:00 0 
6b66e000-6b6bc000 rw-p 00000000 00:00 0          [stack:8512]
6b6bc000-6b6bf000 ---p 00000000 00:00 0 
6b6bf000-6b70d000 rw-p 00000000 00:00 0          [stack:8511]
6b70d000-6b710000 ---p 00000000 00:00 0 
6b710000-6b75e000 rw-p 00000000 00:00 0          [stack:8510]
6b75e000-6b761000 ---p 00000000 00:00 0 
6b761000-6b7af000 rw-p 00000000 00:00 0          [stack:8509]
6b7af000-6b7b2000 ---p 00000000 00:00 0 
6b7b2000-6b800000 rw-p 00000000 00:00 0          [stack:8508]
6b800000-6b8b1000 rw-p 00000000 00:00 0 
6b8b1000-6b900000 ---p 00000000 00:00 0 
6b910000-6b97d000 r--s 00529000 08:01 25956955   /home/daemonsoft/AndroidStudioProjects/OxfordSchool/app/build/intermediates/transforms/jarMerging/debug/jars/1/1f/combined.jar
6b97d000-6b97e000 ---p 00000000 00:00 0 
6b97e000-6b9fe000 rw-p 00000000 00:00 0          [stack:8507]
6b9fe000-6ba01000 ---p 00000000 00:00 0 
6ba01000-6ba7f000 rw-p 00000000 00:00 0          [stack:8505]
6ba7f000-6ba82000 ---p 00000000 00:00 0 
6ba82000-6bb00000 rw-p 00000000 00:00 0          [stack:8504]
6bb00000-6bd00000 r--p 00000000 08:01 18882059   /usr/lib/locale/locale-archive
6bd00000-6bd21000 rw-p 00000000 00:00 0 
6bd21000-6be00000 ---p 00000000 00:00 0 
6be0d000-6be10000 ---p 00000000 00:00 0 
6be10000-6be5e000 rw-p 00000000 00:00 0          [stack:8506]
6be5e000-6be61000 ---p 00000000 00:00 0 
6be61000-6beaf000 rw-p 00000000 00:00 0          [stack:8503]
6beaf000-6beb2000 ---p 00000000 00:00 0 
6beb2000-6bf00000 rw-p 00000000 00:00 0          [stack:8502]
6bf00000-6bffd000 rw-p 00000000 00:00 0 
6bffd000-6c000000 ---p 00000000 00:00 0 
6c02e000-6c031000 ---p 00000000 00:00 0 
6c031000-6c07f000 rw-p 00000000 00:00 0          [stack:8501]
6c07f000-6c080000 ---p 00000000 00:00 0 
6c080000-6c100000 rw-p 00000000 00:00 0          [stack:8500]
6c100000-6c200000 rw-p 00000000 00:00 0 
6c203000-6c3c0000 r--s 039bf000 08:01 22808730   /usr/lib/jvm/jdk1.7.0_51/jre/lib/rt.jar
6c3c0000-6ea00000 rw-p 00000000 00:00 0 
6ea00000-6eafa000 rw-p 00000000 00:00 0 
6eafa000-6eb00000 ---p 00000000 00:00 0 
6eb34000-6eb7f000 rw-p 00000000 00:00 0 
6eb7f000-6eb80000 ---p 00000000 00:00 0 
6eb80000-6ec00000 rw-p 00000000 00:00 0          [stack:8499]
6ec00000-6ec63000 rw-p 00000000 00:00 0 
6ec63000-6ed00000 ---p 00000000 00:00 0 
6ed00000-6ed21000 rw-p 00000000 00:00 0 
6ed21000-6ee00000 ---p 00000000 00:00 0 
6ee24000-6ee7f000 rw-p 00000000 00:00 0 
6ee7f000-6ee80000 ---p 00000000 00:00 0 
6ee80000-6ef00000 rw-p 00000000 00:00 0          [stack:8498]
6ef00000-6ef42000 rw-p 00000000 00:00 0 
6ef42000-6f000000 ---p 00000000 00:00 0 
6f017000-6f02c000 r-xp 00000000 08:01 22937800   /usr/lib/jvm/jdk1.7.0_51/jre/lib/i386/libnet.so
6f02c000-6f02d000 rw-p 00014000 08:01 22937800   /usr/lib/jvm/jdk1.7.0_51/jre/lib/i386/libnet.so
6f02d000-6f047000 rw-p 00000000 00:00 0 
6f047000-6f048000 ---p 00000000 00:00 0 
6f048000-6f0c8000 rw-p 00000000 00:00 0          [stack:8497]
6f0c8000-6f0c9000 ---p 00000000 00:00 0 
6f0c9000-6f1d5000 rw-p 00000000 00:00 0          [stack:8496]
6f1d5000-6f29f000 rw-p 00000000 00:00 0 
6f29f000-6f2a7000 rw-p 00000000 00:00 0 
6f2a7000-6f2bf000 rw-p 00000000 00:00 0 
6f2bf000-6f34b000 rw-p 00000000 00:00 0 
6f34b000-6f414000 rw-p 00000000 00:00 0 
6f414000-6f4bf000 rw-p 00000000 00:00 0 
6f4bf000-704c0000 rw-p 00000000 00:00 0 
704c0000-734c0000 rw-p 00000000 00:00 0 
734c0000-84cc0000 rw-p 00000000 00:00 0 
8a2cf000-8a440000 rw-p 00000000 00:00 0 
8a440000-9df40000 rw-p 00000000 00:00 0 
9df40000-b34c0000 rw-p 00000000 00:00 0 
b34c7000-b34d5000 r-xp 00000000 08:01 22937809   /usr/lib/jvm/jdk1.7.0_51/jre/lib/i386/libnio.so
b34d5000-b34d6000 rw-p 0000e000 08:01 22937809   /usr/lib/jvm/jdk1.7.0_51/jre/lib/i386/libnio.so
b34d6000-b34de000 rw-p 00000000 00:00 0 
b34de000-b34f6000 rw-p 00000000 00:00 0 
b34f6000-b3505000 rw-p 00000000 00:00 0 
b3505000-b35b6000 rw-p 00000000 00:00 0 
b35b6000-b393e000 rwxp 00000000 00:00 0 
b393e000-b65b6000 rw-p 00000000 00:00 0 
b65b6000-b65cd000 r-xp 00000000 08:01 22937822   /usr/lib/jvm/jdk1.7.0_51/jre/lib/i386/libzip.so
b65cd000-b65ce000 rw-p 00017000 08:01 22937822   /usr/lib/jvm/jdk1.7.0_51/jre/lib/i386/libzip.so
b65ce000-b65d9000 r-xp 00000000 08:01 27919935   /lib/i386-linux-gnu/libnss_files-2.17.so
b65d9000-b65da000 r--p 0000a000 08:01 27919935   /lib/i386-linux-gnu/libnss_files-2.17.so
b65da000-b65db000 rw-p 0000b000 08:01 27919935   /lib/i386-linux-gnu/libnss_files-2.17.so
b65db000-b65e5000 r-xp 00000000 08:01 27919931   /lib/i386-linux-gnu/libnss_nis-2.17.so
b65e5000-b65e6000 r--p 00009000 08:01 27919931   /lib/i386-linux-gnu/libnss_nis-2.17.so
b65e6000-b65e7000 rw-p 0000a000 08:01 27919931   /lib/i386-linux-gnu/libnss_nis-2.17.so
b65e7000-b65fc000 r-xp 00000000 08:01 27919916   /lib/i386-linux-gnu/libnsl-2.17.so
b65fc000-b65fd000 r--p 00014000 08:01 27919916   /lib/i386-linux-gnu/libnsl-2.17.so
b65fd000-b65fe000 rw-p 00015000 08:01 27919916   /lib/i386-linux-gnu/libnsl-2.17.so
b65fe000-b6600000 rw-p 00000000 00:00 0 
b6600000-b66f6000 rw-p 00000000 00:00 0 
b66f6000-b6700000 ---p 00000000 00:00 0 
b6706000-b6707000 rw-p 00000000 00:00 0 
b6707000-b6716000 r--s 000df000 08:01 5245103    /home/daemonsoft/Android/Sdk/build-tools/23.0.0/lib/dx.jar
b6716000-b671e000 rw-s 00000000 08:01 7472900    /tmp/hsperfdata_daemonsoft/8490
b671e000-b6741000 r-xp 00000000 08:01 22937785   /usr/lib/jvm/jdk1.7.0_51/jre/lib/i386/libjava.so
b6741000-b6742000 rw-p 00022000 08:01 22937785   /usr/lib/jvm/jdk1.7.0_51/jre/lib/i386/libjava.so
b6742000-b6749000 r-xp 00000000 08:01 27919383   /lib/i386-linux-gnu/librt-2.17.so
b6749000-b674a000 r--p 00006000 08:01 27919383   /lib/i386-linux-gnu/librt-2.17.so
b674a000-b674b000 rw-p 00007000 08:01 27919383   /lib/i386-linux-gnu/librt-2.17.so
b674b000-b674e000 ---p 00000000 00:00 0 
b674e000-b679c000 rw-p 00000000 00:00 0          [stack:8495]
b679c000-b67dd000 r-xp 00000000 08:01 27919929   /lib/i386-linux-gnu/libm-2.17.so
b67dd000-b67de000 r--p 00040000 08:01 27919929   /lib/i386-linux-gnu/libm-2.17.so
b67de000-b67df000 rw-p 00041000 08:01 27919929   /lib/i386-linux-gnu/libm-2.17.so
b67df000-b7056000 r-xp 00000000 08:01 22937821   /usr/lib/jvm/jdk1.7.0_51/jre/lib/i386/server/libjvm.so
b7056000-b70ba000 rw-p 00877000 08:01 22937821   /usr/lib/jvm/jdk1.7.0_51/jre/lib/i386/server/libjvm.so
b70ba000-b74de000 rw-p 00000000 00:00 0 
b74de000-b768c000 r-xp 00000000 08:01 27919923   /lib/i386-linux-gnu/libc-2.17.so
b768c000-b768e000 r--p 001ae000 08:01 27919923   /lib/i386-linux-gnu/libc-2.17.so
b768e000-b768f000 rw-p 001b0000 08:01 27919923   /lib/i386-linux-gnu/libc-2.17.so
b768f000-b7692000 rw-p 00000000 00:00 0 
b7692000-b7695000 r-xp 00000000 08:01 27919924   /lib/i386-linux-gnu/libdl-2.17.so
b7695000-b7696000 r--p 00002000 08:01 27919924   /lib/i386-linux-gnu/libdl-2.17.so
b7696000-b7697000 rw-p 00003000 08:01 27919924   /lib/i386-linux-gnu/libdl-2.17.so
b7697000-b7698000 rw-p 00000000 00:00 0 
b7698000-b76ab000 r-xp 00000000 08:01 22807747   /usr/lib/jvm/jdk1.7.0_51/lib/i386/jli/libjli.so
b76ab000-b76ac000 rw-p 00012000 08:01 22807747   /usr/lib/jvm/jdk1.7.0_51/lib/i386/jli/libjli.so
b76ac000-b76c3000 r-xp 00000000 08:01 27919928   /lib/i386-linux-gnu/libpthread-2.17.so
b76c3000-b76c4000 r--p 00016000 08:01 27919928   /lib/i386-linux-gnu/libpthread-2.17.so
b76c4000-b76c5000 rw-p 00017000 08:01 27919928   /lib/i386-linux-gnu/libpthread-2.17.so
b76c5000-b76c8000 rw-p 00000000 00:00 0 
b76c8000-b76c9000 r--p 005db000 08:01 18882059   /usr/lib/locale/locale-archive
b76c9000-b76d0000 r-xp 00000000 08:01 27919926   /lib/i386-linux-gnu/libnss_compat-2.17.so
b76d0000-b76d1000 r--p 00006000 08:01 27919926   /lib/i386-linux-gnu/libnss_compat-2.17.so
b76d1000-b76d2000 rw-p 00007000 08:01 27919926   /lib/i386-linux-gnu/libnss_compat-2.17.so
b76d2000-b76d3000 rw-p 00000000 00:00 0 
b76d3000-b76d4000 ---p 00000000 00:00 0 
b76d4000-b76df000 r-xp 00000000 08:01 22937767   /usr/lib/jvm/jdk1.7.0_51/jre/lib/i386/libverify.so
b76df000-b76e0000 rw-p 0000b000 08:01 22937767   /usr/lib/jvm/jdk1.7.0_51/jre/lib/i386/libverify.so
b76e0000-b76e2000 rw-p 00000000 00:00 0 
b76e2000-b76e3000 r-xp 00000000 00:00 0          [vdso]
b76e3000-b7703000 r-xp 00000000 08:01 27919919   /lib/i386-linux-gnu/ld-2.17.so
b7703000-b7704000 r--p 0001f000 08:01 27919919   /lib/i386-linux-gnu/ld-2.17.so
b7704000-b7705000 rw-p 00020000 08:01 27919919   /lib/i386-linux-gnu/ld-2.17.so
bfa79000-bfa9a000 rw-p 00000000 00:00 0          [stack]

VM Arguments:
jvm_args: -Djava.awt.headless=true -Xmx1024M -Dfile.encoding=UTF-8 -Duser.country=IN -Duser.language=en -Duser.variant 
java_command: com.android.dx.command.Main --dex --num-threads=4 --multi-dex --main-dex-list /home/daemonsoft/AndroidStudioProjects/OxfordSchool/app/build/intermediates/multi-dex/debug/maindexlist.txt --output /home/daemonsoft/AndroidStudioProjects/OxfordSchool/app/build/intermediates/transforms/dex/debug/folders/1000/1f/main /home/daemonsoft/AndroidStudioProjects/OxfordSchool/app/build/intermediates/transforms/jarMerging/debug/jars/1/1f/combined.jar
Launcher Type: SUN_STANDARD

Environment Variables:
PATH=/usr/lib/lightdm/lightdm:/usr/local/sbin:/usr/local/bin:/usr/sbin:/usr/bin:/sbin:/bin:/usr/games:/usr/local/games
SHELL=/bin/bash
DISPLAY=:0

Signal Handlers:
SIGSEGV: [libjvm.so+0x7dd5e0], sa_mask[0]=0x7ffbfeff, sa_flags=0x10000004
SIGBUS: [libjvm.so+0x7dd5e0], sa_mask[0]=0x7ffbfeff, sa_flags=0x10000004
SIGFPE: [libjvm.so+0x678d60], sa_mask[0]=0x7ffbfeff, sa_flags=0x10000004
SIGPIPE: [libjvm.so+0x678d60], sa_mask[0]=0x7ffbfeff, sa_flags=0x10000004
SIGXFSZ: [libjvm.so+0x678d60], sa_mask[0]=0x7ffbfeff, sa_flags=0x10000004
SIGILL: [libjvm.so+0x678d60], sa_mask[0]=0x7ffbfeff, sa_flags=0x10000004
SIGUSR1: SIG_DFL, sa_mask[0]=0x00000000, sa_flags=0x00000000
SIGUSR2: [libjvm.so+0x67a250], sa_mask[0]=0x00000004, sa_flags=0x10000004
SIGHUP: [libjvm.so+0x67b3a0], sa_mask[0]=0x7ffbfeff, sa_flags=0x10000004
SIGINT: [libjvm.so+0x67b3a0], sa_mask[0]=0x7ffbfeff, sa_flags=0x10000004
SIGTERM: [libjvm.so+0x67b3a0], sa_mask[0]=0x7ffbfeff, sa_flags=0x10000004
SIGQUIT: [libjvm.so+0x67b3a0], sa_mask[0]=0x7ffbfeff, sa_flags=0x10000004


---------------  S Y S T E M  ---------------

OS:wheezy/sid

uname:Linux 3.8.0-35-generic #50-Ubuntu SMP Tue Dec 3 01:25:33 UTC 2013 i686
libc:glibc 2.17 NPTL 2.17 
rlimit: STACK 8192k, CORE 0k, NPROC 28680, NOFILE 4096, AS infinity
load average:5.02 3.35 2.22

/proc/meminfo:
MemTotal:        3687784 kB
MemFree:          178444 kB
Buffers:             668 kB
Cached:           467324 kB
SwapCached:        80688 kB
Active:          2510128 kB
Inactive:         895096 kB
Active(anon):    2509216 kB
Inactive(anon):   856328 kB
Active(file):        912 kB
Inactive(file):    38768 kB
Unevictable:          36 kB
Mlocked:              36 kB
HighTotal:       2834296 kB
HighFree:          20488 kB
LowTotal:         853488 kB
LowFree:          157956 kB
SwapTotal:       1646588 kB
SwapFree:              0 kB
Dirty:                28 kB
Writeback:             0 kB
AnonPages:       2857292 kB
Mapped:           112868 kB
Shmem:            427836 kB
Slab:              50976 kB
SReclaimable:      20388 kB
SUnreclaim:        30588 kB
KernelStack:        5632 kB
PageTables:        18896 kB
NFS_Unstable:          0 kB
Bounce:                0 kB
WritebackTmp:          0 kB
CommitLimit:     3490480 kB
Committed_AS:    9865408 kB
VmallocTotal:     122880 kB
VmallocUsed:       20520 kB
VmallocChunk:      98968 kB
HardwareCorrupted:     0 kB
AnonHugePages:         0 kB
HugePages_Total:       0
HugePages_Free:        0
HugePages_Rsvd:        0
HugePages_Surp:        0
Hugepagesize:       2048 kB
DirectMap4k:       10232 kB
DirectMap2M:      903168 kB


CPU:total 4 (2 cores per cpu, 2 threads per core) family 6 model 58 stepping 9, cmov, cx8, fxsr, mmx, sse, sse2, sse3, ssse3, sse4.1, sse4.2, popcnt, avx, erms, ht, tsc, tscinvbit, tscinv

/proc/cpuinfo:
processor	: 0
vendor_id	: GenuineIntel
cpu family	: 6
model		: 58
model name	: Intel(R) Core(TM) i3-3110M CPU @ 2.40GHz
stepping	: 9
microcode	: 0x17
cpu MHz		: 2400.000
cache size	: 3072 KB
physical id	: 0
siblings	: 4
core id		: 0
cpu cores	: 2
apicid		: 0
initial apicid	: 0
fdiv_bug	: no
hlt_bug		: no
f00f_bug	: no
coma_bug	: no
fpu		: yes
fpu_exception	: yes
cpuid level	: 13
wp		: yes
flags		: fpu vme de pse tsc msr pae mce cx8 apic sep mtrr pge mca cmov pat pse36 clflush dts acpi mmx fxsr sse sse2 ss ht tm pbe nx rdtscp lm constant_tsc arch_perfmon pebs bts xtopology nonstop_tsc aperfmperf eagerfpu pni pclmulqdq dtes64 monitor ds_cpl vmx est tm2 ssse3 cx16 xtpr pdcm pcid sse4_1 sse4_2 x2apic popcnt tsc_deadline_timer xsave avx f16c lahf_lm arat epb xsaveopt pln pts dtherm tpr_shadow vnmi flexpriority ept vpid fsgsbase smep erms
bogomips	: 4788.91
clflush size	: 64
cache_alignment	: 64
address sizes	: 36 bits physical, 48 bits virtual
power management:

processor	: 1
vendor_id	: GenuineIntel
cpu family	: 6
model		: 58
model name	: Intel(R) Core(TM) i3-3110M CPU @ 2.40GHz
stepping	: 9
microcode	: 0x17
cpu MHz		: 2400.000
cache size	: 3072 KB
physical id	: 0
siblings	: 4
core id		: 0
cpu cores	: 2
apicid		: 1
initial apicid	: 1
fdiv_bug	: no
hlt_bug		: no
f00f_bug	: no
coma_bug	: no
fpu		: yes
fpu_exception	: yes
cpuid level	: 13
wp		: yes
flags		: fpu vme de pse tsc msr pae mce cx8 apic sep mtrr pge mca cmov pat pse36 clflush dts acpi mmx fxsr sse sse2 ss ht tm pbe nx rdtscp lm constant_tsc arch_perfmon pebs bts xtopology nonstop_tsc aperfmperf eagerfpu pni pclmulqdq dtes64 monitor ds_cpl vmx est tm2 ssse3 cx16 xtpr pdcm pcid sse4_1 sse4_2 x2apic popcnt tsc_deadline_timer xsave avx f16c lahf_lm arat epb xsaveopt pln pts dtherm tpr_shadow vnmi flexpriority ept vpid fsgsbase smep erms
bogomips	: 4788.91
clflush size	: 64
cache_alignment	: 64
address sizes	: 36 bits physical, 48 bits virtual
power management:

processor	: 2
vendor_id	: GenuineIntel
cpu family	: 6
model		: 58
model name	: Intel(R) Core(TM) i3-3110M CPU @ 2.40GHz
stepping	: 9
microcode	: 0x17
cpu MHz		: 1200.000
cache size	: 3072 KB
physical id	: 0
siblings	: 4
core id		: 1
cpu cores	: 2
apicid		: 2
initial apicid	: 2
fdiv_bug	: no
hlt_bug		: no
f00f_bug	: no
coma_bug	: no
fpu		: yes
fpu_exception	: yes
cpuid level	: 13
wp		: yes
flags		: fpu vme de pse tsc msr pae mce cx8 apic sep mtrr pge mca cmov pat pse36 clflush dts acpi mmx fxsr sse sse2 ss ht tm pbe nx rdtscp lm constant_tsc arch_perfmon pebs bts xtopology nonstop_tsc aperfmperf eagerfpu pni pclmulqdq dtes64 monitor ds_cpl vmx est tm2 ssse3 cx16 xtpr pdcm pcid sse4_1 sse4_2 x2apic popcnt tsc_deadline_timer xsave avx f16c lahf_lm arat epb xsaveopt pln pts dtherm tpr_shadow vnmi flexpriority ept vpid fsgsbase smep erms
bogomips	: 4788.91
clflush size	: 64
cache_alignment	: 64
address sizes	: 36 bits physical, 48 bits virtual
power management:

processor	: 3
vendor_id	: GenuineIntel
cpu family	: 6
model		: 58
model name	: Intel(R) Core(TM) i3-3110M CPU @ 2.40GHz
stepping	: 9
microcode	: 0x17
cpu MHz		: 1200.000
cache size	: 3072 KB
physical id	: 0
siblings	: 4
core id		: 1
cpu cores	: 2
apicid		: 3
initial apicid	: 3
fdiv_bug	: no
hlt_bug		: no
f00f_bug	: no
coma_bug	: no
fpu		: yes
fpu_exception	: yes
cpuid level	: 13
wp		: yes
flags		: fpu vme de pse tsc msr pae mce cx8 apic sep mtrr pge mca cmov pat pse36 clflush dts acpi mmx fxsr sse sse2 ss ht tm pbe nx rdtscp lm constant_tsc arch_perfmon pebs bts xtopology nonstop_tsc aperfmperf eagerfpu pni pclmulqdq dtes64 monitor ds_cpl vmx est tm2 ssse3 cx16 xtpr pdcm pcid sse4_1 sse4_2 x2apic popcnt tsc_deadline_timer xsave avx f16c lahf_lm arat epb xsaveopt pln pts dtherm tpr_shadow vnmi flexpriority ept vpid fsgsbase smep erms
bogomips	: 4788.91
clflush size	: 64
cache_alignment	: 64
address sizes	: 36 bits physical, 48 bits virtual
power management:



Memory: 4k page, physical 3687784k(178444k free), swap 1646588k(0k free)

vm_info: Java HotSpot(TM) Server VM (24.51-b03) for linux-x86 JRE (1.7.0_51-b13), built on Dec 18 2013 18:45:30 by "java_re" with gcc 4.3.0 20080428 (Red Hat 4.3.0-8)

time: Fri May 13 14:46:28 2016
elapsed time: 25 seconds

