#
# There is insufficient memory for the Java Runtime Environment to continue.
# Native memory allocation (malloc) failed to allocate 98304000 bytes for committing reserved memory.
# Possible reasons:
#   The system is out of physical RAM or swap space
#   In 32 bit mode, the process size limit was hit
# Possible solutions:
#   Reduce memory load on the system
#   Increase physical memory or swap space
#   Check if swap backing store is full
#   Use 64 bit Java on a 64 bit OS
#   Decrease Java heap size (-Xmx/-Xms)
#   Decrease number of Java threads
#   Decrease Java thread stack sizes (-Xss)
#   Set larger code cache with -XX:ReservedCodeCacheSize=
# This output file may be truncated or incomplete.
#
#  Out of Memory Error (os_linux.cpp:2726), pid=12520, tid=1814035264
#
# JRE version: Java(TM) SE Runtime Environment (7.0_51-b13) (build 1.7.0_51-b13)
# Java VM: Java HotSpot(TM) Server VM (24.51-b03 mixed mode linux-x86 )
# Failed to write core dump. Core dumps have been disabled. To enable core dumping, try "ulimit -c unlimited" before starting Java again
#

---------------  T H R E A D  ---------------

Current thread (0x6c280400):  VMThread [stack: 0x6c17f000,0x6c200000] [id=12529]

Stack: [0x6c17f000,0x6c200000],  sp=0x6c1fe910,  free space=510k
Native frames: (J=compiled Java code, j=interpreted, Vv=VM code, C=native code)
V  [libjvm.so+0x7dcac6]  VMError::report_and_die()+0x1a6
V  [libjvm.so+0x33a5b2]  report_vm_out_of_memory(char const*, int, unsigned int, char const*)+0x72
V  [libjvm.so+0x67be21]  os::Linux::commit_memory_impl(char*, unsigned int, bool)+0xe1
V  [libjvm.so+0x67c277]  os::Linux::commit_memory_impl(char*, unsigned int, unsigned int, bool)+0x47
V  [libjvm.so+0x67c45d]  os::pd_commit_memory(char*, unsigned int, unsigned int, bool)+0x1d
V  [libjvm.so+0x675e8c]  os::commit_memory(char*, unsigned int, unsigned int, bool)+0x2c
V  [libjvm.so+0x6df398]  PSVirtualSpace::expand_by(unsigned int)+0x48
V  [libjvm.so+0x6d1a11]  PSOldGen::expand(unsigned int)+0x141
V  [libjvm.so+0x6d1adf]  PSOldGen::resize(unsigned int)+0x8f
V  [libjvm.so+0x6d860a]  PSParallelCompact::invoke_no_policy(bool)+0x8aa
V  [libjvm.so+0x6ddaad]  PSScavenge::invoke()+0x16d
V  [libjvm.so+0x69bbca]  ParallelScavengeHeap::failed_mem_allocate(unsigned int)+0x5a
V  [libjvm.so+0x7de36a]  VM_ParallelGCFailedAllocation::doit()+0x7a
V  [libjvm.so+0x7e7127]  VM_Operation::evaluate()+0x47
V  [libjvm.so+0x7e5223]  VMThread::evaluate_operation(VM_Operation*)+0xb3
V  [libjvm.so+0x7e55c0]  VMThread::loop()+0x1b0
V  [libjvm.so+0x7e5a25]  VMThread::run()+0x85
V  [libjvm.so+0x67e319]  java_start(Thread*)+0x119
C  [libpthread.so.0+0x6d78]  start_thread+0xd8

VM_Operation (0x6b8adb94): ParallelGCFailedAllocation, mode: safepoint, requested by thread 0x6b72c800


---------------  P R O C E S S  ---------------

Java Threads: ( => current thread )
  0x6b72c800 JavaThread "pool-1-thread-1" [_thread_blocked, id=12546, stack(0x6b85e000,0x6b8af000)]
  0x6c299800 JavaThread "Service Thread" daemon [_thread_blocked, id=12535, stack(0x6bf0d000,0x6bf5e000)]
  0x6c297800 JavaThread "C2 CompilerThread1" daemon [_thread_blocked, id=12534, stack(0x6bafe000,0x6bb7f000)]
  0x6c295800 JavaThread "C2 CompilerThread0" daemon [_thread_blocked, id=12533, stack(0x6bb7f000,0x6bc00000)]
  0x6c294000 JavaThread "Signal Dispatcher" daemon [_thread_blocked, id=12532, stack(0x6bf5e000,0x6bfaf000)]
  0x6c284800 JavaThread "Finalizer" daemon [_thread_blocked, id=12531, stack(0x6bfaf000,0x6c000000)]
  0x6c282000 JavaThread "Reference Handler" daemon [_thread_blocked, id=12530, stack(0x6c12e000,0x6c17f000)]
  0xb6707800 JavaThread "main" [_thread_blocked, id=12524, stack(0xb683b000,0xb688c000)]

Other Threads:
=>0x6c280400 VMThread [stack: 0x6c17f000,0x6c200000] [id=12529]
  0x6c29b800 WatcherThread [stack: 0x6ba7d000,0x6bafe000] [id=12536]

VM state:at safepoint (normal execution)

VM Mutex/Monitor currently owned by a thread:  ([mutex/lock_event])
[0xb6704aa8] ExpandHeap_lock - owner thread: 0x6c280400
[0xb6704ff0] Threads_lock - owner thread: 0x6c280400
[0xb6705400] Heap_lock - owner thread: 0x6b72c800

Heap
 PSYoungGen      total 258048K, used 0K [0x9e040000, 0xb35c0000, 0xb35c0000)
  eden space 195072K, 0% used [0x9e040000,0x9e040000,0xa9ec0000)
  from space 62976K, 0% used [0xaf840000,0xaf840000,0xb35c0000)
  to   space 77312K, 0% used [0xa9ec0000,0xa9ec0000,0xaea40000)
 ParOldGen       total 328704K, used 277518K [0x735c0000, 0x876c0000, 0x9e040000)
  object space 328704K, 84% used [0x735c0000,0x844c38f8,0x876c0000)
 PSPermGen       total 16384K, used 4169K [0x6f5c0000, 0x705c0000, 0x735c0000)
  object space 16384K, 25% used [0x6f5c0000,0x6f9d24a0,0x705c0000)

Card table byte_map: [0x6f39f000,0x6f5c0000] byte_map_base: 0x6f024200

Polling page: 0xb77c3000

Code Cache  [0xb36a9000, 0xb3aa1000, 0xb66a9000)
 total_blobs=1485 nmethods=1362 adapters=76 free_code_cache=45153Kb largest_free_block=46196096

Compilation events (10 events):
Event: 24.028 Thread 0x6c295800 nmethod 1382 0xb3a98988 code [0xb3a98aa0, 0xb3a98bfc]
Event: 24.030 Thread 0x6c297800 nmethod 1379 0xb3a96088 code [0xb3a961e0, 0xb3a966dc]
Event: 24.030 Thread 0x6c295800 1383             com.android.dx.rop.code.RegisterSpecList::subset (85 bytes)
Event: 24.035 Thread 0x6c297800 1384             com.android.dx.dex.code.form.Form22x::codeSize (2 bytes)
Event: 24.035 Thread 0x6c297800 nmethod 1384 0xb3a8a788 code [0xb3a8a860, 0xb3a8a8b0]
Event: 24.041 Thread 0x6c295800 nmethod 1383 0xb3a924c8 code [0xb3a92600, 0xb3a92b70]
Event: 24.059 Thread 0x6c297800 1385             com.android.dx.dex.code.OutputFinisher::shiftAllRegisters (58 bytes)
Event: 24.062 Thread 0x6c295800 1386             com.android.dx.dex.code.form.Form11n::codeSize (2 bytes)
Event: 24.062 Thread 0x6c295800 nmethod 1386 0xb3a97108 code [0xb3a971e0, 0xb3a97230]
Event: 24.064 Thread 0x6c297800 nmethod 1385 0xb3a95a08 code [0xb3a95b20, 0xb3a95d50]

GC Heap History (10 events):
Event: 17.881 GC heap after
Heap after GC invocations=20 (full 3):
 PSYoungGen      total 287744K, used 36694K [0x9e040000, 0xb35c0000, 0xb35c0000)
  eden space 227072K, 0% used [0x9e040000,0x9e040000,0xabe00000)
  from space 60672K, 60% used [0xabe00000,0xae1d59e0,0xaf940000)
  to   space 61696K, 0% used [0xaf980000,0xaf980000,0xb35c0000)
 ParOldGen       total 212736K, used 212393K [0x735c0000, 0x80580000, 0x9e040000)
  object space 212736K, 99% used [0x735c0000,0x8052a5e0,0x80580000)
 PSPermGen       total 16384K, used 3954K [0x6f5c0000, 0x705c0000, 0x735c0000)
  object space 16384K, 24% used [0x6f5c0000,0x6f99ca18,0x705c0000)
}
Event: 17.881 GC heap before
{Heap before GC invocations=21 (full 4):
 PSYoungGen      total 287744K, used 36694K [0x9e040000, 0xb35c0000, 0xb35c0000)
  eden space 227072K, 0% used [0x9e040000,0x9e040000,0xabe00000)
  from space 60672K, 60% used [0xabe00000,0xae1d59e0,0xaf940000)
  to   space 61696K, 0% used [0xaf980000,0xaf980000,0xb35c0000)
 ParOldGen       total 212736K, used 212393K [0x735c0000, 0x80580000, 0x9e040000)
  object space 212736K, 99% used [0x735c0000,0x8052a5e0,0x80580000)
 PSPermGen       total 16384K, used 3954K [0x6f5c0000, 0x705c0000, 0x735c0000)
  object space 16384K, 24% used [0x6f5c0000,0x6f99ca18,0x705c0000)
Event: 19.554 GC heap after
Heap after GC invocations=21 (full 4):
 PSYoungGen      total 287744K, used 32506K [0x9e040000, 0xb35c0000, 0xb35c0000)
  eden space 227072K, 0% used [0x9e040000,0x9e040000,0xabe00000)
  from space 60672K, 53% used [0xabe00000,0xaddbe9d0,0xaf940000)
  to   space 61696K, 0% used [0xaf980000,0xaf980000,0xb35c0000)
 ParOldGen       total 328704K, used 212663K [0x735c0000, 0x876c0000, 0x9e040000)
  object space 328704K, 64% used [0x735c0000,0x8056ddd8,0x876c0000)
 PSPermGen       total 16384K, used 3954K [0x6f5c0000, 0x705c0000, 0x735c0000)
  object space 16384K, 24% used [0x6f5c0000,0x6f99c9d8,0x705c0000)
}
Event: 20.120 GC heap before
{Heap before GC invocations=22 (full 4):
 PSYoungGen      total 287744K, used 259578K [0x9e040000, 0xb35c0000, 0xb35c0000)
  eden space 227072K, 100% used [0x9e040000,0xabe00000,0xabe00000)
  from space 60672K, 53% used [0xabe00000,0xaddbe9d0,0xaf940000)
  to   space 61696K, 0% used [0xaf980000,0xaf980000,0xb35c0000)
 ParOldGen       total 328704K, used 212663K [0x735c0000, 0x876c0000, 0x9e040000)
  object space 328704K, 64% used [0x735c0000,0x8056ddd8,0x876c0000)
 PSPermGen       total 16384K, used 3963K [0x6f5c0000, 0x705c0000, 0x735c0000)
  object space 16384K, 24% used [0x6f5c0000,0x6f99ec30,0x705c0000)
Event: 20.331 GC heap after
Heap after GC invocations=22 (full 4):
 PSYoungGen      total 285440K, used 38496K [0x9e040000, 0xb35c0000, 0xb35c0000)
  eden space 223744K, 0% used [0x9e040000,0x9e040000,0xabac0000)
  from space 61696K, 62% used [0xaf980000,0xb1f18360,0xb35c0000)
  to   space 62976K, 0% used [0xabac0000,0xabac0000,0xaf840000)
 ParOldGen       total 328704K, used 244231K [0x735c0000, 0x876c0000, 0x9e040000)
  object space 328704K, 74% used [0x735c0000,0x82441e30,0x876c0000)
 PSPermGen       total 16384K, used 3963K [0x6f5c0000, 0x705c0000, 0x735c0000)
  object space 16384K, 24% used [0x6f5c0000,0x6f99ec30,0x705c0000)
}
Event: 20.894 GC heap before
{Heap before GC invocations=23 (full 4):
 PSYoungGen      total 285440K, used 262240K [0x9e040000, 0xb35c0000, 0xb35c0000)
  eden space 223744K, 100% used [0x9e040000,0xabac0000,0xabac0000)
  from space 61696K, 62% used [0xaf980000,0xb1f18360,0xb35c0000)
  to   space 62976K, 0% used [0xabac0000,0xabac0000,0xaf840000)
 ParOldGen       total 328704K, used 244231K [0x735c0000, 0x876c0000, 0x9e040000)
  object space 328704K, 74% used [0x735c0000,0x82441e30,0x876c0000)
 PSPermGen       total 16384K, used 3995K [0x6f5c0000, 0x705c0000, 0x735c0000)
  object space 16384K, 24% used [0x6f5c0000,0x6f9a6df0,0x705c0000)
Event: 21.024 GC heap after
Heap after GC invocations=23 (full 4):
 PSYoungGen      total 286720K, used 62968K [0x9e040000, 0xb35c0000, 0xb35c0000)
  eden space 223744K, 0% used [0x9e040000,0x9e040000,0xabac0000)
  from space 62976K, 99% used [0xabac0000,0xaf83e2e8,0xaf840000)
  to   space 62976K, 0% used [0xaf840000,0xaf840000,0xb35c0000)
 ParOldGen       total 328704K, used 255567K [0x735c0000, 0x876c0000, 0x9e040000)
  object space 328704K, 77% used [0x735c0000,0x82f53ec0,0x876c0000)
 PSPermGen       total 16384K, used 3995K [0x6f5c0000, 0x705c0000, 0x735c0000)
  object space 16384K, 24% used [0x6f5c0000,0x6f9a6df0,0x705c0000)
}
Event: 24.072 GC heap before
{Heap before GC invocations=24 (full 4):
 PSYoungGen      total 286720K, used 286712K [0x9e040000, 0xb35c0000, 0xb35c0000)
  eden space 223744K, 100% used [0x9e040000,0xabac0000,0xabac0000)
  from space 62976K, 99% used [0xabac0000,0xaf83e2e8,0xaf840000)
  to   space 62976K, 0% used [0xaf840000,0xaf840000,0xb35c0000)
 ParOldGen       total 328704K, used 255567K [0x735c0000, 0x876c0000, 0x9e040000)
  object space 328704K, 77% used [0x735c0000,0x82f53ec0,0x876c0000)
 PSPermGen       total 16384K, used 4169K [0x6f5c0000, 0x705c0000, 0x735c0000)
  object space 16384K, 25% used [0x6f5c0000,0x6f9d2700,0x705c0000)
Event: 24.253 GC heap after
Heap after GC invocations=24 (full 4):
 PSYoungGen      total 258048K, used 45393K [0x9e040000, 0xb35c0000, 0xb35c0000)
  eden space 195072K, 0% used [0x9e040000,0x9e040000,0xa9ec0000)
  from space 62976K, 72% used [0xaf840000,0xb2494620,0xb35c0000)
  to   space 77312K, 0% used [0xa9ec0000,0xa9ec0000,0xaea40000)
 ParOldGen       total 328704K, used 298785K [0x735c0000, 0x876c0000, 0x9e040000)
  object space 328704K, 90% used [0x735c0000,0x85988450,0x876c0000)
 PSPermGen       total 16384K, used 4169K [0x6f5c0000, 0x705c0000, 0x735c0000)
  object space 16384K, 25% used [0x6f5c0000,0x6f9d2700,0x705c0000)
}
Event: 24.253 GC heap before
{Heap before GC invocations=25 (full 5):
 PSYoungGen      total 258048K, used 45393K [0x9e040000, 0xb35c0000, 0xb35c0000)
  eden space 195072K, 0% used [0x9e040000,0x9e040000,0xa9ec0000)
  from space 62976K, 72% used [0xaf840000,0xb2494620,0xb35c0000)
  to   space 77312K, 0% used [0xa9ec0000,0xa9ec0000,0xaea40000)
 ParOldGen       total 328704K, used 298785K [0x735c0000, 0x876c0000, 0x9e040000)
  object space 328704K, 90% used [0x735c0000,0x85988450,0x876c0000)
 PSPermGen       total 16384K, used 4169K [0x6f5c0000, 0x705c0000, 0x735c0000)
  object space 16384K, 25% used [0x6f5c0000,0x6f9d2700,0x705c0000)

Deoptimization events (10 events):
Event: 23.439 Thread 0x6b72c800 Uncommon trap: reason=array_check action=maybe_recompile pc=0xb3860dcc method=java.util.ComparableTimSort.binarySort([Ljava/lang/Object;III)V @ 193
Event: 23.463 Thread 0x6b72c800 Uncommon trap: reason=array_check action=maybe_recompile pc=0xb3860e54 method=java.util.ComparableTimSort.binarySort([Ljava/lang/Object;III)V @ 183
Event: 23.474 Thread 0x6b72c800 Uncommon trap: reason=array_check action=maybe_recompile pc=0xb3860dcc method=java.util.ComparableTimSort.binarySort([Ljava/lang/Object;III)V @ 193
Event: 23.479 Thread 0x6b72c800 Uncommon trap: reason=unreached action=reinterpret pc=0xb3a6b8c4 method=com.android.dx.dex.code.LocalList$MakeState.filterSpec(Lcom/android/dx/rop/code/RegisterSpec;)Lcom/android/dx/rop/code/RegisterSpec; @ 11
Event: 23.488 Thread 0x6b72c800 Uncommon trap: reason=array_check action=maybe_recompile pc=0xb3860dcc method=java.util.ComparableTimSort.binarySort([Ljava/lang/Object;III)V @ 193
Event: 23.515 Thread 0x6b72c800 Uncommon trap: reason=array_check action=maybe_recompile pc=0xb3a783e0 method=java.util.ComparableTimSort.binarySort([Ljava/lang/Object;III)V @ 215
Event: 23.542 Thread 0x6b72c800 Uncommon trap: reason=unreached action=reinterpret pc=0xb3a5cb44 method=com.android.dx.dex.code.LocalList$MakeState.filterSpec(Lcom/android/dx/rop/code/RegisterSpec;)Lcom/android/dx/rop/code/RegisterSpec; @ 11
Event: 23.543 Thread 0x6b72c800 Uncommon trap: reason=array_check action=maybe_recompile pc=0xb3a783e0 method=java.util.ComparableTimSort.binarySort([Ljava/lang/Object;III)V @ 215
Event: 23.646 Thread 0x6b72c800 Uncommon trap: reason=unreached action=reinterpret pc=0xb3a5ec2c method=com.android.dx.dex.code.LocalList$MakeState.filterSpec(Lcom/android/dx/rop/code/RegisterSpec;)Lcom/android/dx/rop/code/RegisterSpec; @ 11
Event: 23.647 Thread 0x6b72c800 Uncommon trap: reason=unreached action=reinterpret pc=0xb3a76304 method=com.android.dx.dex.code.LocalList$MakeState.aboutToProcess(II)V @ 4

Internal exceptions (10 events):
Event: 23.043 Thread 0x6b72c800 Threw 0xa9a9c928 at /HUDSON/workspace/7u-2-build-linux-i586/jdk7u51/527/hotspot/src/share/vm/prims/jvm.cpp:1244
Event: 23.043 Thread 0x6b72c800 Threw 0xa9aa13e0 at /HUDSON/workspace/7u-2-build-linux-i586/jdk7u51/527/hotspot/src/share/vm/prims/jvm.cpp:1244
Event: 23.044 Thread 0x6b72c800 Threw 0xa9aa5738 at /HUDSON/workspace/7u-2-build-linux-i586/jdk7u51/527/hotspot/src/share/vm/prims/jvm.cpp:1244
Event: 23.052 Thread 0x6b72c800 Threw 0xa9ab7a28 at /HUDSON/workspace/7u-2-build-linux-i586/jdk7u51/527/hotspot/src/share/vm/prims/jvm.cpp:1244
Event: 23.271 Thread 0x6b72c800 Threw 0xa9bb0c88 at /HUDSON/workspace/7u-2-build-linux-i586/jdk7u51/527/hotspot/src/share/vm/prims/jvm.cpp:1244
Event: 23.272 Thread 0x6b72c800 Threw 0xa9bb3da8 at /HUDSON/workspace/7u-2-build-linux-i586/jdk7u51/527/hotspot/src/share/vm/prims/jvm.cpp:1244
Event: 23.273 Thread 0x6b72c800 Threw 0xa9bb6bc8 at /HUDSON/workspace/7u-2-build-linux-i586/jdk7u51/527/hotspot/src/share/vm/prims/jvm.cpp:1244
Event: 23.375 Thread 0x6b72c800 Implicit null exception at 0xb3a65b86 to 0xb3a66341
Event: 23.647 Thread 0x6b72c800 Implicit null exception at 0xb3a7611a to 0xb3a762ee
Event: 23.897 Thread 0x6b72c800 Threw 0xab108b30 at /HUDSON/workspace/7u-2-build-linux-i586/jdk7u51/527/hotspot/src/share/vm/prims/jvm.cpp:1244

Events (10 events):
Event: 23.543 Thread 0x6b72c800 DEOPT UNPACKING pc=0xb36d5bbc sp=0x6b8adabc mode 2
Event: 23.646 Thread 0x6b72c800 Uncommon trap: trap_request=0xffffffad fr.pc=0xb3a5ec2c
Event: 23.646 Thread 0x6b72c800 DEOPT PACKING pc=0xb3a5ec2c sp=0x6b8adb40
Event: 23.647 Thread 0x6b72c800 DEOPT UNPACKING pc=0xb36d5bbc sp=0x6b8adaf8 mode 2
Event: 23.647 Thread 0x6b72c800 Uncommon trap: trap_request=0xffffffad fr.pc=0xb3a76304
Event: 23.647 Thread 0x6b72c800 DEOPT PACKING pc=0xb3a76304 sp=0x6b8adb70
Event: 23.647 Thread 0x6b72c800 DEOPT UNPACKING pc=0xb36d5bbc sp=0x6b8adb54 mode 2
Event: 23.897 loading class 0x6f0264c8
Event: 23.897 loading class 0x6f0264c8 done
Event: 24.072 Executing VM operation: ParallelGCFailedAllocation


Dynamic libraries:
08048000-08049000 r-xp 00000000 08:01 22808717   /usr/lib/jvm/jdk1.7.0_51/bin/java
08049000-0804a000 rw-p 00000000 08:01 22808717   /usr/lib/jvm/jdk1.7.0_51/bin/java
09858000-09883000 rw-p 00000000 00:00 0          [heap]
69300000-69351000 rw-p 00000000 00:00 0 
69351000-69400000 ---p 00000000 00:00 0 
69700000-697f4000 rw-p 00000000 00:00 0 
697f4000-69800000 ---p 00000000 00:00 0 
69800000-69900000 rw-p 00000000 00:00 0 
69900000-699d2000 rw-p 00000000 00:00 0 
699d2000-69a00000 ---p 00000000 00:00 0 
69b00000-69c00000 rw-p 00000000 00:00 0 
69d00000-69dfa000 rw-p 00000000 00:00 0 
69dfa000-69e00000 ---p 00000000 00:00 0 
69e00000-69eff000 rw-p 00000000 00:00 0 
69eff000-69f00000 ---p 00000000 00:00 0 
69f00000-69ffc000 rw-p 00000000 00:00 0 
69ffc000-6a000000 ---p 00000000 00:00 0 
6a100000-6a1ff000 rw-p 00000000 00:00 0 
6a1ff000-6a200000 ---p 00000000 00:00 0 
6a300000-6a3f8000 rw-p 00000000 00:00 0 
6a3f8000-6a400000 ---p 00000000 00:00 0 
6a500000-6a5fc000 rw-p 00000000 00:00 0 
6a5fc000-6a600000 ---p 00000000 00:00 0 
6a600000-6a700000 rw-p 00000000 00:00 0 
6a700000-6a7fe000 rw-p 00000000 00:00 0 
6a7fe000-6a800000 ---p 00000000 00:00 0 
6a800000-6a8fd000 rw-p 00000000 00:00 0 
6a8fd000-6a900000 ---p 00000000 00:00 0 
6a900000-6aa00000 rw-p 00000000 00:00 0 
6aa00000-6aaf6000 rw-p 00000000 00:00 0 
6aaf6000-6ab00000 ---p 00000000 00:00 0 
6ab00000-6abfa000 rw-p 00000000 00:00 0 
6abfa000-6ac00000 ---p 00000000 00:00 0 
6ad00000-6adf6000 rw-p 00000000 00:00 0 
6adf6000-6ae00000 ---p 00000000 00:00 0 
6af00000-6aff9000 rw-p 00000000 00:00 0 
6aff9000-6b000000 ---p 00000000 00:00 0 
6b100000-6b1fc000 rw-p 00000000 00:00 0 
6b1fc000-6b200000 ---p 00000000 00:00 0 
6b300000-6b3f0000 rw-p 00000000 00:00 0 
6b3f0000-6b400000 ---p 00000000 00:00 0 
6b400000-6b4fd000 rw-p 00000000 00:00 0 
6b4fd000-6b500000 ---p 00000000 00:00 0 
6b500000-6b5f6000 rw-p 00000000 00:00 0 
6b5f6000-6b600000 ---p 00000000 00:00 0 
6b65e000-6b661000 ---p 00000000 00:00 0 
6b661000-6b6af000 rw-p 00000000 00:00 0 
6b6af000-6b6b2000 ---p 00000000 00:00 0 
6b6b2000-6b700000 rw-p 00000000 00:00 0 
6b700000-6b7b3000 rw-p 00000000 00:00 0 
6b7b3000-6b800000 ---p 00000000 00:00 0 
6b80d000-6b810000 ---p 00000000 00:00 0 
6b810000-6b85e000 rw-p 00000000 00:00 0 
6b85e000-6b861000 ---p 00000000 00:00 0 
6b861000-6b8af000 rw-p 00000000 00:00 0          [stack:12546]
6b8af000-6b8b2000 ---p 00000000 00:00 0 
6b8b2000-6b900000 rw-p 00000000 00:00 0 
6b900000-6b9fc000 rw-p 00000000 00:00 0 
6b9fc000-6ba00000 ---p 00000000 00:00 0 
6ba7d000-6ba7e000 ---p 00000000 00:00 0 
6ba7e000-6bafe000 rw-p 00000000 00:00 0          [stack:12536]
6bafe000-6bb01000 ---p 00000000 00:00 0 
6bb01000-6bb7f000 rw-p 00000000 00:00 0          [stack:12534]
6bb7f000-6bb82000 ---p 00000000 00:00 0 
6bb82000-6bc00000 rw-p 00000000 00:00 0          [stack:12533]
6bc00000-6be00000 r--p 00000000 08:01 18882059   /usr/lib/locale/locale-archive
6be00000-6be21000 rw-p 00000000 00:00 0 
6be21000-6bf00000 ---p 00000000 00:00 0 
6bf0d000-6bf10000 ---p 00000000 00:00 0 
6bf10000-6bf5e000 rw-p 00000000 00:00 0          [stack:12535]
6bf5e000-6bf61000 ---p 00000000 00:00 0 
6bf61000-6bfaf000 rw-p 00000000 00:00 0          [stack:12532]
6bfaf000-6bfb2000 ---p 00000000 00:00 0 
6bfb2000-6c000000 rw-p 00000000 00:00 0          [stack:12531]
6c000000-6c0fe000 rw-p 00000000 00:00 0 
6c0fe000-6c100000 ---p 00000000 00:00 0 
6c12e000-6c131000 ---p 00000000 00:00 0 
6c131000-6c17f000 rw-p 00000000 00:00 0          [stack:12530]
6c17f000-6c180000 ---p 00000000 00:00 0 
6c180000-6c200000 rw-p 00000000 00:00 0          [stack:12529]
6c200000-6c300000 rw-p 00000000 00:00 0 
6c303000-6c4c0000 r--s 039bf000 08:01 22808730   /usr/lib/jvm/jdk1.7.0_51/jre/lib/rt.jar
6c4c0000-6eb00000 rw-p 00000000 00:00 0 
6eb00000-6ebf9000 rw-p 00000000 00:00 0 
6ebf9000-6ec00000 ---p 00000000 00:00 0 
6ec34000-6ec7f000 rw-p 00000000 00:00 0 
6ec7f000-6ec80000 ---p 00000000 00:00 0 
6ec80000-6ed00000 rw-p 00000000 00:00 0          [stack:12528]
6ed00000-6ed21000 rw-p 00000000 00:00 0 
6ed21000-6ee00000 ---p 00000000 00:00 0 
6ee00000-6ee21000 rw-p 00000000 00:00 0 
6ee21000-6ef00000 ---p 00000000 00:00 0 
6ef24000-6ef7f000 rw-p 00000000 00:00 0 
6ef7f000-6ef80000 ---p 00000000 00:00 0 
6ef80000-6f000000 rw-p 00000000 00:00 0          [stack:12527]
6f000000-6f061000 rw-p 00000000 00:00 0 
6f061000-6f100000 ---p 00000000 00:00 0 
6f108000-6f11d000 r-xp 00000000 08:01 22937800   /usr/lib/jvm/jdk1.7.0_51/jre/lib/i386/libnet.so
6f11d000-6f11e000 rw-p 00014000 08:01 22937800   /usr/lib/jvm/jdk1.7.0_51/jre/lib/i386/libnet.so
6f11e000-6f12c000 r-xp 00000000 08:01 22937809   /usr/lib/jvm/jdk1.7.0_51/jre/lib/i386/libnio.so
6f12c000-6f12d000 rw-p 0000e000 08:01 22937809   /usr/lib/jvm/jdk1.7.0_51/jre/lib/i386/libnio.so
6f12d000-6f147000 rw-p 00000000 00:00 0 
6f147000-6f148000 ---p 00000000 00:00 0 
6f148000-6f1c8000 rw-p 00000000 00:00 0          [stack:12526]
6f1c8000-6f1c9000 ---p 00000000 00:00 0 
6f1c9000-6f2ea000 rw-p 00000000 00:00 0          [stack:12525]
6f2ea000-6f39f000 rw-p 00000000 00:00 0 
6f39f000-6f3a7000 rw-p 00000000 00:00 0 
6f3a7000-6f3bf000 rw-p 00000000 00:00 0 
6f3bf000-6f460000 rw-p 00000000 00:00 0 
6f460000-6f514000 rw-p 00000000 00:00 0 
6f514000-6f5bf000 rw-p 00000000 00:00 0 
6f5bf000-705c0000 rw-p 00000000 00:00 0 
705c0000-735c0000 rw-p 00000000 00:00 0 
735c0000-876c0000 rw-p 00000000 00:00 0 
8d30f000-8d480000 rw-p 00000000 00:00 0 
8d480000-9e040000 rw-p 00000000 00:00 0 
9e040000-b35c0000 rw-p 00000000 00:00 0 
b35c9000-b35d1000 rw-p 00000000 00:00 0 
b35d1000-b35e9000 rw-p 00000000 00:00 0 
b35e9000-b35f9000 rw-p 00000000 00:00 0 
b35f9000-b36a9000 rw-p 00000000 00:00 0 
b36a9000-b3aa1000 rwxp 00000000 00:00 0 
b3aa1000-b66a9000 rw-p 00000000 00:00 0 
b66a9000-b66c0000 r-xp 00000000 08:01 22937822   /usr/lib/jvm/jdk1.7.0_51/jre/lib/i386/libzip.so
b66c0000-b66c1000 rw-p 00017000 08:01 22937822   /usr/lib/jvm/jdk1.7.0_51/jre/lib/i386/libzip.so
b66c1000-b66cc000 r-xp 00000000 08:01 27919935   /lib/i386-linux-gnu/libnss_files-2.17.so
b66cc000-b66cd000 r--p 0000a000 08:01 27919935   /lib/i386-linux-gnu/libnss_files-2.17.so
b66cd000-b66ce000 rw-p 0000b000 08:01 27919935   /lib/i386-linux-gnu/libnss_files-2.17.so
b66ce000-b66e3000 r-xp 00000000 08:01 27919916   /lib/i386-linux-gnu/libnsl-2.17.so
b66e3000-b66e4000 r--p 00014000 08:01 27919916   /lib/i386-linux-gnu/libnsl-2.17.so
b66e4000-b66e5000 rw-p 00015000 08:01 27919916   /lib/i386-linux-gnu/libnsl-2.17.so
b66e5000-b66e7000 rw-p 00000000 00:00 0 
b66e9000-b66f8000 r--s 000df000 08:01 5245103    /home/daemonsoft/Android/Sdk/build-tools/23.0.0/lib/dx.jar
b66f8000-b6700000 rw-s 00000000 08:01 7472886    /tmp/hsperfdata_daemonsoft/12520
b6700000-b67f6000 rw-p 00000000 00:00 0 
b67f6000-b6800000 ---p 00000000 00:00 0 
b6801000-b6802000 rw-p 00000000 00:00 0 
b6802000-b680c000 r-xp 00000000 08:01 27919931   /lib/i386-linux-gnu/libnss_nis-2.17.so
b680c000-b680d000 r--p 00009000 08:01 27919931   /lib/i386-linux-gnu/libnss_nis-2.17.so
b680d000-b680e000 rw-p 0000a000 08:01 27919931   /lib/i386-linux-gnu/libnss_nis-2.17.so
b680e000-b6831000 r-xp 00000000 08:01 22937785   /usr/lib/jvm/jdk1.7.0_51/jre/lib/i386/libjava.so
b6831000-b6832000 rw-p 00022000 08:01 22937785   /usr/lib/jvm/jdk1.7.0_51/jre/lib/i386/libjava.so
b6832000-b6839000 r-xp 00000000 08:01 27919383   /lib/i386-linux-gnu/librt-2.17.so
b6839000-b683a000 r--p 00006000 08:01 27919383   /lib/i386-linux-gnu/librt-2.17.so
b683a000-b683b000 rw-p 00007000 08:01 27919383   /lib/i386-linux-gnu/librt-2.17.so
b683b000-b683e000 ---p 00000000 00:00 0 
b683e000-b688c000 rw-p 00000000 00:00 0          [stack:12524]
b688c000-b68cd000 r-xp 00000000 08:01 27919929   /lib/i386-linux-gnu/libm-2.17.so
b68cd000-b68ce000 r--p 00040000 08:01 27919929   /lib/i386-linux-gnu/libm-2.17.so
b68ce000-b68cf000 rw-p 00041000 08:01 27919929   /lib/i386-linux-gnu/libm-2.17.so
b68cf000-b7146000 r-xp 00000000 08:01 22937821   /usr/lib/jvm/jdk1.7.0_51/jre/lib/i386/server/libjvm.so
b7146000-b71aa000 rw-p 00877000 08:01 22937821   /usr/lib/jvm/jdk1.7.0_51/jre/lib/i386/server/libjvm.so
b71aa000-b75ce000 rw-p 00000000 00:00 0 
b75ce000-b777c000 r-xp 00000000 08:01 27919923   /lib/i386-linux-gnu/libc-2.17.so
b777c000-b777e000 r--p 001ae000 08:01 27919923   /lib/i386-linux-gnu/libc-2.17.so
b777e000-b777f000 rw-p 001b0000 08:01 27919923   /lib/i386-linux-gnu/libc-2.17.so
b777f000-b7782000 rw-p 00000000 00:00 0 
b7782000-b7785000 r-xp 00000000 08:01 27919924   /lib/i386-linux-gnu/libdl-2.17.so
b7785000-b7786000 r--p 00002000 08:01 27919924   /lib/i386-linux-gnu/libdl-2.17.so
b7786000-b7787000 rw-p 00003000 08:01 27919924   /lib/i386-linux-gnu/libdl-2.17.so
b7787000-b7788000 rw-p 00000000 00:00 0 
b7788000-b779b000 r-xp 00000000 08:01 22807747   /usr/lib/jvm/jdk1.7.0_51/lib/i386/jli/libjli.so
b779b000-b779c000 rw-p 00012000 08:01 22807747   /usr/lib/jvm/jdk1.7.0_51/lib/i386/jli/libjli.so
b779c000-b77b3000 r-xp 00000000 08:01 27919928   /lib/i386-linux-gnu/libpthread-2.17.so
b77b3000-b77b4000 r--p 00016000 08:01 27919928   /lib/i386-linux-gnu/libpthread-2.17.so
b77b4000-b77b5000 rw-p 00017000 08:01 27919928   /lib/i386-linux-gnu/libpthread-2.17.so
b77b5000-b77b8000 rw-p 00000000 00:00 0 
b77b8000-b77b9000 r--p 005db000 08:01 18882059   /usr/lib/locale/locale-archive
b77b9000-b77c0000 r-xp 00000000 08:01 27919926   /lib/i386-linux-gnu/libnss_compat-2.17.so
b77c0000-b77c1000 r--p 00006000 08:01 27919926   /lib/i386-linux-gnu/libnss_compat-2.17.so
b77c1000-b77c2000 rw-p 00007000 08:01 27919926   /lib/i386-linux-gnu/libnss_compat-2.17.so
b77c2000-b77c3000 rw-p 00000000 00:00 0 
b77c3000-b77c4000 ---p 00000000 00:00 0 
b77c4000-b77cf000 r-xp 00000000 08:01 22937767   /usr/lib/jvm/jdk1.7.0_51/jre/lib/i386/libverify.so
b77cf000-b77d0000 rw-p 0000b000 08:01 22937767   /usr/lib/jvm/jdk1.7.0_51/jre/lib/i386/libverify.so
b77d0000-b77d2000 rw-p 00000000 00:00 0 
b77d2000-b77d3000 r-xp 00000000 00:00 0          [vdso]
b77d3000-b77f3000 r-xp 00000000 08:01 27919919   /lib/i386-linux-gnu/ld-2.17.so
b77f3000-b77f4000 r--p 0001f000 08:01 27919919   /lib/i386-linux-gnu/ld-2.17.so
b77f4000-b77f5000 rw-p 00020000 08:01 27919919   /lib/i386-linux-gnu/ld-2.17.so
bff1e000-bff3f000 rw-p 00000000 00:00 0          [stack]

VM Arguments:
jvm_args: -Djava.awt.headless=true -Xmx1024M -Dfile.encoding=UTF-8 -Duser.country=IN -Duser.language=en -Duser.variant 
java_command: com.android.dx.command.Main --dex --num-threads=4 --multi-dex --main-dex-list /home/daemonsoft/AndroidStudioProjects/OxfordSchool/app/build/intermediates/multi-dex/debug/maindexlist.txt --output /home/daemonsoft/AndroidStudioProjects/OxfordSchool/app/build/intermediates/transforms/dex/debug/folders/1000/1f/main /home/daemonsoft/AndroidStudioProjects/OxfordSchool/app/build/intermediates/transforms/jarMerging/debug/jars/1/1f/combined.jar
Launcher Type: SUN_STANDARD

Environment Variables:
PATH=/usr/lib/lightdm/lightdm:/usr/local/sbin:/usr/local/bin:/usr/sbin:/usr/bin:/sbin:/bin:/usr/games:/usr/local/games
SHELL=/bin/bash
DISPLAY=:0

Signal Handlers:
SIGSEGV: [libjvm.so+0x7dd5e0], sa_mask[0]=0x7ffbfeff, sa_flags=0x10000004
SIGBUS: [libjvm.so+0x7dd5e0], sa_mask[0]=0x7ffbfeff, sa_flags=0x10000004
SIGFPE: [libjvm.so+0x678d60], sa_mask[0]=0x7ffbfeff, sa_flags=0x10000004
SIGPIPE: [libjvm.so+0x678d60], sa_mask[0]=0x7ffbfeff, sa_flags=0x10000004
SIGXFSZ: [libjvm.so+0x678d60], sa_mask[0]=0x7ffbfeff, sa_flags=0x10000004
SIGILL: [libjvm.so+0x678d60], sa_mask[0]=0x7ffbfeff, sa_flags=0x10000004
SIGUSR1: SIG_DFL, sa_mask[0]=0x00000000, sa_flags=0x00000000
SIGUSR2: [libjvm.so+0x67a250], sa_mask[0]=0x00000004, sa_flags=0x10000004
SIGHUP: [libjvm.so+0x67b3a0], sa_mask[0]=0x7ffbfeff, sa_flags=0x10000004
SIGINT: [libjvm.so+0x67b3a0], sa_mask[0]=0x7ffbfeff, sa_flags=0x10000004
SIGTERM: [libjvm.so+0x67b3a0], sa_mask[0]=0x7ffbfeff, sa_flags=0x10000004
SIGQUIT: [libjvm.so+0x67b3a0], sa_mask[0]=0x7ffbfeff, sa_flags=0x10000004


---------------  S Y S T E M  ---------------

OS:wheezy/sid

uname:Linux 3.8.0-35-generic #50-Ubuntu SMP Tue Dec 3 01:25:33 UTC 2013 i686
libc:glibc 2.17 NPTL 2.17 
rlimit: STACK 8192k, CORE 0k, NPROC 28680, NOFILE 4096, AS infinity
load average:6.83 3.75 2.76

/proc/meminfo:
MemTotal:        3687784 kB
MemFree:          192160 kB
Buffers:            1716 kB
Cached:           408924 kB
SwapCached:        51156 kB
Active:          2487672 kB
Inactive:         901156 kB
Active(anon):    2485376 kB
Inactive(anon):   848372 kB
Active(file):       2296 kB
Inactive(file):    52784 kB
Unevictable:          36 kB
Mlocked:              36 kB
HighTotal:       2834296 kB
HighFree:          34128 kB
LowTotal:         853488 kB
LowFree:          158032 kB
SwapTotal:       1646588 kB
SwapFree:             16 kB
Dirty:               116 kB
Writeback:             0 kB
AnonPages:       2927992 kB
Mapped:            49544 kB
Shmem:            355456 kB
Slab:              52652 kB
SReclaimable:      21120 kB
SUnreclaim:        31532 kB
KernelStack:        5720 kB
PageTables:        19300 kB
NFS_Unstable:          0 kB
Bounce:                0 kB
WritebackTmp:          0 kB
CommitLimit:     3490480 kB
Committed_AS:   10228120 kB
VmallocTotal:     122880 kB
VmallocUsed:       20592 kB
VmallocChunk:     100236 kB
HardwareCorrupted:     0 kB
AnonHugePages:         0 kB
HugePages_Total:       0
HugePages_Free:        0
HugePages_Rsvd:        0
HugePages_Surp:        0
Hugepagesize:       2048 kB
DirectMap4k:       10232 kB
DirectMap2M:      903168 kB


CPU:total 4 (2 cores per cpu, 2 threads per core) family 6 model 58 stepping 9, cmov, cx8, fxsr, mmx, sse, sse2, sse3, ssse3, sse4.1, sse4.2, popcnt, avx, erms, ht, tsc, tscinvbit, tscinv

/proc/cpuinfo:
processor	: 0
vendor_id	: GenuineIntel
cpu family	: 6
model		: 58
model name	: Intel(R) Core(TM) i3-3110M CPU @ 2.40GHz
stepping	: 9
microcode	: 0x17
cpu MHz		: 2400.000
cache size	: 3072 KB
physical id	: 0
siblings	: 4
core id		: 0
cpu cores	: 2
apicid		: 0
initial apicid	: 0
fdiv_bug	: no
hlt_bug		: no
f00f_bug	: no
coma_bug	: no
fpu		: yes
fpu_exception	: yes
cpuid level	: 13
wp		: yes
flags		: fpu vme de pse tsc msr pae mce cx8 apic sep mtrr pge mca cmov pat pse36 clflush dts acpi mmx fxsr sse sse2 ss ht tm pbe nx rdtscp lm constant_tsc arch_perfmon pebs bts xtopology nonstop_tsc aperfmperf eagerfpu pni pclmulqdq dtes64 monitor ds_cpl vmx est tm2 ssse3 cx16 xtpr pdcm pcid sse4_1 sse4_2 x2apic popcnt tsc_deadline_timer xsave avx f16c lahf_lm arat epb xsaveopt pln pts dtherm tpr_shadow vnmi flexpriority ept vpid fsgsbase smep erms
bogomips	: 4788.95
clflush size	: 64
cache_alignment	: 64
address sizes	: 36 bits physical, 48 bits virtual
power management:

processor	: 1
vendor_id	: GenuineIntel
cpu family	: 6
model		: 58
model name	: Intel(R) Core(TM) i3-3110M CPU @ 2.40GHz
stepping	: 9
microcode	: 0x17
cpu MHz		: 2400.000
cache size	: 3072 KB
physical id	: 0
siblings	: 4
core id		: 0
cpu cores	: 2
apicid		: 1
initial apicid	: 1
fdiv_bug	: no
hlt_bug		: no
f00f_bug	: no
coma_bug	: no
fpu		: yes
fpu_exception	: yes
cpuid level	: 13
wp		: yes
flags		: fpu vme de pse tsc msr pae mce cx8 apic sep mtrr pge mca cmov pat pse36 clflush dts acpi mmx fxsr sse sse2 ss ht tm pbe nx rdtscp lm constant_tsc arch_perfmon pebs bts xtopology nonstop_tsc aperfmperf eagerfpu pni pclmulqdq dtes64 monitor ds_cpl vmx est tm2 ssse3 cx16 xtpr pdcm pcid sse4_1 sse4_2 x2apic popcnt tsc_deadline_timer xsave avx f16c lahf_lm arat epb xsaveopt pln pts dtherm tpr_shadow vnmi flexpriority ept vpid fsgsbase smep erms
bogomips	: 4788.95
clflush size	: 64
cache_alignment	: 64
address sizes	: 36 bits physical, 48 bits virtual
power management:

processor	: 2
vendor_id	: GenuineIntel
cpu family	: 6
model		: 58
model name	: Intel(R) Core(TM) i3-3110M CPU @ 2.40GHz
stepping	: 9
microcode	: 0x17
cpu MHz		: 1200.000
cache size	: 3072 KB
physical id	: 0
siblings	: 4
core id		: 1
cpu cores	: 2
apicid		: 2
initial apicid	: 2
fdiv_bug	: no
hlt_bug		: no
f00f_bug	: no
coma_bug	: no
fpu		: yes
fpu_exception	: yes
cpuid level	: 13
wp		: yes
flags		: fpu vme de pse tsc msr pae mce cx8 apic sep mtrr pge mca cmov pat pse36 clflush dts acpi mmx fxsr sse sse2 ss ht tm pbe nx rdtscp lm constant_tsc arch_perfmon pebs bts xtopology nonstop_tsc aperfmperf eagerfpu pni pclmulqdq dtes64 monitor ds_cpl vmx est tm2 ssse3 cx16 xtpr pdcm pcid sse4_1 sse4_2 x2apic popcnt tsc_deadline_timer xsave avx f16c lahf_lm arat epb xsaveopt pln pts dtherm tpr_shadow vnmi flexpriority ept vpid fsgsbase smep erms
bogomips	: 4788.95
clflush size	: 64
cache_alignment	: 64
address sizes	: 36 bits physical, 48 bits virtual
power management:

processor	: 3
vendor_id	: GenuineIntel
cpu family	: 6
model		: 58
model name	: Intel(R) Core(TM) i3-3110M CPU @ 2.40GHz
stepping	: 9
microcode	: 0x17
cpu MHz		: 1200.000
cache size	: 3072 KB
physical id	: 0
siblings	: 4
core id		: 1
cpu cores	: 2
apicid		: 3
initial apicid	: 3
fdiv_bug	: no
hlt_bug		: no
f00f_bug	: no
coma_bug	: no
fpu		: yes
fpu_exception	: yes
cpuid level	: 13
wp		: yes
flags		: fpu vme de pse tsc msr pae mce cx8 apic sep mtrr pge mca cmov pat pse36 clflush dts acpi mmx fxsr sse sse2 ss ht tm pbe nx rdtscp lm constant_tsc arch_perfmon pebs bts xtopology nonstop_tsc aperfmperf eagerfpu pni pclmulqdq dtes64 monitor ds_cpl vmx est tm2 ssse3 cx16 xtpr pdcm pcid sse4_1 sse4_2 x2apic popcnt tsc_deadline_timer xsave avx f16c lahf_lm arat epb xsaveopt pln pts dtherm tpr_shadow vnmi flexpriority ept vpid fsgsbase smep erms
bogomips	: 4788.95
clflush size	: 64
cache_alignment	: 64
address sizes	: 36 bits physical, 48 bits virtual
power management:



Memory: 4k page, physical 3687784k(191912k free), swap 1646588k(16k free)

vm_info: Java HotSpot(TM) Server VM (24.51-b03) for linux-x86 JRE (1.7.0_51-b13), built on Dec 18 2013 18:45:30 by "java_re" with gcc 4.3.0 20080428 (Red Hat 4.3.0-8)

time: Wed May 11 17:29:08 2016
elapsed time: 31 seconds

