#
# There is insufficient memory for the Java Runtime Environment to continue.
# Native memory allocation (malloc) failed to allocate 122945536 bytes for committing reserved memory.
# Possible reasons:
#   The system is out of physical RAM or swap space
#   In 32 bit mode, the process size limit was hit
# Possible solutions:
#   Reduce memory load on the system
#   Increase physical memory or swap space
#   Check if swap backing store is full
#   Use 64 bit Java on a 64 bit OS
#   Decrease Java heap size (-Xmx/-Xms)
#   Decrease number of Java threads
#   Decrease Java thread stack sizes (-Xss)
#   Set larger code cache with -XX:ReservedCodeCacheSize=
# This output file may be truncated or incomplete.
#
#  Out of Memory Error (os_linux.cpp:2726), pid=12954, tid=1812986688
#
# JRE version: Java(TM) SE Runtime Environment (7.0_51-b13) (build 1.7.0_51-b13)
# Java VM: Java HotSpot(TM) Server VM (24.51-b03 mixed mode linux-x86 )
# Failed to write core dump. Core dumps have been disabled. To enable core dumping, try "ulimit -c unlimited" before starting Java again
#

---------------  T H R E A D  ---------------

Current thread (0x6c180400):  VMThread [stack: 0x6c07f000,0x6c100000] [id=12966]

Stack: [0x6c07f000,0x6c100000],  sp=0x6c0fe810,  free space=510k
Native frames: (J=compiled Java code, j=interpreted, Vv=VM code, C=native code)
V  [libjvm.so+0x7dcac6]  VMError::report_and_die()+0x1a6
V  [libjvm.so+0x33a5b2]  report_vm_out_of_memory(char const*, int, unsigned int, char const*)+0x72
V  [libjvm.so+0x67be21]  os::Linux::commit_memory_impl(char*, unsigned int, bool)+0xe1
V  [libjvm.so+0x67c277]  os::Linux::commit_memory_impl(char*, unsigned int, unsigned int, bool)+0x47
V  [libjvm.so+0x67c45d]  os::pd_commit_memory(char*, unsigned int, unsigned int, bool)+0x1d
V  [libjvm.so+0x675e8c]  os::commit_memory(char*, unsigned int, unsigned int, bool)+0x2c
V  [libjvm.so+0x6df398]  PSVirtualSpace::expand_by(unsigned int)+0x48
V  [libjvm.so+0x6d1a11]  PSOldGen::expand(unsigned int)+0x141
V  [libjvm.so+0x6d1adf]  PSOldGen::resize(unsigned int)+0x8f
V  [libjvm.so+0x6d860a]  PSParallelCompact::invoke_no_policy(bool)+0x8aa
V  [libjvm.so+0x6ddaad]  PSScavenge::invoke()+0x16d
V  [libjvm.so+0x69bbca]  ParallelScavengeHeap::failed_mem_allocate(unsigned int)+0x5a
V  [libjvm.so+0x7de36a]  VM_ParallelGCFailedAllocation::doit()+0x7a
V  [libjvm.so+0x7e7127]  VM_Operation::evaluate()+0x47
V  [libjvm.so+0x7e5223]  VMThread::evaluate_operation(VM_Operation*)+0xb3
V  [libjvm.so+0x7e55c0]  VMThread::loop()+0x1b0
V  [libjvm.so+0x7e5a25]  VMThread::run()+0x85
V  [libjvm.so+0x67e319]  java_start(Thread*)+0x119
C  [libpthread.so.0+0x6d78]  start_thread+0xd8

VM_Operation (0x6b75c954): ParallelGCFailedAllocation, mode: safepoint, requested by thread 0x6b835800


---------------  P R O C E S S  ---------------

Java Threads: ( => current thread )
  0x6b837800 JavaThread "pool-2-thread-4" [_thread_blocked, id=12978, stack(0x6b66b000,0x6b6bc000)]
  0x6b836800 JavaThread "pool-2-thread-3" [_thread_blocked, id=12977, stack(0x6b6bc000,0x6b70d000)]
  0x6b835800 JavaThread "pool-2-thread-2" [_thread_blocked, id=12976, stack(0x6b70d000,0x6b75e000)]
  0x6b834000 JavaThread "pool-3-thread-1" [_thread_blocked, id=12975, stack(0x6b75e000,0x6b7af000)]
  0x6b831000 JavaThread "pool-2-thread-1" [_thread_blocked, id=12974, stack(0x6b7af000,0x6b800000)]
  0x6c199800 JavaThread "Service Thread" daemon [_thread_blocked, id=12972, stack(0x6ba2e000,0x6ba7f000)]
  0x6c197800 JavaThread "C2 CompilerThread1" daemon [_thread_blocked, id=12971, stack(0x6ba7f000,0x6bb00000)]
  0x6c195800 JavaThread "C2 CompilerThread0" daemon [_thread_blocked, id=12970, stack(0x6be2e000,0x6beaf000)]
  0x6c194000 JavaThread "Signal Dispatcher" daemon [_thread_blocked, id=12969, stack(0x6beaf000,0x6bf00000)]
  0x6c184800 JavaThread "Finalizer" daemon [_thread_blocked, id=12968, stack(0x6c02e000,0x6c07f000)]
  0x6c182000 JavaThread "Reference Handler" daemon [_thread_blocked, id=12967, stack(0x6eb2e000,0x6eb7f000)]
  0xb6607800 JavaThread "main" [_thread_blocked, id=12959, stack(0xb6779000,0xb67ca000)]

Other Threads:
=>0x6c180400 VMThread [stack: 0x6c07f000,0x6c100000] [id=12966]
  0x6c19b800 WatcherThread [stack: 0x6b9ad000,0x6ba2e000] [id=12973]

VM state:at safepoint (normal execution)

VM Mutex/Monitor currently owned by a thread:  ([mutex/lock_event])
[0xb6604aa8] ExpandHeap_lock - owner thread: 0x6c180400
[0xb6604ff0] Threads_lock - owner thread: 0x6c180400
[0xb6605400] Heap_lock - owner thread: 0x6b835800

Heap
 PSYoungGen      total 259584K, used 32084K [0x9df80000, 0xb3500000, 0xb3500000)
  eden space 222208K, 0% used [0x9df80000,0x9df80000,0xab880000)
  from space 37376K, 85% used [0xab880000,0xad7d5130,0xadd00000)
  to   space 64256K, 0% used [0xaf640000,0xaf640000,0xb3500000)
 ParOldGen       total 219648K, used 219455K [0x73500000, 0x80b80000, 0x9df80000)
  object space 219648K, 99% used [0x73500000,0x80b4fce0,0x80b80000)
 PSPermGen       total 16384K, used 3954K [0x6f500000, 0x70500000, 0x73500000)
  object space 16384K, 24% used [0x6f500000,0x6f8dcb28,0x70500000)

Card table byte_map: [0x6f2df000,0x6f500000] byte_map_base: 0x6ef64800

Polling page: 0xb7701000

Code Cache  [0xb35e8000, 0xb3958000, 0xb65e8000)
 total_blobs=1196 nmethods=1073 adapters=76 free_code_cache=45672Kb largest_free_block=46736256

Compilation events (10 events):
Event: 20.317 Thread 0x6c195800 1087   !         com.android.dx.rop.type.Type::putIntern (50 bytes)
Event: 20.330 Thread 0x6c195800 nmethod 1087 0xb3936a88 code [0xb3936c00, 0xb3937244]
Event: 20.332 Thread 0x6c197800 1088             com.android.dx.rop.annotation.NameValuePair::getName (5 bytes)
Event: 20.332 Thread 0x6c197800 nmethod 1088 0xb3904d08 code [0xb3904de0, 0xb3904e30]
Event: 20.333 Thread 0x6c197800 1089             java.util.concurrent.locks.ReentrantLock::unlock (10 bytes)
Event: 20.336 Thread 0x6c197800 nmethod 1089 0xb3948a48 code [0xb3948b60, 0xb3948c9c]
Event: 20.367 Thread 0x6c195800 1090             com.android.dx.rop.annotation.Annotations::add (75 bytes)
Event: 20.376 Thread 0x6c195800 nmethod 1090 0xb39499c8 code [0xb3949b20, 0xb3949f90]
Event: 20.376 Thread 0x6c197800 1091             com.android.dx.rop.annotation.Annotations::addAll (59 bytes)
Event: 20.385 Thread 0x6c197800 nmethod 1091 0xb3936108 code [0xb3936240, 0xb393651c]

GC Heap History (10 events):
Event: 16.567 GC heap after
Heap after GC invocations=16 (full 2):
 PSYoungGen      total 241920K, used 38390K [0x9df80000, 0xb1e00000, 0xb3500000)
  eden space 203520K, 0% used [0x9df80000,0x9df80000,0xaa640000)
  from space 38400K, 99% used [0xad740000,0xafcbdb50,0xafcc0000)
  to   space 50176K, 0% used [0xaa640000,0xaa640000,0xad740000)
 ParOldGen       total 132864K, used 122234K [0x73500000, 0x7b6c0000, 0x9df80000)
  object space 132864K, 92% used [0x73500000,0x7ac5ebd0,0x7b6c0000)
 PSPermGen       total 16384K, used 3929K [0x6f500000, 0x70500000, 0x73500000)
  object space 16384K, 23% used [0x6f500000,0x6f8d6690,0x70500000)
}
Event: 16.567 GC heap before
{Heap before GC invocations=17 (full 3):
 PSYoungGen      total 241920K, used 38390K [0x9df80000, 0xb1e00000, 0xb3500000)
  eden space 203520K, 0% used [0x9df80000,0x9df80000,0xaa640000)
  from space 38400K, 99% used [0xad740000,0xafcbdb50,0xafcc0000)
  to   space 50176K, 0% used [0xaa640000,0xaa640000,0xad740000)
 ParOldGen       total 132864K, used 122234K [0x73500000, 0x7b6c0000, 0x9df80000)
  object space 132864K, 92% used [0x73500000,0x7ac5ebd0,0x7b6c0000)
 PSPermGen       total 16384K, used 3929K [0x6f500000, 0x70500000, 0x73500000)
  object space 16384K, 23% used [0x6f500000,0x6f8d6690,0x70500000)
Event: 17.480 GC heap after
Heap after GC invocations=17 (full 3):
 PSYoungGen      total 241920K, used 24174K [0x9df80000, 0xb1e00000, 0xb3500000)
  eden space 203520K, 0% used [0x9df80000,0x9df80000,0xaa640000)
  from space 38400K, 62% used [0xad740000,0xaeedb888,0xafcc0000)
  to   space 50176K, 0% used [0xaa640000,0xaa640000,0xad740000)
 ParOldGen       total 214528K, used 132666K [0x73500000, 0x80680000, 0x9df80000)
  object space 214528K, 61% used [0x73500000,0x7b68e920,0x80680000)
 PSPermGen       total 16384K, used 3929K [0x6f500000, 0x70500000, 0x73500000)
  object space 16384K, 23% used [0x6f500000,0x6f8d6590,0x70500000)
}
Event: 18.255 GC heap before
{Heap before GC invocations=18 (full 3):
 PSYoungGen      total 241920K, used 227694K [0x9df80000, 0xb1e00000, 0xb3500000)
  eden space 203520K, 100% used [0x9df80000,0xaa640000,0xaa640000)
  from space 38400K, 62% used [0xad740000,0xaeedb888,0xafcc0000)
  to   space 50176K, 0% used [0xaa640000,0xaa640000,0xad740000)
 ParOldGen       total 214528K, used 132666K [0x73500000, 0x80680000, 0x9df80000)
  object space 214528K, 61% used [0x73500000,0x7b68e920,0x80680000)
 PSPermGen       total 16384K, used 3936K [0x6f500000, 0x70500000, 0x73500000)
  object space 16384K, 24% used [0x6f500000,0x6f8d8178,0x70500000)
Event: 18.393 GC heap after
Heap after GC invocations=18 (full 3):
 PSYoungGen      total 253696K, used 32244K [0x9df80000, 0xb3500000, 0xb3500000)
  eden space 203520K, 0% used [0x9df80000,0x9df80000,0xaa640000)
  from space 50176K, 64% used [0xaa640000,0xac5bd3c0,0xad740000)
  to   space 51712K, 0% used [0xb0280000,0xb0280000,0xb3500000)
 ParOldGen       total 214528K, used 157161K [0x73500000, 0x80680000, 0x9df80000)
  object space 214528K, 73% used [0x73500000,0x7ce7a4d0,0x80680000)
 PSPermGen       total 16384K, used 3936K [0x6f500000, 0x70500000, 0x73500000)
  object space 16384K, 24% used [0x6f500000,0x6f8d8178,0x70500000)
}
Event: 19.111 GC heap before
{Heap before GC invocations=19 (full 3):
 PSYoungGen      total 253696K, used 235764K [0x9df80000, 0xb3500000, 0xb3500000)
  eden space 203520K, 100% used [0x9df80000,0xaa640000,0xaa640000)
  from space 50176K, 64% used [0xaa640000,0xac5bd3c0,0xad740000)
  to   space 51712K, 0% used [0xb0280000,0xb0280000,0xb3500000)
 ParOldGen       total 214528K, used 157161K [0x73500000, 0x80680000, 0x9df80000)
  object space 214528K, 73% used [0x73500000,0x7ce7a4d0,0x80680000)
 PSPermGen       total 16384K, used 3945K [0x6f500000, 0x70500000, 0x73500000)
  object space 16384K, 24% used [0x6f500000,0x6f8da748,0x70500000)
Event: 19.280 GC heap after
Heap after GC invocations=19 (full 3):
 PSYoungGen      total 273920K, used 51703K [0x9df80000, 0xb3500000, 0xb3500000)
  eden space 222208K, 0% used [0x9df80000,0x9df80000,0xab880000)
  from space 51712K, 99% used [0xb0280000,0xb34fde68,0xb3500000)
  to   space 63744K, 0% used [0xab880000,0xab880000,0xaf6c0000)
 ParOldGen       total 214528K, used 167579K [0x73500000, 0x80680000, 0x9df80000)
  object space 214528K, 78% used [0x73500000,0x7d8a6db8,0x80680000)
 PSPermGen       total 16384K, used 3945K [0x6f500000, 0x70500000, 0x73500000)
  object space 16384K, 24% used [0x6f500000,0x6f8da748,0x70500000)
}
Event: 20.449 GC heap before
{Heap before GC invocations=20 (full 3):
 PSYoungGen      total 273920K, used 273911K [0x9df80000, 0xb3500000, 0xb3500000)
  eden space 222208K, 100% used [0x9df80000,0xab880000,0xab880000)
  from space 51712K, 99% used [0xb0280000,0xb34fde68,0xb3500000)
  to   space 63744K, 0% used [0xab880000,0xab880000,0xaf6c0000)
 ParOldGen       total 214528K, used 167579K [0x73500000, 0x80680000, 0x9df80000)
  object space 214528K, 78% used [0x73500000,0x7d8a6db8,0x80680000)
 PSPermGen       total 16384K, used 3954K [0x6f500000, 0x70500000, 0x73500000)
  object space 16384K, 24% used [0x6f500000,0x6f8dcb78,0x70500000)
Event: 20.613 GC heap after
Heap after GC invocations=20 (full 3):
 PSYoungGen      total 259584K, used 37284K [0x9df80000, 0xb3500000, 0xb3500000)
  eden space 222208K, 0% used [0x9df80000,0x9df80000,0xab880000)
  from space 37376K, 99% used [0xab880000,0xadce9210,0xadd00000)
  to   space 64256K, 0% used [0xaf640000,0xaf640000,0xb3500000)
 ParOldGen       total 219648K, used 219636K [0x73500000, 0x80b80000, 0x9df80000)
  object space 219648K, 99% used [0x73500000,0x80b7d308,0x80b80000)
 PSPermGen       total 16384K, used 3954K [0x6f500000, 0x70500000, 0x73500000)
  object space 16384K, 24% used [0x6f500000,0x6f8dcb78,0x70500000)
}
Event: 20.613 GC heap before
{Heap before GC invocations=21 (full 4):
 PSYoungGen      total 259584K, used 37284K [0x9df80000, 0xb3500000, 0xb3500000)
  eden space 222208K, 0% used [0x9df80000,0x9df80000,0xab880000)
  from space 37376K, 99% used [0xab880000,0xadce9210,0xadd00000)
  to   space 64256K, 0% used [0xaf640000,0xaf640000,0xb3500000)
 ParOldGen       total 219648K, used 219636K [0x73500000, 0x80b80000, 0x9df80000)
  object space 219648K, 99% used [0x73500000,0x80b7d308,0x80b80000)
 PSPermGen       total 16384K, used 3954K [0x6f500000, 0x70500000, 0x73500000)
  object space 16384K, 24% used [0x6f500000,0x6f8dcb78,0x70500000)

Deoptimization events (10 events):
Event: 17.681 Thread 0x6b837800 Uncommon trap: reason=bimorphic action=maybe_recompile pc=0xb38d0734 method=com.android.dx.cf.code.BytecodeArray.parseInstruction(ILcom/android/dx/cf/code/BytecodeArray$Visitor;)I @ 1417
Event: 17.935 Thread 0xb6607800 Uncommon trap: reason=bimorphic action=maybe_recompile pc=0xb37465d8 method=com.android.dx.ssa.LiteralOpUpgrader.tryReplacingWithConstant(Lcom/android/dx/ssa/NormalSsaInsn;)Z @ 62
Event: 17.971 Thread 0x6b836800 Uncommon trap: reason=class_check action=maybe_recompile pc=0xb3788ce4 method=com.android.dx.ssa.SCCP.replaceConstants()V @ 182
Event: 18.048 Thread 0x6b837800 Uncommon trap: reason=bimorphic action=maybe_recompile pc=0xb37465d8 method=com.android.dx.ssa.LiteralOpUpgrader.tryReplacingWithConstant(Lcom/android/dx/ssa/NormalSsaInsn;)Z @ 62
Event: 19.054 Thread 0x6b831000 Uncommon trap: reason=unreached action=reinterpret pc=0xb379a3cc method=com.android.dx.ssa.PhiTypeResolver.resolveResultType(Lcom/android/dx/ssa/PhiInsn;)Z @ 64
Event: 19.056 Thread 0x6b836800 Uncommon trap: reason=class_check action=maybe_recompile pc=0xb36f2e64 method=com.android.dx.ssa.SCCP.simulateBranch(Lcom/android/dx/ssa/SsaInsn;)V @ 339
Event: 19.062 Thread 0x6b836800 Uncommon trap: reason=class_check action=maybe_recompile pc=0xb36f2e64 method=com.android.dx.ssa.SCCP.simulateBranch(Lcom/android/dx/ssa/SsaInsn;)V @ 339
Event: 19.706 Thread 0x6b835800 Uncommon trap: reason=bimorphic action=maybe_recompile pc=0xb37465d8 method=com.android.dx.ssa.LiteralOpUpgrader.tryReplacingWithConstant(Lcom/android/dx/ssa/NormalSsaInsn;)Z @ 62
Event: 19.709 Thread 0x6b837800 Uncommon trap: reason=bimorphic action=maybe_recompile pc=0xb37465d8 method=com.android.dx.ssa.LiteralOpUpgrader.tryReplacingWithConstant(Lcom/android/dx/ssa/NormalSsaInsn;)Z @ 62
Event: 19.720 Thread 0x6b836800 Uncommon trap: reason=bimorphic action=maybe_recompile pc=0xb3751da8 method=com.android.dx.ssa.LiteralOpUpgrader.tryReplacingWithConstant(Lcom/android/dx/ssa/NormalSsaInsn;)Z @ 62

Internal exceptions (10 events):
Event: 9.163 Thread 0x6b835800 Implicit null exception at 0xb36d606d to 0xb36d6641
Event: 9.468 Thread 0xb6607800 Threw 0xa17e2c70 at /HUDSON/workspace/7u-2-build-linux-i586/jdk7u51/527/hotspot/src/share/vm/prims/jvm.cpp:1244
Event: 11.881 Thread 0x6b835800 Implicit null exception at 0xb36ea9c0 to 0xb36ec0c1
Event: 15.441 Thread 0xb6607800 Threw 0xa1ecec28 at /HUDSON/workspace/7u-2-build-linux-i586/jdk7u51/527/hotspot/src/share/vm/prims/jvm.cpp:1244
Event: 15.500 Thread 0x6b836800 Implicit null exception at 0xb3748a42 to 0xb37494a1
Event: 15.500 Thread 0x6b836800 Implicit null exception at 0xb37fc66b to 0xb37fc7e1
Event: 15.502 Thread 0x6b836800 Implicit null exception at 0xb36fcf99 to 0xb36fd0ed
Event: 15.502 Thread 0x6b836800 Implicit null exception at 0xb3654693 to 0xb365477d
Event: 18.494 Thread 0x6b836800 Threw 0x9f3b4688 at /HUDSON/workspace/7u-2-build-linux-i586/jdk7u51/527/hotspot/src/share/vm/prims/jvm.cpp:1244
Event: 19.053 Thread 0x6b831000 Implicit null exception at 0xb3799abd to 0xb379a3ad

Events (10 events):
Event: 19.706 Thread 0x6b835800 Uncommon trap: trap_request=0xffffffc6 fr.pc=0xb37465d8
Event: 19.706 Thread 0x6b835800 DEOPT PACKING pc=0xb37465d8 sp=0x6b75ca20
Event: 19.706 Thread 0x6b835800 DEOPT UNPACKING pc=0xb3614bbc sp=0x6b75c9d0 mode 2
Event: 19.709 Thread 0x6b837800 Uncommon trap: trap_request=0xffffffc6 fr.pc=0xb37465d8
Event: 19.709 Thread 0x6b837800 DEOPT PACKING pc=0xb37465d8 sp=0x6b6bab20
Event: 19.709 Thread 0x6b837800 DEOPT UNPACKING pc=0xb3614bbc sp=0x6b6baad0 mode 2
Event: 19.720 Thread 0x6b836800 Uncommon trap: trap_request=0xffffffc6 fr.pc=0xb3751da8
Event: 19.720 Thread 0x6b836800 DEOPT PACKING pc=0xb3751da8 sp=0x6b70b960
Event: 19.720 Thread 0x6b836800 DEOPT UNPACKING pc=0xb3614bbc sp=0x6b70b948 mode 2
Event: 20.448 Executing VM operation: ParallelGCFailedAllocation


Dynamic libraries:
08048000-08049000 r-xp 00000000 08:01 22808717   /usr/lib/jvm/jdk1.7.0_51/bin/java
08049000-0804a000 rw-p 00000000 08:01 22808717   /usr/lib/jvm/jdk1.7.0_51/bin/java
08453000-08498000 rw-p 00000000 00:00 0          [heap]
69100000-691ff000 rw-p 00000000 00:00 0 
691ff000-69200000 ---p 00000000 00:00 0 
69200000-692fd000 rw-p 00000000 00:00 0 
692fd000-69300000 ---p 00000000 00:00 0 
69300000-693e2000 rw-p 00000000 00:00 0 
693e2000-69400000 ---p 00000000 00:00 0 
69700000-697fa000 rw-p 00000000 00:00 0 
697fa000-69800000 ---p 00000000 00:00 0 
69900000-699f1000 rw-p 00000000 00:00 0 
699f1000-69a00000 ---p 00000000 00:00 0 
69b00000-69bee000 rw-p 00000000 00:00 0 
69bee000-69c00000 ---p 00000000 00:00 0 
69c00000-69cf9000 rw-p 00000000 00:00 0 
69cf9000-69d00000 ---p 00000000 00:00 0 
69d00000-69de7000 rw-p 00000000 00:00 0 
69de7000-69e00000 ---p 00000000 00:00 0 
69e00000-69ee1000 rw-p 00000000 00:00 0 
69ee1000-69f00000 ---p 00000000 00:00 0 
69f00000-6a000000 rw-p 00000000 00:00 0 
6a100000-6a1fe000 rw-p 00000000 00:00 0 
6a1fe000-6a200000 ---p 00000000 00:00 0 
6a200000-6a2f7000 rw-p 00000000 00:00 0 
6a2f7000-6a300000 ---p 00000000 00:00 0 
6a300000-6a3f9000 rw-p 00000000 00:00 0 
6a3f9000-6a400000 ---p 00000000 00:00 0 
6a400000-6a4fc000 rw-p 00000000 00:00 0 
6a4fc000-6a500000 ---p 00000000 00:00 0 
6a500000-6a5f1000 rw-p 00000000 00:00 0 
6a5f1000-6a600000 ---p 00000000 00:00 0 
6a600000-6a6f9000 rw-p 00000000 00:00 0 
6a6f9000-6a700000 ---p 00000000 00:00 0 
6a700000-6a7f6000 rw-p 00000000 00:00 0 
6a7f6000-6a800000 ---p 00000000 00:00 0 
6a800000-6a8fe000 rw-p 00000000 00:00 0 
6a8fe000-6a900000 ---p 00000000 00:00 0 
6a900000-6a9ee000 rw-p 00000000 00:00 0 
6a9ee000-6aa00000 ---p 00000000 00:00 0 
6aa00000-6aaf2000 rw-p 00000000 00:00 0 
6aaf2000-6ab00000 ---p 00000000 00:00 0 
6ab00000-6abfa000 rw-p 00000000 00:00 0 
6abfa000-6ac00000 ---p 00000000 00:00 0 
6ac00000-6acff000 rw-p 00000000 00:00 0 
6acff000-6ad00000 ---p 00000000 00:00 0 
6ad00000-6adfd000 rw-p 00000000 00:00 0 
6adfd000-6ae00000 ---p 00000000 00:00 0 
6af00000-6b000000 rw-p 00000000 00:00 0 
6b100000-6b1ff000 rw-p 00000000 00:00 0 
6b1ff000-6b200000 ---p 00000000 00:00 0 
6b200000-6b2fe000 rw-p 00000000 00:00 0 
6b2fe000-6b300000 ---p 00000000 00:00 0 
6b300000-6b3fc000 rw-p 00000000 00:00 0 
6b3fc000-6b400000 ---p 00000000 00:00 0 
6b400000-6b4fc000 rw-p 00000000 00:00 0 
6b4fc000-6b500000 ---p 00000000 00:00 0 
6b500000-6b5fd000 rw-p 00000000 00:00 0 
6b5fd000-6b600000 ---p 00000000 00:00 0 
6b66b000-6b66e000 ---p 00000000 00:00 0 
6b66e000-6b6bc000 rw-p 00000000 00:00 0          [stack:12978]
6b6bc000-6b6bf000 ---p 00000000 00:00 0 
6b6bf000-6b70d000 rw-p 00000000 00:00 0          [stack:12977]
6b70d000-6b710000 ---p 00000000 00:00 0 
6b710000-6b75e000 rw-p 00000000 00:00 0          [stack:12976]
6b75e000-6b761000 ---p 00000000 00:00 0 
6b761000-6b7af000 rw-p 00000000 00:00 0          [stack:12975]
6b7af000-6b7b2000 ---p 00000000 00:00 0 
6b7b2000-6b800000 rw-p 00000000 00:00 0          [stack:12974]
6b800000-6b89b000 rw-p 00000000 00:00 0 
6b89b000-6b900000 ---p 00000000 00:00 0 
6b941000-6b9ad000 r--s 00522000 08:01 24644696   /home/daemonsoft/AndroidStudioProjects/OxfordSchool/app/build/intermediates/transforms/jarMerging/debug/jars/1/1f/combined.jar
6b9ad000-6b9ae000 ---p 00000000 00:00 0 
6b9ae000-6ba2e000 rw-p 00000000 00:00 0          [stack:12973]
6ba2e000-6ba31000 ---p 00000000 00:00 0 
6ba31000-6ba7f000 rw-p 00000000 00:00 0          [stack:12972]
6ba7f000-6ba82000 ---p 00000000 00:00 0 
6ba82000-6bb00000 rw-p 00000000 00:00 0          [stack:12971]
6bb00000-6bd00000 r--p 00000000 08:01 18882059   /usr/lib/locale/locale-archive
6bd00000-6bd21000 rw-p 00000000 00:00 0 
6bd21000-6be00000 ---p 00000000 00:00 0 
6be2e000-6be31000 ---p 00000000 00:00 0 
6be31000-6beaf000 rw-p 00000000 00:00 0          [stack:12970]
6beaf000-6beb2000 ---p 00000000 00:00 0 
6beb2000-6bf00000 rw-p 00000000 00:00 0          [stack:12969]
6bf00000-6bff9000 rw-p 00000000 00:00 0 
6bff9000-6c000000 ---p 00000000 00:00 0 
6c02e000-6c031000 ---p 00000000 00:00 0 
6c031000-6c07f000 rw-p 00000000 00:00 0          [stack:12968]
6c07f000-6c080000 ---p 00000000 00:00 0 
6c080000-6c100000 rw-p 00000000 00:00 0          [stack:12966]
6c100000-6c200000 rw-p 00000000 00:00 0 
6c203000-6c3c0000 r--s 039bf000 08:01 22808730   /usr/lib/jvm/jdk1.7.0_51/jre/lib/rt.jar
6c3c0000-6ea00000 rw-p 00000000 00:00 0 
6ea00000-6eaff000 rw-p 00000000 00:00 0 
6eaff000-6eb00000 ---p 00000000 00:00 0 
6eb2e000-6eb31000 ---p 00000000 00:00 0 
6eb31000-6eb7f000 rw-p 00000000 00:00 0          [stack:12967]
6eb7f000-6eb80000 ---p 00000000 00:00 0 
6eb80000-6ec00000 rw-p 00000000 00:00 0          [stack:12963]
6ec00000-6ec21000 rw-p 00000000 00:00 0 
6ec21000-6ed00000 ---p 00000000 00:00 0 
6ed0f000-6ed24000 r-xp 00000000 08:01 22937800   /usr/lib/jvm/jdk1.7.0_51/jre/lib/i386/libnet.so
6ed24000-6ed25000 rw-p 00014000 08:01 22937800   /usr/lib/jvm/jdk1.7.0_51/jre/lib/i386/libnet.so
6ed25000-6ed33000 r-xp 00000000 08:01 22937809   /usr/lib/jvm/jdk1.7.0_51/jre/lib/i386/libnio.so
6ed33000-6ed34000 rw-p 0000e000 08:01 22937809   /usr/lib/jvm/jdk1.7.0_51/jre/lib/i386/libnio.so
6ed34000-6ed7f000 rw-p 00000000 00:00 0 
6ed7f000-6ed80000 ---p 00000000 00:00 0 
6ed80000-6ee00000 rw-p 00000000 00:00 0          [stack:12962]
6ee00000-6ee21000 rw-p 00000000 00:00 0 
6ee21000-6ef00000 ---p 00000000 00:00 0 
6ef0a000-6ef7f000 rw-p 00000000 00:00 0 
6ef7f000-6ef80000 ---p 00000000 00:00 0 
6ef80000-6f000000 rw-p 00000000 00:00 0          [stack:12961]
6f000000-6f04f000 rw-p 00000000 00:00 0 
6f04f000-6f100000 ---p 00000000 00:00 0 
6f108000-6f109000 ---p 00000000 00:00 0 
6f109000-6f1f5000 rw-p 00000000 00:00 0          [stack:12960]
6f1f5000-6f2df000 rw-p 00000000 00:00 0 
6f2df000-6f2e7000 rw-p 00000000 00:00 0 
6f2e7000-6f2ff000 rw-p 00000000 00:00 0 
6f2ff000-6f36b000 rw-p 00000000 00:00 0 
6f36b000-6f454000 rw-p 00000000 00:00 0 
6f454000-6f4ff000 rw-p 00000000 00:00 0 
6f4ff000-70500000 rw-p 00000000 00:00 0 
70500000-73500000 rw-p 00000000 00:00 0 
73500000-80b80000 rw-p 00000000 00:00 0 
87f4f000-880c0000 rw-p 00000000 00:00 0 
880c0000-9df80000 rw-p 00000000 00:00 0 
9df80000-b3500000 rw-p 00000000 00:00 0 
b3508000-b3510000 rw-p 00000000 00:00 0 
b3510000-b3528000 rw-p 00000000 00:00 0 
b3528000-b3536000 rw-p 00000000 00:00 0 
b3536000-b35e8000 rw-p 00000000 00:00 0 
b35e8000-b3958000 rwxp 00000000 00:00 0 
b3958000-b65e8000 rw-p 00000000 00:00 0 
b65e8000-b65ff000 r-xp 00000000 08:01 22937822   /usr/lib/jvm/jdk1.7.0_51/jre/lib/i386/libzip.so
b65ff000-b6600000 rw-p 00017000 08:01 22937822   /usr/lib/jvm/jdk1.7.0_51/jre/lib/i386/libzip.so
b6600000-b66f6000 rw-p 00000000 00:00 0 
b66f6000-b6700000 ---p 00000000 00:00 0 
b6701000-b670c000 r-xp 00000000 08:01 27919935   /lib/i386-linux-gnu/libnss_files-2.17.so
b670c000-b670d000 r--p 0000a000 08:01 27919935   /lib/i386-linux-gnu/libnss_files-2.17.so
b670d000-b670e000 rw-p 0000b000 08:01 27919935   /lib/i386-linux-gnu/libnss_files-2.17.so
b670e000-b6718000 r-xp 00000000 08:01 27919931   /lib/i386-linux-gnu/libnss_nis-2.17.so
b6718000-b6719000 r--p 00009000 08:01 27919931   /lib/i386-linux-gnu/libnss_nis-2.17.so
b6719000-b671a000 rw-p 0000a000 08:01 27919931   /lib/i386-linux-gnu/libnss_nis-2.17.so
b671a000-b672f000 r-xp 00000000 08:01 27919916   /lib/i386-linux-gnu/libnsl-2.17.so
b672f000-b6730000 r--p 00014000 08:01 27919916   /lib/i386-linux-gnu/libnsl-2.17.so
b6730000-b6731000 rw-p 00015000 08:01 27919916   /lib/i386-linux-gnu/libnsl-2.17.so
b6731000-b6733000 rw-p 00000000 00:00 0 
b6734000-b6735000 rw-p 00000000 00:00 0 
b6735000-b6744000 r--s 000df000 08:01 5245103    /home/daemonsoft/Android/Sdk/build-tools/23.0.0/lib/dx.jar
b6744000-b674c000 rw-s 00000000 08:01 7472891    /tmp/hsperfdata_daemonsoft/12954
b674c000-b676f000 r-xp 00000000 08:01 22937785   /usr/lib/jvm/jdk1.7.0_51/jre/lib/i386/libjava.so
b676f000-b6770000 rw-p 00022000 08:01 22937785   /usr/lib/jvm/jdk1.7.0_51/jre/lib/i386/libjava.so
b6770000-b6777000 r-xp 00000000 08:01 27919383   /lib/i386-linux-gnu/librt-2.17.so
b6777000-b6778000 r--p 00006000 08:01 27919383   /lib/i386-linux-gnu/librt-2.17.so
b6778000-b6779000 rw-p 00007000 08:01 27919383   /lib/i386-linux-gnu/librt-2.17.so
b6779000-b677c000 ---p 00000000 00:00 0 
b677c000-b67ca000 rw-p 00000000 00:00 0          [stack:12959]
b67ca000-b680b000 r-xp 00000000 08:01 27919929   /lib/i386-linux-gnu/libm-2.17.so
b680b000-b680c000 r--p 00040000 08:01 27919929   /lib/i386-linux-gnu/libm-2.17.so
b680c000-b680d000 rw-p 00041000 08:01 27919929   /lib/i386-linux-gnu/libm-2.17.so
b680d000-b7084000 r-xp 00000000 08:01 22937821   /usr/lib/jvm/jdk1.7.0_51/jre/lib/i386/server/libjvm.so
b7084000-b70e8000 rw-p 00877000 08:01 22937821   /usr/lib/jvm/jdk1.7.0_51/jre/lib/i386/server/libjvm.so
b70e8000-b750c000 rw-p 00000000 00:00 0 
b750c000-b76ba000 r-xp 00000000 08:01 27919923   /lib/i386-linux-gnu/libc-2.17.so
b76ba000-b76bc000 r--p 001ae000 08:01 27919923   /lib/i386-linux-gnu/libc-2.17.so
b76bc000-b76bd000 rw-p 001b0000 08:01 27919923   /lib/i386-linux-gnu/libc-2.17.so
b76bd000-b76c0000 rw-p 00000000 00:00 0 
b76c0000-b76c3000 r-xp 00000000 08:01 27919924   /lib/i386-linux-gnu/libdl-2.17.so
b76c3000-b76c4000 r--p 00002000 08:01 27919924   /lib/i386-linux-gnu/libdl-2.17.so
b76c4000-b76c5000 rw-p 00003000 08:01 27919924   /lib/i386-linux-gnu/libdl-2.17.so
b76c5000-b76c6000 rw-p 00000000 00:00 0 
b76c6000-b76d9000 r-xp 00000000 08:01 22807747   /usr/lib/jvm/jdk1.7.0_51/lib/i386/jli/libjli.so
b76d9000-b76da000 rw-p 00012000 08:01 22807747   /usr/lib/jvm/jdk1.7.0_51/lib/i386/jli/libjli.so
b76da000-b76f1000 r-xp 00000000 08:01 27919928   /lib/i386-linux-gnu/libpthread-2.17.so
b76f1000-b76f2000 r--p 00016000 08:01 27919928   /lib/i386-linux-gnu/libpthread-2.17.so
b76f2000-b76f3000 rw-p 00017000 08:01 27919928   /lib/i386-linux-gnu/libpthread-2.17.so
b76f3000-b76f6000 rw-p 00000000 00:00 0 
b76f6000-b76f7000 r--p 005db000 08:01 18882059   /usr/lib/locale/locale-archive
b76f7000-b76fe000 r-xp 00000000 08:01 27919926   /lib/i386-linux-gnu/libnss_compat-2.17.so
b76fe000-b76ff000 r--p 00006000 08:01 27919926   /lib/i386-linux-gnu/libnss_compat-2.17.so
b76ff000-b7700000 rw-p 00007000 08:01 27919926   /lib/i386-linux-gnu/libnss_compat-2.17.so
b7700000-b7701000 rw-p 00000000 00:00 0 
b7701000-b7702000 ---p 00000000 00:00 0 
b7702000-b770d000 r-xp 00000000 08:01 22937767   /usr/lib/jvm/jdk1.7.0_51/jre/lib/i386/libverify.so
b770d000-b770e000 rw-p 0000b000 08:01 22937767   /usr/lib/jvm/jdk1.7.0_51/jre/lib/i386/libverify.so
b770e000-b7710000 rw-p 00000000 00:00 0 
b7710000-b7711000 r-xp 00000000 00:00 0          [vdso]
b7711000-b7731000 r-xp 00000000 08:01 27919919   /lib/i386-linux-gnu/ld-2.17.so
b7731000-b7732000 r--p 0001f000 08:01 27919919   /lib/i386-linux-gnu/ld-2.17.so
b7732000-b7733000 rw-p 00020000 08:01 27919919   /lib/i386-linux-gnu/ld-2.17.so
bf881000-bf8a2000 rw-p 00000000 00:00 0          [stack]

VM Arguments:
jvm_args: -Djava.awt.headless=true -Xmx1024M -Dfile.encoding=UTF-8 -Duser.country=IN -Duser.language=en -Duser.variant 
java_command: com.android.dx.command.Main --dex --num-threads=4 --multi-dex --main-dex-list /home/daemonsoft/AndroidStudioProjects/OxfordSchool/app/build/intermediates/multi-dex/debug/maindexlist.txt --output /home/daemonsoft/AndroidStudioProjects/OxfordSchool/app/build/intermediates/transforms/dex/debug/folders/1000/1f/main /home/daemonsoft/AndroidStudioProjects/OxfordSchool/app/build/intermediates/transforms/jarMerging/debug/jars/1/1f/combined.jar
Launcher Type: SUN_STANDARD

Environment Variables:
PATH=/usr/lib/lightdm/lightdm:/usr/local/sbin:/usr/local/bin:/usr/sbin:/usr/bin:/sbin:/bin:/usr/games:/usr/local/games
SHELL=/bin/bash
DISPLAY=:0

Signal Handlers:
SIGSEGV: [libjvm.so+0x7dd5e0], sa_mask[0]=0x7ffbfeff, sa_flags=0x10000004
SIGBUS: [libjvm.so+0x7dd5e0], sa_mask[0]=0x7ffbfeff, sa_flags=0x10000004
SIGFPE: [libjvm.so+0x678d60], sa_mask[0]=0x7ffbfeff, sa_flags=0x10000004
SIGPIPE: [libjvm.so+0x678d60], sa_mask[0]=0x7ffbfeff, sa_flags=0x10000004
SIGXFSZ: [libjvm.so+0x678d60], sa_mask[0]=0x7ffbfeff, sa_flags=0x10000004
SIGILL: [libjvm.so+0x678d60], sa_mask[0]=0x7ffbfeff, sa_flags=0x10000004
SIGUSR1: SIG_DFL, sa_mask[0]=0x00000000, sa_flags=0x00000000
SIGUSR2: [libjvm.so+0x67a250], sa_mask[0]=0x00000004, sa_flags=0x10000004
SIGHUP: [libjvm.so+0x67b3a0], sa_mask[0]=0x7ffbfeff, sa_flags=0x10000004
SIGINT: [libjvm.so+0x67b3a0], sa_mask[0]=0x7ffbfeff, sa_flags=0x10000004
SIGTERM: [libjvm.so+0x67b3a0], sa_mask[0]=0x7ffbfeff, sa_flags=0x10000004
SIGQUIT: [libjvm.so+0x67b3a0], sa_mask[0]=0x7ffbfeff, sa_flags=0x10000004


---------------  S Y S T E M  ---------------

OS:wheezy/sid

uname:Linux 3.8.0-35-generic #50-Ubuntu SMP Tue Dec 3 01:25:33 UTC 2013 i686
libc:glibc 2.17 NPTL 2.17 
rlimit: STACK 8192k, CORE 0k, NPROC 28680, NOFILE 4096, AS infinity
load average:5.26 4.06 3.21

/proc/meminfo:
MemTotal:        3687784 kB
MemFree:          221776 kB
Buffers:             624 kB
Cached:           391464 kB
SwapCached:        67828 kB
Active:          2486668 kB
Inactive:         873436 kB
Active(anon):    2480904 kB
Inactive(anon):   848944 kB
Active(file):       5764 kB
Inactive(file):    24492 kB
Unevictable:          36 kB
Mlocked:              36 kB
HighTotal:       2834296 kB
HighFree:          52108 kB
LowTotal:         853488 kB
LowFree:          169668 kB
SwapTotal:       1646588 kB
SwapFree:             12 kB
Dirty:               188 kB
Writeback:             0 kB
AnonPages:       2901120 kB
Mapped:            58976 kB
Shmem:            361644 kB
Slab:              51876 kB
SReclaimable:      20632 kB
SUnreclaim:        31244 kB
KernelStack:        5784 kB
PageTables:        19296 kB
NFS_Unstable:          0 kB
Bounce:               60 kB
WritebackTmp:          0 kB
CommitLimit:     3490480 kB
Committed_AS:   10200720 kB
VmallocTotal:     122880 kB
VmallocUsed:       20592 kB
VmallocChunk:     100236 kB
HardwareCorrupted:     0 kB
AnonHugePages:         0 kB
HugePages_Total:       0
HugePages_Free:        0
HugePages_Rsvd:        0
HugePages_Surp:        0
Hugepagesize:       2048 kB
DirectMap4k:       10232 kB
DirectMap2M:      903168 kB


CPU:total 4 (2 cores per cpu, 2 threads per core) family 6 model 58 stepping 9, cmov, cx8, fxsr, mmx, sse, sse2, sse3, ssse3, sse4.1, sse4.2, popcnt, avx, erms, ht, tsc, tscinvbit, tscinv

/proc/cpuinfo:
processor	: 0
vendor_id	: GenuineIntel
cpu family	: 6
model		: 58
model name	: Intel(R) Core(TM) i3-3110M CPU @ 2.40GHz
stepping	: 9
microcode	: 0x17
cpu MHz		: 1200.000
cache size	: 3072 KB
physical id	: 0
siblings	: 4
core id		: 0
cpu cores	: 2
apicid		: 0
initial apicid	: 0
fdiv_bug	: no
hlt_bug		: no
f00f_bug	: no
coma_bug	: no
fpu		: yes
fpu_exception	: yes
cpuid level	: 13
wp		: yes
flags		: fpu vme de pse tsc msr pae mce cx8 apic sep mtrr pge mca cmov pat pse36 clflush dts acpi mmx fxsr sse sse2 ss ht tm pbe nx rdtscp lm constant_tsc arch_perfmon pebs bts xtopology nonstop_tsc aperfmperf eagerfpu pni pclmulqdq dtes64 monitor ds_cpl vmx est tm2 ssse3 cx16 xtpr pdcm pcid sse4_1 sse4_2 x2apic popcnt tsc_deadline_timer xsave avx f16c lahf_lm arat epb xsaveopt pln pts dtherm tpr_shadow vnmi flexpriority ept vpid fsgsbase smep erms
bogomips	: 4788.95
clflush size	: 64
cache_alignment	: 64
address sizes	: 36 bits physical, 48 bits virtual
power management:

processor	: 1
vendor_id	: GenuineIntel
cpu family	: 6
model		: 58
model name	: Intel(R) Core(TM) i3-3110M CPU @ 2.40GHz
stepping	: 9
microcode	: 0x17
cpu MHz		: 1200.000
cache size	: 3072 KB
physical id	: 0
siblings	: 4
core id		: 0
cpu cores	: 2
apicid		: 1
initial apicid	: 1
fdiv_bug	: no
hlt_bug		: no
f00f_bug	: no
coma_bug	: no
fpu		: yes
fpu_exception	: yes
cpuid level	: 13
wp		: yes
flags		: fpu vme de pse tsc msr pae mce cx8 apic sep mtrr pge mca cmov pat pse36 clflush dts acpi mmx fxsr sse sse2 ss ht tm pbe nx rdtscp lm constant_tsc arch_perfmon pebs bts xtopology nonstop_tsc aperfmperf eagerfpu pni pclmulqdq dtes64 monitor ds_cpl vmx est tm2 ssse3 cx16 xtpr pdcm pcid sse4_1 sse4_2 x2apic popcnt tsc_deadline_timer xsave avx f16c lahf_lm arat epb xsaveopt pln pts dtherm tpr_shadow vnmi flexpriority ept vpid fsgsbase smep erms
bogomips	: 4788.95
clflush size	: 64
cache_alignment	: 64
address sizes	: 36 bits physical, 48 bits virtual
power management:

processor	: 2
vendor_id	: GenuineIntel
cpu family	: 6
model		: 58
model name	: Intel(R) Core(TM) i3-3110M CPU @ 2.40GHz
stepping	: 9
microcode	: 0x17
cpu MHz		: 1200.000
cache size	: 3072 KB
physical id	: 0
siblings	: 4
core id		: 1
cpu cores	: 2
apicid		: 2
initial apicid	: 2
fdiv_bug	: no
hlt_bug		: no
f00f_bug	: no
coma_bug	: no
fpu		: yes
fpu_exception	: yes
cpuid level	: 13
wp		: yes
flags		: fpu vme de pse tsc msr pae mce cx8 apic sep mtrr pge mca cmov pat pse36 clflush dts acpi mmx fxsr sse sse2 ss ht tm pbe nx rdtscp lm constant_tsc arch_perfmon pebs bts xtopology nonstop_tsc aperfmperf eagerfpu pni pclmulqdq dtes64 monitor ds_cpl vmx est tm2 ssse3 cx16 xtpr pdcm pcid sse4_1 sse4_2 x2apic popcnt tsc_deadline_timer xsave avx f16c lahf_lm arat epb xsaveopt pln pts dtherm tpr_shadow vnmi flexpriority ept vpid fsgsbase smep erms
bogomips	: 4788.95
clflush size	: 64
cache_alignment	: 64
address sizes	: 36 bits physical, 48 bits virtual
power management:

processor	: 3
vendor_id	: GenuineIntel
cpu family	: 6
model		: 58
model name	: Intel(R) Core(TM) i3-3110M CPU @ 2.40GHz
stepping	: 9
microcode	: 0x17
cpu MHz		: 2200.000
cache size	: 3072 KB
physical id	: 0
siblings	: 4
core id		: 1
cpu cores	: 2
apicid		: 3
initial apicid	: 3
fdiv_bug	: no
hlt_bug		: no
f00f_bug	: no
coma_bug	: no
fpu		: yes
fpu_exception	: yes
cpuid level	: 13
wp		: yes
flags		: fpu vme de pse tsc msr pae mce cx8 apic sep mtrr pge mca cmov pat pse36 clflush dts acpi mmx fxsr sse sse2 ss ht tm pbe nx rdtscp lm constant_tsc arch_perfmon pebs bts xtopology nonstop_tsc aperfmperf eagerfpu pni pclmulqdq dtes64 monitor ds_cpl vmx est tm2 ssse3 cx16 xtpr pdcm pcid sse4_1 sse4_2 x2apic popcnt tsc_deadline_timer xsave avx f16c lahf_lm arat epb xsaveopt pln pts dtherm tpr_shadow vnmi flexpriority ept vpid fsgsbase smep erms
bogomips	: 4788.95
clflush size	: 64
cache_alignment	: 64
address sizes	: 36 bits physical, 48 bits virtual
power management:



Memory: 4k page, physical 3687784k(221776k free), swap 1646588k(12k free)

vm_info: Java HotSpot(TM) Server VM (24.51-b03) for linux-x86 JRE (1.7.0_51-b13), built on Dec 18 2013 18:45:30 by "java_re" with gcc 4.3.0 20080428 (Red Hat 4.3.0-8)

time: Wed May 11 17:36:28 2016
elapsed time: 29 seconds

