#
# There is insufficient memory for the Java Runtime Environment to continue.
# Native memory allocation (malloc) failed to allocate 107216896 bytes for committing reserved memory.
# Possible reasons:
#   The system is out of physical RAM or swap space
#   In 32 bit mode, the process size limit was hit
# Possible solutions:
#   Reduce memory load on the system
#   Increase physical memory or swap space
#   Check if swap backing store is full
#   Use 64 bit Java on a 64 bit OS
#   Decrease Java heap size (-Xmx/-Xms)
#   Decrease number of Java threads
#   Decrease Java thread stack sizes (-Xss)
#   Set larger code cache with -XX:ReservedCodeCacheSize=
# This output file may be truncated or incomplete.
#
#  Out of Memory Error (os_linux.cpp:2726), pid=10286, tid=1812986688
#
# JRE version: Java(TM) SE Runtime Environment (7.0_51-b13) (build 1.7.0_51-b13)
# Java VM: Java HotSpot(TM) Server VM (24.51-b03 mixed mode linux-x86 )
# Failed to write core dump. Core dumps have been disabled. To enable core dumping, try "ulimit -c unlimited" before starting Java again
#

---------------  T H R E A D  ---------------

Current thread (0x6c180400):  VMThread [stack: 0x6c07f000,0x6c100000] [id=10295]

Stack: [0x6c07f000,0x6c100000],  sp=0x6c0fea10,  free space=510k
Native frames: (J=compiled Java code, j=interpreted, Vv=VM code, C=native code)
V  [libjvm.so+0x7dcac6]  VMError::report_and_die()+0x1a6
V  [libjvm.so+0x33a5b2]  report_vm_out_of_memory(char const*, int, unsigned int, char const*)+0x72
V  [libjvm.so+0x67be21]  os::Linux::commit_memory_impl(char*, unsigned int, bool)+0xe1
V  [libjvm.so+0x67c277]  os::Linux::commit_memory_impl(char*, unsigned int, unsigned int, bool)+0x47
V  [libjvm.so+0x67c45d]  os::pd_commit_memory(char*, unsigned int, unsigned int, bool)+0x1d
V  [libjvm.so+0x675e8c]  os::commit_memory(char*, unsigned int, unsigned int, bool)+0x2c
V  [libjvm.so+0x6df398]  PSVirtualSpace::expand_by(unsigned int)+0x48
V  [libjvm.so+0x6d1a11]  PSOldGen::expand(unsigned int)+0x141
V  [libjvm.so+0x6d1adf]  PSOldGen::resize(unsigned int)+0x8f
V  [libjvm.so+0x6d860a]  PSParallelCompact::invoke_no_policy(bool)+0x8aa
V  [libjvm.so+0x6ddaad]  PSScavenge::invoke()+0x16d
V  [libjvm.so+0x69bbca]  ParallelScavengeHeap::failed_mem_allocate(unsigned int)+0x5a
V  [libjvm.so+0x7de36a]  VM_ParallelGCFailedAllocation::doit()+0x7a
V  [libjvm.so+0x7e7127]  VM_Operation::evaluate()+0x47
V  [libjvm.so+0x7e5223]  VMThread::evaluate_operation(VM_Operation*)+0xb3
V  [libjvm.so+0x7e55c0]  VMThread::loop()+0x1b0
V  [libjvm.so+0x7e5a25]  VMThread::run()+0x85
V  [libjvm.so+0x67e319]  java_start(Thread*)+0x119
C  [libpthread.so.0+0x6d78]  start_thread+0xd8

VM_Operation (0x6b7fea24): ParallelGCFailedAllocation, mode: safepoint, requested by thread 0x6b621400


---------------  P R O C E S S  ---------------

Java Threads: ( => current thread )
  0x6b627000 JavaThread "pool-2-thread-4" [_thread_blocked, id=10307, stack(0x6b55e000,0x6b5af000)]
  0x6b624c00 JavaThread "pool-2-thread-3" [_thread_blocked, id=10306, stack(0x6b5af000,0x6b600000)]
  0x6b623c00 JavaThread "pool-2-thread-2" [_thread_blocked, id=10305, stack(0x6b70d000,0x6b75e000)]
  0x6b622400 JavaThread "pool-3-thread-1" [_thread_blocked, id=10304, stack(0x6b75e000,0x6b7af000)]
  0x6b621400 JavaThread "pool-2-thread-1" [_thread_blocked, id=10303, stack(0x6b7af000,0x6b800000)]
  0x6c199800 JavaThread "Service Thread" daemon [_thread_blocked, id=10301, stack(0x6ba2e000,0x6ba7f000)]
  0x6c197800 JavaThread "C2 CompilerThread1" daemon [_thread_blocked, id=10300, stack(0x6ba7f000,0x6bb00000)]
  0x6c195800 JavaThread "C2 CompilerThread0" daemon [_thread_blocked, id=10299, stack(0x6be2e000,0x6beaf000)]
  0x6c194000 JavaThread "Signal Dispatcher" daemon [_thread_blocked, id=10298, stack(0x6beaf000,0x6bf00000)]
  0x6c184800 JavaThread "Finalizer" daemon [_thread_blocked, id=10297, stack(0x6c02e000,0x6c07f000)]
  0x6c182000 JavaThread "Reference Handler" daemon [_thread_blocked, id=10296, stack(0x6eb2e000,0x6eb7f000)]
  0xb6607800 JavaThread "main" [_thread_blocked, id=10290, stack(0xb6789000,0xb67da000)]

Other Threads:
=>0x6c180400 VMThread [stack: 0x6c07f000,0x6c100000] [id=10295]
  0x6c19b800 WatcherThread [stack: 0x6b9ad000,0x6ba2e000] [id=10302]

VM state:at safepoint (normal execution)

VM Mutex/Monitor currently owned by a thread:  ([mutex/lock_event])
[0xb6604aa8] ExpandHeap_lock - owner thread: 0x6c180400
[0xb6604ff0] Threads_lock - owner thread: 0x6c180400
[0xb6605400] Heap_lock - owner thread: 0x6b621400

Heap
 PSYoungGen      total 291584K, used 7974K [0x9df80000, 0xb3500000, 0xb3500000)
  eden space 235008K, 0% used [0x9df80000,0x9df80000,0xac500000)
  from space 56576K, 14% used [0xafdc0000,0xb0589b30,0xb3500000)
  to   space 57344K, 0% used [0xac500000,0xac500000,0xafd00000)
 ParOldGen       total 213760K, used 213566K [0x73500000, 0x805c0000, 0x9df80000)
  object space 213760K, 99% used [0x73500000,0x8058f8f8,0x805c0000)
 PSPermGen       total 16384K, used 3954K [0x6f500000, 0x70500000, 0x73500000)
  object space 16384K, 24% used [0x6f500000,0x6f8dc830,0x70500000)

Card table byte_map: [0x6f2df000,0x6f500000] byte_map_base: 0x6ef64800

Polling page: 0xb7711000

Code Cache  [0xb35e8000, 0xb3928000, 0xb65e8000)
 total_blobs=1174 nmethods=1051 adapters=76 free_code_cache=45855Kb largest_free_block=46928768

Compilation events (10 events):
Event: 19.339 Thread 0x6c197800 nmethod 1055 0xb390bdc8 code [0xb390bec0, 0xb390bfb0]
Event: 19.339 Thread 0x6c197800 1056             com.android.dx.dex.code.RopTranslator::translateAndGetResult (48 bytes)
Event: 19.363 Thread 0x6c197800 nmethod 1056 0xb391da88 code [0xb391dbe0, 0xb391dfd0]
Event: 19.363 Thread 0x6c197800 1057             com.android.dx.dex.code.OutputFinisher::<init> (48 bytes)
Event: 19.367 Thread 0x6c197800 nmethod 1057 0xb391d6c8 code [0xb391d7c0, 0xb391d990]
Event: 19.367 Thread 0x6c197800 1058             com.android.dx.dex.code.RopTranslator$LocalVariableAwareTranslationVisitor::<init> (17 bytes)
Event: 19.368 Thread 0x6c197800 nmethod 1058 0xb391d548 code [0xb391d620, 0xb391d690]
Event: 19.368 Thread 0x6c197800 1059   !         java.lang.Class::getEnumConstantsShared (76 bytes)
Event: 19.369 Thread 0x6c197800 nmethod 1059 0xb391d388 code [0xb391d480, 0xb391d4f0]
Event: 19.369 Thread 0x6c197800 1060             com.android.dx.cf.code.Ropper::<init> (213 bytes)

GC Heap History (10 events):
Event: 15.285 GC heap after
Heap after GC invocations=15 (full 2):
 PSYoungGen      total 212480K, used 31989K [0x9df80000, 0xb0880000, 0xb3500000)
  eden space 180480K, 0% used [0x9df80000,0x9df80000,0xa8fc0000)
  from space 32000K, 99% used [0xa8fc0000,0xaaefd710,0xaaf00000)
  to   space 42240K, 0% used [0xadf40000,0xadf40000,0xb0880000)
 ParOldGen       total 129024K, used 99929K [0x73500000, 0x7b300000, 0x9df80000)
  object space 129024K, 77% used [0x73500000,0x796965b0,0x7b300000)
 PSPermGen       total 16384K, used 3926K [0x6f500000, 0x70500000, 0x73500000)
  object space 16384K, 23% used [0x6f500000,0x6f8d5aa8,0x70500000)
}
Event: 16.185 GC heap before
{Heap before GC invocations=16 (full 2):
 PSYoungGen      total 212480K, used 212469K [0x9df80000, 0xb0880000, 0xb3500000)
  eden space 180480K, 100% used [0x9df80000,0xa8fc0000,0xa8fc0000)
  from space 32000K, 99% used [0xa8fc0000,0xaaefd710,0xaaf00000)
  to   space 42240K, 0% used [0xadf40000,0xadf40000,0xb0880000)
 ParOldGen       total 129024K, used 99929K [0x73500000, 0x7b300000, 0x9df80000)
  object space 129024K, 77% used [0x73500000,0x796965b0,0x7b300000)
 PSPermGen       total 16384K, used 3938K [0x6f500000, 0x70500000, 0x73500000)
  object space 16384K, 24% used [0x6f500000,0x6f8d88b0,0x70500000)
Event: 16.301 GC heap after
Heap after GC invocations=16 (full 2):
 PSYoungGen      total 259840K, used 29684K [0x9df80000, 0xb13c0000, 0xb3500000)
  eden space 217600K, 0% used [0x9df80000,0x9df80000,0xab400000)
  from space 42240K, 70% used [0xadf40000,0xafc3d310,0xb0880000)
  to   space 44288K, 0% used [0xab400000,0xab400000,0xadf40000)
 ParOldGen       total 132096K, used 131814K [0x73500000, 0x7b600000, 0x9df80000)
  object space 132096K, 99% used [0x73500000,0x7b5b9b08,0x7b600000)
 PSPermGen       total 16384K, used 3938K [0x6f500000, 0x70500000, 0x73500000)
  object space 16384K, 24% used [0x6f500000,0x6f8d88b0,0x70500000)
}
Event: 16.301 GC heap before
{Heap before GC invocations=17 (full 3):
 PSYoungGen      total 259840K, used 29684K [0x9df80000, 0xb13c0000, 0xb3500000)
  eden space 217600K, 0% used [0x9df80000,0x9df80000,0xab400000)
  from space 42240K, 70% used [0xadf40000,0xafc3d310,0xb0880000)
  to   space 44288K, 0% used [0xab400000,0xab400000,0xadf40000)
 ParOldGen       total 132096K, used 131814K [0x73500000, 0x7b600000, 0x9df80000)
  object space 132096K, 99% used [0x73500000,0x7b5b9b08,0x7b600000)
 PSPermGen       total 16384K, used 3938K [0x6f500000, 0x70500000, 0x73500000)
  object space 16384K, 24% used [0x6f500000,0x6f8d88b0,0x70500000)
Event: 17.064 GC heap after
Heap after GC invocations=17 (full 3):
 PSYoungGen      total 259840K, used 25318K [0x9df80000, 0xb13c0000, 0xb3500000)
  eden space 217600K, 0% used [0x9df80000,0x9df80000,0xab400000)
  from space 42240K, 59% used [0xadf40000,0xaf7f98a0,0xb0880000)
  to   space 44288K, 0% used [0xab400000,0xab400000,0xadf40000)
 ParOldGen       total 213760K, used 132056K [0x73500000, 0x805c0000, 0x9df80000)
  object space 213760K, 61% used [0x73500000,0x7b5f61d8,0x805c0000)
 PSPermGen       total 16384K, used 3937K [0x6f500000, 0x70500000, 0x73500000)
  object space 16384K, 24% used [0x6f500000,0x6f8d8760,0x70500000)
}
Event: 17.797 GC heap before
{Heap before GC invocations=18 (full 3):
 PSYoungGen      total 259840K, used 242918K [0x9df80000, 0xb13c0000, 0xb3500000)
  eden space 217600K, 100% used [0x9df80000,0xab400000,0xab400000)
  from space 42240K, 59% used [0xadf40000,0xaf7f98a0,0xb0880000)
  to   space 44288K, 0% used [0xab400000,0xab400000,0xadf40000)
 ParOldGen       total 213760K, used 132056K [0x73500000, 0x805c0000, 0x9df80000)
  object space 213760K, 61% used [0x73500000,0x7b5f61d8,0x805c0000)
 PSPermGen       total 16384K, used 3942K [0x6f500000, 0x70500000, 0x73500000)
  object space 16384K, 24% used [0x6f500000,0x6f8d99a0,0x70500000)
Event: 18.429 GC heap after
Heap after GC invocations=18 (full 3):
 PSYoungGen      total 261888K, used 44273K [0x9df80000, 0xb3500000, 0xb3500000)
  eden space 217600K, 0% used [0x9df80000,0x9df80000,0xab400000)
  from space 44288K, 99% used [0xab400000,0xadf3c758,0xadf40000)
  to   space 56576K, 0% used [0xafdc0000,0xafdc0000,0xb3500000)
 ParOldGen       total 213760K, used 146149K [0x73500000, 0x805c0000, 0x9df80000)
  object space 213760K, 68% used [0x73500000,0x7c3b9408,0x805c0000)
 PSPermGen       total 16384K, used 3942K [0x6f500000, 0x70500000, 0x73500000)
  object space 16384K, 24% used [0x6f500000,0x6f8d99a0,0x70500000)
}
Event: 19.374 GC heap before
{Heap before GC invocations=19 (full 3):
 PSYoungGen      total 261888K, used 261873K [0x9df80000, 0xb3500000, 0xb3500000)
  eden space 217600K, 100% used [0x9df80000,0xab400000,0xab400000)
  from space 44288K, 99% used [0xab400000,0xadf3c758,0xadf40000)
  to   space 56576K, 0% used [0xafdc0000,0xafdc0000,0xb3500000)
 ParOldGen       total 213760K, used 146149K [0x73500000, 0x805c0000, 0x9df80000)
  object space 213760K, 68% used [0x73500000,0x7c3b9408,0x805c0000)
 PSPermGen       total 16384K, used 3954K [0x6f500000, 0x70500000, 0x73500000)
  object space 16384K, 24% used [0x6f500000,0x6f8dc890,0x70500000)
Event: 21.936 GC heap after
Heap after GC invocations=19 (full 3):
 PSYoungGen      total 291584K, used 33742K [0x9df80000, 0xb3500000, 0xb3500000)
  eden space 235008K, 0% used [0x9df80000,0x9df80000,0xac500000)
  from space 56576K, 59% used [0xafdc0000,0xb1eb3938,0xb3500000)
  to   space 57344K, 0% used [0xac500000,0xac500000,0xafd00000)
 ParOldGen       total 213760K, used 190500K [0x73500000, 0x805c0000, 0x9df80000)
  object space 213760K, 89% used [0x73500000,0x7ef09258,0x805c0000)
 PSPermGen       total 16384K, used 3954K [0x6f500000, 0x70500000, 0x73500000)
  object space 16384K, 24% used [0x6f500000,0x6f8dc890,0x70500000)
}
Event: 21.937 GC heap before
{Heap before GC invocations=20 (full 4):
 PSYoungGen      total 291584K, used 33742K [0x9df80000, 0xb3500000, 0xb3500000)
  eden space 235008K, 0% used [0x9df80000,0x9df80000,0xac500000)
  from space 56576K, 59% used [0xafdc0000,0xb1eb3938,0xb3500000)
  to   space 57344K, 0% used [0xac500000,0xac500000,0xafd00000)
 ParOldGen       total 213760K, used 190500K [0x73500000, 0x805c0000, 0x9df80000)
  object space 213760K, 89% used [0x73500000,0x7ef09258,0x805c0000)
 PSPermGen       total 16384K, used 3954K [0x6f500000, 0x70500000, 0x73500000)
  object space 16384K, 24% used [0x6f500000,0x6f8dc890,0x70500000)

Deoptimization events (10 events):
Event: 15.822 Thread 0x6b621400 Uncommon trap: reason=unreached action=reinterpret pc=0xb3755078 method=com.android.dx.rop.code.LocalItem.compareHandlesNulls(Lcom/android/dx/rop/cst/CstString;Lcom/android/dx/rop/cst/CstString;)I @ 8
Event: 15.829 Thread 0x6b621400 Uncommon trap: reason=unreached action=reinterpret pc=0xb37245c4 method=com.android.dx.rop.code.LocalItem.compareHandlesNulls(Lcom/android/dx/rop/cst/CstString;Lcom/android/dx/rop/cst/CstString;)I @ 8
Event: 15.829 Thread 0x6b621400 Uncommon trap: reason=unreached action=reinterpret pc=0xb36e6c90 method=com.android.dx.rop.code.LocalItem.compareHandlesNulls(Lcom/android/dx/rop/cst/CstString;Lcom/android/dx/rop/cst/CstString;)I @ 8
Event: 17.366 Thread 0xb6607800 Uncommon trap: reason=bimorphic action=maybe_recompile pc=0xb3738c54 method=com.android.dx.ssa.LiteralOpUpgrader.tryReplacingWithConstant(Lcom/android/dx/ssa/NormalSsaInsn;)Z @ 62
Event: 17.405 Thread 0x6b624c00 Uncommon trap: reason=class_check action=maybe_recompile pc=0xb379fde4 method=com.android.dx.ssa.SCCP.replaceConstants()V @ 182
Event: 17.455 Thread 0x6b624c00 Uncommon trap: reason=bimorphic action=maybe_recompile pc=0xb3738c54 method=com.android.dx.ssa.LiteralOpUpgrader.tryReplacingWithConstant(Lcom/android/dx/ssa/NormalSsaInsn;)Z @ 62
Event: 19.013 Thread 0x6b621400 Uncommon trap: reason=unreached action=reinterpret pc=0xb377a29c method=com.android.dx.ssa.PhiTypeResolver.resolveResultType(Lcom/android/dx/ssa/PhiInsn;)Z @ 64
Event: 19.133 Thread 0x6b621400 Uncommon trap: reason=bimorphic action=maybe_recompile pc=0xb3738c54 method=com.android.dx.ssa.LiteralOpUpgrader.tryReplacingWithConstant(Lcom/android/dx/ssa/NormalSsaInsn;)Z @ 62
Event: 19.134 Thread 0x6b623c00 Uncommon trap: reason=bimorphic action=maybe_recompile pc=0xb3738c54 method=com.android.dx.ssa.LiteralOpUpgrader.tryReplacingWithConstant(Lcom/android/dx/ssa/NormalSsaInsn;)Z @ 62
Event: 19.144 Thread 0x6b627000 Uncommon trap: reason=bimorphic action=maybe_recompile pc=0xb373b6c0 method=com.android.dx.ssa.LiteralOpUpgrader.tryReplacingWithConstant(Lcom/android/dx/ssa/NormalSsaInsn;)Z @ 62

Internal exceptions (10 events):
Event: 8.363 Thread 0x6b623c00 Threw 0x9fdd2d20 at /HUDSON/workspace/7u-2-build-linux-i586/jdk7u51/527/hotspot/src/share/vm/prims/jvm.cpp:1244
Event: 8.668 Thread 0xb6607800 Threw 0xa145ece8 at /HUDSON/workspace/7u-2-build-linux-i586/jdk7u51/527/hotspot/src/share/vm/prims/jvm.cpp:1244
Event: 10.264 Thread 0xb6607800 Implicit null exception at 0xb37c0124 to 0xb37c1dc5
Event: 13.977 Thread 0xb6607800 Threw 0xa7836b90 at /HUDSON/workspace/7u-2-build-linux-i586/jdk7u51/527/hotspot/src/share/vm/prims/jvm.cpp:1244
Event: 15.822 Thread 0x6b621400 Implicit null exception at 0xb3734e38 to 0xb3735ca9
Event: 15.822 Thread 0x6b621400 Implicit null exception at 0xb3754e2d to 0xb3755065
Event: 15.829 Thread 0x6b621400 Implicit null exception at 0xb372439e to 0xb37245b1
Event: 15.829 Thread 0x6b621400 Implicit null exception at 0xb36e6b96 to 0xb36e6c7d
Event: 16.018 Thread 0x6b627000 Threw 0xa6386068 at /HUDSON/workspace/7u-2-build-linux-i586/jdk7u51/527/hotspot/src/share/vm/prims/jvm.cpp:1244
Event: 19.013 Thread 0x6b621400 Implicit null exception at 0xb377991d to 0xb377a27d

Events (10 events):
Event: 19.133 Thread 0x6b621400 Uncommon trap: trap_request=0xffffffc6 fr.pc=0xb3738c54
Event: 19.133 Thread 0x6b621400 DEOPT PACKING pc=0xb3738c54 sp=0x6b7fea30
Event: 19.133 Thread 0x6b621400 DEOPT UNPACKING pc=0xb3614bbc sp=0x6b7fe9e0 mode 2
Event: 19.134 Thread 0x6b623c00 Uncommon trap: trap_request=0xffffffc6 fr.pc=0xb3738c54
Event: 19.134 Thread 0x6b623c00 DEOPT PACKING pc=0xb3738c54 sp=0x6b75cb30
Event: 19.134 Thread 0x6b623c00 DEOPT UNPACKING pc=0xb3614bbc sp=0x6b75cae0 mode 2
Event: 19.144 Thread 0x6b627000 Uncommon trap: trap_request=0xffffffc6 fr.pc=0xb373b6c0
Event: 19.144 Thread 0x6b627000 DEOPT PACKING pc=0xb373b6c0 sp=0x6b5ad7f0
Event: 19.144 Thread 0x6b627000 DEOPT UNPACKING pc=0xb3614bbc sp=0x6b5ad7d8 mode 2
Event: 19.373 Executing VM operation: ParallelGCFailedAllocation


Dynamic libraries:
08048000-08049000 r-xp 00000000 08:01 22808717   /usr/lib/jvm/jdk1.7.0_51/bin/java
08049000-0804a000 rw-p 00000000 08:01 22808717   /usr/lib/jvm/jdk1.7.0_51/bin/java
08dda000-08ead000 rw-p 00000000 00:00 0          [heap]
69700000-6977d000 rw-p 00000000 00:00 0 
6977d000-69800000 ---p 00000000 00:00 0 
69900000-699fd000 rw-p 00000000 00:00 0 
699fd000-69a00000 ---p 00000000 00:00 0 
69d00000-69dd5000 rw-p 00000000 00:00 0 
69dd5000-69e00000 ---p 00000000 00:00 0 
69f00000-69ffd000 rw-p 00000000 00:00 0 
69ffd000-6a000000 ---p 00000000 00:00 0 
6a100000-6a200000 rw-p 00000000 00:00 0 
6a300000-6a3f0000 rw-p 00000000 00:00 0 
6a3f0000-6a400000 ---p 00000000 00:00 0 
6a500000-6a5ff000 rw-p 00000000 00:00 0 
6a5ff000-6a600000 ---p 00000000 00:00 0 
6a623000-6a700000 rw-p 00000000 00:00 0 
6a700000-6a7f4000 rw-p 00000000 00:00 0 
6a7f4000-6a800000 ---p 00000000 00:00 0 
6a800000-6a8fa000 rw-p 00000000 00:00 0 
6a8fa000-6a900000 ---p 00000000 00:00 0 
6a900000-6a9f9000 rw-p 00000000 00:00 0 
6a9f9000-6aa00000 ---p 00000000 00:00 0 
6aa00000-6aaf9000 rw-p 00000000 00:00 0 
6aaf9000-6ab00000 ---p 00000000 00:00 0 
6ab00000-6abec000 rw-p 00000000 00:00 0 
6abec000-6ac00000 ---p 00000000 00:00 0 
6ac00000-6accb000 rw-p 00000000 00:00 0 
6accb000-6ad00000 ---p 00000000 00:00 0 
6ad00000-6adf4000 rw-p 00000000 00:00 0 
6adf4000-6ae00000 ---p 00000000 00:00 0 
6ae00000-6aefc000 rw-p 00000000 00:00 0 
6aefc000-6af00000 ---p 00000000 00:00 0 
6af00000-6aff9000 rw-p 00000000 00:00 0 
6aff9000-6b000000 ---p 00000000 00:00 0 
6b000000-6b0fb000 rw-p 00000000 00:00 0 
6b0fb000-6b100000 ---p 00000000 00:00 0 
6b100000-6b1fb000 rw-p 00000000 00:00 0 
6b1fb000-6b200000 ---p 00000000 00:00 0 
6b200000-6b2f4000 rw-p 00000000 00:00 0 
6b2f4000-6b300000 ---p 00000000 00:00 0 
6b300000-6b3df000 rw-p 00000000 00:00 0 
6b3df000-6b400000 ---p 00000000 00:00 0 
6b400000-6b4eb000 rw-p 00000000 00:00 0 
6b4eb000-6b500000 ---p 00000000 00:00 0 
6b55e000-6b561000 ---p 00000000 00:00 0 
6b561000-6b5af000 rw-p 00000000 00:00 0          [stack:10307]
6b5af000-6b5b2000 ---p 00000000 00:00 0 
6b5b2000-6b600000 rw-p 00000000 00:00 0          [stack:10306]
6b600000-6b692000 rw-p 00000000 00:00 0 
6b692000-6b700000 ---p 00000000 00:00 0 
6b70d000-6b710000 ---p 00000000 00:00 0 
6b710000-6b75e000 rw-p 00000000 00:00 0          [stack:10305]
6b75e000-6b761000 ---p 00000000 00:00 0 
6b761000-6b7af000 rw-p 00000000 00:00 0          [stack:10304]
6b7af000-6b7b2000 ---p 00000000 00:00 0 
6b7b2000-6b800000 rw-p 00000000 00:00 0          [stack:10303]
6b800000-6b8fd000 rw-p 00000000 00:00 0 
6b8fd000-6b900000 ---p 00000000 00:00 0 
6b945000-6b9ad000 r--s 004ef000 08:01 24644587   /home/daemonsoft/AndroidStudioProjects/OxfordSchool/app/build/intermediates/transforms/jarMerging/debug/jars/1/1f/combined.jar
6b9ad000-6b9ae000 ---p 00000000 00:00 0 
6b9ae000-6ba2e000 rw-p 00000000 00:00 0          [stack:10302]
6ba2e000-6ba31000 ---p 00000000 00:00 0 
6ba31000-6ba7f000 rw-p 00000000 00:00 0          [stack:10301]
6ba7f000-6ba82000 ---p 00000000 00:00 0 
6ba82000-6bb00000 rw-p 00000000 00:00 0          [stack:10300]
6bb00000-6bd00000 r--p 00000000 08:01 18882059   /usr/lib/locale/locale-archive
6bd00000-6bd2c000 rw-p 00000000 00:00 0 
6bd2c000-6be00000 ---p 00000000 00:00 0 
6be2e000-6be31000 ---p 00000000 00:00 0 
6be31000-6beaf000 rw-p 00000000 00:00 0          [stack:10299]
6beaf000-6beb2000 ---p 00000000 00:00 0 
6beb2000-6bf00000 rw-p 00000000 00:00 0          [stack:10298]
6bf00000-6c000000 rw-p 00000000 00:00 0 
6c02e000-6c031000 ---p 00000000 00:00 0 
6c031000-6c07f000 rw-p 00000000 00:00 0          [stack:10297]
6c07f000-6c080000 ---p 00000000 00:00 0 
6c080000-6c100000 rw-p 00000000 00:00 0          [stack:10295]
6c100000-6c1fe000 rw-p 00000000 00:00 0 
6c1fe000-6c200000 ---p 00000000 00:00 0 
6c203000-6c3c0000 r--s 039bf000 08:01 22808730   /usr/lib/jvm/jdk1.7.0_51/jre/lib/rt.jar
6c3c0000-6ea00000 rw-p 00000000 00:00 0 
6ea00000-6eaef000 rw-p 00000000 00:00 0 
6eaef000-6eb00000 ---p 00000000 00:00 0 
6eb2e000-6eb31000 ---p 00000000 00:00 0 
6eb31000-6eb7f000 rw-p 00000000 00:00 0          [stack:10296]
6eb7f000-6eb80000 ---p 00000000 00:00 0 
6eb80000-6ec00000 rw-p 00000000 00:00 0          [stack:10294]
6ec00000-6ec21000 rw-p 00000000 00:00 0 
6ec21000-6ed00000 ---p 00000000 00:00 0 
6ed1e000-6ed33000 r-xp 00000000 08:01 22937800   /usr/lib/jvm/jdk1.7.0_51/jre/lib/i386/libnet.so
6ed33000-6ed34000 rw-p 00014000 08:01 22937800   /usr/lib/jvm/jdk1.7.0_51/jre/lib/i386/libnet.so
6ed34000-6ed7f000 rw-p 00000000 00:00 0 
6ed7f000-6ed80000 ---p 00000000 00:00 0 
6ed80000-6ee00000 rw-p 00000000 00:00 0          [stack:10293]
6ee00000-6ee21000 rw-p 00000000 00:00 0 
6ee21000-6ef00000 ---p 00000000 00:00 0 
6ef0a000-6ef7f000 rw-p 00000000 00:00 0 
6ef7f000-6ef80000 ---p 00000000 00:00 0 
6ef80000-6f000000 rw-p 00000000 00:00 0          [stack:10292]
6f000000-6f032000 rw-p 00000000 00:00 0 
6f032000-6f100000 ---p 00000000 00:00 0 
6f108000-6f109000 ---p 00000000 00:00 0 
6f109000-6f1f2000 rw-p 00000000 00:00 0          [stack:10291]
6f1f2000-6f2df000 rw-p 00000000 00:00 0 
6f2df000-6f2e7000 rw-p 00000000 00:00 0 
6f2e7000-6f2ff000 rw-p 00000000 00:00 0 
6f2ff000-6f368000 rw-p 00000000 00:00 0 
6f368000-6f454000 rw-p 00000000 00:00 0 
6f454000-6f4ff000 rw-p 00000000 00:00 0 
6f4ff000-70500000 rw-p 00000000 00:00 0 
70500000-73500000 rw-p 00000000 00:00 0 
73500000-805c0000 rw-p 00000000 00:00 0 
869e7000-86c00000 rw-p 00000000 00:00 0 
86c00000-9df80000 rw-p 00000000 00:00 0 
9df80000-b3500000 rw-p 00000000 00:00 0 
b3508000-b3510000 rw-p 00000000 00:00 0 
b3510000-b3528000 rw-p 00000000 00:00 0 
b3528000-b3535000 rw-p 00000000 00:00 0 
b3535000-b35e8000 rw-p 00000000 00:00 0 
b35e8000-b3928000 rwxp 00000000 00:00 0 
b3928000-b65e8000 rw-p 00000000 00:00 0 
b65e8000-b65ff000 r-xp 00000000 08:01 22937822   /usr/lib/jvm/jdk1.7.0_51/jre/lib/i386/libzip.so
b65ff000-b6600000 rw-p 00017000 08:01 22937822   /usr/lib/jvm/jdk1.7.0_51/jre/lib/i386/libzip.so
b6600000-b66f6000 rw-p 00000000 00:00 0 
b66f6000-b6700000 ---p 00000000 00:00 0 
b6702000-b6710000 r-xp 00000000 08:01 22937809   /usr/lib/jvm/jdk1.7.0_51/jre/lib/i386/libnio.so
b6710000-b6711000 rw-p 0000e000 08:01 22937809   /usr/lib/jvm/jdk1.7.0_51/jre/lib/i386/libnio.so
b6711000-b671c000 r-xp 00000000 08:01 27919935   /lib/i386-linux-gnu/libnss_files-2.17.so
b671c000-b671d000 r--p 0000a000 08:01 27919935   /lib/i386-linux-gnu/libnss_files-2.17.so
b671d000-b671e000 rw-p 0000b000 08:01 27919935   /lib/i386-linux-gnu/libnss_files-2.17.so
b671e000-b6728000 r-xp 00000000 08:01 27919931   /lib/i386-linux-gnu/libnss_nis-2.17.so
b6728000-b6729000 r--p 00009000 08:01 27919931   /lib/i386-linux-gnu/libnss_nis-2.17.so
b6729000-b672a000 rw-p 0000a000 08:01 27919931   /lib/i386-linux-gnu/libnss_nis-2.17.so
b672a000-b673f000 r-xp 00000000 08:01 27919916   /lib/i386-linux-gnu/libnsl-2.17.so
b673f000-b6740000 r--p 00014000 08:01 27919916   /lib/i386-linux-gnu/libnsl-2.17.so
b6740000-b6741000 rw-p 00015000 08:01 27919916   /lib/i386-linux-gnu/libnsl-2.17.so
b6741000-b6743000 rw-p 00000000 00:00 0 
b6744000-b6745000 rw-p 00000000 00:00 0 
b6745000-b6754000 r--s 000df000 08:01 5245103    /home/daemonsoft/Android/Sdk/build-tools/23.0.0/lib/dx.jar
b6754000-b675c000 rw-s 00000000 08:01 7472849    /tmp/hsperfdata_daemonsoft/10286
b675c000-b677f000 r-xp 00000000 08:01 22937785   /usr/lib/jvm/jdk1.7.0_51/jre/lib/i386/libjava.so
b677f000-b6780000 rw-p 00022000 08:01 22937785   /usr/lib/jvm/jdk1.7.0_51/jre/lib/i386/libjava.so
b6780000-b6787000 r-xp 00000000 08:01 27919383   /lib/i386-linux-gnu/librt-2.17.so
b6787000-b6788000 r--p 00006000 08:01 27919383   /lib/i386-linux-gnu/librt-2.17.so
b6788000-b6789000 rw-p 00007000 08:01 27919383   /lib/i386-linux-gnu/librt-2.17.so
b6789000-b678c000 ---p 00000000 00:00 0 
b678c000-b67da000 rw-p 00000000 00:00 0          [stack:10290]
b67da000-b681b000 r-xp 00000000 08:01 27919929   /lib/i386-linux-gnu/libm-2.17.so
b681b000-b681c000 r--p 00040000 08:01 27919929   /lib/i386-linux-gnu/libm-2.17.so
b681c000-b681d000 rw-p 00041000 08:01 27919929   /lib/i386-linux-gnu/libm-2.17.so
b681d000-b7094000 r-xp 00000000 08:01 22937821   /usr/lib/jvm/jdk1.7.0_51/jre/lib/i386/server/libjvm.so
b7094000-b70f8000 rw-p 00877000 08:01 22937821   /usr/lib/jvm/jdk1.7.0_51/jre/lib/i386/server/libjvm.so
b70f8000-b751c000 rw-p 00000000 00:00 0 
b751c000-b76ca000 r-xp 00000000 08:01 27919923   /lib/i386-linux-gnu/libc-2.17.so
b76ca000-b76cc000 r--p 001ae000 08:01 27919923   /lib/i386-linux-gnu/libc-2.17.so
b76cc000-b76cd000 rw-p 001b0000 08:01 27919923   /lib/i386-linux-gnu/libc-2.17.so
b76cd000-b76d0000 rw-p 00000000 00:00 0 
b76d0000-b76d3000 r-xp 00000000 08:01 27919924   /lib/i386-linux-gnu/libdl-2.17.so
b76d3000-b76d4000 r--p 00002000 08:01 27919924   /lib/i386-linux-gnu/libdl-2.17.so
b76d4000-b76d5000 rw-p 00003000 08:01 27919924   /lib/i386-linux-gnu/libdl-2.17.so
b76d5000-b76d6000 rw-p 00000000 00:00 0 
b76d6000-b76e9000 r-xp 00000000 08:01 22807747   /usr/lib/jvm/jdk1.7.0_51/lib/i386/jli/libjli.so
b76e9000-b76ea000 rw-p 00012000 08:01 22807747   /usr/lib/jvm/jdk1.7.0_51/lib/i386/jli/libjli.so
b76ea000-b7701000 r-xp 00000000 08:01 27919928   /lib/i386-linux-gnu/libpthread-2.17.so
b7701000-b7702000 r--p 00016000 08:01 27919928   /lib/i386-linux-gnu/libpthread-2.17.so
b7702000-b7703000 rw-p 00017000 08:01 27919928   /lib/i386-linux-gnu/libpthread-2.17.so
b7703000-b7706000 rw-p 00000000 00:00 0 
b7706000-b7707000 r--p 005db000 08:01 18882059   /usr/lib/locale/locale-archive
b7707000-b770e000 r-xp 00000000 08:01 27919926   /lib/i386-linux-gnu/libnss_compat-2.17.so
b770e000-b770f000 r--p 00006000 08:01 27919926   /lib/i386-linux-gnu/libnss_compat-2.17.so
b770f000-b7710000 rw-p 00007000 08:01 27919926   /lib/i386-linux-gnu/libnss_compat-2.17.so
b7710000-b7711000 rw-p 00000000 00:00 0 
b7711000-b7712000 ---p 00000000 00:00 0 
b7712000-b771d000 r-xp 00000000 08:01 22937767   /usr/lib/jvm/jdk1.7.0_51/jre/lib/i386/libverify.so
b771d000-b771e000 rw-p 0000b000 08:01 22937767   /usr/lib/jvm/jdk1.7.0_51/jre/lib/i386/libverify.so
b771e000-b7720000 rw-p 00000000 00:00 0 
b7720000-b7721000 r-xp 00000000 00:00 0          [vdso]
b7721000-b7741000 r-xp 00000000 08:01 27919919   /lib/i386-linux-gnu/ld-2.17.so
b7741000-b7742000 r--p 0001f000 08:01 27919919   /lib/i386-linux-gnu/ld-2.17.so
b7742000-b7743000 rw-p 00020000 08:01 27919919   /lib/i386-linux-gnu/ld-2.17.so
bf889000-bf8aa000 rw-p 00000000 00:00 0          [stack]

VM Arguments:
jvm_args: -Djava.awt.headless=true -Xmx1024M -Dfile.encoding=UTF-8 -Duser.country=IN -Duser.language=en -Duser.variant 
java_command: com.android.dx.command.Main --dex --num-threads=4 --multi-dex --main-dex-list /home/daemonsoft/AndroidStudioProjects/OxfordSchool/app/build/intermediates/multi-dex/debug/maindexlist.txt --output /home/daemonsoft/AndroidStudioProjects/OxfordSchool/app/build/intermediates/transforms/dex/debug/folders/1000/1f/main /home/daemonsoft/AndroidStudioProjects/OxfordSchool/app/build/intermediates/transforms/jarMerging/debug/jars/1/1f/combined.jar
Launcher Type: SUN_STANDARD

Environment Variables:
PATH=/usr/lib/lightdm/lightdm:/usr/local/sbin:/usr/local/bin:/usr/sbin:/usr/bin:/sbin:/bin:/usr/games:/usr/local/games
SHELL=/bin/bash
DISPLAY=:0

Signal Handlers:
SIGSEGV: [libjvm.so+0x7dd5e0], sa_mask[0]=0x7ffbfeff, sa_flags=0x10000004
SIGBUS: [libjvm.so+0x7dd5e0], sa_mask[0]=0x7ffbfeff, sa_flags=0x10000004
SIGFPE: [libjvm.so+0x678d60], sa_mask[0]=0x7ffbfeff, sa_flags=0x10000004
SIGPIPE: [libjvm.so+0x678d60], sa_mask[0]=0x7ffbfeff, sa_flags=0x10000004
SIGXFSZ: [libjvm.so+0x678d60], sa_mask[0]=0x7ffbfeff, sa_flags=0x10000004
SIGILL: [libjvm.so+0x678d60], sa_mask[0]=0x7ffbfeff, sa_flags=0x10000004
SIGUSR1: SIG_DFL, sa_mask[0]=0x00000000, sa_flags=0x00000000
SIGUSR2: [libjvm.so+0x67a250], sa_mask[0]=0x00000004, sa_flags=0x10000004
SIGHUP: [libjvm.so+0x67b3a0], sa_mask[0]=0x7ffbfeff, sa_flags=0x10000004
SIGINT: [libjvm.so+0x67b3a0], sa_mask[0]=0x7ffbfeff, sa_flags=0x10000004
SIGTERM: [libjvm.so+0x67b3a0], sa_mask[0]=0x7ffbfeff, sa_flags=0x10000004
SIGQUIT: [libjvm.so+0x67b3a0], sa_mask[0]=0x7ffbfeff, sa_flags=0x10000004


---------------  S Y S T E M  ---------------

OS:wheezy/sid

uname:Linux 3.8.0-35-generic #50-Ubuntu SMP Tue Dec 3 01:25:33 UTC 2013 i686
libc:glibc 2.17 NPTL 2.17 
rlimit: STACK 8192k, CORE 0k, NPROC 28680, NOFILE 4096, AS infinity
load average:3.84 2.79 2.29

/proc/meminfo:
MemTotal:        3687784 kB
MemFree:          216236 kB
Buffers:            3992 kB
Cached:           416028 kB
SwapCached:        54740 kB
Active:          2436212 kB
Inactive:         928708 kB
Active(anon):    2419752 kB
Inactive(anon):   907556 kB
Active(file):      16460 kB
Inactive(file):    21152 kB
Unevictable:          36 kB
Mlocked:              36 kB
HighTotal:       2834296 kB
HighFree:          44004 kB
LowTotal:         853488 kB
LowFree:          172232 kB
SwapTotal:       1646588 kB
SwapFree:              0 kB
Dirty:               396 kB
Writeback:             0 kB
AnonPages:       2890988 kB
Mapped:           135652 kB
Shmem:            382168 kB
Slab:              51864 kB
SReclaimable:      22176 kB
SUnreclaim:        29688 kB
KernelStack:        5968 kB
PageTables:        19524 kB
NFS_Unstable:          0 kB
Bounce:                0 kB
WritebackTmp:          0 kB
CommitLimit:     3490480 kB
Committed_AS:   10409832 kB
VmallocTotal:     122880 kB
VmallocUsed:       20448 kB
VmallocChunk:      99228 kB
HardwareCorrupted:     0 kB
AnonHugePages:         0 kB
HugePages_Total:       0
HugePages_Free:        0
HugePages_Rsvd:        0
HugePages_Surp:        0
Hugepagesize:       2048 kB
DirectMap4k:       10232 kB
DirectMap2M:      903168 kB


CPU:total 4 (2 cores per cpu, 2 threads per core) family 6 model 58 stepping 9, cmov, cx8, fxsr, mmx, sse, sse2, sse3, ssse3, sse4.1, sse4.2, popcnt, avx, erms, ht, tsc, tscinvbit, tscinv

/proc/cpuinfo:
processor	: 0
vendor_id	: GenuineIntel
cpu family	: 6
model		: 58
model name	: Intel(R) Core(TM) i3-3110M CPU @ 2.40GHz
stepping	: 9
microcode	: 0x17
cpu MHz		: 1200.000
cache size	: 3072 KB
physical id	: 0
siblings	: 4
core id		: 0
cpu cores	: 2
apicid		: 0
initial apicid	: 0
fdiv_bug	: no
hlt_bug		: no
f00f_bug	: no
coma_bug	: no
fpu		: yes
fpu_exception	: yes
cpuid level	: 13
wp		: yes
flags		: fpu vme de pse tsc msr pae mce cx8 apic sep mtrr pge mca cmov pat pse36 clflush dts acpi mmx fxsr sse sse2 ss ht tm pbe nx rdtscp lm constant_tsc arch_perfmon pebs bts xtopology nonstop_tsc aperfmperf eagerfpu pni pclmulqdq dtes64 monitor ds_cpl vmx est tm2 ssse3 cx16 xtpr pdcm pcid sse4_1 sse4_2 x2apic popcnt tsc_deadline_timer xsave avx f16c lahf_lm arat epb xsaveopt pln pts dtherm tpr_shadow vnmi flexpriority ept vpid fsgsbase smep erms
bogomips	: 4789.53
clflush size	: 64
cache_alignment	: 64
address sizes	: 36 bits physical, 48 bits virtual
power management:

processor	: 1
vendor_id	: GenuineIntel
cpu family	: 6
model		: 58
model name	: Intel(R) Core(TM) i3-3110M CPU @ 2.40GHz
stepping	: 9
microcode	: 0x17
cpu MHz		: 1200.000
cache size	: 3072 KB
physical id	: 0
siblings	: 4
core id		: 0
cpu cores	: 2
apicid		: 1
initial apicid	: 1
fdiv_bug	: no
hlt_bug		: no
f00f_bug	: no
coma_bug	: no
fpu		: yes
fpu_exception	: yes
cpuid level	: 13
wp		: yes
flags		: fpu vme de pse tsc msr pae mce cx8 apic sep mtrr pge mca cmov pat pse36 clflush dts acpi mmx fxsr sse sse2 ss ht tm pbe nx rdtscp lm constant_tsc arch_perfmon pebs bts xtopology nonstop_tsc aperfmperf eagerfpu pni pclmulqdq dtes64 monitor ds_cpl vmx est tm2 ssse3 cx16 xtpr pdcm pcid sse4_1 sse4_2 x2apic popcnt tsc_deadline_timer xsave avx f16c lahf_lm arat epb xsaveopt pln pts dtherm tpr_shadow vnmi flexpriority ept vpid fsgsbase smep erms
bogomips	: 4789.53
clflush size	: 64
cache_alignment	: 64
address sizes	: 36 bits physical, 48 bits virtual
power management:

processor	: 2
vendor_id	: GenuineIntel
cpu family	: 6
model		: 58
model name	: Intel(R) Core(TM) i3-3110M CPU @ 2.40GHz
stepping	: 9
microcode	: 0x17
cpu MHz		: 2400.000
cache size	: 3072 KB
physical id	: 0
siblings	: 4
core id		: 1
cpu cores	: 2
apicid		: 2
initial apicid	: 2
fdiv_bug	: no
hlt_bug		: no
f00f_bug	: no
coma_bug	: no
fpu		: yes
fpu_exception	: yes
cpuid level	: 13
wp		: yes
flags		: fpu vme de pse tsc msr pae mce cx8 apic sep mtrr pge mca cmov pat pse36 clflush dts acpi mmx fxsr sse sse2 ss ht tm pbe nx rdtscp lm constant_tsc arch_perfmon pebs bts xtopology nonstop_tsc aperfmperf eagerfpu pni pclmulqdq dtes64 monitor ds_cpl vmx est tm2 ssse3 cx16 xtpr pdcm pcid sse4_1 sse4_2 x2apic popcnt tsc_deadline_timer xsave avx f16c lahf_lm arat epb xsaveopt pln pts dtherm tpr_shadow vnmi flexpriority ept vpid fsgsbase smep erms
bogomips	: 4789.53
clflush size	: 64
cache_alignment	: 64
address sizes	: 36 bits physical, 48 bits virtual
power management:

processor	: 3
vendor_id	: GenuineIntel
cpu family	: 6
model		: 58
model name	: Intel(R) Core(TM) i3-3110M CPU @ 2.40GHz
stepping	: 9
microcode	: 0x17
cpu MHz		: 2400.000
cache size	: 3072 KB
physical id	: 0
siblings	: 4
core id		: 1
cpu cores	: 2
apicid		: 3
initial apicid	: 3
fdiv_bug	: no
hlt_bug		: no
f00f_bug	: no
coma_bug	: no
fpu		: yes
fpu_exception	: yes
cpuid level	: 13
wp		: yes
flags		: fpu vme de pse tsc msr pae mce cx8 apic sep mtrr pge mca cmov pat pse36 clflush dts acpi mmx fxsr sse sse2 ss ht tm pbe nx rdtscp lm constant_tsc arch_perfmon pebs bts xtopology nonstop_tsc aperfmperf eagerfpu pni pclmulqdq dtes64 monitor ds_cpl vmx est tm2 ssse3 cx16 xtpr pdcm pcid sse4_1 sse4_2 x2apic popcnt tsc_deadline_timer xsave avx f16c lahf_lm arat epb xsaveopt pln pts dtherm tpr_shadow vnmi flexpriority ept vpid fsgsbase smep erms
bogomips	: 4789.53
clflush size	: 64
cache_alignment	: 64
address sizes	: 36 bits physical, 48 bits virtual
power management:



Memory: 4k page, physical 3687784k(216236k free), swap 1646588k(0k free)

vm_info: Java HotSpot(TM) Server VM (24.51-b03) for linux-x86 JRE (1.7.0_51-b13), built on Dec 18 2013 18:45:30 by "java_re" with gcc 4.3.0 20080428 (Red Hat 4.3.0-8)

time: Wed Apr 20 15:14:02 2016
elapsed time: 24 seconds

