#
# There is insufficient memory for the Java Runtime Environment to continue.
# Native memory allocation (malloc) failed to allocate 125042688 bytes for committing reserved memory.
# Possible reasons:
#   The system is out of physical RAM or swap space
#   In 32 bit mode, the process size limit was hit
# Possible solutions:
#   Reduce memory load on the system
#   Increase physical memory or swap space
#   Check if swap backing store is full
#   Use 64 bit Java on a 64 bit OS
#   Decrease Java heap size (-Xmx/-Xms)
#   Decrease number of Java threads
#   Decrease Java thread stack sizes (-Xss)
#   Set larger code cache with -XX:ReservedCodeCacheSize=
# This output file may be truncated or incomplete.
#
#  Out of Memory Error (os_linux.cpp:2726), pid=9970, tid=1812986688
#
# JRE version: Java(TM) SE Runtime Environment (7.0_51-b13) (build 1.7.0_51-b13)
# Java VM: Java HotSpot(TM) Server VM (24.51-b03 mixed mode linux-x86 )
# Failed to write core dump. Core dumps have been disabled. To enable core dumping, try "ulimit -c unlimited" before starting Java again
#

---------------  T H R E A D  ---------------

Current thread (0x6c180400):  VMThread [stack: 0x6c07f000,0x6c100000] [id=9980]

Stack: [0x6c07f000,0x6c100000],  sp=0x6c0fe810,  free space=510k
Native frames: (J=compiled Java code, j=interpreted, Vv=VM code, C=native code)
V  [libjvm.so+0x7dcac6]  VMError::report_and_die()+0x1a6
V  [libjvm.so+0x33a5b2]  report_vm_out_of_memory(char const*, int, unsigned int, char const*)+0x72
V  [libjvm.so+0x67be21]  os::Linux::commit_memory_impl(char*, unsigned int, bool)+0xe1
V  [libjvm.so+0x67c277]  os::Linux::commit_memory_impl(char*, unsigned int, unsigned int, bool)+0x47
V  [libjvm.so+0x67c45d]  os::pd_commit_memory(char*, unsigned int, unsigned int, bool)+0x1d
V  [libjvm.so+0x675e8c]  os::commit_memory(char*, unsigned int, unsigned int, bool)+0x2c
V  [libjvm.so+0x6df398]  PSVirtualSpace::expand_by(unsigned int)+0x48
V  [libjvm.so+0x6d1a11]  PSOldGen::expand(unsigned int)+0x141
V  [libjvm.so+0x6d1adf]  PSOldGen::resize(unsigned int)+0x8f
V  [libjvm.so+0x6d860a]  PSParallelCompact::invoke_no_policy(bool)+0x8aa
V  [libjvm.so+0x6ddaad]  PSScavenge::invoke()+0x16d
V  [libjvm.so+0x69bbca]  ParallelScavengeHeap::failed_mem_allocate(unsigned int)+0x5a
V  [libjvm.so+0x7de36a]  VM_ParallelGCFailedAllocation::doit()+0x7a
V  [libjvm.so+0x7e7127]  VM_Operation::evaluate()+0x47
V  [libjvm.so+0x7e5223]  VMThread::evaluate_operation(VM_Operation*)+0xb3
V  [libjvm.so+0x7e55c0]  VMThread::loop()+0x1b0
V  [libjvm.so+0x7e5a25]  VMThread::run()+0x85
V  [libjvm.so+0x67e319]  java_start(Thread*)+0x119
C  [libpthread.so.0+0x6d78]  start_thread+0xd8

VM_Operation (0x6b5ad9c4): ParallelGCFailedAllocation, mode: safepoint, requested by thread 0x6b643000


---------------  P R O C E S S  ---------------

Java Threads: ( => current thread )
  0x6b643000 JavaThread "pool-2-thread-4" [_thread_blocked, id=9992, stack(0x6b55e000,0x6b5af000)]
  0x6b639000 JavaThread "pool-2-thread-3" [_thread_blocked, id=9991, stack(0x6b5af000,0x6b600000)]
  0x6b636800 JavaThread "pool-2-thread-2" [_thread_blocked, id=9990, stack(0x6b70d000,0x6b75e000)]
  0x6b635400 JavaThread "pool-3-thread-1" [_thread_blocked, id=9989, stack(0x6b75e000,0x6b7af000)]
  0x6b634800 JavaThread "pool-2-thread-1" [_thread_blocked, id=9988, stack(0x6b7af000,0x6b800000)]
  0x6c199800 JavaThread "Service Thread" daemon [_thread_blocked, id=9986, stack(0x6ba2e000,0x6ba7f000)]
  0x6c197800 JavaThread "C2 CompilerThread1" daemon [_thread_blocked, id=9985, stack(0x6ba7f000,0x6bb00000)]
  0x6c195800 JavaThread "C2 CompilerThread0" daemon [_thread_blocked, id=9984, stack(0x6be2e000,0x6beaf000)]
  0x6c194000 JavaThread "Signal Dispatcher" daemon [_thread_blocked, id=9983, stack(0x6beaf000,0x6bf00000)]
  0x6c184800 JavaThread "Finalizer" daemon [_thread_blocked, id=9982, stack(0x6c02e000,0x6c07f000)]
  0x6c182000 JavaThread "Reference Handler" daemon [_thread_blocked, id=9981, stack(0x6eb2e000,0x6eb7f000)]
  0xb6607800 JavaThread "main" [_thread_blocked, id=9975, stack(0xb67ca000,0xb681b000)]

Other Threads:
=>0x6c180400 VMThread [stack: 0x6c07f000,0x6c100000] [id=9980]
  0x6c19b800 WatcherThread [stack: 0x6b9ad000,0x6ba2e000] [id=9987]

VM state:at safepoint (normal execution)

VM Mutex/Monitor currently owned by a thread:  ([mutex/lock_event])
[0xb6604aa8] ExpandHeap_lock - owner thread: 0x6c180400
[0xb6604ff0] Threads_lock - owner thread: 0x6c180400
[0xb6605400] Heap_lock - owner thread: 0x6b643000

Heap
 PSYoungGen      total 262400K, used 33379K [0x9dfc0000, 0xb3540000, 0xb3540000)
  eden space 224768K, 0% used [0x9dfc0000,0x9dfc0000,0xabb40000)
  from space 37632K, 88% used [0xabb40000,0xadbd8d58,0xae000000)
  to   space 63232K, 0% used [0xaf780000,0xaf780000,0xb3540000)
 ParOldGen       total 217344K, used 217095K [0x73540000, 0x80980000, 0x9dfc0000)
  object space 217344K, 99% used [0x73540000,0x80941da8,0x80980000)
 PSPermGen       total 16384K, used 3957K [0x6f540000, 0x70540000, 0x73540000)
  object space 16384K, 24% used [0x6f540000,0x6f91d690,0x70540000)

Card table byte_map: [0x6f31f000,0x6f540000] byte_map_base: 0x6efa4600

Polling page: 0xb7752000

Code Cache  [0xb3600000, 0xb3980000, 0xb6600000)
 total_blobs=1233 nmethods=1109 adapters=76 free_code_cache=45615Kb largest_free_block=46671808

Compilation events (10 events):
Event: 20.064 Thread 0x6c197800 nmethod 1122 0xb3971a88 code [0xb3971b80, 0xb3971c90]
Event: 20.075 Thread 0x6c195800 nmethod 1120 0xb3972788 code [0xb3972920, 0xb3973050]
Event: 20.160 Thread 0x6c197800 1123             com.android.dx.dex.cf.AttributeTranslator::translateInnerClasses (356 bytes)
Event: 20.216 Thread 0x6c195800 1124             com.android.dx.cf.iface.StdFieldList::get (9 bytes)
Event: 20.217 Thread 0x6c195800 nmethod 1124 0xb39724c8 code [0xb39725c0, 0xb3972670]
Event: 20.218 Thread 0x6c195800 1125             sun.util.calendar.Gregorian$Date::getNormalizedYear (5 bytes)
Event: 20.219 Thread 0x6c195800 nmethod 1125 0xb3972348 code [0xb3972420, 0xb3972470]
Event: 20.219 Thread 0x6c195800 1126             sun.util.calendar.CalendarDate::getYear (5 bytes)
Event: 20.219 Thread 0x6c195800 nmethod 1126 0xb3974648 code [0xb3974720, 0xb3974770]
Event: 20.219 Thread 0x6c195800 1127             sun.util.calendar.BaseCalendar::isLeapYear (5 bytes)

GC Heap History (10 events):
Event: 15.990 GC heap after
Heap after GC invocations=16 (full 2):
 PSYoungGen      total 235264K, used 37366K [0x9dfc0000, 0xb0f40000, 0xb3540000)
  eden space 197888K, 0% used [0x9dfc0000,0x9dfc0000,0xaa100000)
  from space 37376K, 99% used [0xad0c0000,0xaf53d808,0xaf540000)
  to   space 48896K, 0% used [0xaa100000,0xaa100000,0xad0c0000)
 ParOldGen       total 130816K, used 122319K [0x73540000, 0x7b500000, 0x9dfc0000)
  object space 130816K, 93% used [0x73540000,0x7acb3c18,0x7b500000)
 PSPermGen       total 16384K, used 3935K [0x6f540000, 0x70540000, 0x73540000)
  object space 16384K, 24% used [0x6f540000,0x6f917ec0,0x70540000)
}
Event: 15.990 GC heap before
{Heap before GC invocations=17 (full 3):
 PSYoungGen      total 235264K, used 37366K [0x9dfc0000, 0xb0f40000, 0xb3540000)
  eden space 197888K, 0% used [0x9dfc0000,0x9dfc0000,0xaa100000)
  from space 37376K, 99% used [0xad0c0000,0xaf53d808,0xaf540000)
  to   space 48896K, 0% used [0xaa100000,0xaa100000,0xad0c0000)
 ParOldGen       total 130816K, used 122319K [0x73540000, 0x7b500000, 0x9dfc0000)
  object space 130816K, 93% used [0x73540000,0x7acb3c18,0x7b500000)
 PSPermGen       total 16384K, used 3935K [0x6f540000, 0x70540000, 0x73540000)
  object space 16384K, 24% used [0x6f540000,0x6f917ec0,0x70540000)
Event: 16.885 GC heap after
Heap after GC invocations=17 (full 3):
 PSYoungGen      total 235264K, used 25705K [0x9dfc0000, 0xb0f40000, 0xb3540000)
  eden space 197888K, 0% used [0x9dfc0000,0x9dfc0000,0xaa100000)
  from space 37376K, 68% used [0xad0c0000,0xae9da410,0xaf540000)
  to   space 48896K, 0% used [0xaa100000,0xaa100000,0xad0c0000)
 ParOldGen       total 211712K, used 130700K [0x73540000, 0x80400000, 0x9dfc0000)
  object space 211712K, 61% used [0x73540000,0x7b4e3108,0x80400000)
 PSPermGen       total 16384K, used 3935K [0x6f540000, 0x70540000, 0x73540000)
  object space 16384K, 24% used [0x6f540000,0x6f917d70,0x70540000)
}
Event: 17.527 GC heap before
{Heap before GC invocations=18 (full 3):
 PSYoungGen      total 235264K, used 223593K [0x9dfc0000, 0xb0f40000, 0xb3540000)
  eden space 197888K, 100% used [0x9dfc0000,0xaa100000,0xaa100000)
  from space 37376K, 68% used [0xad0c0000,0xae9da410,0xaf540000)
  to   space 48896K, 0% used [0xaa100000,0xaa100000,0xad0c0000)
 ParOldGen       total 211712K, used 130700K [0x73540000, 0x80400000, 0x9dfc0000)
  object space 211712K, 61% used [0x73540000,0x7b4e3108,0x80400000)
 PSPermGen       total 16384K, used 3938K [0x6f540000, 0x70540000, 0x73540000)
  object space 16384K, 24% used [0x6f540000,0x6f918ba0,0x70540000)
Event: 17.677 GC heap after
Heap after GC invocations=18 (full 3):
 PSYoungGen      total 246784K, used 31794K [0x9dfc0000, 0xb2940000, 0xb3540000)
  eden space 197888K, 0% used [0x9dfc0000,0x9dfc0000,0xaa100000)
  from space 48896K, 65% used [0xaa100000,0xac00c9c8,0xad0c0000)
  to   space 50432K, 0% used [0xaf800000,0xaf800000,0xb2940000)
 ParOldGen       total 211712K, used 156501K [0x73540000, 0x80400000, 0x9dfc0000)
  object space 211712K, 73% used [0x73540000,0x7ce15670,0x80400000)
 PSPermGen       total 16384K, used 3938K [0x6f540000, 0x70540000, 0x73540000)
  object space 16384K, 24% used [0x6f540000,0x6f918ba0,0x70540000)
}
Event: 18.308 GC heap before
{Heap before GC invocations=19 (full 3):
 PSYoungGen      total 246784K, used 229682K [0x9dfc0000, 0xb2940000, 0xb3540000)
  eden space 197888K, 100% used [0x9dfc0000,0xaa100000,0xaa100000)
  from space 48896K, 65% used [0xaa100000,0xac00c9c8,0xad0c0000)
  to   space 50432K, 0% used [0xaf800000,0xaf800000,0xb2940000)
 ParOldGen       total 211712K, used 156501K [0x73540000, 0x80400000, 0x9dfc0000)
  object space 211712K, 73% used [0x73540000,0x7ce15670,0x80400000)
 PSPermGen       total 16384K, used 3949K [0x6f540000, 0x70540000, 0x73540000)
  object space 16384K, 24% used [0x6f540000,0x6f91b650,0x70540000)
Event: 18.462 GC heap after
Heap after GC invocations=19 (full 3):
 PSYoungGen      total 275200K, used 50423K [0x9dfc0000, 0xb3540000, 0xb3540000)
  eden space 224768K, 0% used [0x9dfc0000,0x9dfc0000,0xabb40000)
  from space 50432K, 99% used [0xaf800000,0xb293df88,0xb2940000)
  to   space 62208K, 0% used [0xabb40000,0xabb40000,0xaf800000)
 ParOldGen       total 211712K, used 166531K [0x73540000, 0x80400000, 0x9dfc0000)
  object space 211712K, 78% used [0x73540000,0x7d7e0c48,0x80400000)
 PSPermGen       total 16384K, used 3949K [0x6f540000, 0x70540000, 0x73540000)
  object space 16384K, 24% used [0x6f540000,0x6f91b650,0x70540000)
}
Event: 20.237 GC heap before
{Heap before GC invocations=20 (full 3):
 PSYoungGen      total 275200K, used 275191K [0x9dfc0000, 0xb3540000, 0xb3540000)
  eden space 224768K, 100% used [0x9dfc0000,0xabb40000,0xabb40000)
  from space 50432K, 99% used [0xaf800000,0xb293df88,0xb2940000)
  to   space 62208K, 0% used [0xabb40000,0xabb40000,0xaf800000)
 ParOldGen       total 211712K, used 166531K [0x73540000, 0x80400000, 0x9dfc0000)
  object space 211712K, 78% used [0x73540000,0x7d7e0c48,0x80400000)
 PSPermGen       total 16384K, used 3957K [0x6f540000, 0x70540000, 0x73540000)
  object space 16384K, 24% used [0x6f540000,0x6f91d6d0,0x70540000)
Event: 20.458 GC heap after
Heap after GC invocations=20 (full 3):
 PSYoungGen      total 262400K, used 37561K [0x9dfc0000, 0xb3540000, 0xb3540000)
  eden space 224768K, 0% used [0x9dfc0000,0x9dfc0000,0xabb40000)
  from space 37632K, 99% used [0xabb40000,0xadfee660,0xae000000)
  to   space 63232K, 0% used [0xaf780000,0xaf780000,0xb3540000)
 ParOldGen       total 217344K, used 216877K [0x73540000, 0x80980000, 0x9dfc0000)
  object space 217344K, 99% used [0x73540000,0x8090b4e0,0x80980000)
 PSPermGen       total 16384K, used 3957K [0x6f540000, 0x70540000, 0x73540000)
  object space 16384K, 24% used [0x6f540000,0x6f91d6d0,0x70540000)
}
Event: 20.519 GC heap before
{Heap before GC invocations=21 (full 4):
 PSYoungGen      total 262400K, used 37561K [0x9dfc0000, 0xb3540000, 0xb3540000)
  eden space 224768K, 0% used [0x9dfc0000,0x9dfc0000,0xabb40000)
  from space 37632K, 99% used [0xabb40000,0xadfee660,0xae000000)
  to   space 63232K, 0% used [0xaf780000,0xaf780000,0xb3540000)
 ParOldGen       total 217344K, used 216877K [0x73540000, 0x80980000, 0x9dfc0000)
  object space 217344K, 99% used [0x73540000,0x8090b4e0,0x80980000)
 PSPermGen       total 16384K, used 3957K [0x6f540000, 0x70540000, 0x73540000)
  object space 16384K, 24% used [0x6f540000,0x6f91d6d0,0x70540000)

Deoptimization events (10 events):
Event: 15.444 Thread 0x6b643000 Uncommon trap: reason=unreached action=reinterpret pc=0xb373d1f0 method=com.android.dx.rop.code.LocalItem.compareHandlesNulls(Lcom/android/dx/rop/cst/CstString;Lcom/android/dx/rop/cst/CstString;)I @ 8
Event: 15.448 Thread 0x6b643000 Uncommon trap: reason=unreached action=reinterpret pc=0xb378e650 method=com.android.dx.rop.code.LocalItem.compareHandlesNulls(Lcom/android/dx/rop/cst/CstString;Lcom/android/dx/rop/cst/CstString;)I @ 8
Event: 15.449 Thread 0x6b643000 Uncommon trap: reason=unreached action=reinterpret pc=0xb37031c0 method=com.android.dx.rop.code.LocalItem.compareHandlesNulls(Lcom/android/dx/rop/cst/CstString;Lcom/android/dx/rop/cst/CstString;)I @ 8
Event: 15.565 Thread 0xb6607800 Uncommon trap: reason=unreached action=reinterpret pc=0xb36d8f28 method=com.android.dx.rop.code.LocalItem.compareHandlesNulls(Lcom/android/dx/rop/cst/CstString;Lcom/android/dx/rop/cst/CstString;)I @ 14
Event: 17.102 Thread 0x6b636800 Uncommon trap: reason=bimorphic action=maybe_recompile pc=0xb377cb58 method=com.android.dx.ssa.LiteralOpUpgrader.tryReplacingWithConstant(Lcom/android/dx/ssa/NormalSsaInsn;)Z @ 62
Event: 17.153 Thread 0xb6607800 Uncommon trap: reason=bimorphic action=maybe_recompile pc=0xb377cb58 method=com.android.dx.ssa.LiteralOpUpgrader.tryReplacingWithConstant(Lcom/android/dx/ssa/NormalSsaInsn;)Z @ 62
Event: 17.156 Thread 0x6b634800 Uncommon trap: reason=class_check action=maybe_recompile pc=0xb37b08b0 method=com.android.dx.ssa.SCCP.replaceConstants()V @ 182
Event: 18.035 Thread 0x6b636800 Uncommon trap: reason=unreached action=reinterpret pc=0xb379cbbc method=com.android.dx.ssa.PhiTypeResolver.resolveResultType(Lcom/android/dx/ssa/PhiInsn;)Z @ 64
Event: 18.160 Thread 0x6b639000 Uncommon trap: reason=bimorphic action=maybe_recompile pc=0xb377cb58 method=com.android.dx.ssa.LiteralOpUpgrader.tryReplacingWithConstant(Lcom/android/dx/ssa/NormalSsaInsn;)Z @ 62
Event: 18.169 Thread 0x6b636800 Uncommon trap: reason=bimorphic action=maybe_recompile pc=0xb377cb58 method=com.android.dx.ssa.LiteralOpUpgrader.tryReplacingWithConstant(Lcom/android/dx/ssa/NormalSsaInsn;)Z @ 62

Internal exceptions (10 events):
Event: 8.461 Thread 0xb6607800 Threw 0xa0e9e548 at /HUDSON/workspace/7u-2-build-linux-i586/jdk7u51/527/hotspot/src/share/vm/prims/jvm.cpp:1244
Event: 9.843 Thread 0x6b639000 Implicit null exception at 0xb37f1144 to 0xb37f2de1
Event: 13.728 Thread 0xb6607800 Threw 0xa66c00e0 at /HUDSON/workspace/7u-2-build-linux-i586/jdk7u51/527/hotspot/src/share/vm/prims/jvm.cpp:1244
Event: 15.444 Thread 0x6b643000 Implicit null exception at 0xb3786d4b to 0xb3787855
Event: 15.444 Thread 0x6b643000 Implicit null exception at 0xb373d06b to 0xb373d1dd
Event: 15.448 Thread 0x6b643000 Implicit null exception at 0xb378d873 to 0xb378e639
Event: 15.449 Thread 0x6b643000 Implicit null exception at 0xb370305c to 0xb37031ad
Event: 15.565 Thread 0xb6607800 Implicit null exception at 0xb36d8e19 to 0xb36d8f15
Event: 15.701 Thread 0x6b636800 Threw 0xa566ccc0 at /HUDSON/workspace/7u-2-build-linux-i586/jdk7u51/527/hotspot/src/share/vm/prims/jvm.cpp:1244
Event: 18.035 Thread 0x6b636800 Implicit null exception at 0xb379c197 to 0xb379cb95

Events (10 events):
Event: 18.169 Thread 0x6b636800 DEOPT UNPACKING pc=0xb362cbbc sp=0x6b75c8f0 mode 2
Event: 18.304 Executing VM operation: ParallelGCFailedAllocation
Event: 18.462 Executing VM operation: ParallelGCFailedAllocation done
Event: 18.578 Thread 0x6c197800 flushing nmethod 0xb385a9c8
Event: 19.466 Thread 0x6c195800 flushing nmethod 0xb36d8d08
Event: 19.470 Thread 0x6c197800 flushing nmethod 0xb3702e48
Event: 19.470 Thread 0x6c197800 flushing nmethod 0xb373ce48
Event: 19.475 Thread 0x6c197800 flushing nmethod 0xb3786388
Event: 19.475 Thread 0x6c197800 flushing nmethod 0xb378ce48
Event: 20.237 Executing VM operation: ParallelGCFailedAllocation


Dynamic libraries:
08048000-08049000 r-xp 00000000 08:01 22808717   /usr/lib/jvm/jdk1.7.0_51/bin/java
08049000-0804a000 rw-p 00000000 08:01 22808717   /usr/lib/jvm/jdk1.7.0_51/bin/java
08610000-08713000 rw-p 00000000 00:00 0          [heap]
69700000-698ff000 rw-p 00000000 00:00 0 
698ff000-69900000 ---p 00000000 00:00 0 
69900000-699fb000 rw-p 00000000 00:00 0 
699fb000-69a00000 ---p 00000000 00:00 0 
69a00000-69b00000 rw-p 00000000 00:00 0 
69b00000-69cfb000 rw-p 00000000 00:00 0 
69cfb000-69d00000 ---p 00000000 00:00 0 
69d00000-69df4000 rw-p 00000000 00:00 0 
69df4000-69e00000 ---p 00000000 00:00 0 
69f00000-69ff8000 rw-p 00000000 00:00 0 
69ff8000-6a000000 ---p 00000000 00:00 0 
6a000000-6a0fb000 rw-p 00000000 00:00 0 
6a0fb000-6a100000 ---p 00000000 00:00 0 
6a200000-6a2e5000 rw-p 00000000 00:00 0 
6a2e5000-6a300000 ---p 00000000 00:00 0 
6a300000-6a400000 rw-p 00000000 00:00 0 
6a400000-6a4f0000 rw-p 00000000 00:00 0 
6a4f0000-6a500000 ---p 00000000 00:00 0 
6a600000-6a6ed000 rw-p 00000000 00:00 0 
6a6ed000-6a700000 ---p 00000000 00:00 0 
6a700000-6a7f9000 rw-p 00000000 00:00 0 
6a7f9000-6a800000 ---p 00000000 00:00 0 
6a800000-6a900000 rw-p 00000000 00:00 0 
6a900000-6a9df000 rw-p 00000000 00:00 0 
6a9df000-6aa00000 ---p 00000000 00:00 0 
6aa00000-6aafa000 rw-p 00000000 00:00 0 
6aafa000-6ab00000 ---p 00000000 00:00 0 
6ac00000-6adfe000 rw-p 00000000 00:00 0 
6adfe000-6ae00000 ---p 00000000 00:00 0 
6ae00000-6aeff000 rw-p 00000000 00:00 0 
6aeff000-6af00000 ---p 00000000 00:00 0 
6b000000-6b0fb000 rw-p 00000000 00:00 0 
6b0fb000-6b100000 ---p 00000000 00:00 0 
6b200000-6b2f1000 rw-p 00000000 00:00 0 
6b2f1000-6b300000 ---p 00000000 00:00 0 
6b300000-6b3f8000 rw-p 00000000 00:00 0 
6b3f8000-6b400000 ---p 00000000 00:00 0 
6b400000-6b4d5000 rw-p 00000000 00:00 0 
6b4d5000-6b500000 ---p 00000000 00:00 0 
6b55e000-6b561000 ---p 00000000 00:00 0 
6b561000-6b5af000 rw-p 00000000 00:00 0          [stack:9992]
6b5af000-6b5b2000 ---p 00000000 00:00 0 
6b5b2000-6b600000 rw-p 00000000 00:00 0          [stack:9991]
6b600000-6b6a9000 rw-p 00000000 00:00 0 
6b6a9000-6b700000 ---p 00000000 00:00 0 
6b70d000-6b710000 ---p 00000000 00:00 0 
6b710000-6b75e000 rw-p 00000000 00:00 0          [stack:9990]
6b75e000-6b761000 ---p 00000000 00:00 0 
6b761000-6b7af000 rw-p 00000000 00:00 0          [stack:9989]
6b7af000-6b7b2000 ---p 00000000 00:00 0 
6b7b2000-6b800000 rw-p 00000000 00:00 0          [stack:9988]
6b800000-6b8ff000 rw-p 00000000 00:00 0 
6b8ff000-6b900000 ---p 00000000 00:00 0 
6b947000-6b9ad000 r--s 004d6000 08:01 24646455   /home/daemonsoft/AndroidStudioProjects/OxfordSchool/app/build/intermediates/transforms/jarMerging/debug/jars/1/1f/combined.jar
6b9ad000-6b9ae000 ---p 00000000 00:00 0 
6b9ae000-6ba2e000 rw-p 00000000 00:00 0          [stack:9987]
6ba2e000-6ba31000 ---p 00000000 00:00 0 
6ba31000-6ba7f000 rw-p 00000000 00:00 0          [stack:9986]
6ba7f000-6ba82000 ---p 00000000 00:00 0 
6ba82000-6bb00000 rw-p 00000000 00:00 0          [stack:9985]
6bb00000-6bd00000 r--p 00000000 08:01 18882059   /usr/lib/locale/locale-archive
6bd00000-6bd21000 rw-p 00000000 00:00 0 
6bd21000-6be00000 ---p 00000000 00:00 0 
6be2e000-6be31000 ---p 00000000 00:00 0 
6be31000-6beaf000 rw-p 00000000 00:00 0          [stack:9984]
6beaf000-6beb2000 ---p 00000000 00:00 0 
6beb2000-6bf00000 rw-p 00000000 00:00 0          [stack:9983]
6bf00000-6bffb000 rw-p 00000000 00:00 0 
6bffb000-6c000000 ---p 00000000 00:00 0 
6c02e000-6c031000 ---p 00000000 00:00 0 
6c031000-6c07f000 rw-p 00000000 00:00 0          [stack:9982]
6c07f000-6c080000 ---p 00000000 00:00 0 
6c080000-6c100000 rw-p 00000000 00:00 0          [stack:9980]
6c100000-6c1ff000 rw-p 00000000 00:00 0 
6c1ff000-6c200000 ---p 00000000 00:00 0 
6c203000-6c3c0000 r--s 039bf000 08:01 22808730   /usr/lib/jvm/jdk1.7.0_51/jre/lib/rt.jar
6c3c0000-6ea00000 rw-p 00000000 00:00 0 
6ea00000-6eaea000 rw-p 00000000 00:00 0 
6eaea000-6eb00000 ---p 00000000 00:00 0 
6eb2e000-6eb31000 ---p 00000000 00:00 0 
6eb31000-6eb7f000 rw-p 00000000 00:00 0          [stack:9981]
6eb7f000-6eb80000 ---p 00000000 00:00 0 
6eb80000-6ec00000 rw-p 00000000 00:00 0          [stack:9979]
6ec00000-6ec21000 rw-p 00000000 00:00 0 
6ec21000-6ed00000 ---p 00000000 00:00 0 
6ed34000-6ed7f000 rw-p 00000000 00:00 0 
6ed7f000-6ed80000 ---p 00000000 00:00 0 
6ed80000-6ee00000 rw-p 00000000 00:00 0          [stack:9978]
6ee00000-6ee21000 rw-p 00000000 00:00 0 
6ee21000-6ef00000 ---p 00000000 00:00 0 
6ef24000-6ef7f000 rw-p 00000000 00:00 0 
6ef7f000-6ef80000 ---p 00000000 00:00 0 
6ef80000-6f000000 rw-p 00000000 00:00 0          [stack:9977]
6f000000-6f038000 rw-p 00000000 00:00 0 
6f038000-6f100000 ---p 00000000 00:00 0 
6f123000-6f138000 r-xp 00000000 08:01 22937800   /usr/lib/jvm/jdk1.7.0_51/jre/lib/i386/libnet.so
6f138000-6f139000 rw-p 00014000 08:01 22937800   /usr/lib/jvm/jdk1.7.0_51/jre/lib/i386/libnet.so
6f139000-6f147000 r-xp 00000000 08:01 22937809   /usr/lib/jvm/jdk1.7.0_51/jre/lib/i386/libnio.so
6f147000-6f148000 rw-p 0000e000 08:01 22937809   /usr/lib/jvm/jdk1.7.0_51/jre/lib/i386/libnio.so
6f148000-6f149000 ---p 00000000 00:00 0 
6f149000-6f234000 rw-p 00000000 00:00 0          [stack:9976]
6f234000-6f31f000 rw-p 00000000 00:00 0 
6f31f000-6f327000 rw-p 00000000 00:00 0 
6f327000-6f33f000 rw-p 00000000 00:00 0 
6f33f000-6f3aa000 rw-p 00000000 00:00 0 
6f3aa000-6f494000 rw-p 00000000 00:00 0 
6f494000-6f53f000 rw-p 00000000 00:00 0 
6f53f000-70540000 rw-p 00000000 00:00 0 
70540000-73540000 rw-p 00000000 00:00 0 
73540000-80980000 rw-p 00000000 00:00 0 
87f4f000-880c0000 rw-p 00000000 00:00 0 
880c0000-9dfc0000 rw-p 00000000 00:00 0 
9dfc0000-b3540000 rw-p 00000000 00:00 0 
b3540000-b354e000 rw-p 00000000 00:00 0 
b354e000-b3600000 rw-p 00000000 00:00 0 
b3600000-b3980000 rwxp 00000000 00:00 0 
b3980000-b66f6000 rw-p 00000000 00:00 0 
b66f6000-b6700000 ---p 00000000 00:00 0 
b6700000-b6722000 rw-p 00000000 00:00 0 
b6722000-b673a000 rw-p 00000000 00:00 0 
b673a000-b6751000 r-xp 00000000 08:01 22937822   /usr/lib/jvm/jdk1.7.0_51/jre/lib/i386/libzip.so
b6751000-b6752000 rw-p 00017000 08:01 22937822   /usr/lib/jvm/jdk1.7.0_51/jre/lib/i386/libzip.so
b6752000-b675d000 r-xp 00000000 08:01 27919935   /lib/i386-linux-gnu/libnss_files-2.17.so
b675d000-b675e000 r--p 0000a000 08:01 27919935   /lib/i386-linux-gnu/libnss_files-2.17.so
b675e000-b675f000 rw-p 0000b000 08:01 27919935   /lib/i386-linux-gnu/libnss_files-2.17.so
b675f000-b6769000 r-xp 00000000 08:01 27919931   /lib/i386-linux-gnu/libnss_nis-2.17.so
b6769000-b676a000 r--p 00009000 08:01 27919931   /lib/i386-linux-gnu/libnss_nis-2.17.so
b676a000-b676b000 rw-p 0000a000 08:01 27919931   /lib/i386-linux-gnu/libnss_nis-2.17.so
b676b000-b6780000 r-xp 00000000 08:01 27919916   /lib/i386-linux-gnu/libnsl-2.17.so
b6780000-b6781000 r--p 00014000 08:01 27919916   /lib/i386-linux-gnu/libnsl-2.17.so
b6781000-b6782000 rw-p 00015000 08:01 27919916   /lib/i386-linux-gnu/libnsl-2.17.so
b6782000-b6784000 rw-p 00000000 00:00 0 
b6785000-b6786000 rw-p 00000000 00:00 0 
b6786000-b6795000 r--s 000df000 08:01 5245103    /home/daemonsoft/Android/Sdk/build-tools/23.0.0/lib/dx.jar
b6795000-b679d000 rw-s 00000000 08:01 7472862    /tmp/hsperfdata_daemonsoft/9970
b679d000-b67c0000 r-xp 00000000 08:01 22937785   /usr/lib/jvm/jdk1.7.0_51/jre/lib/i386/libjava.so
b67c0000-b67c1000 rw-p 00022000 08:01 22937785   /usr/lib/jvm/jdk1.7.0_51/jre/lib/i386/libjava.so
b67c1000-b67c8000 r-xp 00000000 08:01 27919383   /lib/i386-linux-gnu/librt-2.17.so
b67c8000-b67c9000 r--p 00006000 08:01 27919383   /lib/i386-linux-gnu/librt-2.17.so
b67c9000-b67ca000 rw-p 00007000 08:01 27919383   /lib/i386-linux-gnu/librt-2.17.so
b67ca000-b67cd000 ---p 00000000 00:00 0 
b67cd000-b681b000 rw-p 00000000 00:00 0          [stack:9975]
b681b000-b685c000 r-xp 00000000 08:01 27919929   /lib/i386-linux-gnu/libm-2.17.so
b685c000-b685d000 r--p 00040000 08:01 27919929   /lib/i386-linux-gnu/libm-2.17.so
b685d000-b685e000 rw-p 00041000 08:01 27919929   /lib/i386-linux-gnu/libm-2.17.so
b685e000-b70d5000 r-xp 00000000 08:01 22937821   /usr/lib/jvm/jdk1.7.0_51/jre/lib/i386/server/libjvm.so
b70d5000-b7139000 rw-p 00877000 08:01 22937821   /usr/lib/jvm/jdk1.7.0_51/jre/lib/i386/server/libjvm.so
b7139000-b755d000 rw-p 00000000 00:00 0 
b755d000-b770b000 r-xp 00000000 08:01 27919923   /lib/i386-linux-gnu/libc-2.17.so
b770b000-b770d000 r--p 001ae000 08:01 27919923   /lib/i386-linux-gnu/libc-2.17.so
b770d000-b770e000 rw-p 001b0000 08:01 27919923   /lib/i386-linux-gnu/libc-2.17.so
b770e000-b7711000 rw-p 00000000 00:00 0 
b7711000-b7714000 r-xp 00000000 08:01 27919924   /lib/i386-linux-gnu/libdl-2.17.so
b7714000-b7715000 r--p 00002000 08:01 27919924   /lib/i386-linux-gnu/libdl-2.17.so
b7715000-b7716000 rw-p 00003000 08:01 27919924   /lib/i386-linux-gnu/libdl-2.17.so
b7716000-b7717000 rw-p 00000000 00:00 0 
b7717000-b772a000 r-xp 00000000 08:01 22807747   /usr/lib/jvm/jdk1.7.0_51/lib/i386/jli/libjli.so
b772a000-b772b000 rw-p 00012000 08:01 22807747   /usr/lib/jvm/jdk1.7.0_51/lib/i386/jli/libjli.so
b772b000-b7742000 r-xp 00000000 08:01 27919928   /lib/i386-linux-gnu/libpthread-2.17.so
b7742000-b7743000 r--p 00016000 08:01 27919928   /lib/i386-linux-gnu/libpthread-2.17.so
b7743000-b7744000 rw-p 00017000 08:01 27919928   /lib/i386-linux-gnu/libpthread-2.17.so
b7744000-b7747000 rw-p 00000000 00:00 0 
b7747000-b7748000 r--p 005db000 08:01 18882059   /usr/lib/locale/locale-archive
b7748000-b774f000 r-xp 00000000 08:01 27919926   /lib/i386-linux-gnu/libnss_compat-2.17.so
b774f000-b7750000 r--p 00006000 08:01 27919926   /lib/i386-linux-gnu/libnss_compat-2.17.so
b7750000-b7751000 rw-p 00007000 08:01 27919926   /lib/i386-linux-gnu/libnss_compat-2.17.so
b7751000-b7752000 rw-p 00000000 00:00 0 
b7752000-b7753000 ---p 00000000 00:00 0 
b7753000-b775e000 r-xp 00000000 08:01 22937767   /usr/lib/jvm/jdk1.7.0_51/jre/lib/i386/libverify.so
b775e000-b775f000 rw-p 0000b000 08:01 22937767   /usr/lib/jvm/jdk1.7.0_51/jre/lib/i386/libverify.so
b775f000-b7761000 rw-p 00000000 00:00 0 
b7761000-b7762000 r-xp 00000000 00:00 0          [vdso]
b7762000-b7782000 r-xp 00000000 08:01 27919919   /lib/i386-linux-gnu/ld-2.17.so
b7782000-b7783000 r--p 0001f000 08:01 27919919   /lib/i386-linux-gnu/ld-2.17.so
b7783000-b7784000 rw-p 00020000 08:01 27919919   /lib/i386-linux-gnu/ld-2.17.so
bfb97000-bfbb8000 rw-p 00000000 00:00 0          [stack]

VM Arguments:
jvm_args: -Djava.awt.headless=true -Xmx1024M -Dfile.encoding=UTF-8 -Duser.country=IN -Duser.language=en -Duser.variant 
java_command: com.android.dx.command.Main --dex --num-threads=4 --multi-dex --main-dex-list /home/daemonsoft/AndroidStudioProjects/OxfordSchool/app/build/intermediates/multi-dex/debug/maindexlist.txt --output /home/daemonsoft/AndroidStudioProjects/OxfordSchool/app/build/intermediates/transforms/dex/debug/folders/1000/1f/main /home/daemonsoft/AndroidStudioProjects/OxfordSchool/app/build/intermediates/transforms/jarMerging/debug/jars/1/1f/combined.jar
Launcher Type: SUN_STANDARD

Environment Variables:
PATH=/usr/lib/lightdm/lightdm:/usr/local/sbin:/usr/local/bin:/usr/sbin:/usr/bin:/sbin:/bin:/usr/games:/usr/local/games
SHELL=/bin/bash
DISPLAY=:0

Signal Handlers:
SIGSEGV: [libjvm.so+0x7dd5e0], sa_mask[0]=0x7ffbfeff, sa_flags=0x10000004
SIGBUS: [libjvm.so+0x7dd5e0], sa_mask[0]=0x7ffbfeff, sa_flags=0x10000004
SIGFPE: [libjvm.so+0x678d60], sa_mask[0]=0x7ffbfeff, sa_flags=0x10000004
SIGPIPE: [libjvm.so+0x678d60], sa_mask[0]=0x7ffbfeff, sa_flags=0x10000004
SIGXFSZ: [libjvm.so+0x678d60], sa_mask[0]=0x7ffbfeff, sa_flags=0x10000004
SIGILL: [libjvm.so+0x678d60], sa_mask[0]=0x7ffbfeff, sa_flags=0x10000004
SIGUSR1: SIG_DFL, sa_mask[0]=0x00000000, sa_flags=0x00000000
SIGUSR2: [libjvm.so+0x67a250], sa_mask[0]=0x00000004, sa_flags=0x10000004
SIGHUP: [libjvm.so+0x67b3a0], sa_mask[0]=0x7ffbfeff, sa_flags=0x10000004
SIGINT: [libjvm.so+0x67b3a0], sa_mask[0]=0x7ffbfeff, sa_flags=0x10000004
SIGTERM: [libjvm.so+0x67b3a0], sa_mask[0]=0x7ffbfeff, sa_flags=0x10000004
SIGQUIT: [libjvm.so+0x67b3a0], sa_mask[0]=0x7ffbfeff, sa_flags=0x10000004


---------------  S Y S T E M  ---------------

OS:wheezy/sid

uname:Linux 3.8.0-35-generic #50-Ubuntu SMP Tue Dec 3 01:25:33 UTC 2013 i686
libc:glibc 2.17 NPTL 2.17 
rlimit: STACK 8192k, CORE 0k, NPROC 28680, NOFILE 4096, AS infinity
load average:4.21 2.22 1.77

/proc/meminfo:
MemTotal:        3687784 kB
MemFree:          176684 kB
Buffers:             684 kB
Cached:           504884 kB
SwapCached:        62320 kB
Active:          2511220 kB
Inactive:         894392 kB
Active(anon):    2510284 kB
Inactive(anon):   859488 kB
Active(file):        936 kB
Inactive(file):    34904 kB
Unevictable:          36 kB
Mlocked:              36 kB
HighTotal:       2834296 kB
HighFree:          19068 kB
LowTotal:         853488 kB
LowFree:          157616 kB
SwapTotal:       1646588 kB
SwapFree:              0 kB
Dirty:                 0 kB
Writeback:           184 kB
AnonPages:       2838284 kB
Mapped:            80560 kB
Shmem:            469388 kB
Slab:              50212 kB
SReclaimable:      19568 kB
SUnreclaim:        30644 kB
KernelStack:        6016 kB
PageTables:        19596 kB
NFS_Unstable:          0 kB
Bounce:               96 kB
WritebackTmp:          0 kB
CommitLimit:     3490480 kB
Committed_AS:   10459060 kB
VmallocTotal:     122880 kB
VmallocUsed:       20448 kB
VmallocChunk:      98968 kB
HardwareCorrupted:     0 kB
AnonHugePages:         0 kB
HugePages_Total:       0
HugePages_Free:        0
HugePages_Rsvd:        0
HugePages_Surp:        0
Hugepagesize:       2048 kB
DirectMap4k:       10232 kB
DirectMap2M:      903168 kB


CPU:total 4 (2 cores per cpu, 2 threads per core) family 6 model 58 stepping 9, cmov, cx8, fxsr, mmx, sse, sse2, sse3, ssse3, sse4.1, sse4.2, popcnt, avx, erms, ht, tsc, tscinvbit, tscinv

/proc/cpuinfo:
processor	: 0
vendor_id	: GenuineIntel
cpu family	: 6
model		: 58
model name	: Intel(R) Core(TM) i3-3110M CPU @ 2.40GHz
stepping	: 9
microcode	: 0x17
cpu MHz		: 1200.000
cache size	: 3072 KB
physical id	: 0
siblings	: 4
core id		: 0
cpu cores	: 2
apicid		: 0
initial apicid	: 0
fdiv_bug	: no
hlt_bug		: no
f00f_bug	: no
coma_bug	: no
fpu		: yes
fpu_exception	: yes
cpuid level	: 13
wp		: yes
flags		: fpu vme de pse tsc msr pae mce cx8 apic sep mtrr pge mca cmov pat pse36 clflush dts acpi mmx fxsr sse sse2 ss ht tm pbe nx rdtscp lm constant_tsc arch_perfmon pebs bts xtopology nonstop_tsc aperfmperf eagerfpu pni pclmulqdq dtes64 monitor ds_cpl vmx est tm2 ssse3 cx16 xtpr pdcm pcid sse4_1 sse4_2 x2apic popcnt tsc_deadline_timer xsave avx f16c lahf_lm arat epb xsaveopt pln pts dtherm tpr_shadow vnmi flexpriority ept vpid fsgsbase smep erms
bogomips	: 4789.44
clflush size	: 64
cache_alignment	: 64
address sizes	: 36 bits physical, 48 bits virtual
power management:

processor	: 1
vendor_id	: GenuineIntel
cpu family	: 6
model		: 58
model name	: Intel(R) Core(TM) i3-3110M CPU @ 2.40GHz
stepping	: 9
microcode	: 0x17
cpu MHz		: 2400.000
cache size	: 3072 KB
physical id	: 0
siblings	: 4
core id		: 0
cpu cores	: 2
apicid		: 1
initial apicid	: 1
fdiv_bug	: no
hlt_bug		: no
f00f_bug	: no
coma_bug	: no
fpu		: yes
fpu_exception	: yes
cpuid level	: 13
wp		: yes
flags		: fpu vme de pse tsc msr pae mce cx8 apic sep mtrr pge mca cmov pat pse36 clflush dts acpi mmx fxsr sse sse2 ss ht tm pbe nx rdtscp lm constant_tsc arch_perfmon pebs bts xtopology nonstop_tsc aperfmperf eagerfpu pni pclmulqdq dtes64 monitor ds_cpl vmx est tm2 ssse3 cx16 xtpr pdcm pcid sse4_1 sse4_2 x2apic popcnt tsc_deadline_timer xsave avx f16c lahf_lm arat epb xsaveopt pln pts dtherm tpr_shadow vnmi flexpriority ept vpid fsgsbase smep erms
bogomips	: 4789.44
clflush size	: 64
cache_alignment	: 64
address sizes	: 36 bits physical, 48 bits virtual
power management:

processor	: 2
vendor_id	: GenuineIntel
cpu family	: 6
model		: 58
model name	: Intel(R) Core(TM) i3-3110M CPU @ 2.40GHz
stepping	: 9
microcode	: 0x17
cpu MHz		: 1200.000
cache size	: 3072 KB
physical id	: 0
siblings	: 4
core id		: 1
cpu cores	: 2
apicid		: 2
initial apicid	: 2
fdiv_bug	: no
hlt_bug		: no
f00f_bug	: no
coma_bug	: no
fpu		: yes
fpu_exception	: yes
cpuid level	: 13
wp		: yes
flags		: fpu vme de pse tsc msr pae mce cx8 apic sep mtrr pge mca cmov pat pse36 clflush dts acpi mmx fxsr sse sse2 ss ht tm pbe nx rdtscp lm constant_tsc arch_perfmon pebs bts xtopology nonstop_tsc aperfmperf eagerfpu pni pclmulqdq dtes64 monitor ds_cpl vmx est tm2 ssse3 cx16 xtpr pdcm pcid sse4_1 sse4_2 x2apic popcnt tsc_deadline_timer xsave avx f16c lahf_lm arat epb xsaveopt pln pts dtherm tpr_shadow vnmi flexpriority ept vpid fsgsbase smep erms
bogomips	: 4789.44
clflush size	: 64
cache_alignment	: 64
address sizes	: 36 bits physical, 48 bits virtual
power management:

processor	: 3
vendor_id	: GenuineIntel
cpu family	: 6
model		: 58
model name	: Intel(R) Core(TM) i3-3110M CPU @ 2.40GHz
stepping	: 9
microcode	: 0x17
cpu MHz		: 1200.000
cache size	: 3072 KB
physical id	: 0
siblings	: 4
core id		: 1
cpu cores	: 2
apicid		: 3
initial apicid	: 3
fdiv_bug	: no
hlt_bug		: no
f00f_bug	: no
coma_bug	: no
fpu		: yes
fpu_exception	: yes
cpuid level	: 13
wp		: yes
flags		: fpu vme de pse tsc msr pae mce cx8 apic sep mtrr pge mca cmov pat pse36 clflush dts acpi mmx fxsr sse sse2 ss ht tm pbe nx rdtscp lm constant_tsc arch_perfmon pebs bts xtopology nonstop_tsc aperfmperf eagerfpu pni pclmulqdq dtes64 monitor ds_cpl vmx est tm2 ssse3 cx16 xtpr pdcm pcid sse4_1 sse4_2 x2apic popcnt tsc_deadline_timer xsave avx f16c lahf_lm arat epb xsaveopt pln pts dtherm tpr_shadow vnmi flexpriority ept vpid fsgsbase smep erms
bogomips	: 4789.44
clflush size	: 64
cache_alignment	: 64
address sizes	: 36 bits physical, 48 bits virtual
power management:



Memory: 4k page, physical 3687784k(176684k free), swap 1646588k(0k free)

vm_info: Java HotSpot(TM) Server VM (24.51-b03) for linux-x86 JRE (1.7.0_51-b13), built on Dec 18 2013 18:45:30 by "java_re" with gcc 4.3.0 20080428 (Red Hat 4.3.0-8)

time: Tue Apr 12 14:19:59 2016
elapsed time: 31 seconds

